<?xml version="1.0" encoding="utf-8"?>
<coverage line-rate="0.8201" branch-rate="0.6875" version="1.9" timestamp="1744712956" lines-covered="114" lines-valid="139" branches-covered="11" branches-valid="16">
    <sources>
        <source>/Users/testuser/path/to/testproject/</source>
    </sources>
    <packages>
        <package name="SampleApp.Api" line-rate="0.6165999999999999" branch-rate="0.6666" complexity="13">
            <classes>
                <class name="Program" filename="SampleApp.Api/Program.cs" line-rate="0" branch-rate="0" complexity="2">
                    <methods>
                        <method name="&lt;Main&gt;$" signature="(System.String[])" line-rate="0" branch-rate="0" complexity="2">
                            <lines>
                                <line number="7" hits="0" branch="False" />
                                <line number="10" hits="0" branch="False" />
                                <line number="12" hits="0" branch="False" />
                                <line number="13" hits="0" branch="False" />
                                <line number="16" hits="0" branch="False" />
                                <line number="17" hits="0" branch="False" />
                                <line number="20" hits="0" branch="False" />
                                <line number="21" hits="0" branch="False" />
                                <line number="23" hits="0" branch="False" />
                                <line number="26" hits="0" branch="True" condition-coverage="0% (0/2)">
                                    <conditions>
                                        <condition number="133" type="jump" coverage="0%" />
                                    </conditions>
                                </line>
                                <line number="27" hits="0" branch="False" />
                                <line number="28" hits="0" branch="False" />
                                <line number="29" hits="0" branch="False" />
                                <line number="30" hits="0" branch="False" />
                                <line number="32" hits="0" branch="False" />
                                <line number="34" hits="0" branch="False" />
                                <line number="36" hits="0" branch="False" />
                                <line number="38" hits="0" branch="False" />
                            </lines>
                        </method>
                    </methods>
                    <lines>
                        <line number="7" hits="0" branch="False" />
                        <line number="10" hits="0" branch="False" />
                        <line number="12" hits="0" branch="False" />
                        <line number="13" hits="0" branch="False" />
                        <line number="16" hits="0" branch="False" />
                        <line number="17" hits="0" branch="False" />
                        <line number="20" hits="0" branch="False" />
                        <line number="21" hits="0" branch="False" />
                        <line number="23" hits="0" branch="False" />
                        <line number="26" hits="0" branch="True" condition-coverage="0% (0/2)">
                            <conditions>
                                <condition number="133" type="jump" coverage="0%" />
                            </conditions>
                        </line>
                        <line number="27" hits="0" branch="False" />
                        <line number="28" hits="0" branch="False" />
                        <line number="29" hits="0" branch="False" />
                        <line number="30" hits="0" branch="False" />
                        <line number="32" hits="0" branch="False" />
                        <line number="34" hits="0" branch="False" />
                        <line number="36" hits="0" branch="False" />
                        <line number="38" hits="0" branch="False" />
                    </lines>
                </class>
                <class name="WeatherForecast" filename="SampleApp.Api/Program.cs" line-rate="0" branch-rate="1" complexity="2">
                    <methods>
                        <method name="get_Date" signature="()" line-rate="0" branch-rate="1" complexity="1">
                            <lines>
                                <line number="40" hits="0" branch="False" />
                            </lines>
                        </method>
                        <method name="get_TemperatureF" signature="()" line-rate="0" branch-rate="1" complexity="1">
                            <lines>
                                <line number="42" hits="0" branch="False" />
                            </lines>
                        </method>
                    </methods>
                    <lines>
                        <line number="40" hits="0" branch="False" />
                        <line number="42" hits="0" branch="False" />
                    </lines>
                </class>
                <class name="SampleApp.Api.Controllers.TasksController" filename="SampleApp.Api/Controllers/TasksController.cs" line-rate="0.925" branch-rate="1" complexity="9">
                    <methods>
                        <method name="GetAllTasks" signature="()" line-rate="1" branch-rate="1" complexity="1">
                            <lines>
                                <line number="21" hits="1" branch="False" />
                                <line number="22" hits="1" branch="False" />
                                <line number="23" hits="1" branch="False" />
                                <line number="24" hits="1" branch="False" />
                            </lines>
                        </method>
                        <method name="GetTaskById" signature="(System.Int32)" line-rate="1" branch-rate="1" complexity="1">
                            <lines>
                                <line number="28" hits="2" branch="False" />
                                <line number="30" hits="2" branch="False" />
                                <line number="31" hits="2" branch="False" />
                                <line number="32" hits="1" branch="False" />
                                <line number="34" hits="1" branch="False" />
                                <line number="35" hits="1" branch="False" />
                                <line number="36" hits="1" branch="False" />
                                <line number="38" hits="2" branch="False" />
                            </lines>
                        </method>
                        <method name="CreateTask" signature="(SampleApp.Core.Models.Task)" line-rate="1" branch-rate="1" complexity="1">
                            <lines>
                                <line number="42" hits="1" branch="False" />
                                <line number="43" hits="1" branch="False" />
                                <line number="44" hits="1" branch="False" />
                                <line number="45" hits="1" branch="False" />
                            </lines>
                        </method>
                        <method name="UpdateTask" signature="(System.Int32,SampleApp.Core.Models.Task)" line-rate="0.7" branch-rate="1" complexity="2">
                            <lines>
                                <line number="49" hits="2" branch="False" />
                                <line number="50" hits="2" branch="True" condition-coverage="100% (2/2)">
                                    <conditions>
                                        <condition number="15" type="jump" coverage="100%" />
                                    </conditions>
                                </line>
                                <line number="51" hits="1" branch="False" />
                                <line number="54" hits="1" branch="False" />
                                <line number="55" hits="1" branch="False" />
                                <line number="56" hits="1" branch="False" />
                                <line number="58" hits="0" branch="False" />
                                <line number="59" hits="0" branch="False" />
                                <line number="60" hits="0" branch="False" />
                                <line number="62" hits="2" branch="False" />
                            </lines>
                        </method>
                        <method name="DeleteTask" signature="(System.Int32)" line-rate="1" branch-rate="1" complexity="2">
                            <lines>
                                <line number="66" hits="2" branch="False" />
                                <line number="67" hits="2" branch="False" />
                                <line number="68" hits="2" branch="True" condition-coverage="100% (2/2)">
                                    <conditions>
                                        <condition number="20" type="jump" coverage="100%" />
                                    </conditions>
                                </line>
                                <line number="69" hits="1" branch="False" />
                                <line number="71" hits="1" branch="False" />
                                <line number="72" hits="2" branch="False" />
                            </lines>
                        </method>
                        <method name="GetTasksByPriority" signature="(SampleApp.Core.Models.Priority)" line-rate="1" branch-rate="1" complexity="1">
                            <lines>
                                <line number="76" hits="1" branch="False" />
                                <line number="77" hits="1" branch="False" />
                                <line number="78" hits="1" branch="False" />
                                <line number="79" hits="1" branch="False" />
                            </lines>
                        </method>
                        <method name=".ctor" signature="(SampleApp.Core.Services.ITaskService)" line-rate="1" branch-rate="1" complexity="1">
                            <lines>
                                <line number="14" hits="9" branch="False" />
                                <line number="15" hits="9" branch="False" />
                                <line number="16" hits="9" branch="False" />
                                <line number="17" hits="9" branch="False" />
                            </lines>
                        </method>
                    </methods>
                    <lines>
                        <line number="21" hits="1" branch="False" />
                        <line number="22" hits="1" branch="False" />
                        <line number="23" hits="1" branch="False" />
                        <line number="24" hits="1" branch="False" />
                        <line number="28" hits="2" branch="False" />
                        <line number="30" hits="2" branch="False" />
                        <line number="31" hits="2" branch="False" />
                        <line number="32" hits="1" branch="False" />
                        <line number="34" hits="1" branch="False" />
                        <line number="35" hits="1" branch="False" />
                        <line number="36" hits="1" branch="False" />
                        <line number="38" hits="2" branch="False" />
                        <line number="42" hits="1" branch="False" />
                        <line number="43" hits="1" branch="False" />
                        <line number="44" hits="1" branch="False" />
                        <line number="45" hits="1" branch="False" />
                        <line number="49" hits="2" branch="False" />
                        <line number="50" hits="2" branch="True" condition-coverage="100% (2/2)">
                            <conditions>
                                <condition number="15" type="jump" coverage="100%" />
                            </conditions>
                        </line>
                        <line number="51" hits="1" branch="False" />
                        <line number="54" hits="1" branch="False" />
                        <line number="55" hits="1" branch="False" />
                        <line number="56" hits="1" branch="False" />
                        <line number="58" hits="0" branch="False" />
                        <line number="59" hits="0" branch="False" />
                        <line number="60" hits="0" branch="False" />
                        <line number="62" hits="2" branch="False" />
                        <line number="66" hits="2" branch="False" />
                        <line number="67" hits="2" branch="False" />
                        <line number="68" hits="2" branch="True" condition-coverage="100% (2/2)">
                            <conditions>
                                <condition number="20" type="jump" coverage="100%" />
                            </conditions>
                        </line>
                        <line number="69" hits="1" branch="False" />
                        <line number="71" hits="1" branch="False" />
                        <line number="72" hits="2" branch="False" />
                        <line number="76" hits="1" branch="False" />
                        <line number="77" hits="1" branch="False" />
                        <line number="78" hits="1" branch="False" />
                        <line number="79" hits="1" branch="False" />
                        <line number="14" hits="9" branch="False" />
                        <line number="15" hits="9" branch="False" />
                        <line number="16" hits="9" branch="False" />
                        <line number="17" hits="9" branch="False" />
                    </lines>
                </class>
            </classes>
        </package>
        <package name="SampleApp.Data" line-rate="0.9714" branch-rate="0.5" complexity="11">
            <classes>
                <class name="SampleApp.Data.Repositories.TaskRepository" filename="SampleApp.Data/Repositories/TaskRepository.cs" line-rate="0.9677" branch-rate="0.5" complexity="9">
                    <methods>
                        <method name="Create" signature="(SampleApp.Core.Models.Task)" line-rate="1" branch-rate="1" complexity="1">
                            <lines>
                                <line number="19" hits="1" branch="False" />
                                <line number="20" hits="1" branch="False" />
                                <line number="21" hits="1" branch="False" />
                                <line number="22" hits="1" branch="False" />
                                <line number="23" hits="1" branch="False" />
                            </lines>
                        </method>
                        <method name="Delete" signature="(System.Int32)" line-rate="0.875" branch-rate="0.5" complexity="2">
                            <lines>
                                <line number="26" hits="1" branch="False" />
                                <line number="27" hits="1" branch="False" />
                                <line number="28" hits="1" branch="True" condition-coverage="50% (1/2)">
                                    <conditions>
                                        <condition number="39" type="jump" coverage="50%" />
                                    </conditions>
                                </line>
                                <line number="29" hits="0" branch="False" />
                                <line number="31" hits="1" branch="False" />
                                <line number="32" hits="1" branch="False" />
                                <line number="33" hits="1" branch="False" />
                                <line number="34" hits="1" branch="False" />
                            </lines>
                        </method>
                        <method name="GetAll" signature="()" line-rate="1" branch-rate="1" complexity="1">
                            <lines>
                                <line number="37" hits="1" branch="False" />
                                <line number="38" hits="1" branch="False" />
                                <line number="39" hits="1" branch="False" />
                            </lines>
                        </method>
                        <method name="GetById" signature="(System.Int32)" line-rate="1" branch-rate="0.5" complexity="2">
                            <lines>
                                <line number="42" hits="1" branch="False" />
                                <line number="43" hits="1" branch="True" condition-coverage="50% (1/2)">
                                    <conditions>
                                        <condition number="33" type="jump" coverage="50%" />
                                    </conditions>
                                </line>
                                <line number="44" hits="1" branch="False" />
                            </lines>
                        </method>
                        <method name="GetByPriority" signature="(SampleApp.Core.Models.Priority)" line-rate="1" branch-rate="1" complexity="1">
                            <lines>
                                <line number="47" hits="1" branch="False" />
                                <line number="48" hits="1" branch="False" />
                                <line number="49" hits="1" branch="False" />
                            </lines>
                        </method>
                        <method name="Update" signature="(SampleApp.Core.Models.Task)" line-rate="1" branch-rate="1" complexity="1">
                            <lines>
                                <line number="52" hits="1" branch="False" />
                                <line number="53" hits="1" branch="False" />
                                <line number="54" hits="1" branch="False" />
                                <line number="55" hits="1" branch="False" />
                                <line number="56" hits="1" branch="False" />
                            </lines>
                        </method>
                        <method name=".ctor" signature="(SampleApp.Data.Context.ApplicationDbContext)" line-rate="1" branch-rate="1" complexity="1">
                            <lines>
                                <line number="13" hits="6" branch="False" />
                                <line number="14" hits="6" branch="False" />
                                <line number="15" hits="6" branch="False" />
                                <line number="16" hits="6" branch="False" />
                            </lines>
                        </method>
                    </methods>
                    <lines>
                        <line number="19" hits="1" branch="False" />
                        <line number="20" hits="1" branch="False" />
                        <line number="21" hits="1" branch="False" />
                        <line number="22" hits="1" branch="False" />
                        <line number="23" hits="1" branch="False" />
                        <line number="26" hits="1" branch="False" />
                        <line number="27" hits="1" branch="False" />
                        <line number="28" hits="1" branch="True" condition-coverage="50% (1/2)">
                            <conditions>
                                <condition number="39" type="jump" coverage="50%" />
                            </conditions>
                        </line>
                        <line number="29" hits="0" branch="False" />
                        <line number="31" hits="1" branch="False" />
                        <line number="32" hits="1" branch="False" />
                        <line number="33" hits="1" branch="False" />
                        <line number="34" hits="1" branch="False" />
                        <line number="37" hits="1" branch="False" />
                        <line number="38" hits="1" branch="False" />
                        <line number="39" hits="1" branch="False" />
                        <line number="42" hits="1" branch="False" />
                        <line number="43" hits="1" branch="True" condition-coverage="50% (1/2)">
                            <conditions>
                                <condition number="33" type="jump" coverage="50%" />
                            </conditions>
                        </line>
                        <line number="44" hits="1" branch="False" />
                        <line number="47" hits="1" branch="False" />
                        <line number="48" hits="1" branch="False" />
                        <line number="49" hits="1" branch="False" />
                        <line number="52" hits="1" branch="False" />
                        <line number="53" hits="1" branch="False" />
                        <line number="54" hits="1" branch="False" />
                        <line number="55" hits="1" branch="False" />
                        <line number="56" hits="1" branch="False" />
                        <line number="13" hits="6" branch="False" />
                        <line number="14" hits="6" branch="False" />
                        <line number="15" hits="6" branch="False" />
                        <line number="16" hits="6" branch="False" />
                    </lines>
                </class>
                <class name="SampleApp.Data.Context.ApplicationDbContext" filename="SampleApp.Data/Context/ApplicationDbContext.cs" line-rate="1" branch-rate="1" complexity="2">
                    <methods>
                        <method name="get_Tasks" signature="()" line-rate="1" branch-rate="1" complexity="1">
                            <lines>
                                <line number="13" hits="20" branch="False" />
                            </lines>
                        </method>
                        <method name=".ctor" signature="(Microsoft.EntityFrameworkCore.DbContextOptions`1&lt;SampleApp.Data.Context.ApplicationDbContext&gt;)" line-rate="1" branch-rate="1" complexity="1">
                            <lines>
                                <line number="9" hits="6" branch="False" />
                                <line number="10" hits="6" branch="False" />
                                <line number="11" hits="6" branch="False" />
                            </lines>
                        </method>
                    </methods>
                    <lines>
                        <line number="13" hits="20" branch="False" />
                        <line number="9" hits="6" branch="False" />
                        <line number="10" hits="6" branch="False" />
                        <line number="11" hits="6" branch="False" />
                    </lines>
                </class>
            </classes>
        </package>
        <package name="SampleApp.Core" line-rate="0.9772" branch-rate="0.8332999999999999" complexity="20">
            <classes>
                <class name="SampleApp.Core.Utils.Helpers.TaskHelpers" filename="SampleApp.Core/Utils/Helpers/TaskHelpers.cs" line-rate="0.9375" branch-rate="0.8332999999999999" complexity="7">
                    <methods>
                        <method name="IsTaskOverdue" signature="(System.DateTime)" line-rate="1" branch-rate="1" complexity="1">
                            <lines>
                                <line number="6" hits="2" branch="False" />
                                <line number="7" hits="2" branch="False" />
                                <line number="8" hits="2" branch="False" />
                            </lines>
                        </method>
                        <method name="GetPriorityLabel" signature="(SampleApp.Core.Models.Priority)" line-rate="0.8887999999999999" branch-rate="0.75" complexity="4">
                            <lines>
                                <line number="11" hits="3" branch="False" />
                                <line number="12" hits="3" branch="True" condition-coverage="75% (3/4)">
                                    <conditions>
                                        <condition number="6" type="switch" coverage="75%" />
                                    </conditions>
                                </line>
                                <line number="13" hits="3" branch="False" />
                                <line number="14" hits="1" branch="False" />
                                <line number="15" hits="1" branch="False" />
                                <line number="16" hits="1" branch="False" />
                                <line number="17" hits="0" branch="False" />
                                <line number="18" hits="3" branch="False" />
                                <line number="19" hits="3" branch="False" />
                            </lines>
                        </method>
                        <method name="CalculateDaysRemaining" signature="(System.DateTime)" line-rate="1" branch-rate="1" complexity="2">
                            <lines>
                                <line number="22" hits="2" branch="False" />
                                <line number="23" hits="2" branch="False" />
                                <line number="24" hits="2" branch="True" condition-coverage="100% (2/2)">
                                    <conditions>
                                        <condition number="23" type="jump" coverage="100%" />
                                    </conditions>
                                </line>
                                <line number="25" hits="2" branch="False" />
                            </lines>
                        </method>
                    </methods>
                    <lines>
                        <line number="6" hits="2" branch="False" />
                        <line number="7" hits="2" branch="False" />
                        <line number="8" hits="2" branch="False" />
                        <line number="11" hits="3" branch="False" />
                        <line number="12" hits="3" branch="True" condition-coverage="75% (3/4)">
                            <conditions>
                                <condition number="6" type="switch" coverage="75%" />
                            </conditions>
                        </line>
                        <line number="13" hits="3" branch="False" />
                        <line number="14" hits="1" branch="False" />
                        <line number="15" hits="1" branch="False" />
                        <line number="16" hits="1" branch="False" />
                        <line number="17" hits="0" branch="False" />
                        <line number="18" hits="3" branch="False" />
                        <line number="19" hits="3" branch="False" />
                        <line number="22" hits="2" branch="False" />
                        <line number="23" hits="2" branch="False" />
                        <line number="24" hits="2" branch="True" condition-coverage="100% (2/2)">
                            <conditions>
                                <condition number="23" type="jump" coverage="100%" />
                            </conditions>
                        </line>
                        <line number="25" hits="2" branch="False" />
                    </lines>
                </class>
                <class name="SampleApp.Core.Services.TaskService" filename="SampleApp.Core/Services/TaskService.cs" line-rate="1" branch-rate="1" complexity="7">
                    <methods>
                        <method name="CreateTask" signature="(SampleApp.Core.Models.Task)" line-rate="1" branch-rate="1" complexity="1">
                            <lines>
                                <line number="17" hits="1" branch="False" />
                                <line number="18" hits="1" branch="False" />
                                <line number="19" hits="1" branch="False" />
                            </lines>
                        </method>
                        <method name="DeleteTask" signature="(System.Int32)" line-rate="1" branch-rate="1" complexity="1">
                            <lines>
                                <line number="22" hits="1" branch="False" />
                                <line number="23" hits="1" branch="False" />
                                <line number="24" hits="1" branch="False" />
                            </lines>
                        </method>
                        <method name="GetAllTasks" signature="()" line-rate="1" branch-rate="1" complexity="1">
                            <lines>
                                <line number="27" hits="1" branch="False" />
                                <line number="28" hits="1" branch="False" />
                                <line number="29" hits="1" branch="False" />
                            </lines>
                        </method>
                        <method name="GetTaskById" signature="(System.Int32)" line-rate="1" branch-rate="1" complexity="1">
                            <lines>
                                <line number="32" hits="1" branch="False" />
                                <line number="33" hits="1" branch="False" />
                                <line number="34" hits="1" branch="False" />
                            </lines>
                        </method>
                        <method name="GetTasksByPriority" signature="(SampleApp.Core.Models.Priority)" line-rate="1" branch-rate="1" complexity="1">
                            <lines>
                                <line number="37" hits="1" branch="False" />
                                <line number="38" hits="1" branch="False" />
                                <line number="39" hits="1" branch="False" />
                            </lines>
                        </method>
                        <method name="UpdateTask" signature="(SampleApp.Core.Models.Task)" line-rate="1" branch-rate="1" complexity="1">
                            <lines>
                                <line number="42" hits="1" branch="False" />
                                <line number="43" hits="1" branch="False" />
                                <line number="44" hits="1" branch="False" />
                            </lines>
                        </method>
                        <method name=".ctor" signature="(SampleApp.Core.Repositories.ITaskRepository)" line-rate="1" branch-rate="1" complexity="1">
                            <lines>
                                <line number="11" hits="6" branch="False" />
                                <line number="12" hits="6" branch="False" />
                                <line number="13" hits="6" branch="False" />
                                <line number="14" hits="6" branch="False" />
                            </lines>
                        </method>
                    </methods>
                    <lines>
                        <line number="17" hits="1" branch="False" />
                        <line number="18" hits="1" branch="False" />
                        <line number="19" hits="1" branch="False" />
                        <line number="22" hits="1" branch="False" />
                        <line number="23" hits="1" branch="False" />
                        <line number="24" hits="1" branch="False" />
                        <line number="27" hits="1" branch="False" />
                        <line number="28" hits="1" branch="False" />
                        <line number="29" hits="1" branch="False" />
                        <line number="32" hits="1" branch="False" />
                        <line number="33" hits="1" branch="False" />
                        <line number="34" hits="1" branch="False" />
                        <line number="37" hits="1" branch="False" />
                        <line number="38" hits="1" branch="False" />
                        <line number="39" hits="1" branch="False" />
                        <line number="42" hits="1" branch="False" />
                        <line number="43" hits="1" branch="False" />
                        <line number="44" hits="1" branch="False" />
                        <line number="11" hits="6" branch="False" />
                        <line number="12" hits="6" branch="False" />
                        <line number="13" hits="6" branch="False" />
                        <line number="14" hits="6" branch="False" />
                    </lines>
                </class>
                <class name="SampleApp.Core.Models.Task" filename="SampleApp.Core/Models/Task.cs" line-rate="1" branch-rate="1" complexity="6">
                    <methods>
                        <method name="get_Id" signature="()" line-rate="1" branch-rate="1" complexity="1">
                            <lines>
                                <line number="5" hits="26" branch="False" />
                            </lines>
                        </method>
                        <method name="get_Title" signature="()" line-rate="1" branch-rate="1" complexity="1">
                            <lines>
                                <line number="6" hits="62" branch="False" />
                            </lines>
                        </method>
                        <method name="get_Description" signature="()" line-rate="1" branch-rate="1" complexity="1">
                            <lines>
                                <line number="7" hits="29" branch="False" />
                            </lines>
                        </method>
                        <method name="get_IsCompleted" signature="()" line-rate="1" branch-rate="1" complexity="1">
                            <lines>
                                <line number="8" hits="5" branch="False" />
                            </lines>
                        </method>
                        <method name="get_DueDate" signature="()" line-rate="1" branch-rate="1" complexity="1">
                            <lines>
                                <line number="9" hits="1" branch="False" />
                            </lines>
                        </method>
                        <method name="get_Priority" signature="()" line-rate="1" branch-rate="1" complexity="1">
                            <lines>
                                <line number="10" hits="18" branch="False" />
                            </lines>
                        </method>
                    </methods>
                    <lines>
                        <line number="5" hits="26" branch="False" />
                        <line number="6" hits="62" branch="False" />
                        <line number="7" hits="29" branch="False" />
                        <line number="8" hits="5" branch="False" />
                        <line number="9" hits="1" branch="False" />
                        <line number="10" hits="18" branch="False" />
                    </lines>
                </class>
            </classes>
        </package>
    </packages>
</coverage>
