<?xml version="1.0" encoding="UTF-8"?>
<coverage generated="1732794361781" clover="3.2.0">
  <project timestamp="1732794361781" name="All files">
    <metrics statements="9834" coveredstatements="9149" conditionals="2486" coveredconditionals="2048" methods="1840" coveredmethods="1638" elements="14160" coveredelements="12835" complexity="0" loc="9834" ncloc="9834" packages="246" files="530" classes="530"/>
    <package name="app">
      <metrics statements="35" coveredstatements="0" conditionals="0" coveredconditionals="0" methods="2" coveredmethods="0"/>
      <file name="app.config.ts" path="/home/runner/work/codecharta/codecharta/visualization/app/app.config.ts">
        <metrics statements="29" coveredstatements="0" conditionals="0" coveredconditionals="0" methods="2" coveredmethods="0"/>
        <line num="1" count="0" type="stmt"/>
        <line num="2" count="0" type="stmt"/>
        <line num="3" count="0" type="stmt"/>
        <line num="4" count="0" type="stmt"/>
        <line num="5" count="0" type="stmt"/>
        <line num="6" count="0" type="stmt"/>
        <line num="7" count="0" type="stmt"/>
        <line num="8" count="0" type="stmt"/>
        <line num="9" count="0" type="stmt"/>
        <line num="10" count="0" type="stmt"/>
        <line num="11" count="0" type="stmt"/>
        <line num="12" count="0" type="stmt"/>
        <line num="13" count="0" type="stmt"/>
        <line num="14" count="0" type="stmt"/>
        <line num="15" count="0" type="stmt"/>
        <line num="16" count="0" type="stmt"/>
        <line num="17" count="0" type="stmt"/>
        <line num="18" count="0" type="stmt"/>
        <line num="19" count="0" type="stmt"/>
        <line num="20" count="0" type="stmt"/>
        <line num="21" count="0" type="stmt"/>
        <line num="22" count="0" type="stmt"/>
        <line num="23" count="0" type="stmt"/>
        <line num="24" count="0" type="stmt"/>
        <line num="25" count="0" type="stmt"/>
        <line num="26" count="0" type="stmt"/>
        <line num="27" count="0" type="stmt"/>
        <line num="29" count="0" type="stmt"/>
        <line num="62" count="0" type="stmt"/>
      </file>
      <file name="main.ts" path="/home/runner/work/codecharta/codecharta/visualization/app/main.ts">
        <metrics statements="5" coveredstatements="0" conditionals="0" coveredconditionals="0" methods="0" coveredmethods="0"/>
        <line num="1" count="0" type="stmt"/>
        <line num="2" count="0" type="stmt"/>
        <line num="3" count="0" type="stmt"/>
        <line num="4" count="0" type="stmt"/>
        <line num="6" count="0" type="stmt"/>
      </file>
      <file name="polyfills.ts" path="/home/runner/work/codecharta/codecharta/visualization/app/polyfills.ts">
        <metrics statements="1" coveredstatements="0" conditionals="0" coveredconditionals="0" methods="0" coveredmethods="0"/>
        <line num="28" count="0" type="stmt"/>
      </file>
    </package>
    <package name="app.codeCharta">
      <metrics statements="67" coveredstatements="67" conditionals="30" coveredconditionals="30" methods="13" coveredmethods="13"/>
      <file name="codeCharta.api.model.ts" path="/home/runner/work/codecharta/codecharta/visualization/app/codeCharta/codeCharta.api.model.ts">
        <metrics statements="9" coveredstatements="9" conditionals="4" coveredconditionals="4" methods="2" coveredmethods="2"/>
        <line num="36" count="146" type="cond" truecount="2" falsecount="0"/>
        <line num="37" count="146" type="stmt"/>
        <line num="38" count="146" type="stmt"/>
        <line num="41" count="146" type="cond" truecount="2" falsecount="0"/>
        <line num="42" count="146" type="stmt"/>
        <line num="43" count="146" type="stmt"/>
        <line num="44" count="146" type="stmt"/>
        <line num="45" count="146" type="stmt"/>
        <line num="46" count="146" type="stmt"/>
      </file>
      <file name="codeCharta.component.ts" path="/home/runner/work/codecharta/codecharta/visualization/app/codeCharta/codeCharta.component.ts">
        <metrics statements="18" coveredstatements="18" conditionals="0" coveredconditionals="0" methods="2" coveredmethods="2"/>
        <line num="1" count="1" type="stmt"/>
        <line num="2" count="1" type="stmt"/>
        <line num="3" count="1" type="stmt"/>
        <line num="4" count="1" type="stmt"/>
        <line num="5" count="1" type="stmt"/>
        <line num="6" count="1" type="stmt"/>
        <line num="7" count="1" type="stmt"/>
        <line num="8" count="1" type="stmt"/>
        <line num="9" count="1" type="stmt"/>
        <line num="10" count="1" type="stmt"/>
        <line num="11" count="1" type="stmt"/>
        <line num="27" count="1" type="stmt"/>
        <line num="28" count="2" type="stmt"/>
        <line num="31" count="2" type="stmt"/>
        <line num="32" count="2" type="stmt"/>
        <line num="36" count="2" type="stmt"/>
        <line num="37" count="2" type="stmt"/>
        <line num="38" count="2" type="stmt"/>
      </file>
      <file name="codeCharta.model.ts" path="/home/runner/work/codecharta/codecharta/visualization/app/codeCharta/codeCharta.model.ts">
        <metrics statements="40" coveredstatements="40" conditionals="26" coveredconditionals="26" methods="9" coveredmethods="9"/>
        <line num="19" count="161" type="cond" truecount="2" falsecount="0"/>
        <line num="20" count="161" type="stmt"/>
        <line num="21" count="161" type="stmt"/>
        <line num="22" count="161" type="stmt"/>
        <line num="25" count="161" type="cond" truecount="2" falsecount="0"/>
        <line num="26" count="161" type="stmt"/>
        <line num="27" count="161" type="stmt"/>
        <line num="28" count="161" type="stmt"/>
        <line num="29" count="161" type="stmt"/>
        <line num="81" count="161" type="cond" truecount="2" falsecount="0"/>
        <line num="82" count="161" type="stmt"/>
        <line num="83" count="161" type="stmt"/>
        <line num="86" count="161" type="cond" truecount="2" falsecount="0"/>
        <line num="87" count="161" type="stmt"/>
        <line num="88" count="161" type="stmt"/>
        <line num="207" count="161" type="cond" truecount="2" falsecount="0"/>
        <line num="208" count="161" type="stmt"/>
        <line num="209" count="161" type="stmt"/>
        <line num="212" count="161" type="cond" truecount="2" falsecount="0"/>
        <line num="213" count="161" type="stmt"/>
        <line num="214" count="161" type="stmt"/>
        <line num="215" count="161" type="stmt"/>
        <line num="216" count="161" type="stmt"/>
        <line num="226" count="161" type="cond" truecount="2" falsecount="0"/>
        <line num="227" count="161" type="stmt"/>
        <line num="228" count="161" type="stmt"/>
        <line num="229" count="161" type="stmt"/>
        <line num="230" count="161" type="stmt"/>
        <line num="349" count="161" type="stmt"/>
        <line num="350" count="306" type="cond" truecount="1" falsecount="0"/>
        <line num="351" count="5" type="stmt"/>
        <line num="356" count="301" type="cond" truecount="1" falsecount="0"/>
        <line num="357" count="1" type="stmt"/>
        <line num="362" count="300" type="stmt"/>
        <line num="365" count="161" type="stmt"/>
        <line num="366" count="39" type="cond" truecount="5" falsecount="0"/>
        <line num="367" count="1" type="stmt"/>
        <line num="369" count="38" type="cond" truecount="5" falsecount="0"/>
        <line num="370" count="1" type="stmt"/>
        <line num="373" count="37" type="stmt"/>
      </file>
      <file name="index.d.ts" path="/home/runner/work/codecharta/codecharta/visualization/app/codeCharta/index.d.ts">
        <metrics statements="0" coveredstatements="0" conditionals="0" coveredconditionals="0" methods="0" coveredmethods="0"/>
      </file>
    </package>
    <package name="app.codeCharta.model.customConfig">
      <metrics statements="3" coveredstatements="3" conditionals="2" coveredconditionals="2" methods="1" coveredmethods="1"/>
      <file name="customConfig.api.model.ts" path="/home/runner/work/codecharta/codecharta/visualization/app/codeCharta/model/customConfig/customConfig.api.model.ts">
        <metrics statements="3" coveredstatements="3" conditionals="2" coveredconditionals="2" methods="1" coveredmethods="1"/>
        <line num="4" count="82" type="cond" truecount="2" falsecount="0"/>
        <line num="5" count="82" type="stmt"/>
        <line num="6" count="82" type="stmt"/>
      </file>
    </package>
    <package name="app.codeCharta.model.files">
      <metrics statements="41" coveredstatements="40" conditionals="10" coveredconditionals="10" methods="23" coveredmethods="22"/>
      <file name="files.helper.ts" path="/home/runner/work/codecharta/codecharta/visualization/app/codeCharta/model/files/files.helper.ts">
        <metrics statements="36" coveredstatements="35" conditionals="8" coveredconditionals="8" methods="22" coveredmethods="21"/>
        <line num="2" count="115" type="stmt"/>
        <line num="4" count="115" type="stmt"/>
        <line num="5" count="115" type="stmt"/>
        <line num="6" count="115" type="stmt"/>
        <line num="7" count="115" type="stmt"/>
        <line num="9" count="115" type="stmt"/>
        <line num="10" count="23" type="stmt"/>
        <line num="13" count="115" type="stmt"/>
        <line num="14" count="22" type="stmt"/>
        <line num="17" count="115" type="stmt"/>
        <line num="18" count="4" type="stmt"/>
        <line num="19" count="3" type="cond" truecount="2" falsecount="0"/>
        <line num="22" count="115" type="stmt"/>
        <line num="23" count="0" type="stmt"/>
        <line num="26" count="115" type="stmt"/>
        <line num="27" count="7" type="stmt"/>
        <line num="30" count="115" type="stmt"/>
        <line num="31" count="104" type="stmt"/>
        <line num="34" count="115" type="stmt"/>
        <line num="35" count="87" type="stmt"/>
        <line num="38" count="115" type="stmt"/>
        <line num="39" count="21" type="stmt"/>
        <line num="42" count="115" type="stmt"/>
        <line num="43" count="25" type="stmt"/>
        <line num="46" count="115" type="stmt"/>
        <line num="47" count="6" type="cond" truecount="2" falsecount="0"/>
        <line num="48" count="6" type="stmt"/>
        <line num="49" count="11" type="stmt"/>
        <line num="50" count="6" type="stmt"/>
        <line num="51" count="6" type="stmt"/>
        <line num="52" count="6" type="stmt"/>
        <line num="56" count="11" type="stmt"/>
        <line num="60" count="6" type="cond" truecount="2" falsecount="0"/>
        <line num="66" count="12" type="stmt"/>
        <line num="68" count="6" type="stmt"/>
        <line num="70" count="6" type="cond" truecount="2" falsecount="0"/>
      </file>
      <file name="files.ts" path="/home/runner/work/codecharta/codecharta/visualization/app/codeCharta/model/files/files.ts">
        <metrics statements="5" coveredstatements="5" conditionals="2" coveredconditionals="2" methods="1" coveredmethods="1"/>
        <line num="8" count="158" type="cond" truecount="2" falsecount="0"/>
        <line num="9" count="158" type="stmt"/>
        <line num="10" count="158" type="stmt"/>
        <line num="11" count="158" type="stmt"/>
        <line num="12" count="158" type="stmt"/>
      </file>
    </package>
    <package name="app.codeCharta.resources.fixed-folders">
      <metrics statements="3" coveredstatements="3" conditionals="0" coveredconditionals="0" methods="0" coveredmethods="0"/>
      <file name="fixed-folders-example.ts" path="/home/runner/work/codecharta/codecharta/visualization/app/codeCharta/resources/fixed-folders/fixed-folders-example.ts">
        <metrics statements="3" coveredstatements="3" conditionals="0" coveredconditionals="0" methods="0" coveredmethods="0"/>
        <line num="1" count="2" type="stmt"/>
        <line num="4" count="2" type="stmt"/>
        <line num="141" count="2" type="stmt"/>
      </file>
    </package>
    <package name="app.codeCharta.services">
      <metrics statements="9" coveredstatements="7" conditionals="0" coveredconditionals="0" methods="3" coveredmethods="1"/>
      <file name="isAttributeSideBarVisible.service.ts" path="/home/runner/work/codecharta/codecharta/visualization/app/codeCharta/services/isAttributeSideBarVisible.service.ts">
        <metrics statements="9" coveredstatements="7" conditionals="0" coveredconditionals="0" methods="3" coveredmethods="1"/>
        <line num="1" count="5" type="stmt"/>
        <line num="2" count="5" type="stmt"/>
        <line num="5" count="5" type="stmt"/>
        <line num="6" count="8" type="stmt"/>
        <line num="8" count="8" type="stmt"/>
        <line num="9" count="8" type="stmt"/>
        <line num="10" count="0" type="stmt"/>
        <line num="12" count="8" type="stmt"/>
        <line num="13" count="0" type="stmt"/>
      </file>
    </package>
    <package name="app.codeCharta.services.3DExports">
      <metrics statements="91" coveredstatements="91" conditionals="25" coveredconditionals="25" methods="10" coveredmethods="10"/>
      <file name="serialize3mf.service.ts" path="/home/runner/work/codecharta/codecharta/visualization/app/codeCharta/services/3DExports/serialize3mf.service.ts">
        <metrics statements="91" coveredstatements="91" conditionals="25" coveredconditionals="25" methods="10" coveredmethods="10"/>
        <line num="1" count="5" type="stmt"/>
        <line num="2" count="5" type="stmt"/>
        <line num="13" count="5" type="stmt"/>
        <line num="14" count="5" type="stmt"/>
        <line num="15" count="5" type="stmt"/>
        <line num="26" count="5" type="stmt"/>
        <line num="27" count="2" type="stmt"/>
        <line num="28" count="2" type="stmt"/>
        <line num="29" count="2" type="stmt"/>
        <line num="30" count="2" type="stmt"/>
        <line num="31" count="2" type="stmt"/>
        <line num="33" count="2" type="stmt"/>
        <line num="45" count="2" type="stmt"/>
        <line num="49" count="2" type="stmt"/>
        <line num="50" count="2" type="stmt"/>
        <line num="58" count="3" type="stmt"/>
        <line num="59" count="3" type="stmt"/>
        <line num="60" count="3" type="stmt"/>
        <line num="61" count="3" type="stmt"/>
        <line num="62" count="3" type="stmt"/>
        <line num="63" count="3" type="stmt"/>
        <line num="65" count="3" type="stmt"/>
        <line num="66" count="7" type="stmt"/>
        <line num="69" count="3" type="stmt"/>
        <line num="82" count="12" type="cond" truecount="1" falsecount="0"/>
        <line num="83" count="1" type="stmt"/>
        <line num="86" count="11" type="stmt"/>
        <line num="87" count="2" type="stmt"/>
        <line num="88" count="2" type="cond" truecount="1" falsecount="0"/>
        <line num="89" count="1" type="stmt"/>
        <line num="91" count="2" type="stmt"/>
        <line num="94" count="11" type="stmt"/>
        <line num="95" count="11" type="stmt"/>
        <line num="97" count="11" type="stmt"/>
        <line num="98" count="11" type="stmt"/>
        <line num="100" count="11" type="stmt"/>
        <line num="102" count="11" type="stmt"/>
        <line num="104" count="11" type="stmt"/>
        <line num="105" count="11" type="stmt"/>
        <line num="110" count="15" type="stmt"/>
        <line num="111" count="15" type="cond" truecount="2" falsecount="0"/>
        <line num="112" count="2" type="stmt"/>
        <line num="113" count="78" type="stmt"/>
        <line num="115" count="78" type="cond" truecount="2" falsecount="0"/>
        <line num="116" count="72" type="stmt"/>
        <line num="118" count="6" type="stmt"/>
        <line num="121" count="13" type="cond" truecount="1" falsecount="0"/>
        <line num="122" count="11" type="stmt"/>
        <line num="124" count="11" type="cond" truecount="2" falsecount="0"/>
        <line num="125" count="5" type="stmt"/>
        <line num="126" count="6" type="cond" truecount="1" falsecount="0"/>
        <line num="127" count="6" type="stmt"/>
        <line num="128" count="6" type="stmt"/>
        <line num="130" count="1350" type="stmt"/>
        <line num="131" count="11" type="stmt"/>
        <line num="133" count="15" type="stmt"/>
        <line num="144" count="14" type="stmt"/>
        <line num="146" count="14" type="stmt"/>
        <line num="147" count="1428" type="stmt"/>
        <line num="152" count="1428" type="stmt"/>
        <line num="154" count="1428" type="cond" truecount="1" falsecount="0"/>
        <line num="155" count="88" type="stmt"/>
        <line num="158" count="1428" type="stmt"/>
        <line num="160" count="1428" type="cond" truecount="2" falsecount="0"/>
        <line num="161" count="268" type="stmt"/>
        <line num="162" count="268" type="stmt"/>
        <line num="163" count="268" type="stmt"/>
        <line num="165" count="1160" type="stmt"/>
        <line num="169" count="14" type="stmt"/>
        <line num="178" count="14" type="cond" truecount="2" falsecount="0"/>
        <line num="179" count="6" type="stmt"/>
        <line num="180" count="448" type="stmt"/>
        <line num="183" count="448" type="stmt"/>
        <line num="186" count="8" type="stmt"/>
        <line num="187" count="8" type="stmt"/>
        <line num="188" count="128" type="stmt"/>
        <line num="189" count="128" type="stmt"/>
        <line num="190" count="128" type="stmt"/>
        <line num="192" count="128" type="cond" truecount="4" falsecount="0"/>
        <line num="193" count="52" type="stmt"/>
        <line num="197" count="52" type="stmt"/>
        <line num="212" count="19" type="cond" truecount="1" falsecount="0"/>
        <line num="213" count="16" type="stmt"/>
        <line num="215" count="19" type="stmt"/>
        <line num="216" count="19" type="cond" truecount="2" falsecount="0"/>
        <line num="217" count="19" type="stmt"/>
        <line num="225" count="19" type="stmt"/>
        <line num="230" count="96" type="cond" truecount="2" falsecount="0"/>
        <line num="238" count="96" type="stmt"/>
        <line num="240" count="288" type="stmt"/>
        <line num="247" count="5" type="stmt"/>
      </file>
    </package>
    <package name="app.codeCharta.services.3DExports.3DPreview">
      <metrics statements="69" coveredstatements="64" conditionals="10" coveredconditionals="10" methods="21" coveredmethods="16"/>
      <file name="preview3DPrintMesh.ts" path="/home/runner/work/codecharta/codecharta/visualization/app/codeCharta/services/3DExports/3DPreview/preview3DPrintMesh.ts">
        <metrics statements="69" coveredstatements="64" conditionals="10" coveredconditionals="10" methods="21" coveredmethods="16"/>
        <line num="1" count="5" type="stmt"/>
        <line num="2" count="5" type="stmt"/>
        <line num="4" count="5" type="stmt"/>
        <line num="5" count="5" type="stmt"/>
        <line num="6" count="5" type="stmt"/>
        <line num="7" count="5" type="stmt"/>
        <line num="8" count="5" type="stmt"/>
        <line num="9" count="5" type="stmt"/>
        <line num="36" count="5" type="stmt"/>
        <line num="41" count="11" type="stmt"/>
        <line num="42" count="11" type="cond" truecount="1" falsecount="0"/>
        <line num="43" count="11" type="cond" truecount="1" falsecount="0"/>
        <line num="44" count="11" type="cond" truecount="1" falsecount="0"/>
        <line num="45" count="11" type="cond" truecount="1" falsecount="0"/>
        <line num="47" count="11" type="stmt"/>
        <line num="48" count="11" type="stmt"/>
        <line num="52" count="8" type="stmt"/>
        <line num="53" count="8" type="stmt"/>
        <line num="55" count="8" type="stmt"/>
        <line num="56" count="8" type="stmt"/>
        <line num="58" count="8" type="stmt"/>
        <line num="59" count="8" type="stmt"/>
        <line num="61" count="8" type="stmt"/>
        <line num="62" count="8" type="stmt"/>
        <line num="64" count="8" type="stmt"/>
        <line num="68" count="6" type="stmt"/>
        <line num="72" count="0" type="stmt"/>
        <line num="76" count="6" type="stmt"/>
        <line num="80" count="2" type="stmt"/>
        <line num="81" count="2" type="stmt"/>
        <line num="83" count="2" type="stmt"/>
        <line num="84" count="8" type="stmt"/>
        <line num="85" count="8" type="cond" truecount="3" falsecount="0"/>
        <line num="86" count="8" type="stmt"/>
        <line num="91" count="2" type="stmt"/>
        <line num="92" count="2" type="stmt"/>
        <line num="96" count="2" type="stmt"/>
        <line num="97" count="2" type="stmt"/>
        <line num="98" count="4" type="cond" truecount="1" falsecount="0"/>
        <line num="99" count="4" type="stmt"/>
        <line num="105" count="1" type="stmt"/>
        <line num="109" count="0" type="stmt"/>
        <line num="113" count="0" type="stmt"/>
        <line num="117" count="0" type="stmt"/>
        <line num="121" count="0" type="stmt"/>
        <line num="125" count="16" type="stmt"/>
        <line num="129" count="22" type="cond" truecount="1" falsecount="0"/>
        <line num="130" count="20" type="stmt"/>
        <line num="132" count="2" type="stmt"/>
        <line num="134" count="2" type="stmt"/>
        <line num="135" count="2" type="stmt"/>
        <line num="139" count="21" type="stmt"/>
        <line num="143" count="10" type="stmt"/>
        <line num="144" count="10" type="stmt"/>
        <line num="145" count="10" type="stmt"/>
        <line num="146" count="10" type="stmt"/>
        <line num="150" count="14" type="stmt"/>
        <line num="154" count="13" type="stmt"/>
        <line num="158" count="5" type="stmt"/>
        <line num="165" count="5" type="stmt"/>
        <line num="166" count="5" type="stmt"/>
        <line num="167" count="5" type="stmt"/>
        <line num="169" count="5" type="stmt"/>
        <line num="170" count="5" type="stmt"/>
        <line num="171" count="5" type="cond" truecount="1" falsecount="0"/>
        <line num="172" count="4" type="stmt"/>
        <line num="174" count="5" type="stmt"/>
        <line num="175" count="5" type="stmt"/>
        <line num="177" count="5" type="stmt"/>
      </file>
    </package>
    <package name="app.codeCharta.services.3DExports.3DPreview.ColorChangeStrategies">
      <metrics statements="40" coveredstatements="40" conditionals="14" coveredconditionals="14" methods="6" coveredmethods="6"/>
      <file name="backPrintColorChangeStrategy.ts" path="/home/runner/work/codecharta/codecharta/visualization/app/codeCharta/services/3DExports/3DPreview/ColorChangeStrategies/backPrintColorChangeStrategy.ts">
        <metrics statements="10" coveredstatements="10" conditionals="5" coveredconditionals="5" methods="1" coveredmethods="1"/>
        <line num="3" count="21" type="stmt"/>
        <line num="5" count="120" type="cond" truecount="1" falsecount="0"/>
        <line num="6" count="16" type="stmt"/>
        <line num="10" count="104" type="cond" truecount="2" falsecount="0"/>
        <line num="11" count="4" type="stmt"/>
        <line num="12" count="100" type="cond" truecount="2" falsecount="0"/>
        <line num="13" count="1" type="stmt"/>
        <line num="15" count="99" type="stmt"/>
        <line num="17" count="104" type="stmt"/>
        <line num="18" count="104" type="stmt"/>
      </file>
      <file name="baseplateColorChangeStrategy.ts" path="/home/runner/work/codecharta/codecharta/visualization/app/codeCharta/services/3DExports/3DPreview/ColorChangeStrategies/baseplateColorChangeStrategy.ts">
        <metrics statements="4" coveredstatements="4" conditionals="2" coveredconditionals="2" methods="1" coveredmethods="1"/>
        <line num="5" count="7" type="stmt"/>
        <line num="7" count="11" type="stmt"/>
        <line num="8" count="11" type="cond" truecount="2" falsecount="0"/>
        <line num="9" count="11" type="stmt"/>
      </file>
      <file name="frontPrintColorChangeStrategy.ts" path="/home/runner/work/codecharta/codecharta/visualization/app/codeCharta/services/3DExports/3DPreview/ColorChangeStrategies/frontPrintColorChangeStrategy.ts">
        <metrics statements="8" coveredstatements="8" conditionals="4" coveredconditionals="4" methods="1" coveredmethods="1"/>
        <line num="3" count="12" type="stmt"/>
        <line num="6" count="28" type="cond" truecount="2" falsecount="0"/>
        <line num="7" count="11" type="stmt"/>
        <line num="8" count="17" type="cond" truecount="2" falsecount="0"/>
        <line num="9" count="1" type="stmt"/>
        <line num="11" count="16" type="stmt"/>
        <line num="13" count="28" type="stmt"/>
        <line num="14" count="28" type="stmt"/>
      </file>
      <file name="negativePrintColorChangeStrategy.ts" path="/home/runner/work/codecharta/codecharta/visualization/app/codeCharta/services/3DExports/3DPreview/ColorChangeStrategies/negativePrintColorChangeStrategy.ts">
        <metrics statements="6" coveredstatements="6" conditionals="1" coveredconditionals="1" methods="1" coveredmethods="1"/>
        <line num="3" count="7" type="stmt"/>
        <line num="5" count="14" type="cond" truecount="1" falsecount="0"/>
        <line num="6" count="4" type="stmt"/>
        <line num="8" count="10" type="stmt"/>
        <line num="9" count="10" type="stmt"/>
        <line num="10" count="10" type="stmt"/>
      </file>
      <file name="neutralPrintColorChangeStrategy.ts" path="/home/runner/work/codecharta/codecharta/visualization/app/codeCharta/services/3DExports/3DPreview/ColorChangeStrategies/neutralPrintColorChangeStrategy.ts">
        <metrics statements="6" coveredstatements="6" conditionals="1" coveredconditionals="1" methods="1" coveredmethods="1"/>
        <line num="3" count="7" type="stmt"/>
        <line num="5" count="14" type="cond" truecount="1" falsecount="0"/>
        <line num="6" count="4" type="stmt"/>
        <line num="8" count="10" type="stmt"/>
        <line num="9" count="10" type="stmt"/>
        <line num="10" count="10" type="stmt"/>
      </file>
      <file name="positivePrintColorChangeStrategy.ts" path="/home/runner/work/codecharta/codecharta/visualization/app/codeCharta/services/3DExports/3DPreview/ColorChangeStrategies/positivePrintColorChangeStrategy.ts">
        <metrics statements="6" coveredstatements="6" conditionals="1" coveredconditionals="1" methods="1" coveredmethods="1"/>
        <line num="3" count="7" type="stmt"/>
        <line num="5" count="14" type="cond" truecount="1" falsecount="0"/>
        <line num="6" count="4" type="stmt"/>
        <line num="8" count="10" type="stmt"/>
        <line num="9" count="10" type="stmt"/>
        <line num="10" count="10" type="stmt"/>
      </file>
    </package>
    <package name="app.codeCharta.services.3DExports.3DPreview.CreateGeometryStrategies">
      <metrics statements="74" coveredstatements="72" conditionals="18" coveredconditionals="18" methods="7" coveredmethods="6"/>
      <file name="createBaseplateGeometryStrategy.ts" path="/home/runner/work/codecharta/codecharta/visualization/app/codeCharta/services/3DExports/3DPreview/CreateGeometryStrategies/createBaseplateGeometryStrategy.ts">
        <metrics statements="17" coveredstatements="17" conditionals="3" coveredconditionals="3" methods="1" coveredmethods="1"/>
        <line num="2" count="8" type="stmt"/>
        <line num="5" count="8" type="stmt"/>
        <line num="7" count="8" type="stmt"/>
        <line num="8" count="8" type="stmt"/>
        <line num="9" count="8" type="stmt"/>
        <line num="10" count="8" type="cond" truecount="1" falsecount="0"/>
        <line num="11" count="1" type="stmt"/>
        <line num="15" count="8" type="stmt"/>
        <line num="16" count="8" type="cond" truecount="2" falsecount="0"/>
        <line num="17" count="8" type="stmt"/>
        <line num="19" count="8" type="stmt"/>
        <line num="20" count="8" type="stmt"/>
        <line num="21" count="8" type="stmt"/>
        <line num="22" count="8" type="stmt"/>
        <line num="25" count="8" type="stmt"/>
        <line num="26" count="8" type="stmt"/>
        <line num="28" count="8" type="stmt"/>
      </file>
      <file name="createSvgGeometryStrategy.ts" path="/home/runner/work/codecharta/codecharta/visualization/app/codeCharta/services/3DExports/3DPreview/CreateGeometryStrategies/createSvgGeometryStrategy.ts">
        <metrics statements="29" coveredstatements="27" conditionals="2" coveredconditionals="2" methods="4" coveredmethods="3"/>
        <line num="1" count="11" type="stmt"/>
        <line num="2" count="11" type="stmt"/>
        <line num="5" count="11" type="stmt"/>
        <line num="12" count="11" type="stmt"/>
        <line num="17" count="28" type="stmt"/>
        <line num="18" count="28" type="stmt"/>
        <line num="19" count="28" type="stmt"/>
        <line num="20" count="28" type="stmt"/>
        <line num="23" count="26" type="stmt"/>
        <line num="24" count="26" type="stmt"/>
        <line num="26" count="26" type="stmt"/>
        <line num="27" count="26" type="stmt"/>
        <line num="29" count="26" type="stmt"/>
        <line num="30" count="26" type="stmt"/>
        <line num="34" count="26" type="stmt"/>
        <line num="38" count="26" type="stmt"/>
        <line num="40" count="26" type="stmt"/>
        <line num="41" count="26" type="stmt"/>
        <line num="42" count="26" type="stmt"/>
        <line num="43" count="26" type="stmt"/>
        <line num="44" count="26" type="stmt"/>
        <line num="46" count="26" type="stmt"/>
        <line num="47" count="26" type="cond" truecount="2" falsecount="0"/>
        <line num="48" count="21" type="stmt"/>
        <line num="50" count="5" type="stmt"/>
        <line num="51" count="5" type="stmt"/>
        <line num="54" count="26" type="stmt"/>
        <line num="58" count="0" type="stmt"/>
        <line num="59" count="0" type="stmt"/>
      </file>
      <file name="createTextGeometryStrategy.ts" path="/home/runner/work/codecharta/codecharta/visualization/app/codeCharta/services/3DExports/3DPreview/CreateGeometryStrategies/createTextGeometryStrategy.ts">
        <metrics statements="28" coveredstatements="28" conditionals="13" coveredconditionals="13" methods="2" coveredmethods="2"/>
        <line num="1" count="11" type="stmt"/>
        <line num="2" count="11" type="stmt"/>
        <line num="6" count="11" type="stmt"/>
        <line num="18" count="11" type="stmt"/>
        <line num="23" count="91" type="stmt"/>
        <line num="24" count="91" type="cond" truecount="1" falsecount="0"/>
        <line num="25" count="1" type="stmt"/>
        <line num="27" count="90" type="stmt"/>
        <line num="28" count="90" type="cond" truecount="1" falsecount="0"/>
        <line num="29" count="44" type="stmt"/>
        <line num="32" count="90" type="cond" truecount="4" falsecount="0"/>
        <line num="40" count="90" type="stmt"/>
        <line num="41" count="90" type="cond" truecount="1" falsecount="0"/>
        <line num="42" count="45" type="stmt"/>
        <line num="45" count="90" type="stmt"/>
        <line num="46" count="90" type="stmt"/>
        <line num="47" count="90" type="cond" truecount="2" falsecount="0"/>
        <line num="48" count="90" type="cond" truecount="2" falsecount="0"/>
        <line num="50" count="90" type="stmt"/>
        <line num="56" count="90" type="stmt"/>
        <line num="60" count="6" type="stmt"/>
        <line num="61" count="6" type="stmt"/>
        <line num="62" count="6" type="stmt"/>
        <line num="63" count="12" type="stmt"/>
        <line num="68" count="12" type="stmt"/>
        <line num="69" count="12" type="stmt"/>
        <line num="70" count="12" type="stmt"/>
        <line num="73" count="6" type="stmt"/>
      </file>
    </package>
    <package name="app.codeCharta.services.3DExports.3DPreview.MeshModels">
      <metrics statements="114" coveredstatements="113" conditionals="38" coveredconditionals="31" methods="28" coveredmethods="28"/>
      <file name="baseplateMesh.ts" path="/home/runner/work/codecharta/codecharta/visualization/app/codeCharta/services/3DExports/3DPreview/MeshModels/baseplateMesh.ts">
        <metrics statements="21" coveredstatements="21" conditionals="1" coveredconditionals="1" methods="6" coveredmethods="6"/>
        <line num="1" count="7" type="stmt"/>
        <line num="2" count="7" type="stmt"/>
        <line num="4" count="7" type="stmt"/>
        <line num="5" count="7" type="stmt"/>
        <line num="7" count="7" type="stmt"/>
        <line num="8" count="17" type="cond" truecount="1" falsecount="0"/>
        <line num="9" count="17" type="stmt"/>
        <line num="13" count="6" type="stmt"/>
        <line num="14" count="6" type="stmt"/>
        <line num="20" count="6" type="stmt"/>
        <line num="21" count="6" type="stmt"/>
        <line num="22" count="6" type="stmt"/>
        <line num="23" count="6" type="stmt"/>
        <line num="24" count="6" type="stmt"/>
        <line num="25" count="6" type="stmt"/>
        <line num="27" count="6" type="stmt"/>
        <line num="28" count="6" type="stmt"/>
        <line num="29" count="6" type="stmt"/>
        <line num="34" count="3" type="stmt"/>
        <line num="35" count="3" type="stmt"/>
        <line num="36" count="3" type="stmt"/>
      </file>
      <file name="customVisibilityMesh.ts" path="/home/runner/work/codecharta/codecharta/visualization/app/codeCharta/services/3DExports/3DPreview/MeshModels/customVisibilityMesh.ts">
        <metrics statements="16" coveredstatements="16" conditionals="8" coveredconditionals="6" methods="5" coveredmethods="5"/>
        <line num="1" count="17" type="stmt"/>
        <line num="4" count="17" type="stmt"/>
        <line num="11" count="106" type="cond" truecount="0" falsecount="1"/>
        <line num="12" count="106" type="cond" truecount="0" falsecount="1"/>
        <line num="14" count="106" type="stmt"/>
        <line num="18" count="18" type="stmt"/>
        <line num="19" count="18" type="stmt"/>
        <line num="23" count="74" type="stmt"/>
        <line num="24" count="74" type="stmt"/>
        <line num="28" count="245" type="cond" truecount="2" falsecount="0"/>
        <line num="29" count="245" type="cond" truecount="3" falsecount="0"/>
        <line num="33" count="153" type="stmt"/>
        <line num="34" count="153" type="stmt"/>
        <line num="35" count="32" type="cond" truecount="1" falsecount="0"/>
        <line num="36" count="31" type="stmt"/>
        <line num="39" count="153" type="stmt"/>
      </file>
      <file name="generalMesh.ts" path="/home/runner/work/codecharta/codecharta/visualization/app/codeCharta/services/3DExports/3DPreview/MeshModels/generalMesh.ts">
        <metrics statements="21" coveredstatements="21" conditionals="2" coveredconditionals="2" methods="7" coveredmethods="7"/>
        <line num="1" count="25" type="stmt"/>
        <line num="8" count="25" type="stmt"/>
        <line num="13" count="185" type="stmt"/>
        <line num="15" count="185" type="stmt"/>
        <line num="16" count="185" type="stmt"/>
        <line num="17" count="185" type="stmt"/>
        <line num="18" count="185" type="stmt"/>
        <line num="23" count="26" type="stmt"/>
        <line num="24" count="26" type="stmt"/>
        <line num="25" count="13" type="cond" truecount="1" falsecount="0"/>
        <line num="26" count="13" type="stmt"/>
        <line num="32" count="31" type="stmt"/>
        <line num="33" count="31" type="stmt"/>
        <line num="36" count="12" type="stmt"/>
        <line num="37" count="12" type="stmt"/>
        <line num="40" count="7" type="stmt"/>
        <line num="41" count="7" type="stmt"/>
        <line num="45" count="10" type="stmt"/>
        <line num="49" count="50" type="cond" truecount="1" falsecount="0"/>
        <line num="50" count="34" type="stmt"/>
        <line num="51" count="34" type="stmt"/>
      </file>
      <file name="mapMesh.ts" path="/home/runner/work/codecharta/codecharta/visualization/app/codeCharta/services/3DExports/3DPreview/MeshModels/mapMesh.ts">
        <metrics statements="43" coveredstatements="42" conditionals="25" coveredconditionals="21" methods="6" coveredmethods="6"/>
        <line num="1" count="6" type="stmt"/>
        <line num="3" count="6" type="stmt"/>
        <line num="4" count="6" type="stmt"/>
        <line num="6" count="6" type="stmt"/>
        <line num="10" count="15" type="stmt"/>
        <line num="14" count="8" type="stmt"/>
        <line num="15" count="8" type="stmt"/>
        <line num="16" count="8" type="stmt"/>
        <line num="17" count="8" type="stmt"/>
        <line num="18" count="8" type="stmt"/>
        <line num="19" count="8" type="stmt"/>
        <line num="20" count="8" type="stmt"/>
        <line num="21" count="8" type="stmt"/>
        <line num="22" count="8" type="stmt"/>
        <line num="24" count="8" type="stmt"/>
        <line num="28" count="8" type="stmt"/>
        <line num="30" count="8" type="stmt"/>
        <line num="31" count="8" type="stmt"/>
        <line num="32" count="8" type="stmt"/>
        <line num="34" count="8" type="stmt"/>
        <line num="36" count="8" type="stmt"/>
        <line num="38" count="8" type="stmt"/>
        <line num="46" count="10" type="stmt"/>
        <line num="47" count="10" type="stmt"/>
        <line num="48" count="370" type="stmt"/>
        <line num="49" count="370" type="stmt"/>
        <line num="50" count="370" type="stmt"/>
        <line num="53" count="370" type="cond" truecount="5" falsecount="0"/>
        <line num="55" count="5" type="cond" truecount="1" falsecount="1"/>
        <line num="56" count="365" type="cond" truecount="4" falsecount="0"/>
        <line num="58" count="240" type="cond" truecount="2" falsecount="0"/>
        <line num="59" count="125" type="cond" truecount="3" falsecount="1"/>
        <line num="61" count="0" type="cond" truecount="0" falsecount="2"/>
        <line num="62" count="125" type="cond" truecount="4" falsecount="0"/>
        <line num="64" count="120" type="cond" truecount="2" falsecount="0"/>
        <line num="66" count="5" type="stmt"/>
        <line num="67" count="5" type="stmt"/>
        <line num="69" count="370" type="stmt"/>
        <line num="71" count="10" type="stmt"/>
        <line num="75" count="3" type="stmt"/>
        <line num="76" count="3" type="stmt"/>
        <line num="77" count="3" type="stmt"/>
        <line num="80" count="2" type="stmt"/>
      </file>
      <file name="textMesh.ts" path="/home/runner/work/codecharta/codecharta/visualization/app/codeCharta/services/3DExports/3DPreview/MeshModels/textMesh.ts">
        <metrics statements="13" coveredstatements="13" conditionals="2" coveredconditionals="1" methods="4" coveredmethods="4"/>
        <line num="1" count="9" type="stmt"/>
        <line num="3" count="9" type="stmt"/>
        <line num="4" count="9" type="stmt"/>
        <line num="6" count="9" type="stmt"/>
        <line num="12" count="49" type="stmt"/>
        <line num="13" count="49" type="cond" truecount="1" falsecount="0"/>
        <line num="15" count="49" type="stmt"/>
        <line num="19" count="42" type="stmt"/>
        <line num="21" count="42" type="stmt"/>
        <line num="23" count="42" type="stmt"/>
        <line num="27" count="37" type="stmt"/>
        <line num="28" count="37" type="stmt"/>
        <line num="32" count="37" type="stmt"/>
      </file>
    </package>
    <package name="app.codeCharta.services.3DExports.3DPreview.MeshModels.BackMeshModels">
      <metrics statements="199" coveredstatements="196" conditionals="10" coveredconditionals="9" methods="38" coveredmethods="38"/>
      <file name="backBelowLogoTextMesh.ts" path="/home/runner/work/codecharta/codecharta/visualization/app/codeCharta/services/3DExports/3DPreview/MeshModels/BackMeshModels/backBelowLogoTextMesh.ts">
        <metrics statements="5" coveredstatements="5" conditionals="0" coveredconditionals="0" methods="1" coveredmethods="1"/>
        <line num="3" count="6" type="stmt"/>
        <line num="4" count="6" type="stmt"/>
        <line num="6" count="6" type="stmt"/>
        <line num="8" count="5" type="stmt"/>
        <line num="16" count="5" type="stmt"/>
      </file>
      <file name="backMWLogoMesh.ts" path="/home/runner/work/codecharta/codecharta/visualization/app/codeCharta/services/3DExports/3DPreview/MeshModels/BackMeshModels/backMWLogoMesh.ts">
        <metrics statements="15" coveredstatements="15" conditionals="0" coveredconditionals="0" methods="2" coveredmethods="2"/>
        <line num="1" count="6" type="stmt"/>
        <line num="2" count="6" type="stmt"/>
        <line num="4" count="6" type="stmt"/>
        <line num="6" count="6" type="stmt"/>
        <line num="8" count="5" type="stmt"/>
        <line num="9" count="5" type="stmt"/>
        <line num="13" count="5" type="stmt"/>
        <line num="14" count="5" type="stmt"/>
        <line num="15" count="5" type="stmt"/>
        <line num="21" count="5" type="stmt"/>
        <line num="22" count="5" type="stmt"/>
        <line num="23" count="5" type="stmt"/>
        <line num="24" count="5" type="stmt"/>
        <line num="26" count="5" type="stmt"/>
        <line num="28" count="5" type="stmt"/>
      </file>
      <file name="backPrintContainerMesh.ts" path="/home/runner/work/codecharta/codecharta/visualization/app/codeCharta/services/3DExports/3DPreview/MeshModels/BackMeshModels/backPrintContainerMesh.ts">
        <metrics statements="38" coveredstatements="38" conditionals="1" coveredconditionals="1" methods="10" coveredmethods="10"/>
        <line num="2" count="6" type="stmt"/>
        <line num="3" count="6" type="stmt"/>
        <line num="4" count="6" type="stmt"/>
        <line num="5" count="6" type="stmt"/>
        <line num="6" count="6" type="stmt"/>
        <line num="7" count="6" type="stmt"/>
        <line num="8" count="6" type="stmt"/>
        <line num="9" count="6" type="stmt"/>
        <line num="11" count="6" type="stmt"/>
        <line num="13" count="6" type="stmt"/>
        <line num="16" count="16" type="stmt"/>
        <line num="17" count="16" type="stmt"/>
        <line num="18" count="16" type="stmt"/>
        <line num="22" count="9" type="stmt"/>
        <line num="23" count="9" type="stmt"/>
        <line num="24" count="9" type="stmt"/>
        <line num="25" count="9" type="stmt"/>
        <line num="26" count="9" type="stmt"/>
        <line num="27" count="9" type="stmt"/>
        <line num="28" count="9" type="stmt"/>
        <line num="33" count="9" type="stmt"/>
        <line num="34" count="54" type="stmt"/>
        <line num="35" count="54" type="stmt"/>
        <line num="36" count="54" type="stmt"/>
        <line num="40" count="9" type="stmt"/>
        <line num="41" count="9" type="stmt"/>
        <line num="45" count="12" type="stmt"/>
        <line num="46" count="12" type="stmt"/>
        <line num="47" count="12" type="stmt"/>
        <line num="48" count="87" type="cond" truecount="1" falsecount="0"/>
        <line num="49" count="70" type="stmt"/>
        <line num="55" count="3" type="stmt"/>
        <line num="59" count="14" type="stmt"/>
        <line num="60" count="14" type="stmt"/>
        <line num="61" count="14" type="stmt"/>
        <line num="65" count="15" type="stmt"/>
        <line num="66" count="15" type="stmt"/>
        <line num="69" count="5" type="stmt"/>
      </file>
      <file name="codeChartaLogoMesh.ts" path="/home/runner/work/codecharta/codecharta/visualization/app/codeCharta/services/3DExports/3DPreview/MeshModels/BackMeshModels/codeChartaLogoMesh.ts">
        <metrics statements="14" coveredstatements="14" conditionals="1" coveredconditionals="1" methods="2" coveredmethods="2"/>
        <line num="1" count="6" type="stmt"/>
        <line num="2" count="6" type="stmt"/>
        <line num="4" count="6" type="stmt"/>
        <line num="6" count="6" type="stmt"/>
        <line num="10" count="5" type="stmt"/>
        <line num="11" count="5" type="stmt"/>
        <line num="15" count="5" type="stmt"/>
        <line num="16" count="5" type="stmt"/>
        <line num="22" count="5" type="stmt"/>
        <line num="23" count="5" type="stmt"/>
        <line num="24" count="5" type="stmt"/>
        <line num="25" count="5" type="stmt"/>
        <line num="27" count="5" type="stmt"/>
        <line num="29" count="5" type="stmt"/>
      </file>
      <file name="codeChartaTextMesh.ts" path="/home/runner/work/codecharta/codecharta/visualization/app/codeCharta/services/3DExports/3DPreview/MeshModels/BackMeshModels/codeChartaTextMesh.ts">
        <metrics statements="5" coveredstatements="5" conditionals="0" coveredconditionals="0" methods="1" coveredmethods="1"/>
        <line num="2" count="6" type="stmt"/>
        <line num="4" count="6" type="stmt"/>
        <line num="6" count="6" type="stmt"/>
        <line num="8" count="5" type="stmt"/>
        <line num="16" count="5" type="stmt"/>
      </file>
      <file name="colorMetricDescriptionBlockMesh.ts" path="/home/runner/work/codecharta/codecharta/visualization/app/codeCharta/services/3DExports/3DPreview/MeshModels/BackMeshModels/colorMetricDescriptionBlockMesh.ts">
        <metrics statements="29" coveredstatements="29" conditionals="1" coveredconditionals="1" methods="5" coveredmethods="5"/>
        <line num="3" count="6" type="stmt"/>
        <line num="6" count="6" type="stmt"/>
        <line num="7" count="6" type="stmt"/>
        <line num="8" count="6" type="stmt"/>
        <line num="9" count="6" type="stmt"/>
        <line num="10" count="6" type="stmt"/>
        <line num="16" count="6" type="stmt"/>
        <line num="18" count="6" type="stmt"/>
        <line num="22" count="6" type="stmt"/>
        <line num="23" count="6" type="stmt"/>
        <line num="24" count="36" type="stmt"/>
        <line num="27" count="6" type="stmt"/>
        <line num="29" count="6" type="stmt"/>
        <line num="33" count="4" type="stmt"/>
        <line num="44" count="4" type="stmt"/>
        <line num="48" count="6" type="stmt"/>
        <line num="49" count="6" type="stmt"/>
        <line num="50" count="6" type="stmt"/>
        <line num="58" count="6" type="stmt"/>
        <line num="66" count="6" type="stmt"/>
        <line num="67" count="6" type="stmt"/>
        <line num="68" count="36" type="stmt"/>
        <line num="69" count="36" type="stmt"/>
        <line num="78" count="36" type="stmt"/>
        <line num="81" count="36" type="stmt"/>
        <line num="82" count="36" type="stmt"/>
        <line num="84" count="36" type="cond" truecount="1" falsecount="0"/>
        <line num="85" count="30" type="stmt"/>
        <line num="88" count="6" type="stmt"/>
      </file>
      <file name="metricDescriptionBlockMesh.ts" path="/home/runner/work/codecharta/codecharta/visualization/app/codeCharta/services/3DExports/3DPreview/MeshModels/BackMeshModels/metricDescriptionBlockMesh.ts">
        <metrics statements="23" coveredstatements="23" conditionals="0" coveredconditionals="0" methods="5" coveredmethods="5"/>
        <line num="1" count="7" type="stmt"/>
        <line num="2" count="7" type="stmt"/>
        <line num="6" count="7" type="stmt"/>
        <line num="7" count="7" type="stmt"/>
        <line num="9" count="7" type="stmt"/>
        <line num="19" count="7" type="stmt"/>
        <line num="24" count="17" type="stmt"/>
        <line num="25" count="17" type="stmt"/>
        <line num="26" count="17" type="stmt"/>
        <line num="28" count="17" type="stmt"/>
        <line num="29" count="17" type="stmt"/>
        <line num="30" count="17" type="stmt"/>
        <line num="34" count="16" type="stmt"/>
        <line num="36" count="14" type="stmt"/>
        <line num="38" count="14" type="stmt"/>
        <line num="40" count="14" type="stmt"/>
        <line num="42" count="14" type="stmt"/>
        <line num="44" count="14" type="stmt"/>
        <line num="52" count="10" type="stmt"/>
        <line num="66" count="16" type="stmt"/>
        <line num="71" count="14" type="stmt"/>
        <line num="72" count="14" type="stmt"/>
        <line num="76" count="12" type="stmt"/>
      </file>
      <file name="metricDescriptionsContainerMesh.ts" path="/home/runner/work/codecharta/codecharta/visualization/app/codeCharta/services/3DExports/3DPreview/MeshModels/BackMeshModels/metricDescriptionsContainerMesh.ts">
        <metrics statements="36" coveredstatements="36" conditionals="3" coveredconditionals="3" methods="7" coveredmethods="7"/>
        <line num="2" count="6" type="stmt"/>
        <line num="4" count="6" type="stmt"/>
        <line num="5" count="6" type="stmt"/>
        <line num="6" count="6" type="stmt"/>
        <line num="7" count="6" type="stmt"/>
        <line num="9" count="6" type="stmt"/>
        <line num="12" count="7" type="stmt"/>
        <line num="14" count="7" type="stmt"/>
        <line num="18" count="6" type="stmt"/>
        <line num="19" count="6" type="stmt"/>
        <line num="20" count="6" type="stmt"/>
        <line num="22" count="6" type="stmt"/>
        <line num="33" count="6" type="stmt"/>
        <line num="35" count="6" type="stmt"/>
        <line num="46" count="6" type="stmt"/>
        <line num="48" count="6" type="stmt"/>
        <line num="60" count="6" type="stmt"/>
        <line num="62" count="6" type="stmt"/>
        <line num="64" count="6" type="stmt"/>
        <line num="68" count="6" type="stmt"/>
        <line num="69" count="6" type="stmt"/>
        <line num="70" count="48" type="cond" truecount="3" falsecount="0"/>
        <line num="71" count="48" type="stmt"/>
        <line num="72" count="48" type="stmt"/>
        <line num="73" count="48" type="stmt"/>
        <line num="74" count="48" type="stmt"/>
        <line num="77" count="6" type="stmt"/>
        <line num="81" count="6" type="stmt"/>
        <line num="82" count="6" type="stmt"/>
        <line num="83" count="6" type="stmt"/>
        <line num="87" count="6" type="stmt"/>
        <line num="88" count="6" type="stmt"/>
        <line num="89" count="6" type="stmt"/>
        <line num="93" count="6" type="stmt"/>
        <line num="94" count="6" type="stmt"/>
        <line num="95" count="6" type="stmt"/>
      </file>
      <file name="qrCodeMesh.ts" path="/home/runner/work/codecharta/codecharta/visualization/app/codeCharta/services/3DExports/3DPreview/MeshModels/BackMeshModels/qrCodeMesh.ts">
        <metrics statements="34" coveredstatements="31" conditionals="4" coveredconditionals="3" methods="5" coveredmethods="5"/>
        <line num="1" count="6" type="stmt"/>
        <line num="3" count="6" type="stmt"/>
        <line num="4" count="6" type="stmt"/>
        <line num="5" count="6" type="stmt"/>
        <line num="6" count="6" type="stmt"/>
        <line num="8" count="6" type="stmt"/>
        <line num="10" count="9" type="stmt"/>
        <line num="14" count="5" type="stmt"/>
        <line num="16" count="5" type="stmt"/>
        <line num="17" count="5" type="stmt"/>
        <line num="18" count="5" type="stmt"/>
        <line num="19" count="5" type="stmt"/>
        <line num="21" count="5" type="stmt"/>
        <line num="23" count="5" type="stmt"/>
        <line num="27" count="14" type="stmt"/>
        <line num="31" count="4" type="cond" truecount="3" falsecount="0"/>
        <line num="32" count="1" type="stmt"/>
        <line num="35" count="3" type="stmt"/>
        <line num="36" count="3" type="stmt"/>
        <line num="38" count="3" type="stmt"/>
        <line num="39" count="3" type="stmt"/>
        <line num="41" count="3" type="stmt"/>
        <line num="42" count="3" type="stmt"/>
        <line num="44" count="3" type="stmt"/>
        <line num="45" count="114" type="stmt"/>
        <line num="46" count="8550" type="stmt"/>
        <line num="47" count="8550" type="cond" truecount="0" falsecount="1"/>
        <line num="48" count="0" type="stmt"/>
        <line num="49" count="0" type="stmt"/>
        <line num="50" count="0" type="stmt"/>
        <line num="55" count="3" type="stmt"/>
        <line num="57" count="3" type="stmt"/>
        <line num="61" count="4" type="stmt"/>
        <line num="62" count="4" type="stmt"/>
      </file>
    </package>
    <package name="app.codeCharta.services.3DExports.3DPreview.MeshModels.FrontMeshModels">
      <metrics statements="120" coveredstatements="112" conditionals="20" coveredconditionals="17" methods="28" coveredmethods="25"/>
      <file name="customLogoMesh.ts" path="/home/runner/work/codecharta/codecharta/visualization/app/codeCharta/services/3DExports/3DPreview/MeshModels/FrontMeshModels/customLogoMesh.ts">
        <metrics statements="22" coveredstatements="22" conditionals="1" coveredconditionals="1" methods="6" coveredmethods="6"/>
        <line num="1" count="6" type="stmt"/>
        <line num="4" count="6" type="stmt"/>
        <line num="7" count="6" type="stmt"/>
        <line num="10" count="5" type="stmt"/>
        <line num="12" count="5" type="stmt"/>
        <line num="16" count="5" type="stmt"/>
        <line num="17" count="5" type="stmt"/>
        <line num="18" count="5" type="stmt"/>
        <line num="24" count="5" type="stmt"/>
        <line num="25" count="5" type="stmt"/>
        <line num="26" count="5" type="stmt"/>
        <line num="27" count="5" type="stmt"/>
        <line num="29" count="5" type="cond" truecount="1" falsecount="0"/>
        <line num="30" count="1" type="stmt"/>
        <line num="33" count="5" type="stmt"/>
        <line num="35" count="5" type="stmt"/>
        <line num="39" count="1" type="stmt"/>
        <line num="40" count="1" type="stmt"/>
        <line num="44" count="1" type="stmt"/>
        <line num="48" count="1" type="stmt"/>
        <line num="52" count="1" type="stmt"/>
        <line num="53" count="1" type="stmt"/>
      </file>
      <file name="frontLogo.ts" path="/home/runner/work/codecharta/codecharta/visualization/app/codeCharta/services/3DExports/3DPreview/MeshModels/FrontMeshModels/frontLogo.ts">
        <metrics statements="16" coveredstatements="16" conditionals="8" coveredconditionals="8" methods="2" coveredmethods="2"/>
        <line num="2" count="9" type="stmt"/>
        <line num="3" count="9" type="stmt"/>
        <line num="5" count="9" type="stmt"/>
        <line num="8" count="18" type="stmt"/>
        <line num="10" count="18" type="stmt"/>
        <line num="14" count="6" type="stmt"/>
        <line num="15" count="6" type="stmt"/>
        <line num="16" count="6" type="stmt"/>
        <line num="17" count="6" type="cond" truecount="2" falsecount="0"/>
        <line num="20" count="6" type="stmt"/>
        <line num="21" count="6" type="stmt"/>
        <line num="22" count="6" type="cond" truecount="2" falsecount="0"/>
        <line num="23" count="6" type="cond" truecount="2" falsecount="0"/>
        <line num="24" count="6" type="stmt"/>
        <line num="25" count="6" type="cond" truecount="2" falsecount="0"/>
        <line num="26" count="6" type="stmt"/>
      </file>
      <file name="frontMWLogoMesh.ts" path="/home/runner/work/codecharta/codecharta/visualization/app/codeCharta/services/3DExports/3DPreview/MeshModels/FrontMeshModels/frontMWLogoMesh.ts">
        <metrics statements="17" coveredstatements="16" conditionals="2" coveredconditionals="1" methods="4" coveredmethods="4"/>
        <line num="1" count="6" type="stmt"/>
        <line num="3" count="6" type="stmt"/>
        <line num="6" count="6" type="stmt"/>
        <line num="8" count="7" type="stmt"/>
        <line num="11" count="7" type="cond" truecount="1" falsecount="0"/>
        <line num="12" count="7" type="stmt"/>
        <line num="13" count="7" type="stmt"/>
        <line num="19" count="7" type="stmt"/>
        <line num="20" count="7" type="stmt"/>
        <line num="21" count="7" type="stmt"/>
        <line num="22" count="7" type="stmt"/>
        <line num="24" count="7" type="cond" truecount="0" falsecount="1"/>
        <line num="25" count="0" type="stmt"/>
        <line num="28" count="7" type="stmt"/>
        <line num="30" count="7" type="stmt"/>
        <line num="34" count="2" type="stmt"/>
        <line num="35" count="2" type="stmt"/>
      </file>
      <file name="frontPrintContainerMesh.ts" path="/home/runner/work/codecharta/codecharta/visualization/app/codeCharta/services/3DExports/3DPreview/MeshModels/FrontMeshModels/frontPrintContainerMesh.ts">
        <metrics statements="51" coveredstatements="44" conditionals="8" coveredconditionals="6" methods="14" coveredmethods="11"/>
        <line num="2" count="6" type="stmt"/>
        <line num="3" count="6" type="stmt"/>
        <line num="5" count="6" type="stmt"/>
        <line num="6" count="6" type="stmt"/>
        <line num="7" count="6" type="stmt"/>
        <line num="8" count="6" type="stmt"/>
        <line num="9" count="6" type="stmt"/>
        <line num="11" count="6" type="stmt"/>
        <line num="14" count="16" type="stmt"/>
        <line num="15" count="16" type="stmt"/>
        <line num="16" count="16" type="stmt"/>
        <line num="20" count="9" type="stmt"/>
        <line num="21" count="9" type="stmt"/>
        <line num="22" count="9" type="stmt"/>
        <line num="23" count="9" type="stmt"/>
        <line num="25" count="9" type="stmt"/>
        <line num="26" count="27" type="stmt"/>
        <line num="27" count="27" type="stmt"/>
        <line num="28" count="27" type="stmt"/>
        <line num="32" count="9" type="stmt"/>
        <line num="34" count="9" type="stmt"/>
        <line num="38" count="1" type="cond" truecount="0" falsecount="1"/>
        <line num="39" count="0" type="stmt"/>
        <line num="41" count="1" type="stmt"/>
        <line num="42" count="1" type="stmt"/>
        <line num="43" count="1" type="stmt"/>
        <line num="47" count="0" type="stmt"/>
        <line num="48" count="0" type="stmt"/>
        <line num="52" count="0" type="stmt"/>
        <line num="53" count="0" type="stmt"/>
        <line num="57" count="1" type="stmt"/>
        <line num="58" count="1" type="stmt"/>
        <line num="62" count="0" type="stmt"/>
        <line num="63" count="0" type="stmt"/>
        <line num="67" count="16" type="stmt"/>
        <line num="68" count="16" type="stmt"/>
        <line num="69" count="16" type="stmt"/>
        <line num="73" count="1" type="stmt"/>
        <line num="74" count="1" type="stmt"/>
        <line num="75" count="3" type="cond" truecount="3" falsecount="0"/>
        <line num="76" count="1" type="stmt"/>
        <line num="82" count="22" type="stmt"/>
        <line num="83" count="22" type="stmt"/>
        <line num="84" count="22" type="stmt"/>
        <line num="88" count="2" type="stmt"/>
        <line num="89" count="2" type="stmt"/>
        <line num="90" count="2" type="stmt"/>
        <line num="92" count="2" type="stmt"/>
        <line num="94" count="2" type="stmt"/>
        <line num="95" count="2" type="cond" truecount="3" falsecount="1"/>
        <line num="99" count="7" type="stmt"/>
      </file>
      <file name="frontTextMesh.ts" path="/home/runner/work/codecharta/codecharta/visualization/app/codeCharta/services/3DExports/3DPreview/MeshModels/FrontMeshModels/frontTextMesh.ts">
        <metrics statements="9" coveredstatements="9" conditionals="1" coveredconditionals="1" methods="1" coveredmethods="1"/>
        <line num="4" count="6" type="stmt"/>
        <line num="5" count="6" type="stmt"/>
        <line num="7" count="6" type="stmt"/>
        <line num="9" count="8" type="stmt"/>
        <line num="10" count="8" type="cond" truecount="1" falsecount="0"/>
        <line num="11" count="5" type="stmt"/>
        <line num="13" count="8" type="stmt"/>
        <line num="22" count="8" type="stmt"/>
        <line num="23" count="8" type="stmt"/>
      </file>
      <file name="secondRowTextMesh.ts" path="/home/runner/work/codecharta/codecharta/visualization/app/codeCharta/services/3DExports/3DPreview/MeshModels/FrontMeshModels/secondRowTextMesh.ts">
        <metrics statements="5" coveredstatements="5" conditionals="0" coveredconditionals="0" methods="1" coveredmethods="1"/>
        <line num="3" count="6" type="stmt"/>
        <line num="5" count="6" type="stmt"/>
        <line num="7" count="6" type="stmt"/>
        <line num="9" count="6" type="stmt"/>
        <line num="18" count="6" type="stmt"/>
      </file>
    </package>
    <package name="app.codeCharta.services.3DExports.generateXML">
      <metrics statements="31" coveredstatements="31" conditionals="0" coveredconditionals="0" methods="11" coveredmethods="11"/>
      <file name="build3mfModel.ts" path="/home/runner/work/codecharta/codecharta/visualization/app/codeCharta/services/3DExports/generateXML/build3mfModel.ts">
        <metrics statements="18" coveredstatements="18" conditionals="0" coveredconditionals="0" methods="5" coveredmethods="5"/>
        <line num="1" count="6" type="stmt"/>
        <line num="2" count="3" type="stmt"/>
        <line num="3" count="3" type="stmt"/>
        <line num="4" count="3" type="stmt"/>
        <line num="5" count="3" type="stmt"/>
        <line num="7" count="3" type="stmt"/>
        <line num="11" count="3" type="stmt"/>
        <line num="21" count="3" type="stmt"/>
        <line num="22" count="3" type="stmt"/>
        <line num="23" count="235" type="stmt"/>
        <line num="25" count="3" type="stmt"/>
        <line num="26" count="3" type="stmt"/>
        <line num="30" count="3" type="stmt"/>
        <line num="31" count="3" type="stmt"/>
        <line num="32" count="450" type="stmt"/>
        <line num="34" count="3" type="stmt"/>
        <line num="35" count="3" type="stmt"/>
        <line num="39" count="3" type="stmt"/>
      </file>
      <file name="build3mfModelConfig.ts" path="/home/runner/work/codecharta/codecharta/visualization/app/codeCharta/services/3DExports/generateXML/build3mfModelConfig.ts">
        <metrics statements="9" coveredstatements="9" conditionals="0" coveredconditionals="0" methods="4" coveredmethods="4"/>
        <line num="3" count="6" type="stmt"/>
        <line num="4" count="3" type="stmt"/>
        <line num="6" count="3" type="stmt"/>
        <line num="7" count="11" type="stmt"/>
        <line num="10" count="3" type="stmt"/>
        <line num="12" count="3" type="stmt"/>
        <line num="16" count="3" type="stmt"/>
        <line num="24" count="11" type="stmt"/>
        <line num="34" count="3" type="stmt"/>
      </file>
      <file name="build3mfStatics.ts" path="/home/runner/work/codecharta/codecharta/visualization/app/codeCharta/services/3DExports/generateXML/build3mfStatics.ts">
        <metrics statements="4" coveredstatements="4" conditionals="0" coveredconditionals="0" methods="2" coveredmethods="2"/>
        <line num="1" count="6" type="stmt"/>
        <line num="2" count="3" type="stmt"/>
        <line num="9" count="6" type="stmt"/>
        <line num="10" count="3" type="stmt"/>
      </file>
    </package>
    <package name="app.codeCharta.services.idToBuilding">
      <metrics statements="7" coveredstatements="7" conditionals="0" coveredconditionals="0" methods="3" coveredmethods="3"/>
      <file name="idToBuilding.service.ts" path="/home/runner/work/codecharta/codecharta/visualization/app/codeCharta/services/idToBuilding/idToBuilding.service.ts">
        <metrics statements="7" coveredstatements="7" conditionals="0" coveredconditionals="0" methods="3" coveredmethods="3"/>
        <line num="1" count="49" type="stmt"/>
        <line num="5" count="49" type="stmt"/>
        <line num="6" count="186" type="stmt"/>
        <line num="9" count="20" type="stmt"/>
        <line num="10" count="20" type="stmt"/>
        <line num="11" count="34" type="stmt"/>
        <line num="17" count="16" type="stmt"/>
      </file>
    </package>
    <package name="app.codeCharta.services.loadFile">
      <metrics statements="93" coveredstatements="89" conditionals="30" coveredconditionals="24" methods="16" coveredmethods="14"/>
      <file name="fileParser.ts" path="/home/runner/work/codecharta/codecharta/visualization/app/codeCharta/services/loadFile/fileParser.ts">
        <metrics statements="53" coveredstatements="50" conditionals="27" coveredconditionals="21" methods="8" coveredmethods="7"/>
        <line num="3" count="104" type="stmt"/>
        <line num="4" count="104" type="stmt"/>
        <line num="5" count="104" type="stmt"/>
        <line num="6" count="104" type="stmt"/>
        <line num="8" count="104" type="stmt"/>
        <line num="9" count="13" type="stmt"/>
        <line num="17" count="13" type="stmt"/>
        <line num="27" count="0" type="cond" truecount="0" falsecount="2"/>
        <line num="29" count="0" type="stmt"/>
        <line num="31" count="0" type="stmt"/>
        <line num="37" count="104" type="stmt"/>
        <line num="45" count="33" type="stmt"/>
        <line num="46" count="44" type="stmt"/>
        <line num="51" count="44" type="cond" truecount="3" falsecount="1"/>
        <line num="53" count="44" type="cond" truecount="1" falsecount="0"/>
        <line num="54" count="38" type="cond" truecount="3" falsecount="1"/>
        <line num="55" count="38" type="stmt"/>
        <line num="58" count="44" type="cond" truecount="3" falsecount="0"/>
        <line num="59" count="6" type="stmt"/>
        <line num="71" count="38" type="cond" truecount="1" falsecount="0"/>
        <line num="72" count="3" type="stmt"/>
        <line num="73" count="3" type="stmt"/>
        <line num="74" count="3" type="stmt"/>
        <line num="77" count="38" type="stmt"/>
        <line num="78" count="38" type="stmt"/>
        <line num="79" count="38" type="stmt"/>
        <line num="80" count="38" type="stmt"/>
        <line num="81" count="38" type="stmt"/>
        <line num="82" count="38" type="stmt"/>
        <line num="83" count="23" type="stmt"/>
        <line num="85" count="38" type="stmt"/>
        <line num="87" count="38" type="cond" truecount="1" falsecount="0"/>
        <line num="88" count="6" type="stmt"/>
        <line num="89" count="6" type="stmt"/>
        <line num="91" count="38" type="cond" truecount="1" falsecount="0"/>
        <line num="92" count="5" type="stmt"/>
        <line num="93" count="5" type="stmt"/>
        <line num="94" count="5" type="stmt"/>
        <line num="95" count="5" type="stmt"/>
        <line num="98" count="33" type="stmt"/>
        <line num="99" count="33" type="stmt"/>
        <line num="103" count="6" type="cond" truecount="1" falsecount="0"/>
        <line num="104" count="1" type="stmt"/>
        <line num="107" count="5" type="stmt"/>
        <line num="108" count="5" type="stmt"/>
        <line num="109" count="5" type="stmt"/>
        <line num="111" count="5" type="stmt"/>
        <line num="112" count="7" type="stmt"/>
        <line num="113" count="7" type="stmt"/>
        <line num="118" count="7" type="cond" truecount="3" falsecount="0"/>
        <line num="119" count="5" type="stmt"/>
        <line num="121" count="7" type="stmt"/>
        <line num="123" count="5" type="stmt"/>
      </file>
      <file name="fileRoot.ts" path="/home/runner/work/codecharta/codecharta/visualization/app/codeCharta/services/loadFile/fileRoot.ts">
        <metrics statements="3" coveredstatements="3" conditionals="0" coveredconditionals="0" methods="1" coveredmethods="1"/>
        <line num="7" count="121" type="stmt"/>
        <line num="11" count="28" type="stmt"/>
        <line num="12" count="28" type="stmt"/>
      </file>
      <file name="loadFile.service.ts" path="/home/runner/work/codecharta/codecharta/visualization/app/codeCharta/services/loadFile/loadFile.service.ts">
        <metrics statements="37" coveredstatements="36" conditionals="3" coveredconditionals="3" methods="7" coveredmethods="6"/>
        <line num="1" count="104" type="stmt"/>
        <line num="2" count="104" type="stmt"/>
        <line num="3" count="104" type="stmt"/>
        <line num="4" count="104" type="stmt"/>
        <line num="6" count="104" type="stmt"/>
        <line num="9" count="104" type="stmt"/>
        <line num="10" count="104" type="stmt"/>
        <line num="11" count="104" type="stmt"/>
        <line num="12" count="104" type="stmt"/>
        <line num="13" count="104" type="stmt"/>
        <line num="14" count="104" type="stmt"/>
        <line num="15" count="104" type="stmt"/>
        <line num="17" count="104" type="stmt"/>
        <line num="20" count="104" type="stmt"/>
        <line num="21" count="104" type="stmt"/>
        <line num="23" count="22" type="stmt"/>
        <line num="27" count="24" type="cond" truecount="1" falsecount="0"/>
        <line num="28" count="1" type="stmt"/>
        <line num="35" count="22" type="stmt"/>
        <line num="36" count="22" type="stmt"/>
        <line num="37" count="22" type="stmt"/>
        <line num="41" count="0" type="stmt"/>
        <line num="45" count="33" type="stmt"/>
        <line num="46" count="33" type="stmt"/>
        <line num="47" count="33" type="stmt"/>
        <line num="49" count="33" type="stmt"/>
        <line num="54" count="38" type="stmt"/>
        <line num="55" count="3" type="stmt"/>
        <line num="58" count="33" type="cond" truecount="1" falsecount="0"/>
        <line num="59" count="6" type="stmt"/>
        <line num="64" count="33" type="cond" truecount="1" falsecount="0"/>
        <line num="65" count="6" type="stmt"/>
        <line num="68" count="27" type="stmt"/>
        <line num="70" count="27" type="stmt"/>
        <line num="71" count="32" type="stmt"/>
        <line num="72" count="27" type="stmt"/>
        <line num="73" count="27" type="stmt"/>
      </file>
    </package>
    <package name="app.codeCharta.services.loadInitialFile">
      <metrics statements="345" coveredstatements="313" conditionals="111" coveredconditionals="91" methods="39" coveredmethods="36"/>
      <file name="loadInitialFile.service.ts" path="/home/runner/work/codecharta/codecharta/visualization/app/codeCharta/services/loadInitialFile/loadInitialFile.service.ts">
        <metrics statements="304" coveredstatements="273" conditionals="94" coveredconditionals="74" methods="30" coveredmethods="27"/>
        <line num="1" count="6" type="stmt"/>
        <line num="2" count="6" type="stmt"/>
        <line num="3" count="6" type="stmt"/>
        <line num="4" count="6" type="stmt"/>
        <line num="5" count="6" type="stmt"/>
        <line num="6" count="6" type="stmt"/>
        <line num="7" count="6" type="stmt"/>
        <line num="8" count="6" type="stmt"/>
        <line num="9" count="6" type="stmt"/>
        <line num="10" count="6" type="stmt"/>
        <line num="11" count="6" type="stmt"/>
        <line num="12" count="6" type="stmt"/>
        <line num="13" count="6" type="stmt"/>
        <line num="14" count="6" type="stmt"/>
        <line num="15" count="6" type="stmt"/>
        <line num="16" count="6" type="stmt"/>
        <line num="17" count="6" type="stmt"/>
        <line num="18" count="6" type="stmt"/>
        <line num="19" count="6" type="stmt"/>
        <line num="20" count="6" type="stmt"/>
        <line num="21" count="6" type="stmt"/>
        <line num="22" count="6" type="stmt"/>
        <line num="23" count="6" type="stmt"/>
        <line num="24" count="6" type="stmt"/>
        <line num="25" count="6" type="stmt"/>
        <line num="26" count="6" type="stmt"/>
        <line num="27" count="6" type="stmt"/>
        <line num="28" count="6" type="stmt"/>
        <line num="29" count="6" type="stmt"/>
        <line num="30" count="6" type="stmt"/>
        <line num="31" count="6" type="stmt"/>
        <line num="32" count="6" type="stmt"/>
        <line num="33" count="6" type="stmt"/>
        <line num="34" count="6" type="stmt"/>
        <line num="35" count="6" type="stmt"/>
        <line num="36" count="6" type="stmt"/>
        <line num="37" count="6" type="stmt"/>
        <line num="38" count="6" type="stmt"/>
        <line num="39" count="6" type="stmt"/>
        <line num="40" count="6" type="stmt"/>
        <line num="41" count="6" type="stmt"/>
        <line num="42" count="6" type="stmt"/>
        <line num="43" count="6" type="stmt"/>
        <line num="44" count="6" type="stmt"/>
        <line num="45" count="6" type="stmt"/>
        <line num="46" count="6" type="stmt"/>
        <line num="50" count="6" type="stmt"/>
        <line num="51" count="6" type="stmt"/>
        <line num="52" count="6" type="stmt"/>
        <line num="53" count="6" type="stmt"/>
        <line num="54" count="6" type="stmt"/>
        <line num="55" count="6" type="stmt"/>
        <line num="56" count="6" type="stmt"/>
        <line num="57" count="6" type="stmt"/>
        <line num="58" count="6" type="stmt"/>
        <line num="59" count="6" type="stmt"/>
        <line num="60" count="6" type="stmt"/>
        <line num="61" count="6" type="stmt"/>
        <line num="63" count="6" type="stmt"/>
        <line num="64" count="6" type="stmt"/>
        <line num="67" count="6" type="stmt"/>
        <line num="68" count="17" type="stmt"/>
        <line num="71" count="17" type="stmt"/>
        <line num="72" count="17" type="stmt"/>
        <line num="73" count="17" type="stmt"/>
        <line num="74" count="17" type="stmt"/>
        <line num="75" count="17" type="stmt"/>
        <line num="79" count="17" type="stmt"/>
        <line num="80" count="17" type="cond" truecount="2" falsecount="0"/>
        <line num="84" count="17" type="stmt"/>
        <line num="88" count="12" type="stmt"/>
        <line num="89" count="12" type="stmt"/>
        <line num="90" count="8" type="stmt"/>
        <line num="91" count="8" type="cond" truecount="1" falsecount="0"/>
        <line num="92" count="1" type="stmt"/>
        <line num="93" count="1" type="stmt"/>
        <line num="94" count="1" type="stmt"/>
        <line num="97" count="7" type="stmt"/>
        <line num="98" count="7" type="stmt"/>
        <line num="99" count="9" type="stmt"/>
        <line num="100" count="7" type="stmt"/>
        <line num="101" count="7" type="cond" truecount="1" falsecount="1"/>
        <line num="102" count="0" type="stmt"/>
        <line num="104" count="7" type="stmt"/>
        <line num="106" count="7" type="stmt"/>
        <line num="108" count="4" type="stmt"/>
        <line num="110" count="12" type="stmt"/>
        <line num="111" count="12" type="stmt"/>
        <line num="116" count="2" type="stmt"/>
        <line num="118" count="2" type="cond" truecount="0" falsecount="1"/>
        <line num="119" count="0" type="stmt"/>
        <line num="121" count="2" type="stmt"/>
        <line num="122" count="2" type="stmt"/>
        <line num="124" count="2" type="stmt"/>
        <line num="125" count="2" type="stmt"/>
        <line num="127" count="2" type="stmt"/>
        <line num="128" count="2" type="stmt"/>
        <line num="129" count="2" type="stmt"/>
        <line num="130" count="2" type="stmt"/>
        <line num="131" count="2" type="cond" truecount="0" falsecount="1"/>
        <line num="132" count="0" type="stmt"/>
        <line num="137" count="7" type="stmt"/>
        <line num="138" count="7" type="stmt"/>
        <line num="142" count="0" type="stmt"/>
        <line num="143" count="0" type="stmt"/>
        <line num="144" count="0" type="stmt"/>
        <line num="148" count="4" type="cond" truecount="1" falsecount="0"/>
        <line num="149" count="4" type="stmt"/>
        <line num="150" count="4" type="stmt"/>
        <line num="151" count="4" type="stmt"/>
        <line num="153" count="4" type="stmt"/>
        <line num="157" count="5" type="stmt"/>
        <line num="158" count="5" type="stmt"/>
        <line num="159" count="3" type="cond" truecount="1" falsecount="0"/>
        <line num="160" count="1" type="stmt"/>
        <line num="161" count="1" type="stmt"/>
        <line num="164" count="2" type="stmt"/>
        <line num="165" count="2" type="stmt"/>
        <line num="166" count="2" type="stmt"/>
        <line num="168" count="2" type="stmt"/>
        <line num="173" count="2" type="cond" truecount="1" falsecount="0"/>
        <line num="174" count="2" type="stmt"/>
        <line num="175" count="2" type="stmt"/>
        <line num="176" count="2" type="stmt"/>
        <line num="178" count="2" type="stmt"/>
        <line num="182" count="7" type="stmt"/>
        <line num="183" count="7" type="stmt"/>
        <line num="184" count="7" type="stmt"/>
        <line num="185" count="7" type="stmt"/>
        <line num="186" count="7" type="cond" truecount="1" falsecount="0"/>
        <line num="187" count="7" type="stmt"/>
        <line num="188" count="7" type="stmt"/>
        <line num="190" count="7" type="cond" truecount="1" falsecount="0"/>
        <line num="191" count="7" type="stmt"/>
        <line num="192" count="7" type="stmt"/>
        <line num="194" count="7" type="cond" truecount="1" falsecount="0"/>
        <line num="195" count="7" type="stmt"/>
        <line num="196" count="7" type="stmt"/>
        <line num="198" count="7" type="cond" truecount="0" falsecount="1"/>
        <line num="199" count="0" type="stmt"/>
        <line num="204" count="9" type="stmt"/>
        <line num="205" count="9" type="stmt"/>
        <line num="206" count="9" type="stmt"/>
        <line num="207" count="45" type="cond" truecount="1" falsecount="1"/>
        <line num="208" count="0" type="stmt"/>
        <line num="210" count="45" type="stmt"/>
        <line num="211" count="45" type="stmt"/>
        <line num="212" count="45" type="cond" truecount="1" falsecount="0"/>
        <line num="213" count="5" type="stmt"/>
        <line num="217" count="9" type="stmt"/>
        <line num="221" count="9" type="stmt"/>
        <line num="222" count="9" type="stmt"/>
        <line num="223" count="9" type="stmt"/>
        <line num="224" count="99" type="cond" truecount="1" falsecount="1"/>
        <line num="225" count="0" type="stmt"/>
        <line num="227" count="99" type="stmt"/>
        <line num="228" count="99" type="stmt"/>
        <line num="229" count="99" type="cond" truecount="1" falsecount="0"/>
        <line num="230" count="6" type="stmt"/>
        <line num="234" count="9" type="stmt"/>
        <line num="238" count="9" type="stmt"/>
        <line num="239" count="9" type="stmt"/>
        <line num="240" count="9" type="stmt"/>
        <line num="241" count="243" type="cond" truecount="1" falsecount="1"/>
        <line num="242" count="0" type="stmt"/>
        <line num="244" count="243" type="stmt"/>
        <line num="245" count="243" type="stmt"/>
        <line num="246" count="243" type="cond" truecount="1" falsecount="0"/>
        <line num="247" count="28" type="stmt"/>
        <line num="251" count="9" type="stmt"/>
        <line num="255" count="5" type="cond" truecount="5" falsecount="1"/>
        <line num="257" count="1" type="stmt"/>
        <line num="258" count="1" type="stmt"/>
        <line num="260" count="1" type="stmt"/>
        <line num="261" count="1" type="stmt"/>
        <line num="263" count="1" type="stmt"/>
        <line num="264" count="1" type="stmt"/>
        <line num="266" count="1" type="stmt"/>
        <line num="267" count="1" type="stmt"/>
        <line num="269" count="1" type="stmt"/>
        <line num="270" count="1" type="stmt"/>
        <line num="272" count="0" type="stmt"/>
        <line num="273" count="0" type="stmt"/>
        <line num="279" count="6" type="cond" truecount="6" falsecount="6"/>
        <line num="281" count="0" type="stmt"/>
[...]
        <line num="6" count="103" type="stmt"/>
        <line num="7" count="103" type="stmt"/>
        <line num="8" count="103" type="stmt"/>
        <line num="11" count="298" type="stmt"/>
        <line num="12" count="298" type="cond" truecount="1" falsecount="0"/>
        <line num="13" count="26" type="stmt"/>
        <line num="14" count="26" type="stmt"/>
        <line num="17" count="298" type="stmt"/>
        <line num="21" count="130" type="stmt"/>
        <line num="22" count="130" type="cond" truecount="1" falsecount="0"/>
        <line num="23" count="12" type="stmt"/>
        <line num="24" count="12" type="stmt"/>
        <line num="27" count="130" type="stmt"/>
        <line num="31" count="4" type="stmt"/>
        <line num="32" count="4" type="cond" truecount="1" falsecount="0"/>
        <line num="33" count="2" type="stmt"/>
        <line num="34" count="2" type="stmt"/>
        <line num="37" count="4" type="stmt"/>
        <line num="41" count="566" type="stmt"/>
        <line num="45" count="2" type="stmt"/>
        <line num="46" count="2" type="stmt"/>
        <line num="47" count="2" type="stmt"/>
        <line num="51" count="122" type="stmt"/>
        <line num="52" count="122" type="stmt"/>
        <line num="56" count="150" type="stmt"/>
        <line num="57" count="150" type="stmt"/>
        <line num="61" count="261" type="stmt"/>
        <line num="62" count="783" type="stmt"/>
        <line num="63" count="783" type="stmt"/>
        <line num="68" count="26" type="stmt"/>
        <line num="69" count="26" type="stmt"/>
        <line num="73" count="27" type="stmt"/>
        <line num="74" count="27" type="stmt"/>
        <line num="78" count="12" type="stmt"/>
        <line num="79" count="12" type="stmt"/>
        <line num="83" count="1" type="stmt"/>
        <line num="84" count="1" type="stmt"/>
        <line num="85" count="1" type="stmt"/>
        <line num="87" count="1" type="stmt"/>
        <line num="91" count="47" type="stmt"/>
        <line num="92" count="47" type="stmt"/>
        <line num="93" count="47" type="stmt"/>
        <line num="94" count="47" type="stmt"/>
        <line num="96" count="47" type="stmt"/>
        <line num="97" count="235" type="stmt"/>
        <line num="98" count="235" type="stmt"/>
        <line num="99" count="235" type="stmt"/>
        <line num="101" count="47" type="stmt"/>
        <line num="105" count="4" type="stmt"/>
        <line num="106" count="4" type="stmt"/>
        <line num="107" count="4" type="stmt"/>
        <line num="112" count="276" type="stmt"/>
        <line num="113" count="276" type="cond" truecount="1" falsecount="0"/>
        <line num="116" count="2" type="stmt"/>
        <line num="118" count="276" type="stmt"/>
        <line num="126" count="4" type="stmt"/>
        <line num="130" count="8" type="stmt"/>
        <line num="131" count="8" type="stmt"/>
        <line num="132" count="8" type="stmt"/>
        <line num="133" count="8" type="stmt"/>
        <line num="134" count="8" type="stmt"/>
        <line num="135" count="8" type="stmt"/>
        <line num="139" count="4" type="stmt"/>
      </file>
      <file name="getReadableColorForBackground.ts" path="/home/runner/work/codecharta/codecharta/visualization/app/codeCharta/util/color/getReadableColorForBackground.ts">
        <metrics statements="6" coveredstatements="6" conditionals="2" coveredconditionals="2" methods="1" coveredmethods="1"/>
        <line num="1" count="12" type="stmt"/>
        <line num="3" count="112" type="stmt"/>
        <line num="4" count="112" type="stmt"/>
        <line num="5" count="112" type="stmt"/>
        <line num="6" count="112" type="stmt"/>
        <line num="7" count="112" type="cond" truecount="2" falsecount="0"/>
      </file>
      <file name="gradientCalculator.ts" path="/home/runner/work/codecharta/codecharta/visualization/app/codeCharta/util/color/gradientCalculator.ts">
        <metrics statements="50" coveredstatements="47" conditionals="22" coveredconditionals="16" methods="3" coveredmethods="3"/>
        <line num="2" count="59" type="stmt"/>
        <line num="3" count="59" type="stmt"/>
        <line num="6" count="59" type="stmt"/>
        <line num="8" count="8" type="stmt"/>
        <line num="9" count="8" type="stmt"/>
        <line num="11" count="8" type="cond" truecount="1" falsecount="0"/>
        <line num="12" count="4" type="stmt"/>
        <line num="13" count="4" type="stmt"/>
        <line num="14" count="4" type="stmt"/>
        <line num="17" count="4" type="stmt"/>
        <line num="18" count="4" type="stmt"/>
        <line num="19" count="4" type="stmt"/>
        <line num="23" count="7" type="stmt"/>
        <line num="24" count="7" type="stmt"/>
        <line num="26" count="7" type="cond" truecount="3" falsecount="0"/>
        <line num="27" count="1" type="stmt"/>
        <line num="30" count="6" type="cond" truecount="3" falsecount="0"/>
        <line num="31" count="2" type="stmt"/>
        <line num="34" count="4" type="cond" truecount="1" falsecount="0"/>
        <line num="35" count="1" type="stmt"/>
        <line num="38" count="3" type="cond" truecount="1" falsecount="0"/>
        <line num="39" count="2" type="stmt"/>
        <line num="40" count="2" type="stmt"/>
        <line num="41" count="2" type="stmt"/>
        <line num="44" count="1" type="stmt"/>
        <line num="45" count="1" type="stmt"/>
        <line num="46" count="1" type="stmt"/>
        <line num="50" count="52" type="stmt"/>
        <line num="51" count="52" type="stmt"/>
        <line num="52" count="52" type="stmt"/>
        <line num="53" count="52" type="stmt"/>
        <line num="55" count="52" type="cond" truecount="1" falsecount="3"/>
        <line num="56" count="0" type="cond" truecount="0" falsecount="3"/>
        <line num="57" count="0" type="stmt"/>
        <line num="59" count="0" type="stmt"/>
        <line num="62" count="52" type="cond" truecount="1" falsecount="0"/>
        <line num="63" count="16" type="stmt"/>
        <line num="66" count="36" type="cond" truecount="1" falsecount="0"/>
        <line num="67" count="13" type="stmt"/>
        <line num="68" count="13" type="stmt"/>
        <line num="69" count="13" type="stmt"/>
        <line num="70" count="13" type="stmt"/>
        <line num="73" count="23" type="cond" truecount="1" falsecount="0"/>
        <line num="74" count="2" type="stmt"/>
        <line num="77" count="21" type="cond" truecount="3" falsecount="0"/>
        <line num="78" count="2" type="stmt"/>
        <line num="79" count="2" type="stmt"/>
        <line num="80" count="2" type="stmt"/>
        <line num="81" count="2" type="stmt"/>
        <line num="84" count="19" type="stmt"/>
      </file>
      <file name="hsl.ts" path="/home/runner/work/codecharta/codecharta/visualization/app/codeCharta/util/color/hsl.ts">
        <metrics statements="10" coveredstatements="10" conditionals="0" coveredconditionals="0" methods="6" coveredmethods="6"/>
        <line num="1" count="104" type="stmt"/>
        <line num="3" count="104" type="stmt"/>
        <line num="5" count="52" type="stmt"/>
        <line num="6" count="52" type="stmt"/>
        <line num="7" count="52" type="stmt"/>
        <line num="11" count="27" type="stmt"/>
        <line num="15" count="27" type="stmt"/>
        <line num="19" count="37" type="stmt"/>
        <line num="23" count="26" type="stmt"/>
        <line num="27" count="24" type="stmt"/>
      </file>
    </package>
    <package name="app.codeCharta.util.gameObjectsParser">
      <metrics statements="75" coveredstatements="75" conditionals="16" coveredconditionals="15" methods="19" coveredmethods="19"/>
      <file name="gameObjectsImporter.ts" path="/home/runner/work/codecharta/codecharta/visualization/app/codeCharta/util/gameObjectsParser/gameObjectsImporter.ts">
        <metrics statements="69" coveredstatements="69" conditionals="16" coveredconditionals="15" methods="18" coveredmethods="18"/>
        <line num="1" count="13" type="stmt"/>
        <line num="2" count="13" type="stmt"/>
        <line num="22" count="13" type="stmt"/>
        <line num="24" count="13" type="stmt"/>
        <line num="25" count="1" type="cond" truecount="0" falsecount="1"/>
        <line num="27" count="1" type="stmt"/>
        <line num="37" count="1" type="stmt"/>
        <line num="38" count="1" type="stmt"/>
        <line num="40" count="5" type="stmt"/>
        <line num="41" count="1" type="stmt"/>
        <line num="42" count="1" type="stmt"/>
        <line num="44" count="1" type="stmt"/>
        <line num="45" count="6" type="stmt"/>
        <line num="46" count="6" type="cond" truecount="1" falsecount="0"/>
        <line num="47" count="5" type="stmt"/>
        <line num="51" count="1" type="stmt"/>
        <line num="52" count="1" type="stmt"/>
        <line num="53" count="1" type="stmt"/>
        <line num="54" count="1" type="stmt"/>
        <line num="55" count="1" type="stmt"/>
        <line num="59" count="1" type="stmt"/>
        <line num="60" count="5" type="cond" truecount="1" falsecount="0"/>
        <line num="61" count="3" type="cond" truecount="2" falsecount="0"/>
        <line num="74" count="16" type="cond" truecount="1" falsecount="0"/>
        <line num="75" count="5" type="stmt"/>
        <line num="79" count="11" type="stmt"/>
        <line num="80" count="11" type="stmt"/>
        <line num="86" count="11" type="cond" truecount="2" falsecount="0"/>
        <line num="87" count="5" type="stmt"/>
        <line num="89" count="6" type="stmt"/>
        <line num="92" count="11" type="cond" truecount="2" falsecount="0"/>
        <line num="93" count="6" type="stmt"/>
        <line num="95" count="5" type="stmt"/>
        <line num="98" count="56" type="stmt"/>
        <line num="99" count="11" type="stmt"/>
        <line num="101" count="11" type="cond" truecount="2" falsecount="0"/>
        <line num="102" count="11" type="stmt"/>
        <line num="106" count="22" type="stmt"/>
        <line num="110" count="11" type="stmt"/>
        <line num="114" count="5" type="stmt"/>
        <line num="115" count="5" type="stmt"/>
        <line num="116" count="5" type="stmt"/>
        <line num="127" count="11" type="cond" truecount="1" falsecount="0"/>
        <line num="129" count="11" type="stmt"/>
        <line num="130" count="11" type="stmt"/>
        <line num="131" count="11" type="stmt"/>
        <line num="132" count="11" type="stmt"/>
        <line num="134" count="11" type="stmt"/>
        <line num="135" count="11" type="stmt"/>
        <line num="136" count="11" type="stmt"/>
        <line num="137" count="11" type="stmt"/>
        <line num="138" count="11" type="stmt"/>
        <line num="141" count="11" type="cond" truecount="1" falsecount="0"/>
        <line num="142" count="5" type="stmt"/>
        <line num="145" count="11" type="stmt"/>
        <line num="149" count="44" type="stmt"/>
        <line num="150" count="44" type="stmt"/>
        <line num="154" count="5" type="stmt"/>
        <line num="155" count="5" type="stmt"/>
        <line num="156" count="5" type="stmt"/>
        <line num="157" count="5" type="stmt"/>
        <line num="161" count="2" type="stmt"/>
        <line num="162" count="2" type="stmt"/>
        <line num="163" count="2" type="stmt"/>
        <line num="165" count="2" type="stmt"/>
        <line num="169" count="1" type="stmt"/>
        <line num="179" count="1" type="stmt"/>
        <line num="187" count="1" type="stmt"/>
        <line num="188" count="1" type="stmt"/>
      </file>
      <file name="gameObjectsMocks.ts" path="/home/runner/work/codecharta/codecharta/visualization/app/codeCharta/util/gameObjectsParser/gameObjectsMocks.ts">
        <metrics statements="1" coveredstatements="1" conditionals="0" coveredconditionals="0" methods="0" coveredmethods="0"/>
        <line num="1" count="2" type="stmt"/>
      </file>
      <file name="gameObjectsValidator.ts" path="/home/runner/work/codecharta/codecharta/visualization/app/codeCharta/util/gameObjectsParser/gameObjectsValidator.ts">
        <metrics statements="5" coveredstatements="5" conditionals="0" coveredconditionals="0" methods="1" coveredmethods="1"/>
        <line num="1" count="13" type="stmt"/>
        <line num="2" count="13" type="stmt"/>
        <line num="4" count="13" type="stmt"/>
        <line num="5" count="2" type="stmt"/>
        <line num="6" count="2" type="stmt"/>
      </file>
    </package>
    <package name="app.codeCharta.util.indexedDB">
      <metrics statements="23" coveredstatements="23" conditionals="7" coveredconditionals="7" methods="5" coveredmethods="5"/>
      <file name="indexedDBWriter.ts" path="/home/runner/work/codecharta/codecharta/visualization/app/codeCharta/util/indexedDB/indexedDBWriter.ts">
        <metrics statements="23" coveredstatements="23" conditionals="7" coveredconditionals="7" methods="5" coveredmethods="5"/>
        <line num="2" count="7" type="stmt"/>
        <line num="4" count="7" type="stmt"/>
        <line num="5" count="7" type="stmt"/>
        <line num="6" count="7" type="stmt"/>
        <line num="7" count="7" type="stmt"/>
        <line num="8" count="7" type="stmt"/>
        <line num="10" count="7" type="stmt"/>
        <line num="11" count="1" type="stmt"/>
        <line num="12" count="1" type="stmt"/>
        <line num="13" count="1" type="stmt"/>
        <line num="17" count="1" type="stmt"/>
        <line num="20" count="7" type="stmt"/>
        <line num="21" count="3" type="stmt"/>
        <line num="22" count="3" type="stmt"/>
        <line num="23" count="3" type="cond" truecount="6" falsecount="0"/>
        <line num="26" count="7" type="stmt"/>
        <line num="27" count="1" type="stmt"/>
        <line num="28" count="1" type="stmt"/>
        <line num="29" count="1" type="stmt"/>
        <line num="30" count="1" type="stmt"/>
        <line num="34" count="5" type="stmt"/>
        <line num="36" count="1" type="cond" truecount="1" falsecount="0"/>
        <line num="37" count="1" type="stmt"/>
      </file>
    </package>
    <package name="app.codeCharta.util.metric">
      <metrics statements="1" coveredstatements="1" conditionals="0" coveredconditionals="0" methods="0" coveredmethods="0"/>
      <file name="metricTitles.ts" path="/home/runner/work/codecharta/codecharta/visualization/app/codeCharta/util/metric/metricTitles.ts">
        <metrics statements="1" coveredstatements="1" conditionals="0" coveredconditionals="0" methods="0" coveredmethods="0"/>
        <line num="5" count="19" type="stmt"/>
      </file>
    </package>
    <package name="app.codeCharta.util.pipes">
      <metrics statements="17" coveredstatements="17" conditionals="18" coveredconditionals="18" methods="3" coveredmethods="3"/>
      <file name="attributeDescriptorTooltip.pipe.ts" path="/home/runner/work/codecharta/codecharta/visualization/app/codeCharta/util/pipes/attributeDescriptorTooltip.pipe.ts">
        <metrics statements="10" coveredstatements="10" conditionals="15" coveredconditionals="15" methods="1" coveredmethods="1"/>
        <line num="1" count="13" type="stmt"/>
        <line num="3" count="13" type="stmt"/>
        <line num="9" count="13" type="stmt"/>
        <line num="11" count="93" type="cond" truecount="1" falsecount="0"/>
        <line num="12" count="73" type="cond" truecount="4" falsecount="0"/>
        <line num="14" count="20" type="cond" truecount="2" falsecount="0"/>
        <line num="16" count="20" type="cond" truecount="2" falsecount="0"/>
        <line num="17" count="20" type="cond" truecount="2" falsecount="0"/>
        <line num="18" count="20" type="cond" truecount="2" falsecount="0"/>
        <line num="20" count="20" type="cond" truecount="2" falsecount="0"/>
      </file>
      <file name="removeExtension.pipe.ts" path="/home/runner/work/codecharta/codecharta/visualization/app/codeCharta/util/pipes/removeExtension.pipe.ts">
        <metrics statements="4" coveredstatements="4" conditionals="0" coveredconditionals="0" methods="1" coveredmethods="1"/>
        <line num="1" count="9" type="stmt"/>
        <line num="3" count="9" type="stmt"/>
        <line num="9" count="9" type="stmt"/>
        <line num="11" count="9" type="stmt"/>
      </file>
      <file name="truncateText.pipe.ts" path="/home/runner/work/codecharta/codecharta/visualization/app/codeCharta/util/pipes/truncateText.pipe.ts">
        <metrics statements="3" coveredstatements="3" conditionals="3" coveredconditionals="3" methods="1" coveredmethods="1"/>
        <line num="1" count="8" type="stmt"/>
        <line num="7" count="8" type="stmt"/>
        <line num="9" count="67" type="cond" truecount="2" falsecount="0"/>
      </file>
    </package>
    <package name="app.codeCharta.util.testUtils">
      <metrics statements="4" coveredstatements="4" conditionals="0" coveredconditionals="0" methods="4" coveredmethods="4"/>
      <file name="store.utils.ts" path="/home/runner/work/codecharta/codecharta/visualization/app/codeCharta/util/testUtils/store.utils.ts">
        <metrics statements="3" coveredstatements="3" conditionals="0" coveredconditionals="0" methods="1" coveredmethods="1"/>
        <line num="2" count="19" type="stmt"/>
        <line num="4" count="19" type="stmt"/>
        <line num="5" count="32" type="stmt"/>
      </file>
      <file name="wait.ts" path="/home/runner/work/codecharta/codecharta/visualization/app/codeCharta/util/testUtils/wait.ts">
        <metrics statements="1" coveredstatements="1" conditionals="0" coveredconditionals="0" methods="3" coveredmethods="3"/>
        <line num="1" count="12" type="stmt"/>
      </file>
    </package>
    <package name="app.codeCharta.util.uploadFiles">
      <metrics statements="29" coveredstatements="28" conditionals="7" coveredconditionals="5" methods="7" coveredmethods="7"/>
      <file name="createCCFileInput.ts" path="/home/runner/work/codecharta/codecharta/visualization/app/codeCharta/util/uploadFiles/createCCFileInput.ts">
        <metrics statements="7" coveredstatements="7" conditionals="0" coveredconditionals="0" methods="1" coveredmethods="1"/>
        <line num="1" count="12" type="stmt"/>
        <line num="2" count="1" type="stmt"/>
        <line num="3" count="1" type="stmt"/>
        <line num="4" count="1" type="stmt"/>
        <line num="5" count="1" type="stmt"/>
        <line num="6" count="1" type="stmt"/>
        <line num="7" count="1" type="stmt"/>
      </file>
      <file name="readFiles.ts" path="/home/runner/work/codecharta/codecharta/visualization/app/codeCharta/util/uploadFiles/readFiles.ts">
        <metrics statements="22" coveredstatements="21" conditionals="7" coveredconditionals="5" methods="6" coveredmethods="6"/>
        <line num="1" count="12" type="stmt"/>
        <line num="2" count="12" type="stmt"/>
        <line num="3" count="12" type="stmt"/>
        <line num="5" count="12" type="stmt"/>
        <line num="6" count="2" type="stmt"/>
        <line num="8" count="2" type="stmt"/>
        <line num="9" count="2" type="stmt"/>
        <line num="11" count="2" type="stmt"/>
        <line num="14" count="12" type="stmt"/>
        <line num="15" count="2" type="stmt"/>
        <line num="16" count="2" type="stmt"/>
        <line num="17" count="2" type="stmt"/>
        <line num="18" count="2" type="cond" truecount="2" falsecount="0"/>
        <line num="19" count="1" type="stmt"/>
        <line num="21" count="1" type="stmt"/>
        <line num="26" count="2" type="stmt"/>
        <line num="27" count="2" type="stmt"/>
        <line num="28" count="2" type="cond" truecount="2" falsecount="0"/>
        <line num="29" count="2" type="cond" truecount="1" falsecount="2"/>
        <line num="30" count="0" type="stmt"/>
        <line num="34" count="2" type="stmt"/>
        <line num="35" count="2" type="stmt"/>
      </file>
    </package>
  </project>
</coverage>
