TN:
SF:app/app.ts
FN:15,(anonymous_1)
FN:23,(anonymous_2)
FN:26,(anonymous_3)
FN:31,(anonymous_4)
FNF:4
FNH:0
FNDA:0,(anonymous_1)
FNDA:0,(anonymous_2)
FNDA:0,(anonymous_3)
FNDA:0,(anonymous_4)
DA:1,0
DA:2,0
DA:3,0
DA:4,0
DA:5,0
DA:6,0
DA:7,0
DA:9,0
DA:11,0
DA:16,0
DA:17,0
DA:24,0
DA:27,0
DA:32,0
DA:33,0
LF:15
LH:0
BRF:0
BRH:0
end_of_record
TN:
SF:app/codeCharta/codeCharta.api.model.ts
FN:19,(anonymous_0)
FN:24,(anonymous_1)
FNF:2
FNH:2
FNDA:161,(anonymous_0)
FNDA:161,(anonymous_1)
DA:19,161
DA:20,161
DA:21,161
DA:22,161
DA:24,161
DA:25,161
DA:26,161
DA:27,161
DA:28,161
DA:29,161
LF:10
LH:10
BRDA:19,0,0,161
BRDA:19,0,1,161
BRDA:24,1,0,161
BRDA:24,1,1,161
BRF:4
BRH:4
end_of_record
TN:
SF:app/codeCharta/codeCharta.component.ts
FN:44,(anonymous_9)
FN:54,(anonymous_11)
FN:71,(anonymous_12)
FN:77,(anonymous_13)
FNF:4
FNH:4
FNDA:20,(anonymous_9)
FNDA:15,(anonymous_11)
FNDA:20,(anonymous_12)
FNDA:5,(anonymous_13)
DA:1,121
DA:3,121
DA:9,121
DA:10,121
DA:11,121
DA:12,121
DA:13,121
DA:14,121
DA:15,121
DA:17,121
DA:20,15
DA:30,15
DA:31,15
DA:32,15
DA:33,15
DA:34,15
DA:36,15
DA:38,15
DA:39,15
DA:40,15
DA:41,15
DA:45,20
DA:46,20
DA:47,5
DA:48,5
DA:50,19
DA:55,15
DA:56,13
DA:57,13
DA:58,13
DA:59,13
DA:60,0
DA:61,0
DA:63,13
DA:65,15
DA:72,20
DA:73,20
DA:74,20
DA:78,5
DA:79,5
DA:81,5
DA:82,0
DA:83,5
DA:84,0
DA:86,5
DA:91,121
LF:46
LH:42
BRDA:55,0,0,13
BRDA:55,0,1,2
BRDA:58,1,0,13
BRDA:58,1,1,0
BRDA:60,2,0,0
BRDA:60,2,1,0
BRDA:60,3,0,0
BRDA:60,3,1,0
BRDA:81,4,0,0
BRDA:81,4,1,5
BRDA:81,5,0,5
BRDA:81,5,1,0
BRDA:83,6,0,0
BRDA:83,6,1,5
BRF:14
BRH:6
end_of_record
TN:
SF:app/codeCharta/codeCharta.model.ts
FN:15,(anonymous_0)
FN:21,(anonymous_1)
FN:27,(anonymous_2)
FN:75,(anonymous_3)
FN:80,(anonymous_4)
FN:185,(anonymous_5)
FN:197,(anonymous_6)
FN:218,(anonymous_7)
FN:338,stateObjectReplacer
FN:354,stateObjectReviver
FN:387,(anonymous_10)
FNF:11
FNH:11
FNDA:170,(anonymous_0)
FNDA:170,(anonymous_1)
FNDA:170,(anonymous_2)
FNDA:170,(anonymous_3)
FNDA:170,(anonymous_4)
FNDA:170,(anonymous_5)
FNDA:170,(anonymous_6)
FNDA:170,(anonymous_7)
FNDA:223,stateObjectReplacer
FNDA:140,stateObjectReviver
FNDA:170,(anonymous_10)
DA:15,170
DA:16,170
DA:17,170
DA:18,170
DA:19,170
DA:21,170
DA:22,170
DA:23,170
DA:24,170
DA:25,170
DA:27,170
DA:28,170
DA:29,170
DA:30,170
DA:31,170
DA:32,170
DA:75,170
DA:76,170
DA:77,170
DA:78,170
DA:80,170
DA:81,170
DA:82,170
DA:83,170
DA:185,170
DA:186,170
DA:187,170
DA:188,170
DA:197,170
DA:198,170
DA:199,170
DA:200,170
DA:201,170
DA:202,170
DA:218,170
DA:219,170
DA:220,170
DA:221,170
DA:339,223
DA:340,1
DA:345,222
DA:346,1
DA:351,221
DA:355,140
DA:356,1
DA:358,139
DA:359,1
DA:362,138
DA:387,170
DA:388,170
DA:389,170
DA:390,170
DA:391,170
DA:392,170
DA:393,170
LF:55
LH:55
BRDA:15,0,0,170
BRDA:15,0,1,170
BRDA:21,1,0,170
BRDA:21,1,1,170
BRDA:27,2,0,170
BRDA:27,2,1,170
BRDA:75,3,0,170
BRDA:75,3,1,170
BRDA:80,4,0,170
BRDA:80,4,1,170
BRDA:185,5,0,170
BRDA:185,5,1,170
BRDA:197,6,0,170
BRDA:197,6,1,170
BRDA:218,7,0,170
BRDA:218,7,1,170
BRDA:339,8,0,1
BRDA:339,8,1,222
BRDA:345,9,0,1
BRDA:345,9,1,221
BRDA:355,10,0,1
BRDA:355,10,1,139
BRDA:355,11,0,122
BRDA:355,11,1,18
BRDA:355,12,0,140
BRDA:355,12,1,18
BRDA:358,13,0,1
BRDA:358,13,1,138
BRDA:358,14,0,122
BRDA:358,14,1,17
BRDA:358,15,0,139
BRDA:358,15,1,17
BRDA:387,16,0,170
BRDA:387,16,1,170
BRF:34
BRH:34
end_of_record
TN:
SF:app/codeCharta/codeCharta.module.ts
FNF:0
FNH:0
DA:3,121
DA:4,121
DA:6,121
DA:7,121
DA:9,121
DA:10,121
DA:11,121
DA:13,121
DA:15,121
LF:9
LH:9
BRF:0
BRH:0
end_of_record
TN:
SF:app/codeCharta/codeCharta.mouseEvent.service.ts
FN:7,(anonymous_0)
FN:12,(anonymous_1)
FN:22,(anonymous_2)
FN:28,(anonymous_3)
FNF:4
FNH:4
FNDA:27,(anonymous_0)
FNDA:9,(anonymous_1)
FNDA:6,(anonymous_2)
FNDA:5,(anonymous_3)
DA:2,121
DA:3,121
DA:4,121
DA:7,27
DA:13,9
DA:14,6
DA:17,9
DA:18,5
DA:23,6
DA:24,4
DA:29,5
DA:30,3
LF:12
LH:12
BRDA:13,0,0,6
BRDA:13,0,1,3
BRDA:17,1,0,5
BRDA:17,1,1,4
BRDA:23,2,0,4
BRDA:23,2,1,2
BRDA:29,3,0,3
BRDA:29,3,1,2
BRF:8
BRH:8
end_of_record
TN:
SF:app/codeCharta/codeCharta.service.ts
FN:20,(anonymous_7)
FN:22,(anonymous_8)
FN:54,(anonymous_10)
FN:60,(anonymous_11)
FN:63,(anonymous_12)
FN:65,(anonymous_13)
FN:70,(anonymous_14)
FNF:7
FNH:7
FNDA:27,(anonymous_7)
FNDA:12,(anonymous_8)
FNDA:7,(anonymous_10)
FNDA:7,(anonymous_11)
FNDA:3,(anonymous_12)
FNDA:9,(anonymous_13)
FNDA:10,(anonymous_14)
DA:1,160
DA:3,160
DA:5,160
DA:6,160
DA:8,160
DA:9,160
DA:10,160
DA:11,160
DA:12,160
DA:15,160
DA:16,160
DA:17,160
DA:18,27
DA:20,27
DA:23,12
DA:24,12
DA:25,12
DA:26,7
DA:28,5
DA:29,5
DA:30,5
DA:31,5
DA:32,5
DA:35,0
DA:36,0
DA:37,0
DA:38,0
DA:43,12
DA:44,7
DA:45,7
DA:46,7
DA:47,7
DA:48,7
DA:49,7
DA:50,7
DA:55,7
DA:56,7
DA:57,7
DA:61,7
DA:62,7
DA:63,7
DA:65,9
DA:66,1
DA:71,10
DA:72,10
LF:45
LH:41
BRDA:28,0,0,5
BRDA:28,0,1,0
BRDA:35,1,0,0
BRDA:35,1,1,0
BRDA:43,2,0,7
BRDA:43,2,1,5
BRDA:65,3,0,1
BRDA:65,3,1,6
BRF:8
BRH:5
end_of_record
TN:
SF:app/codeCharta/model/customConfig/customConfig.api.model.ts
FN:3,(anonymous_0)
FNF:1
FNH:1
FNDA:157,(anonymous_0)
DA:3,157
DA:4,157
DA:5,157
DA:6,157
DA:7,157
LF:5
LH:5
BRDA:3,0,0,157
BRDA:3,0,1,157
BRF:2
BRH:2
end_of_record
TN:
SF:app/codeCharta/model/files/files.helper.ts
FN:3,getCCFiles
FN:4,(anonymous_1)
FN:7,fileStatesAvailable
FN:8,(anonymous_3)
FN:11,getFileByFileName
FN:12,(anonymous_5)
FN:16,getVisibleFiles
FN:17,(anonymous_7)
FN:20,getVisibleFileStates
FN:21,(anonymous_9)
FN:24,isSingleState
FN:25,(anonymous_11)
FN:28,isDeltaState
FN:29,(anonymous_13)
FN:32,isPartialState
FN:33,(anonymous_15)
FNF:16
FNH:16
FNDA:26,getCCFiles
FNDA:30,(anonymous_1)
FNDA:1341,fileStatesAvailable
FNDA:26,(anonymous_3)
FNDA:3,getFileByFileName
FNDA:4,(anonymous_5)
FNDA:3,getVisibleFiles
FNDA:3,(anonymous_7)
FNDA:85,getVisibleFileStates
FNDA:147,(anonymous_9)
FNDA:26,isSingleState
FNDA:41,(anonymous_11)
FNDA:97,isDeltaState
FNDA:45,(anonymous_13)
FNDA:22,isPartialState
FNDA:32,(anonymous_15)
DA:1,160
DA:4,30
DA:8,1341
DA:12,4
DA:13,3
DA:17,3
DA:21,147
DA:25,41
DA:29,97
DA:33,32
LF:10
LH:10
BRDA:13,0,0,2
BRDA:13,0,1,1
BRDA:29,1,0,45
BRDA:29,1,1,34
BRF:4
BRH:4
end_of_record
TN:
SF:app/codeCharta/model/files/files.ts
FN:8,(anonymous_0)
FNF:1
FNH:1
FNDA:163,(anonymous_0)
DA:8,163
DA:9,163
DA:10,163
DA:11,163
DA:12,163
DA:13,163
DA:14,163
LF:7
LH:7
BRDA:8,0,0,163
BRDA:8,0,1,163
BRF:2
BRH:2
end_of_record
TN:
SF:app/codeCharta/resources/fixed-folders/fixed-folders-example.ts
FNF:0
FNH:0
DA:1,2
DA:4,2
DA:141,2
LF:3
LH:3
BRF:0
BRH:0
end_of_record
TN:
SF:app/codeCharta/state/injector.service.ts
FN:58,(anonymous_0)
FNF:1
FNH:1
FNDA:13,(anonymous_0)
DA:61,13
DA:62,13
DA:63,13
DA:64,13
DA:65,13
DA:66,13
DA:67,13
DA:68,13
DA:69,13
DA:70,13
DA:71,13
DA:72,13
DA:73,13
DA:74,13
DA:75,13
DA:76,13
DA:77,13
DA:78,13
DA:79,13
DA:80,13
DA:81,13
DA:82,13
DA:83,13
DA:84,13
DA:85,13
DA:86,13
DA:87,13
DA:88,13
DA:89,13
DA:90,13
DA:91,13
DA:92,13
DA:93,13
DA:94,13
DA:95,13
DA:96,13
DA:97,13
DA:98,13
DA:99,13
DA:100,13
DA:101,13
DA:102,13
DA:103,13
DA:104,13
DA:105,13
DA:106,13
DA:107,13
DA:108,13
DA:109,13
DA:110,13
DA:111,13
DA:112,13
LF:52
LH:52
BRF:0
BRH:0
end_of_record
TN:
SF:app/codeCharta/state/nodeSearch.service.ts
FN:19,(anonymous_0)
FN:27,(anonymous_1)
FN:30,(anonymous_2)
FN:33,(anonymous_3)
FN:37,(anonymous_4)
FN:38,(anonymous_5)
FNF:6
FNH:5
FNDA:22,(anonymous_0)
FNDA:14,(anonymous_1)
FNDA:29,(anonymous_2)
FNDA:14,(anonymous_3)
FNDA:1,(anonymous_4)
FNDA:0,(anonymous_5)
DA:3,121
DA:6,121
DA:7,121
DA:14,121
DA:16,22
DA:20,22
DA:21,22
DA:22,22
DA:24,22
DA:28,14
DA:29,14
DA:30,29
DA:34,14
DA:38,1
DA:39,0
LF:15
LH:14
BRF:0
BRH:0
end_of_record
TN:
SF:app/codeCharta/state/state.module.ts
FNF:0
FNH:0
DA:1,121
DA:3,121
DA:4,121
DA:5,121
DA:6,121
DA:7,121
DA:8,121
DA:9,121
DA:10,121
DA:11,121
DA:12,121
DA:13,121
DA:14,121
DA:15,121
DA:16,121
DA:17,121
DA:18,121
DA:19,121
DA:20,121
DA:21,121
DA:22,121
DA:23,121
DA:24,121
DA:25,121
DA:26,121
DA:27,121
DA:28,121
DA:29,121
DA:30,121
DA:31,121
DA:32,121
DA:33,121
DA:34,121
DA:35,121
DA:36,121
DA:37,121
DA:38,121
DA:39,121
DA:40,121
DA:41,121
DA:42,121
DA:43,121
DA:44,121
DA:45,121
DA:46,121
DA:47,121
DA:48,121
DA:49,121
DA:50,121
DA:51,121
DA:52,121
DA:53,121
DA:54,121
DA:55,121
DA:56,121
DA:57,121
DA:58,121
DA:60,121
LF:58
LH:58
BRF:0
BRH:0
end_of_record
TN:
SF:app/codeCharta/state/store.service.ts
FN:35,(anonymous_1)
FN:39,(anonymous_2)
FN:66,(anonymous_3)
FN:70,(anonymous_4)
FN:74,(anonymous_5)
FN:78,(anonymous_6)
FN:79,(anonymous_7)
FN:84,(anonymous_8)
FN:85,(anonymous_9)
FNF:9
FNH:9
FNDA:1003,(anonymous_1)
FNDA:1808,(anonymous_2)
FNDA:5451,(anonymous_3)
FNDA:3582,(anonymous_4)
FNDA:3582,(anonymous_5)
FNDA:1389,(anonymous_6)
FNDA:26915,(anonymous_7)
FNDA:229,(anonymous_8)
FNDA:651,(anonymous_9)
DA:1,160
DA:2,160
DA:4,160
DA:5,160
DA:6,160
DA:8,160
DA:9,160
DA:10,160
DA:11,160
DA:12,160
DA:13,160
DA:14,160
DA:15,160
DA:30,160
DA:31,160
DA:35,1003
DA:36,1003
DA:40,1808
DA:54,859
DA:57,1808
DA:58,3597
DA:59,3593
DA:60,3582
DA:61,3582
DA:67,5451
DA:71,3582
DA:75,3582
DA:79,1389
DA:80,26915
DA:85,229
DA:86,651
LF:31
LH:31
BRDA:39,0,0,1797
BRDA:40,1,0,859
BRDA:40,1,1,949
BRDA:42,2,0,1808
BRDA:42,2,1,942
BRDA:42,2,2,917
BRDA:42,2,3,916
BRDA:42,2,4,902
BRDA:42,2,5,901
BRDA:42,2,6,895
BRDA:42,2,7,881
BRDA:42,2,8,877
BRDA:42,2,9,870
BRDA:59,3,0,3582
BRDA:59,3,1,11
BRF:15
BRH:15
end_of_record
TN:
SF:app/codeCharta/state/store/state.actions.ts
FN:12,(anonymous_0)
FN:23,setState
FNF:2
FNH:2
FNDA:161,(anonymous_0)
FNDA:35,setState
DA:4,161
DA:5,161
DA:6,161
DA:7,161
DA:8,161
DA:9,161
DA:10,161
DA:12,161
DA:13,161
DA:14,161
DA:24,35
DA:30,161
LF:12
LH:12
BRDA:12,0,0,161
BRDA:12,0,1,161
BRDA:23,1,0,1
BRF:3
BRH:3
end_of_record
TN:
SF:app/codeCharta/state/store/state.reducer.ts
FNF:0
FNH:0
DA:2,160
DA:3,160
DA:4,160
DA:5,160
DA:6,160
DA:7,160
DA:8,160
DA:9,160
DA:11,160
LF:9
LH:9
BRF:0
BRH:0
end_of_record
TN:
SF:app/codeCharta/state/store/state.splitter.ts
FN:21,splitStateActions
FNF:1
FNH:1
FNDA:1814,splitStateActions
DA:2,161
DA:5,161
DA:6,161
DA:7,161
DA:8,161
DA:9,161
DA:10,161
DA:13,161
DA:14,161
DA:15,161
DA:16,161
DA:17,161
DA:18,161
DA:19,161
DA:23,1814
DA:24,0
DA:27,1814
DA:28,0
DA:31,1814
DA:32,17
DA:35,1797
DA:36,1
DA:39,1796
DA:40,19
DA:43,1777
DA:44,0
DA:47,1777
DA:48,31
DA:51,31
DA:52,23
DA:55,31
DA:56,23
DA:59,31
DA:60,28
DA:63,31
DA:64,24
DA:67,31
DA:68,28
DA:71,31
DA:72,23
DA:75,31
DA:76,23
DA:78,31
DA:81,1746
LF:44
LH:41
BRDA:23,0,0,0
BRDA:23,0,1,1814
BRDA:27,1,0,0
BRDA:27,1,1,1814
BRDA:31,2,0,17
BRDA:31,2,1,1797
BRDA:35,3,0,1
BRDA:35,3,1,1796
BRDA:39,4,0,19
BRDA:39,4,1,1777
BRDA:43,5,0,0
BRDA:43,5,1,1777
BRDA:47,6,0,31
BRDA:47,6,1,1746
BRDA:51,7,0,23
BRDA:51,7,1,8
BRDA:55,8,0,23
BRDA:55,8,1,8
BRDA:59,9,0,28
BRDA:59,9,1,3
BRDA:63,10,0,24
BRDA:63,10,1,7
BRDA:67,11,0,28
BRDA:67,11,1,3
BRDA:71,12,0,23
BRDA:71,12,1,8
BRDA:75,13,0,23
BRDA:75,13,1,8
BRF:28
BRH:25
end_of_record
TN:
SF:app/codeCharta/state/store/appSettings/appSettings.actions.ts
FN:34,(anonymous_0)
FN:45,setAppSettings
FNF:2
FNH:2
FNDA:161,(anonymous_0)
FNDA:22,setAppSettings
DA:4,161
DA:5,161
DA:6,161
DA:7,161
DA:8,161
DA:9,161
DA:10,161
DA:11,161
DA:12,161
DA:13,161
DA:14,161
DA:15,161
DA:16,161
DA:17,161
DA:18,161
DA:19,161
DA:20,161
DA:21,161
DA:22,161
DA:23,161
DA:24,161
DA:25,161
DA:26,161
DA:27,161
DA:28,161
DA:29,161
DA:30,161
DA:31,161
DA:32,161
DA:34,161
DA:35,161
DA:36,161
DA:46,22
DA:52,161
LF:34
LH:34
BRDA:34,0,0,161
BRDA:34,0,1,161
BRDA:45,1,0,21
BRF:3
BRH:3
end_of_record
TN:
SF:app/codeCharta/state/store/appSettings/appSettings.reducer.ts
FNF:0
FNH:0
DA:2,160
DA:3,160
DA:4,160
DA:5,160
DA:6,160
DA:7,160
DA:8,160
DA:9,160
DA:10,160
DA:11,160
DA:12,160
DA:13,160
DA:14,160
DA:15,160
DA:16,160
DA:17,160
DA:18,160
DA:19,160
DA:20,160
DA:21,160
DA:22,160
DA:23,160
DA:24,160
DA:25,160
DA:26,160
DA:27,160
DA:28,160
DA:29,160
DA:30,160
DA:31,160
DA:33,160
LF:31
LH:31
BRF:0
BRH:0
end_of_record
TN:
SF:app/codeCharta/state/store/appSettings/appSettings.splitter.ts
FN:35,splitAppSettingsActions
FNF:1
FNH:1
FNDA:47,splitAppSettingsActions
DA:5,161
DA:6,161
DA:7,161
DA:8,161
DA:9,161
DA:10,161
DA:11,161
DA:12,161
DA:13,161
DA:14,161
DA:15,161
DA:16,161
DA:17,161
DA:18,161
DA:19,161
DA:20,161
DA:21,161
DA:22,161
DA:23,161
DA:24,161
DA:25,161
DA:26,161
DA:27,161
DA:28,161
DA:29,161
DA:30,161
DA:31,161
DA:32,161
DA:33,161
DA:36,47
DA:39,47
DA:40,41
DA:43,47
DA:44,41
DA:47,47
DA:48,41
DA:51,47
DA:52,41
DA:55,47
DA:56,41
DA:59,47
DA:60,41
DA:63,47
DA:64,41
DA:67,47
DA:68,41
DA:71,47
DA:72,41
DA:75,47
DA:76,41
DA:79,47
DA:80,41
DA:83,47
DA:84,41
DA:87,47
DA:88,41
DA:91,47
DA:92,41
DA:95,47
DA:96,41
DA:99,47
DA:100,41
DA:103,47
DA:104,41
DA:107,47
DA:108,43
DA:111,47
DA:112,43
DA:115,47
DA:116,42
DA:119,47
DA:120,43
DA:123,47
DA:124,42
DA:127,47
DA:128,41
DA:131,47
DA:132,41
DA:135,47
DA:136,41
DA:139,47
DA:140,41
DA:143,47
DA:144,41
DA:147,47
DA:148,41
DA:151,47
DA:152,41
DA:155,47
LF:89
LH:89
BRDA:39,0,0,41
BRDA:39,0,1,6
BRDA:43,1,0,41
BRDA:43,1,1,6
BRDA:47,2,0,41
BRDA:47,2,1,6
BRDA:51,3,0,41
BRDA:51,3,1,6
BRDA:55,4,0,41
BRDA:55,4,1,6
BRDA:59,5,0,41
BRDA:59,5,1,6
BRDA:63,6,0,41
BRDA:63,6,1,6
BRDA:67,7,0,41
BRDA:67,7,1,6
BRDA:71,8,0,41
BRDA:71,8,1,6
BRDA:75,9,0,41
BRDA:75,9,1,6
BRDA:79,10,0,41
BRDA:79,10,1,6
BRDA:83,11,0,41
BRDA:83,11,1,6
BRDA:87,12,0,41
BRDA:87,12,1,6
BRDA:91,13,0,41
BRDA:91,13,1,6
BRDA:95,14,0,41
BRDA:95,14,1,6
BRDA:99,15,0,41
BRDA:99,15,1,6
BRDA:103,16,0,41
BRDA:103,16,1,6
BRDA:107,17,0,43
BRDA:107,17,1,4
BRDA:111,18,0,43
BRDA:111,18,1,4
BRDA:115,19,0,42
BRDA:115,19,1,5
BRDA:119,20,0,43
BRDA:119,20,1,4
BRDA:123,21,0,42
BRDA:123,21,1,5
BRDA:127,22,0,41
BRDA:127,22,1,6
BRDA:131,23,0,41
BRDA:131,23,1,6
BRDA:135,24,0,41
BRDA:135,24,1,6
BRDA:139,25,0,41
BRDA:139,25,1,6
BRDA:143,26,0,41
BRDA:143,26,1,6
BRDA:147,27,0,41
BRDA:147,27,1,6
BRDA:151,28,0,41
BRDA:151,28,1,6
BRF:58
BRH:58
end_of_record
TN:
SF:app/codeCharta/state/store/appSettings/amountOfEdgePreviews/amountOfEdgePreviews.actions.ts
FN:3,(anonymous_0)
FN:14,setAmountOfEdgePreviews
FNF:2
FNH:2
FNDA:162,(anonymous_0)
FNDA:1694,setAmountOfEdgePreviews
DA:3,162
DA:4,162
DA:5,162
DA:15,1694
DA:21,162
LF:5
LH:5
BRDA:3,0,0,162
BRDA:3,0,1,162
BRDA:14,1,0,1647
BRF:3
BRH:3
end_of_record
TN:
SF:app/codeCharta/state/store/appSettings/amountOfEdgePreviews/amountOfEdgePreviews.reducer.ts
FN:3,amountOfEdgePreviews
FNF:1
FNH:1
FNDA:5299,amountOfEdgePreviews
DA:1,161
DA:4,5299
DA:6,49
DA:8,5250
LF:4
LH:4
BRDA:3,0,0,1646
BRDA:5,1,0,49
BRDA:5,1,1,5250
BRF:3
BRH:3
end_of_record
TN:
SF:app/codeCharta/state/store/appSettings/amountOfEdgePreviews/amountOfEdgePreviews.service.ts
FN:13,(anonymous_0)
FN:17,(anonymous_1)
FN:23,(anonymous_2)
FN:27,(anonymous_3)
FN:33,(anonymous_4)
FN:34,(anonymous_5)
FNF:6
FNH:5
FNDA:17,(anonymous_0)
FNDA:533,(anonymous_1)
FNDA:17,(anonymous_2)
FNDA:17,(anonymous_3)
FNDA:1,(anonymous_4)
FNDA:0,(anonymous_5)
DA:1,121
DA:3,121
DA:4,121
DA:11,121
DA:13,17
DA:14,17
DA:18,533
DA:19,17
DA:24,17
DA:28,17
DA:34,1
DA:35,0
LF:12
LH:11
BRDA:18,0,0,17
BRDA:18,0,1,516
BRF:2
BRH:2
end_of_record
TN:
SF:app/codeCharta/state/store/appSettings/amountOfEdgePreviews/amountOfEdgePreviews.splitter.ts
FN:3,splitAmountOfEdgePreviewsAction
FNF:1
FNH:1
FNDA:41,splitAmountOfEdgePreviewsAction
DA:1,161
DA:4,41
LF:2
LH:2
BRF:0
BRH:0
end_of_record
TN:
SF:app/codeCharta/state/store/appSettings/amountOfTopLabels/amountOfTopLabels.actions.ts
FN:3,(anonymous_0)
FN:14,setAmountOfTopLabels
FNF:2
FNH:2
FNDA:162,(anonymous_0)
FNDA:1705,setAmountOfTopLabels
DA:3,162
DA:4,162
DA:5,162
DA:15,1705
DA:21,162
LF:5
LH:5
BRDA:3,0,0,162
BRDA:3,0,1,162
BRDA:14,1,0,1647
BRF:3
BRH:3
end_of_record
TN:
SF:app/codeCharta/state/store/appSettings/amountOfTopLabels/amountOfTopLabels.reducer.ts
FN:3,amountOfTopLabels
FNF:1
FNH:1
FNDA:5299,amountOfTopLabels
DA:1,161
DA:4,5299
DA:6,60
DA:8,5239
LF:4
LH:4
BRDA:3,0,0,1646
BRDA:5,1,0,60
BRDA:5,1,1,5239
BRF:3
BRH:3
end_of_record
TN:
SF:app/codeCharta/state/store/appSettings/amountOfTopLabels/amountOfTopLabels.service.ts
FN:13,(anonymous_0)
FN:17,(anonymous_1)
FN:23,(anonymous_2)
FN:27,(anonymous_3)
FN:33,(anonymous_4)
FN:34,(anonymous_5)
FNF:6
FNH:5
FNDA:17,(anonymous_0)
FNDA:533,(anonymous_1)
FNDA:17,(anonymous_2)
FNDA:17,(anonymous_3)
FNDA:1,(anonymous_4)
FNDA:0,(anonymous_5)
DA:1,121
DA:3,121
DA:4,121
DA:11,121
DA:13,17
DA:14,17
DA:18,533
DA:19,17
DA:24,17
DA:28,17
DA:34,1
DA:35,0
LF:12
LH:11
BRDA:18,0,0,17
BRDA:18,0,1,516
BRF:2
BRH:2
end_of_record
TN:
SF:app/codeCharta/state/store/appSettings/amountOfTopLabels/amountOfTopLabels.splitter.ts
FN:3,splitAmountOfTopLabelsAction
FNF:1
FNH:1
FNDA:41,splitAmountOfTopLabelsAction
DA:1,161
DA:4,41
LF:2
LH:2
BRF:0
BRH:0
end_of_record
TN:
SF:app/codeCharta/state/store/appSettings/camera/camera.actions.ts
FN:4,(anonymous_0)
FN:15,setCamera
FNF:2
FNH:2
FNDA:162,(anonymous_0)
FNDA:1697,setCamera
DA:1,162
DA:4,162
DA:5,162
DA:6,162
DA:16,1697
DA:22,162
LF:6
LH:6
BRDA:4,0,0,162
BRDA:4,0,1,162
BRDA:15,1,0,1649
BRF:3
BRH:3
end_of_record
TN:
SF:app/codeCharta/state/store/appSettings/camera/camera.reducer.ts
FN:4,camera
FNF:1
FNH:1
FNDA:5299,camera
DA:1,161
DA:2,161
DA:5,5299
DA:7,50
DA:9,5249
LF:5
LH:5
BRDA:4,0,0,1646
BRDA:6,1,0,50
BRDA:6,1,1,5249
BRF:3
BRH:3
end_of_record
TN:
SF:app/codeCharta/state/store/appSettings/camera/camera.service.ts
FN:14,(anonymous_0)
FN:18,(anonymous_1)
FN:24,(anonymous_2)
FN:28,(anonymous_3)
FN:33,(anonymous_4)
FN:34,(anonymous_5)
FNF:6
FNH:6
FNDA:15,(anonymous_0)
FNDA:531,(anonymous_1)
FNDA:16,(anonymous_2)
FNDA:16,(anonymous_3)
FNDA:358,(anonymous_4)
FNDA:16,(anonymous_5)
DA:1,121
DA:3,121
DA:5,121
DA:12,121
DA:14,15
DA:15,15
DA:19,531
DA:20,16
DA:25,16
DA:30,16
DA:34,358
DA:35,16
LF:12
LH:12
BRDA:19,0,0,16
BRDA:19,0,1,515
BRF:2
BRH:2
end_of_record
TN:
SF:app/codeCharta/state/store/appSettings/camera/camera.splitter.ts
FN:4,splitCameraAction
FNF:1
FNH:1
FNDA:42,splitCameraAction
DA:1,161
DA:5,42
LF:2
LH:2
BRF:0
BRH:0
end_of_record
TN:
SF:app/codeCharta/state/store/appSettings/cameraTarget/cameraTarget.actions.ts
FN:4,(anonymous_0)
FN:15,setCameraTarget
FNF:2
FNH:2
FNDA:162,(anonymous_0)
FNDA:1696,setCameraTarget
DA:1,162
DA:4,162
DA:5,162
DA:6,162
DA:16,1696
DA:22,162
LF:6
LH:6
BRDA:4,0,0,162
BRDA:4,0,1,162
BRDA:15,1,0,1647
BRF:3
BRH:3
end_of_record
TN:
SF:app/codeCharta/state/store/appSettings/cameraTarget/cameraTarget.reducer.ts
FN:4,cameraTarget
FNF:1
FNH:1
FNDA:5299,cameraTarget
DA:1,161
DA:2,161
DA:5,5299
DA:7,51
DA:9,5248
LF:5
LH:5
BRDA:4,0,0,1646
BRDA:6,1,0,51
BRDA:6,1,1,5248
BRF:3
BRH:3
end_of_record
TN:
SF:app/codeCharta/state/store/appSettings/cameraTarget/cameraTarget.service.ts
FN:14,(anonymous_0)
FN:18,(anonymous_1)
FN:24,(anonymous_2)
FN:28,(anonymous_3)
FN:32,(anonymous_4)
FN:33,(anonymous_5)
FNF:6
FNH:4
FNDA:17,(anonymous_0)
FNDA:533,(anonymous_1)
FNDA:17,(anonymous_2)
FNDA:17,(anonymous_3)
FNDA:0,(anonymous_4)
FNDA:0,(anonymous_5)
DA:2,121
DA:4,121
DA:5,121
DA:12,121
DA:14,17
DA:15,17
DA:19,533
DA:20,17
DA:25,17
DA:29,17
DA:33,0
DA:34,0
LF:12
LH:10
BRDA:19,0,0,17
BRDA:19,0,1,516
BRF:2
BRH:2
end_of_record
TN:
SF:app/codeCharta/state/store/appSettings/cameraTarget/cameraTarget.splitter.ts
FN:4,splitCameraTargetAction
FNF:1
FNH:1
FNDA:41,splitCameraTargetAction
DA:2,161
DA:5,41
LF:2
LH:2
BRF:0
BRH:0
end_of_record
TN:
SF:app/codeCharta/state/store/appSettings/dynamicMargin/dynamicMargin.actions.ts
FN:3,(anonymous_0)
FN:14,setDynamicMargin
FNF:2
FNH:2
FNDA:162,(anonymous_0)
FNDA:1698,setDynamicMargin
DA:3,162
DA:4,162
DA:5,162
DA:15,1698
DA:21,162
LF:5
LH:5
BRDA:3,0,0,162
BRDA:3,0,1,162
BRDA:14,1,0,1647
BRF:3
BRH:3
end_of_record
TN:
SF:app/codeCharta/state/store/appSettings/dynamicMargin/dynamicMargin.reducer.ts
FN:3,dynamicMargin
FNF:1
FNH:1
FNDA:5299,dynamicMargin
DA:1,161
DA:4,5299
DA:6,53
DA:8,5246
LF:4
LH:4
BRDA:3,0,0,1646
BRDA:5,1,0,53
BRDA:5,1,1,5246
BRF:3
BRH:3
end_of_record
TN:
SF:app/codeCharta/state/store/appSettings/dynamicMargin/dynamicMargin.service.ts
FN:13,(anonymous_0)
FN:17,(anonymous_1)
FN:23,(anonymous_2)
FN:27,(anonymous_3)
FN:31,(anonymous_4)
FN:32,(anonymous_5)
FNF:6
FNH:6
FNDA:17,(anonymous_0)
FNDA:533,(anonymous_1)
FNDA:17,(anonymous_2)
FNDA:17,(anonymous_3)
FNDA:19,(anonymous_4)
FNDA:16,(anonymous_5)
DA:1,121
DA:3,121
DA:4,121
DA:11,121
DA:13,17
DA:14,17
DA:18,533
DA:19,17
DA:24,17
DA:28,17
DA:32,19
DA:33,16
LF:12
LH:12
BRDA:18,0,0,17
BRDA:18,0,1,516
BRF:2
BRH:2
end_of_record
TN:
SF:app/codeCharta/state/store/appSettings/dynamicMargin/dynamicMargin.splitter.ts
FN:3,splitDynamicMarginAction
FNF:1
FNH:1
FNDA:41,splitDynamicMarginAction
DA:1,161
DA:4,41
LF:2
LH:2
BRF:0
BRH:0
end_of_record
TN:
SF:app/codeCharta/state/store/appSettings/edgeHeight/edgeHeight.actions.ts
FN:3,(anonymous_0)
FN:14,setEdgeHeight
FNF:2
FNH:2
FNDA:162,(anonymous_0)
FNDA:1691,setEdgeHeight
DA:3,162
DA:4,162
DA:5,162
DA:15,1691
DA:21,162
LF:5
LH:5
BRDA:3,0,0,162
BRDA:3,0,1,162
BRDA:14,1,0,1647
BRF:3
BRH:3
end_of_record
TN:
SF:app/codeCharta/state/store/appSettings/edgeHeight/edgeHeight.reducer.ts
FN:3,edgeHeight
FNF:1
FNH:1
FNDA:5299,edgeHeight
DA:1,161
DA:4,5299
DA:6,45
DA:8,5254
LF:4
LH:4
BRDA:3,0,0,1646
BRDA:5,1,0,45
BRDA:5,1,1,5254
BRF:3
BRH:3
end_of_record
TN:
SF:app/codeCharta/state/store/appSettings/edgeHeight/edgeHeight.service.ts
FN:13,(anonymous_0)
FN:17,(anonymous_1)
FN:23,(anonymous_2)
FN:27,(anonymous_3)
FN:31,(anonymous_4)
FN:32,(anonymous_5)
FNF:6
FNH:5
FNDA:17,(anonymous_0)
FNDA:533,(anonymous_1)
FNDA:17,(anonymous_2)
FNDA:17,(anonymous_3)
FNDA:3,(anonymous_4)
FNDA:0,(anonymous_5)
DA:1,121
DA:3,121
DA:4,121
DA:11,121
DA:13,17
DA:14,17
DA:18,533
DA:19,17
DA:24,17
DA:28,17
DA:32,3
DA:33,0
LF:12
LH:11
BRDA:18,0,0,17
BRDA:18,0,1,516
BRF:2
BRH:2
end_of_record
TN:
SF:app/codeCharta/state/store/appSettings/edgeHeight/edgeHeight.splitter.ts
FN:3,splitEdgeHeightAction
FNF:1
FNH:1
FNDA:42,splitEdgeHeightAction
DA:1,161
DA:4,42
LF:2
LH:2
BRF:0
BRH:0
end_of_record
TN:
SF:app/codeCharta/state/store/appSettings/enableExperimentalFeatures/experimentalFeaturesEnabled.actions.ts
FN:3,(anonymous_0)
FN:14,setExperimentalFeaturesEnabled
FNF:2
FNH:2
FNDA:162,(anonymous_0)
FNDA:1696,setExperimentalFeaturesEnabled
DA:3,162
DA:4,162
DA:5,162
DA:17,1696
DA:23,162
LF:5
LH:5
BRDA:3,0,0,162
BRDA:3,0,1,162
BRDA:15,1,0,1647
BRF:3
BRH:3
end_of_record
TN:
SF:app/codeCharta/state/store/appSettings/enableExperimentalFeatures/experimentalFeaturesEnabled.reducer.ts
FN:7,experimentalFeaturesEnabled
FNF:1
FNH:1
FNDA:5299,experimentalFeaturesEnabled
DA:1,161
DA:8,5299
DA:10,51
DA:12,5248
LF:4
LH:4
BRDA:7,0,0,1646
BRDA:9,1,0,51
BRDA:9,1,1,5248
BRF:3
BRH:3
end_of_record
TN:
SF:app/codeCharta/state/store/appSettings/enableExperimentalFeatures/experimentalFeaturesEnabled.service.ts
FN:13,(anonymous_0)
FN:17,(anonymous_1)
FN:23,(anonymous_2)
FN:27,(anonymous_3)
FN:33,(anonymous_4)
FN:34,(anonymous_5)
FNF:6
FNH:5
FNDA:17,(anonymous_0)
FNDA:533,(anonymous_1)
FNDA:21,(anonymous_2)
FNDA:21,(anonymous_3)
FNDA:12,(anonymous_4)
FNDA:0,(anonymous_5)
DA:1,121
DA:3,121
DA:4,121
DA:11,121
DA:13,17
DA:14,17
DA:18,533
DA:19,21
DA:24,21
DA:28,21
DA:34,12
DA:35,0
LF:12
LH:11
BRDA:18,0,0,21
BRDA:18,0,1,512
BRF:2
BRH:2
end_of_record
TN:
SF:app/codeCharta/state/store/appSettings/enableExperimentalFeatures/experimentalFeaturesEnabled.splitter.ts
FN:3,splitExperimentalFeaturesEnabledAction
FNF:1
FNH:1
FNDA:41,splitExperimentalFeaturesEnabledAction
DA:1,161
DA:4,41
LF:2
LH:2
BRF:0
BRH:0
end_of_record
TN:
SF:app/codeCharta/state/store/appSettings/hideFlatBuildings/hideFlatBuildings.actions.ts
FN:3,(anonymous_0)
FN:14,setHideFlatBuildings
FNF:2
FNH:2
FNDA:162,(anonymous_0)
FNDA:1698,setHideFlatBuildings
DA:3,162
DA:4,162
DA:5,162
DA:15,1698
DA:21,162
LF:5
LH:5
BRDA:3,0,0,162
BRDA:3,0,1,162
BRDA:14,1,0,1647
BRF:3
BRH:3
end_of_record
TN:
SF:app/codeCharta/state/store/appSettings/hideFlatBuildings/hideFlatBuildings.reducer.ts
FN:3,hideFlatBuildings
FNF:1
FNH:1
FNDA:5299,hideFlatBuildings
DA:1,161
DA:4,5299
DA:6,53
DA:8,5246
LF:4
LH:4
BRDA:3,0,0,1646
BRDA:5,1,0,53
BRDA:5,1,1,5246
BRF:3
BRH:3
end_of_record
TN:
SF:app/codeCharta/state/store/appSettings/hideFlatBuildings/hideFlatBuildings.service.ts
FN:13,(anonymous_0)
FN:17,(anonymous_1)
FN:23,(anonymous_2)
FN:27,(anonymous_3)
FN:33,(anonymous_4)
FN:34,(anonymous_5)
FNF:6
FNH:5
FNDA:17,(anonymous_0)
FNDA:533,(anonymous_1)
FNDA:21,(anonymous_2)
FNDA:21,(anonymous_3)
FNDA:1,(anonymous_4)
FNDA:0,(anonymous_5)
DA:1,121
DA:3,121
DA:4,121
DA:11,121
DA:13,17
DA:14,17
DA:18,533
DA:19,21
DA:24,21
DA:28,21
DA:34,1
DA:35,0
LF:12
LH:11
BRDA:18,0,0,21
BRDA:18,0,1,512
BRF:2
BRH:2
end_of_record
TN:
SF:app/codeCharta/state/store/appSettings/hideFlatBuildings/hideFlatBuildings.splitter.ts
FN:3,splitHideFlatBuildingsAction
FNF:1
FNH:1
FNDA:43,splitHideFlatBuildingsAction
DA:1,161
DA:4,43
LF:2
LH:2
BRF:0
BRH:0
end_of_record
TN:
SF:app/codeCharta/state/store/appSettings/invertColorRange/invertColorRange.actions.ts
FN:3,(anonymous_0)
FN:14,setInvertColorRange
FNF:2
FNH:2
FNDA:162,(anonymous_0)
FNDA:1694,setInvertColorRange
DA:3,162
DA:4,162
DA:5,162
DA:15,1694
DA:21,162
LF:5
LH:5
BRDA:3,0,0,162
BRDA:3,0,1,162
BRDA:14,1,0,1647
BRF:3
BRH:3
end_of_record
TN:
SF:app/codeCharta/state/store/appSettings/invertColorRange/invertColorRange.reducer.ts
FN:3,invertColorRange
FNF:1
FNH:1
FNDA:5299,invertColorRange
DA:1,161
DA:4,5299
DA:6,49
DA:8,5250
LF:4
LH:4
BRDA:3,0,0,1646
BRDA:5,1,0,49
BRDA:5,1,1,5250
BRF:3
BRH:3
end_of_record
TN:
SF:app/codeCharta/state/store/appSettings/invertColorRange/invertColorRange.service.ts
FN:13,(anonymous_0)
FN:17,(anonymous_1)
FN:23,(anonymous_2)
FN:27,(anonymous_3)
FN:33,(anonymous_4)
FN:34,(anonymous_5)
FNF:6
FNH:5
FNDA:17,(anonymous_0)
FNDA:533,(anonymous_1)
FNDA:17,(anonymous_2)
FNDA:17,(anonymous_3)
FNDA:10,(anonymous_4)
FNDA:0,(anonymous_5)
DA:1,121
DA:3,121
DA:4,121
DA:11,121
DA:13,17
DA:14,17
DA:18,533
DA:19,17
DA:24,17
DA:28,17
DA:34,10
DA:35,0
LF:12
LH:11
BRDA:18,0,0,17
BRDA:18,0,1,516
BRF:2
BRH:2
end_of_record
TN:
SF:app/codeCharta/state/store/appSettings/invertColorRange/invertColorRange.splitter.ts
FN:3,splitInvertColorRangeAction
FNF:1
FNH:1
FNDA:43,splitInvertColorRangeAction
DA:1,161
DA:4,43
LF:2
LH:2
BRF:0
BRH:0
end_of_record
TN:
SF:app/codeCharta/state/store/appSettings/invertDeltaColors/invertDeltaColors.actions.ts
FN:3,(anonymous_0)
FN:14,setInvertDeltaColors
FNF:2
FNH:2
FNDA:162,(anonymous_0)
FNDA:1698,setInvertDeltaColors
DA:3,162
DA:4,162
DA:5,162
DA:15,1698
DA:21,162
LF:5
LH:5
BRDA:3,0,0,162
BRDA:3,0,1,162
BRDA:14,1,0,1647
BRF:3
BRH:3
end_of_record
TN:
SF:app/codeCharta/state/store/appSettings/invertDeltaColors/invertDeltaColors.reducer.ts
FN:3,invertDeltaColors
FNF:1
FNH:1
FNDA:5299,invertDeltaColors
DA:1,161
DA:4,5299
DA:6,53
DA:8,5246
LF:4
LH:4
BRDA:3,0,0,1646
BRDA:5,1,0,53
BRDA:5,1,1,5246
BRF:3
BRH:3
end_of_record
TN:
SF:app/codeCharta/state/store/appSettings/invertDeltaColors/invertDeltaColors.service.ts
FN:13,(anonymous_0)
FN:17,(anonymous_1)
FN:23,(anonymous_2)
FN:27,(anonymous_3)
FN:33,(anonymous_4)
FN:34,(anonymous_5)
FNF:6
FNH:5
FNDA:17,(anonymous_0)
FNDA:533,(anonymous_1)
FNDA:17,(anonymous_2)
FNDA:17,(anonymous_3)
FNDA:6,(anonymous_4)
FNDA:0,(anonymous_5)
DA:1,121
DA:3,121
DA:4,121
DA:11,121
DA:13,17
DA:14,17
DA:18,533
DA:19,17
DA:24,17
DA:28,17
DA:34,6
DA:35,0
LF:12
LH:11
BRDA:18,0,0,17
BRDA:18,0,1,516
BRF:2
BRH:2
end_of_record
TN:
SF:app/codeCharta/state/store/appSettings/invertDeltaColors/invertDeltaColors.splitter.ts
FN:3,splitInvertDeltaColorsAction
FNF:1
FNH:1
FNDA:41,splitInvertDeltaColorsAction
DA:1,161
DA:4,41
LF:2
LH:2
BRF:0
BRH:0
end_of_record
TN:
SF:app/codeCharta/state/store/appSettings/invertHeight/invertHeight.actions.ts
FN:3,(anonymous_0)
FN:14,setInvertHeight
FNF:2
FNH:2
FNDA:162,(anonymous_0)
FNDA:1690,setInvertHeight
DA:3,162
DA:4,162
DA:5,162
DA:15,1690
DA:21,162
LF:5
LH:5
BRDA:3,0,0,162
BRDA:3,0,1,162
BRDA:14,1,0,1647
BRF:3
BRH:3
end_of_record
TN:
SF:app/codeCharta/state/store/appSettings/invertHeight/invertHeight.reducer.ts
FN:3,invertHeight
FNF:1
FNH:1
FNDA:5299,invertHeight
DA:1,161
DA:4,5299
DA:6,45
DA:8,5254
LF:4
LH:4
BRDA:3,0,0,1646
BRDA:5,1,0,45
BRDA:5,1,1,5254
BRF:3
BRH:3
end_of_record
TN:
SF:app/codeCharta/state/store/appSettings/invertHeight/invertHeight.service.ts
FN:13,(anonymous_0)
FN:17,(anonymous_1)
FN:23,(anonymous_2)
FN:27,(anonymous_3)
FN:31,(anonymous_4)
FN:32,(anonymous_5)
FNF:6
FNH:5
FNDA:17,(anonymous_0)
FNDA:533,(anonymous_1)
FNDA:17,(anonymous_2)
FNDA:17,(anonymous_3)
FNDA:5,(anonymous_4)
FNDA:0,(anonymous_5)
DA:1,121
DA:3,121
DA:4,121
DA:11,121
DA:13,17
DA:14,17
DA:18,533
DA:19,17
DA:24,17
DA:28,17
DA:32,5
DA:33,0
LF:12
LH:11
BRDA:18,0,0,17
BRDA:18,0,1,516
BRF:2
BRH:2
end_of_record
TN:
SF:app/codeCharta/state/store/appSettings/invertHeight/invertHeight.splitter.ts
FN:3,splitInvertHeightAction
FNF:1
FNH:1
FNDA:41,splitInvertHeightAction
DA:1,161
DA:4,41
LF:2
LH:2
BRF:0
BRH:0
end_of_record
TN:
SF:app/codeCharta/state/store/appSettings/isAttributeSideBarVisible/isAttributeSideBarVisible.actions.ts
FN:3,(anonymous_0)
FN:24,setIsAttributeSideBarVisible
FN:33,openAttributeSideBar
FN:39,closeAttributeSideBar
FNF:4
FNH:4
FNDA:162,(anonymous_0)
FNDA:1689,setIsAttributeSideBarVisible
FNDA:4,openAttributeSideBar
FNDA:4,closeAttributeSideBar
DA:3,162
DA:4,162
DA:5,162
DA:6,162
DA:7,162
DA:27,1689
DA:34,4
DA:40,4
DA:45,162
LF:9
LH:9
BRDA:3,0,0,162
BRDA:3,0,1,162
BRDA:25,1,0,1647
BRF:3
BRH:3
end_of_record
TN:
SF:app/codeCharta/state/store/appSettings/isAttributeSideBarVisible/isAttributeSideBarVisible.reducer.ts
FN:7,isAttributeSideBarVisible
FNF:1
FNH:1
FNDA:5301,isAttributeSideBarVisible
DA:1,161
DA:8,5301
DA:10,4
DA:12,4
DA:14,44
DA:16,5249
LF:6
LH:6
BRDA:7,0,0,1646
BRDA:9,1,0,4
BRDA:9,1,1,4
BRDA:9,1,2,44
BRDA:9,1,3,5249
BRF:5
BRH:5
end_of_record
TN:
SF:app/codeCharta/state/store/appSettings/isAttributeSideBarVisible/isAttributeSideBarVisible.service.ts
FN:19,(anonymous_0)
FN:25,(anonymous_1)
FN:29,(anonymous_2)
FN:33,(anonymous_3)
FN:39,(anonymous_4)
FN:43,(anonymous_5)
FN:49,(anonymous_6)
FN:50,(anonymous_7)
FNF:8
FNH:7
FNDA:23,(anonymous_0)
FNDA:1,(anonymous_1)
FNDA:1,(anonymous_2)
FNDA:533,(anonymous_3)
FNDA:17,(anonymous_4)
FNDA:17,(anonymous_5)
FNDA:29,(anonymous_6)
FNDA:0,(anonymous_7)
DA:1,121
DA:3,121
DA:4,121
DA:5,121
DA:17,121
DA:19,23
DA:20,23
DA:21,23
DA:22,23
DA:26,1
DA:30,1
DA:34,533
DA:35,17
DA:40,17
DA:44,17
DA:50,29
DA:51,0
LF:17
LH:16
BRDA:34,0,0,17
BRDA:34,0,1,516
BRF:2
BRH:2
end_of_record
TN:
SF:app/codeCharta/state/store/appSettings/isAttributeSideBarVisible/isAttributeSideBarVisible.splitter.ts
FN:3,splitIsAttributeSideBarVisibleAction
FNF:1
FNH:1
FNDA:41,splitIsAttributeSideBarVisibleAction
DA:1,161
DA:4,41
LF:2
LH:2
BRF:0
BRH:0
end_of_record
TN:
SF:app/codeCharta/state/store/appSettings/isLoadingFile/isLoadingFile.actions.ts
FN:3,(anonymous_0)
FN:14,setIsLoadingFile
FNF:2
FNH:2
FNDA:163,(anonymous_0)
FNDA:1714,setIsLoadingFile
DA:3,163
DA:4,163
DA:5,163
DA:15,1714
DA:21,163
LF:5
LH:5
BRDA:3,0,0,163
BRDA:3,0,1,163
BRDA:14,1,0,1647
BRF:3
BRH:3
end_of_record
TN:
SF:app/codeCharta/state/store/appSettings/isLoadingFile/isLoadingFile.reducer.ts
FN:3,isLoadingFile
FNF:1
FNH:1
FNDA:5299,isLoadingFile
DA:1,161
DA:4,5299
DA:6,69
DA:8,5230
LF:4
LH:4
BRDA:3,0,0,1646
BRDA:5,1,0,69
BRDA:5,1,1,5230
BRF:3
BRH:3
end_of_record
TN:
SF:app/codeCharta/state/store/appSettings/isLoadingFile/isLoadingFile.service.ts
FN:13,(anonymous_0)
FN:17,(anonymous_1)
FN:23,(anonymous_2)
FN:27,(anonymous_3)
FN:31,(anonymous_4)
FN:32,(anonymous_5)
FNF:6
FNH:6
FNDA:17,(anonymous_0)
FNDA:533,(anonymous_1)
FNDA:32,(anonymous_2)
FNDA:32,(anonymous_3)
FNDA:242,(anonymous_4)
FNDA:31,(anonymous_5)
DA:1,121
DA:3,121
DA:4,121
DA:11,121
DA:13,17
DA:14,17
DA:18,533
DA:19,32
DA:24,32
DA:28,32
DA:32,242
DA:33,31
LF:12
LH:12
BRDA:18,0,0,32
BRDA:18,0,1,501
BRF:2
BRH:2
end_of_record
TN:
SF:app/codeCharta/state/store/appSettings/isLoadingFile/isLoadingFile.splitter.ts
FN:3,splitIsLoadingFileAction
FNF:1
FNH:1
FNDA:41,splitIsLoadingFileAction
DA:1,161
DA:4,41
LF:2
LH:2
BRF:0
BRH:0
end_of_record
TN:
SF:app/codeCharta/state/store/appSettings/isLoadingMap/isLoadingMap.actions.ts
FN:3,(anonymous_0)
FN:14,setIsLoadingMap
FNF:2
FNH:2
FNDA:162,(anonymous_0)
FNDA:2555,setIsLoadingMap
DA:3,162
DA:4,162
DA:5,162
DA:15,2555
DA:21,162
LF:5
LH:5
BRDA:3,0,0,162
BRDA:3,0,1,162
BRDA:14,1,0,1647
BRF:3
BRH:3
end_of_record
TN:
SF:app/codeCharta/state/store/appSettings/isLoadingMap/isLoadingMap.reducer.ts
FN:3,isLoadingMap
FNF:1
FNH:1
FNDA:5299,isLoadingMap
DA:1,161
DA:4,5299
DA:6,910
DA:8,4389
LF:4
LH:4
BRDA:3,0,0,1646
BRDA:5,1,0,910
BRDA:5,1,1,4389
BRF:3
BRH:3
end_of_record
TN:
SF:app/codeCharta/state/store/appSettings/isLoadingMap/isLoadingMap.service.ts
FN:13,(anonymous_0)
FN:17,(anonymous_1)
FN:23,(anonymous_2)
FN:27,(anonymous_3)
FN:31,(anonymous_4)
FN:32,(anonymous_5)
FNF:6
FNH:5
FNDA:17,(anonymous_0)
FNDA:533,(anonymous_1)
FNDA:51,(anonymous_2)
FNDA:51,(anonymous_3)
FNDA:1,(anonymous_4)
FNDA:0,(anonymous_5)
DA:1,121
DA:3,121
DA:4,121
DA:11,121
DA:13,17
DA:14,17
DA:18,533
DA:19,51
DA:24,51
DA:28,51
DA:32,1
DA:33,0
LF:12
LH:11
BRDA:18,0,0,51
BRDA:18,0,1,482
BRF:2
BRH:2
end_of_record
TN:
SF:app/codeCharta/state/store/appSettings/isLoadingMap/isLoadingMap.splitter.ts
FN:3,splitIsLoadingMapAction
FNF:1
FNH:1
FNDA:41,splitIsLoadingMapAction
DA:1,161
DA:4,41
LF:2
LH:2
BRF:0
BRH:0
end_of_record
TN:
SF:app/codeCharta/state/store/appSettings/isPresentationMode/isPresentationMode.actions.ts
FN:3,(anonymous_0)
FN:14,setPresentationMode
FNF:2
FNH:2
FNDA:162,(anonymous_0)
FNDA:1693,setPresentationMode
DA:3,162
DA:4,162
DA:5,162
DA:15,1693
DA:21,162
LF:5
LH:5
BRDA:3,0,0,162
BRDA:3,0,1,162
BRDA:14,1,0,1647
BRF:3
BRH:3
end_of_record
TN:
SF:app/codeCharta/state/store/appSettings/isPresentationMode/isPresentationMode.reducer.ts
FN:3,isPresentationMode
FNF:1
FNH:1
FNDA:5299,isPresentationMode
DA:1,161
DA:4,5299
DA:6,48
DA:8,5251
LF:4
LH:4
BRDA:3,0,0,1646
BRDA:5,1,0,48
BRDA:5,1,1,5251
BRF:3
BRH:3
end_of_record
TN:
SF:app/codeCharta/state/store/appSettings/isPresentationMode/isPresentationMode.service.ts
FN:13,(anonymous_0)
FN:17,(anonymous_1)
FN:23,(anonymous_2)
FN:27,(anonymous_3)
FN:33,(anonymous_4)
FN:34,(anonymous_5)
FNF:6
FNH:5
FNDA:17,(anonymous_0)
FNDA:533,(anonymous_1)
FNDA:17,(anonymous_2)
FNDA:17,(anonymous_3)
FNDA:1,(anonymous_4)
FNDA:0,(anonymous_5)
DA:1,121
DA:3,121
DA:4,121
DA:11,121
DA:13,17
DA:14,17
DA:18,533
DA:19,17
DA:24,17
DA:28,17
DA:34,1
DA:35,0
LF:12
LH:11
BRDA:18,0,0,17
BRDA:18,0,1,516
BRF:2
BRH:2
end_of_record
TN:
SF:app/codeCharta/state/store/appSettings/isPresentationMode/isPresentationMode.splitter.ts
FN:3,splitIsPresentationModeAction
FNF:1
FNH:1
FNDA:41,splitIsPresentationModeAction
DA:1,161
DA:4,41
LF:2
LH:2
BRF:0
BRH:0
end_of_record
TN:
SF:app/codeCharta/state/store/appSettings/isWhiteBackground/isWhiteBackground.actions.ts
FN:3,(anonymous_0)
FN:14,setIsWhiteBackground
FNF:2
FNH:2
FNDA:162,(anonymous_0)
FNDA:1698,setIsWhiteBackground
DA:3,162
DA:4,162
DA:5,162
DA:15,1698
DA:21,162
LF:5
LH:5
BRDA:3,0,0,162
BRDA:3,0,1,162
BRDA:14,1,0,1647
BRF:3
BRH:3
end_of_record
TN:
SF:app/codeCharta/state/store/appSettings/isWhiteBackground/isWhiteBackground.reducer.ts
FN:3,isWhiteBackground
FNF:1
FNH:1
FNDA:5299,isWhiteBackground
DA:1,161
DA:4,5299
DA:6,53
DA:8,5246
LF:4
LH:4
BRDA:3,0,0,1646
BRDA:5,1,0,53
BRDA:5,1,1,5246
BRF:3
BRH:3
end_of_record
TN:
SF:app/codeCharta/state/store/appSettings/isWhiteBackground/isWhiteBackground.service.ts
FN:13,(anonymous_0)
FN:17,(anonymous_1)
FN:23,(anonymous_2)
FN:27,(anonymous_3)
FN:33,(anonymous_4)
FN:34,(anonymous_5)
FNF:6
FNH:6
FNDA:17,(anonymous_0)
FNDA:533,(anonymous_1)
FNDA:21,(anonymous_2)
FNDA:21,(anonymous_3)
FNDA:282,(anonymous_4)
FNDA:20,(anonymous_5)
DA:1,121
DA:3,121
DA:4,121
DA:11,121
DA:13,17
DA:14,17
DA:18,533
DA:19,21
DA:24,21
DA:28,21
DA:34,282
DA:35,20
LF:12
LH:12
BRDA:18,0,0,21
BRDA:18,0,1,512
BRF:2
BRH:2
end_of_record
TN:
SF:app/codeCharta/state/store/appSettings/isWhiteBackground/isWhiteBackground.splitter.ts
FN:3,splitIsWhiteBackgroundAction
FNF:1
FNH:1
FNDA:41,splitIsWhiteBackgroundAction
DA:1,161
DA:4,41
LF:2
LH:2
BRF:0
BRH:0
end_of_record
TN:
SF:app/codeCharta/state/store/appSettings/layoutAlgorithm/layoutAlgorithm.actions.ts
FN:3,(anonymous_0)
FN:14,setLayoutAlgorithm
FNF:2
FNH:2
FNDA:162,(anonymous_0)
FNDA:1692,setLayoutAlgorithm
DA:1,162
DA:3,162
DA:4,162
DA:5,162
DA:15,1692
DA:21,162
LF:6
LH:6
BRDA:3,0,0,162
BRDA:3,0,1,162
BRDA:14,1,0,1647
BRF:3
BRH:3
end_of_record
TN:
SF:app/codeCharta/state/store/appSettings/layoutAlgorithm/layoutAlgorithm.reducer.ts
FN:4,layoutAlgorithm
FNF:1
FNH:1
FNDA:5299,layoutAlgorithm
DA:1,161
DA:5,5299
DA:7,47
DA:9,5252
LF:4
LH:4
BRDA:4,0,0,1646
BRDA:6,1,0,47
BRDA:6,1,1,5252
BRF:3
BRH:3
end_of_record
TN:
SF:app/codeCharta/state/store/appSettings/layoutAlgorithm/layoutAlgorithm.service.ts
FN:14,(anonymous_0)
FN:18,(anonymous_1)
FN:24,(anonymous_2)
FN:28,(anonymous_3)
FN:32,(anonymous_4)
FN:33,(anonymous_5)
FNF:6
FNH:6
FNDA:17,(anonymous_0)
FNDA:533,(anonymous_1)
FNDA:18,(anonymous_2)
FNDA:18,(anonymous_3)
FNDA:335,(anonymous_4)
FNDA:17,(anonymous_5)
DA:1,121
DA:3,121
DA:5,121
DA:12,121
DA:14,17
DA:15,17
DA:19,533
DA:20,18
DA:25,18
DA:29,18
DA:33,335
DA:34,17
LF:12
LH:12
BRDA:19,0,0,18
BRDA:19,0,1,515
BRF:2
BRH:2
end_of_record
TN:
SF:app/codeCharta/state/store/appSettings/layoutAlgorithm/layoutAlgorithm.splitter.ts
FN:4,splitLayoutAlgorithmAction
FNF:1
FNH:1
FNDA:41,splitLayoutAlgorithmAction
DA:1,161
DA:5,41
LF:2
LH:2
BRF:0
BRH:0
end_of_record
TN:
SF:app/codeCharta/state/store/appSettings/mapColors/mapColors.actions.ts
FN:3,(anonymous_0)
FN:14,setMapColors
FNF:2
FNH:2
FNDA:162,(anonymous_0)
FNDA:1695,setMapColors
DA:3,162
DA:4,162
DA:5,162
DA:15,1695
DA:21,162
LF:5
LH:5
BRDA:3,0,0,162
BRDA:3,0,1,162
BRDA:14,1,0,1647
BRF:3
BRH:3
end_of_record
TN:
SF:app/codeCharta/state/store/appSettings/mapColors/mapColors.reducer.ts
FN:3,mapColors
FNF:1
FNH:1
FNDA:5300,mapColors
DA:1,161
DA:4,5300
DA:6,50
DA:8,5250
LF:4
LH:4
BRDA:3,0,0,1646
BRDA:5,1,0,50
BRDA:5,1,1,5250
BRF:3
BRH:3
end_of_record
TN:
SF:app/codeCharta/state/store/appSettings/mapColors/mapColors.service.ts
FN:14,(anonymous_0)
FN:18,(anonymous_1)
FN:24,(anonymous_2)
FN:28,(anonymous_3)
FN:32,(anonymous_4)
FN:33,(anonymous_5)
FNF:6
FNH:6
FNDA:17,(anonymous_0)
FNDA:533,(anonymous_1)
FNDA:17,(anonymous_2)
FNDA:17,(anonymous_3)
FNDA:520,(anonymous_4)
FNDA:16,(anonymous_5)
DA:1,122
DA:3,122
DA:5,122
DA:12,122
DA:14,17
DA:15,17
DA:19,533
DA:20,17
DA:25,17
DA:29,17
DA:33,520
DA:34,16
LF:12
LH:12
BRDA:19,0,0,17
BRDA:19,0,1,516
BRF:2
BRH:2
end_of_record
TN:
SF:app/codeCharta/state/store/appSettings/mapColors/mapColors.splitter.ts
FN:4,splitMapColorsAction
FNF:1
FNH:1
FNDA:41,splitMapColorsAction
DA:1,161
DA:5,41
LF:2
LH:2
BRF:0
BRH:0
end_of_record
TN:
SF:app/codeCharta/state/store/appSettings/maxTreeMapFiles/maxTreeMapFiles.actions.ts
FN:3,(anonymous_0)
FN:14,setMaxTreeMapFiles
FNF:2
FNH:2
FNDA:162,(anonymous_0)
FNDA:1694,setMaxTreeMapFiles
DA:3,162
DA:4,162
DA:5,162
DA:15,1694
DA:21,162
LF:5
LH:5
BRDA:3,0,0,162
BRDA:3,0,1,162
BRDA:14,1,0,1647
BRF:3
BRH:3
end_of_record
TN:
SF:app/codeCharta/state/store/appSettings/maxTreeMapFiles/maxTreeMapFiles.reducer.ts
FN:3,maxTreeMapFiles
FNF:1
FNH:1
FNDA:5299,maxTreeMapFiles
DA:1,161
DA:4,5299
DA:6,49
DA:8,5250
LF:4
LH:4
BRDA:3,0,0,1646
BRDA:5,1,0,49
BRDA:5,1,1,5250
BRF:3
BRH:3
end_of_record
TN:
SF:app/codeCharta/state/store/appSettings/maxTreeMapFiles/maxTreeMapFiles.service.ts
FN:13,(anonymous_0)
FN:17,(anonymous_1)
FN:23,(anonymous_2)
FN:27,(anonymous_3)
FN:31,(anonymous_4)
FN:32,(anonymous_5)
FNF:6
FNH:5
FNDA:17,(anonymous_0)
FNDA:533,(anonymous_1)
FNDA:21,(anonymous_2)
FNDA:21,(anonymous_3)
FNDA:37,(anonymous_4)
FNDA:0,(anonymous_5)
DA:1,121
DA:3,121
DA:4,121
DA:11,121
DA:13,17
DA:14,17
DA:18,533
DA:19,21
DA:24,21
DA:28,21
DA:32,37
DA:33,0
LF:12
LH:11
BRDA:18,0,0,21
BRDA:18,0,1,512
BRF:2
BRH:2
end_of_record
TN:
SF:app/codeCharta/state/store/appSettings/maxTreeMapFiles/maxTreeMapFiles.splitter.ts
FN:3,splitMaxTreeMapFilesAction
FNF:1
FNH:1
FNDA:41,splitMaxTreeMapFilesAction
DA:1,161
DA:4,41
LF:2
LH:2
BRF:0
BRH:0
end_of_record
TN:
SF:app/codeCharta/state/store/appSettings/panelSelection/panelSelection.actions.ts
FN:4,(anonymous_0)
FN:15,setPanelSelection
FNF:2
FNH:2
FNDA:162,(anonymous_0)
FNDA:1703,setPanelSelection
DA:2,162
DA:4,162
DA:5,162
DA:6,162
DA:16,1703
DA:22,162
LF:6
LH:6
BRDA:4,0,0,162
BRDA:4,0,1,162
BRDA:15,1,0,1647
BRF:3
BRH:3
end_of_record
TN:
SF:app/codeCharta/state/store/appSettings/panelSelection/panelSelection.reducer.ts
FN:3,panelSelection
FNF:1
FNH:1
FNDA:5299,panelSelection
DA:1,161
DA:4,5299
DA:6,58
DA:8,5241
LF:4
LH:4
BRDA:3,0,0,1646
BRDA:5,1,0,58
BRDA:5,1,1,5241
BRF:3
BRH:3
end_of_record
TN:
SF:app/codeCharta/state/store/appSettings/panelSelection/panelSelection.service.ts
FN:14,(anonymous_0)
FN:18,(anonymous_1)
FN:24,(anonymous_2)
FN:28,(anonymous_3)
FN:32,(anonymous_4)
FN:33,(anonymous_5)
FNF:6
FNH:5
FNDA:17,(anonymous_0)
FNDA:533,(anonymous_1)
FNDA:17,(anonymous_2)
FNDA:17,(anonymous_3)
FNDA:1,(anonymous_4)
FNDA:0,(anonymous_5)
DA:1,121
DA:3,121
DA:4,121
DA:12,121
DA:14,17
DA:15,17
DA:19,533
DA:20,17
DA:25,17
DA:29,17
DA:33,1
DA:34,0
LF:12
LH:11
BRDA:19,0,0,17
BRDA:19,0,1,516
BRF:2
BRH:2
end_of_record
TN:
SF:app/codeCharta/state/store/appSettings/panelSelection/panelSelection.splitter.ts
FN:4,splitPanelSelectionAction
FNF:1
FNH:1
FNDA:41,splitPanelSelectionAction
DA:1,161
DA:5,41
LF:2
LH:2
BRF:0
BRH:0
end_of_record
TN:
SF:app/codeCharta/state/store/appSettings/resetCameraIfNewFileIsLoaded/resetCameraIfNewFileIsLoaded.actions.ts
FN:3,(anonymous_0)
FN:14,setResetCameraIfNewFileIsLoaded
FNF:2
FNH:2
FNDA:162,(anonymous_0)
FNDA:1695,setResetCameraIfNewFileIsLoaded
DA:3,162
DA:4,162
DA:5,162
DA:17,1695
DA:23,162
LF:5
LH:5
BRDA:3,0,0,162
BRDA:3,0,1,162
BRDA:15,1,0,1647
BRF:3
BRH:3
end_of_record
TN:
SF:app/codeCharta/state/store/appSettings/resetCameraIfNewFileIsLoaded/resetCameraIfNewFileIsLoaded.reducer.ts
FN:7,resetCameraIfNewFileIsLoaded
FNF:1
FNH:1
FNDA:5299,resetCameraIfNewFileIsLoaded
DA:1,161
DA:11,5299
DA:13,50
DA:15,5249
LF:4
LH:4
BRDA:8,0,0,1646
BRDA:12,1,0,50
BRDA:12,1,1,5249
BRF:3
BRH:3
end_of_record
TN:
SF:app/codeCharta/state/store/appSettings/resetCameraIfNewFileIsLoaded/resetCameraIfNewFileIsLoaded.service.ts
FN:13,(anonymous_0)
FN:17,(anonymous_1)
FN:23,(anonymous_2)
FN:27,(anonymous_3)
FN:33,(anonymous_4)
FN:34,(anonymous_5)
FNF:6
FNH:5
FNDA:17,(anonymous_0)
FNDA:533,(anonymous_1)
FNDA:18,(anonymous_2)
FNDA:18,(anonymous_3)
FNDA:5,(anonymous_4)
FNDA:0,(anonymous_5)
DA:1,121
DA:3,121
DA:4,121
DA:11,121
DA:13,17
DA:14,17
DA:18,533
DA:19,18
DA:24,18
DA:28,18
DA:34,5
DA:35,0
LF:12
LH:11
BRDA:18,0,0,18
BRDA:18,0,1,515
BRF:2
BRH:2
end_of_record
TN:
SF:app/codeCharta/state/store/appSettings/resetCameraIfNewFileIsLoaded/resetCameraIfNewFileIsLoaded.splitter.ts
FN:3,splitResetCameraIfNewFileIsLoadedAction
FNF:1
FNH:1
FNDA:41,splitResetCameraIfNewFileIsLoadedAction
DA:1,161
DA:4,41
LF:2
LH:2
BRF:0
BRH:0
end_of_record
TN:
SF:app/codeCharta/state/store/appSettings/scaling/scaling.actions.ts
FN:4,(anonymous_0)
FN:15,setScaling
FNF:2
FNH:2
FNDA:163,(anonymous_0)
FNDA:1698,setScaling
DA:1,163
DA:4,163
DA:5,163
DA:6,163
DA:16,1698
DA:22,163
LF:6
LH:6
BRDA:4,0,0,163
BRDA:4,0,1,163
BRDA:15,1,0,1647
BRF:3
BRH:3
end_of_record
TN:
SF:app/codeCharta/state/store/appSettings/scaling/scaling.reducer.ts
FN:4,scaling
FNF:1
FNH:1
FNDA:5299,scaling
DA:1,161
DA:2,161
DA:5,5299
DA:7,52
DA:9,5247
LF:5
LH:5
BRDA:4,0,0,1646
BRDA:6,1,0,52
BRDA:6,1,1,5247
BRF:3
BRH:3
end_of_record
TN:
SF:app/codeCharta/state/store/appSettings/scaling/scaling.service.ts
FN:14,(anonymous_0)
FN:18,(anonymous_1)
FN:24,(anonymous_2)
FN:28,(anonymous_3)
FN:32,(anonymous_4)
FN:33,(anonymous_5)
FNF:6
FNH:6
FNDA:17,(anonymous_0)
FNDA:533,(anonymous_1)
FNDA:17,(anonymous_2)
FNDA:17,(anonymous_3)
FNDA:215,(anonymous_4)
FNDA:16,(anonymous_5)
DA:1,121
DA:3,121
DA:5,121
DA:12,121
DA:14,17
DA:15,17
DA:19,533
DA:20,17
DA:25,17
DA:29,17
DA:33,215
DA:34,16
LF:12
LH:12
BRDA:19,0,0,17
BRDA:19,0,1,516
BRF:2
BRH:2
end_of_record
TN:
SF:app/codeCharta/state/store/appSettings/scaling/scaling.splitter.ts
FN:4,splitScalingAction
FNF:1
FNH:1
FNDA:43,splitScalingAction
DA:1,161
DA:5,43
LF:2
LH:2
BRF:0
BRH:0
end_of_record
TN:
SF:app/codeCharta/state/store/appSettings/searchPanelMode/searchPanelMode.actions.ts
FN:4,(anonymous_0)
FN:15,setSearchPanelMode
FNF:2
FNH:2
FNDA:162,(anonymous_0)
FNDA:1703,setSearchPanelMode
DA:2,162
DA:4,162
DA:5,162
DA:6,162
DA:16,1703
DA:22,162
LF:6
LH:6
BRDA:4,0,0,162
BRDA:4,0,1,162
BRDA:15,1,0,1647
BRF:3
BRH:3
end_of_record
TN:
SF:app/codeCharta/state/store/appSettings/searchPanelMode/searchPanelMode.reducer.ts
FN:3,searchPanelMode
FNF:1
FNH:1
FNDA:5299,searchPanelMode
DA:1,161
DA:4,5299
DA:6,58
DA:8,5241
LF:4
LH:4
BRDA:3,0,0,1646
BRDA:5,1,0,58
BRDA:5,1,1,5241
BRF:3
BRH:3
end_of_record
TN:
SF:app/codeCharta/state/store/appSettings/searchPanelMode/searchPanelMode.service.ts
FN:14,(anonymous_0)
FN:18,(anonymous_1)
FN:24,(anonymous_2)
FN:28,(anonymous_3)
FN:34,(anonymous_4)
FN:35,(anonymous_5)
FNF:6
FNH:5
FNDA:17,(anonymous_0)
FNDA:533,(anonymous_1)
FNDA:17,(anonymous_2)
FNDA:17,(anonymous_3)
FNDA:13,(anonymous_4)
FNDA:0,(anonymous_5)
DA:1,121
DA:3,121
DA:5,121
DA:12,121
DA:14,17
DA:15,17
DA:19,533
DA:20,17
DA:25,17
DA:29,17
DA:35,13
DA:36,0
LF:12
LH:11
BRDA:19,0,0,17
BRDA:19,0,1,516
BRF:2
BRH:2
end_of_record
TN:
SF:app/codeCharta/state/store/appSettings/searchPanelMode/searchPanelMode.splitter.ts
FN:4,splitSearchPanelModeAction
FNF:1
FNH:1
FNDA:41,splitSearchPanelModeAction
DA:1,161
DA:5,41
LF:2
LH:2
BRF:0
BRH:0
end_of_record
TN:
SF:app/codeCharta/state/store/appSettings/sharpnessMode/sharpnessMode.actions.ts
FN:3,(anonymous_0)
FN:14,setSharpnessMode
FNF:2
FNH:2
FNDA:162,(anonymous_0)
FNDA:1710,setSharpnessMode
DA:1,162
DA:3,162
DA:4,162
DA:5,162
DA:15,1710
DA:21,162
LF:6
LH:6
BRDA:3,0,0,162
BRDA:3,0,1,162
BRDA:14,1,0,1647
BRF:3
BRH:3
end_of_record
TN:
SF:app/codeCharta/state/store/appSettings/sharpnessMode/sharpnessMode.reducer.ts
FN:4,sharpnessMode
FNF:1
FNH:1
FNDA:5299,sharpnessMode
DA:1,161
DA:5,5299
DA:7,65
DA:9,5234
LF:4
LH:4
BRDA:4,0,0,1646
BRDA:6,1,0,65
BRDA:6,1,1,5234
BRF:3
BRH:3
end_of_record
TN:
SF:app/codeCharta/state/store/appSettings/sharpnessMode/sharpnessMode.service.ts
FN:14,(anonymous_0)
FN:18,(anonymous_1)
FN:24,(anonymous_2)
FN:28,(anonymous_3)
FN:32,(anonymous_4)
FN:33,(anonymous_5)
FNF:6
FNH:5
FNDA:17,(anonymous_0)
FNDA:533,(anonymous_1)
FNDA:17,(anonymous_2)
FNDA:17,(anonymous_3)
FNDA:50,(anonymous_4)
FNDA:0,(anonymous_5)
DA:1,121
DA:3,121
DA:5,121
DA:12,121
DA:14,17
DA:15,17
DA:19,533
DA:20,17
DA:25,17
DA:29,17
DA:33,50
DA:34,0
LF:12
LH:11
BRDA:19,0,0,17
BRDA:19,0,1,516
BRF:2
BRH:2
end_of_record
TN:
SF:app/codeCharta/state/store/appSettings/sharpnessMode/sharpnessMode.splitter.ts
FN:4,splitSharpnessAction
FNF:1
FNH:1
FNDA:41,splitSharpnessAction
DA:1,161
DA:5,41
LF:2
LH:2
BRF:0
BRH:0
end_of_record
TN:
SF:app/codeCharta/state/store/appSettings/showMetricLabelNameValue/labelShowNodeNameService.ts
FN:13,(anonymous_0)
FN:17,(anonymous_1)
FN:23,(anonymous_2)
FN:27,(anonymous_3)
FN:33,(anonymous_4)
FN:34,(anonymous_5)
FNF:6
FNH:5
FNDA:17,(anonymous_0)
FNDA:533,(anonymous_1)
FNDA:17,(anonymous_2)
FNDA:17,(anonymous_3)
FNDA:9,(anonymous_4)
FNDA:0,(anonymous_5)
DA:1,121
DA:3,121
DA:4,121
DA:11,121
DA:13,17
DA:14,17
DA:18,533
DA:19,17
DA:24,17
DA:28,17
DA:34,9
DA:35,0
LF:12
LH:11
BRDA:18,0,0,17
BRDA:18,0,1,516
BRF:2
BRH:2
end_of_record
TN:
SF:app/codeCharta/state/store/appSettings/showMetricLabelNameValue/showMetricLabelNameValue.actions.ts
FN:3,(anonymous_0)
FN:14,setShowMetricLabelNameValue
FNF:2
FNH:2
FNDA:162,(anonymous_0)
FNDA:1691,setShowMetricLabelNameValue
DA:3,162
DA:4,162
DA:5,162
DA:17,1691
DA:23,162
LF:5
LH:5
BRDA:3,0,0,162
BRDA:3,0,1,162
BRDA:15,1,0,1647
BRF:3
BRH:3
end_of_record
TN:
SF:app/codeCharta/state/store/appSettings/showMetricLabelNameValue/showMetricLabelNameValue.reducer.ts
FN:7,showMetricLabelNameValue
FNF:1
FNH:1
FNDA:5299,showMetricLabelNameValue
DA:1,161
DA:8,5299
DA:10,46
DA:12,5253
LF:4
LH:4
BRDA:7,0,0,1646
BRDA:9,1,0,46
BRDA:9,1,1,5253
BRF:3
BRH:3
end_of_record
TN:
SF:app/codeCharta/state/store/appSettings/showMetricLabelNameValue/showMetricLabelNameValue.splitter.ts
FN:3,splitShowMetricLabelNameValueAction
FNF:1
FNH:1
FNDA:41,splitShowMetricLabelNameValueAction
DA:1,161
DA:4,41
LF:2
LH:2
BRF:0
BRH:0
end_of_record
TN:
SF:app/codeCharta/state/store/appSettings/showMetricLabelNodeName/labelShowMetricValueService.ts
FN:13,(anonymous_0)
FN:17,(anonymous_1)
FN:23,(anonymous_2)
FN:27,(anonymous_3)
FN:33,(anonymous_4)
FN:34,(anonymous_5)
FNF:6
FNH:5
FNDA:17,(anonymous_0)
FNDA:533,(anonymous_1)
FNDA:17,(anonymous_2)
FNDA:17,(anonymous_3)
FNDA:11,(anonymous_4)
FNDA:0,(anonymous_5)
DA:1,121
DA:3,121
DA:4,121
DA:11,121
DA:13,17
DA:14,17
DA:18,533
DA:19,17
DA:24,17
DA:28,17
DA:34,11
DA:35,0
LF:12
LH:11
BRDA:18,0,0,17
BRDA:18,0,1,516
BRF:2
BRH:2
end_of_record
TN:
SF:app/codeCharta/state/store/appSettings/showMetricLabelNodeName/showMetricLabelNodeName.actions.ts
FN:3,(anonymous_0)
FN:14,setShowMetricLabelNodeName
FNF:2
FNH:2
FNDA:162,(anonymous_0)
FNDA:1691,setShowMetricLabelNodeName
DA:3,162
DA:4,162
DA:5,162
DA:17,1691
DA:23,162
LF:5
LH:5
BRDA:3,0,0,162
BRDA:3,0,1,162
BRDA:15,1,0,1647
BRF:3
BRH:3
end_of_record
TN:
SF:app/codeCharta/state/store/appSettings/showMetricLabelNodeName/showMetricLabelNodeName.reducer.ts
FN:7,showMetricLabelNodeName
FNF:1
FNH:1
FNDA:5299,showMetricLabelNodeName
DA:1,161
DA:8,5299
DA:10,46
DA:12,5253
LF:4
LH:4
BRDA:7,0,0,1646
BRDA:9,1,0,46
BRDA:9,1,1,5253
BRF:3
BRH:3
end_of_record
TN:
SF:app/codeCharta/state/store/appSettings/showMetricLabelNodeName/showMetricLabelNodeName.splitter.ts
FN:3,splitShowMetricLabelNodeNameAction
FNF:1
FNH:1
FNDA:41,splitShowMetricLabelNodeNameAction
DA:1,161
DA:4,41
LF:2
LH:2
BRF:0
BRH:0
end_of_record
TN:
SF:app/codeCharta/state/store/appSettings/showOnlyBuildingsWithEdges/showOnlyBuildingsWithEdges.actions.ts
FN:3,(anonymous_0)
FN:14,setShowOnlyBuildingsWithEdges
FNF:2
FNH:2
FNDA:162,(anonymous_0)
FNDA:1694,setShowOnlyBuildingsWithEdges
DA:3,162
DA:4,162
DA:5,162
DA:17,1694
DA:23,162
LF:5
LH:5
BRDA:3,0,0,162
BRDA:3,0,1,162
BRDA:15,1,0,1647
BRF:3
BRH:3
end_of_record
TN:
SF:app/codeCharta/state/store/appSettings/showOnlyBuildingsWithEdges/showOnlyBuildingsWithEdges.reducer.ts
FN:7,showOnlyBuildingsWithEdges
FNF:1
FNH:1
FNDA:5299,showOnlyBuildingsWithEdges
DA:1,161
DA:8,5299
DA:10,49
DA:12,5250
LF:4
LH:4
BRDA:7,0,0,1646
BRDA:9,1,0,49
BRDA:9,1,1,5250
BRF:3
BRH:3
end_of_record
TN:
SF:app/codeCharta/state/store/appSettings/showOnlyBuildingsWithEdges/showOnlyBuildingsWithEdges.service.ts
FN:13,(anonymous_0)
FN:17,(anonymous_1)
FN:23,(anonymous_2)
FN:27,(anonymous_3)
FN:33,(anonymous_4)
FN:34,(anonymous_5)
FNF:6
FNH:5
FNDA:17,(anonymous_0)
FNDA:533,(anonymous_1)
FNDA:17,(anonymous_2)
FNDA:17,(anonymous_3)
FNDA:5,(anonymous_4)
FNDA:0,(anonymous_5)
DA:1,121
DA:3,121
DA:4,121
DA:11,121
DA:13,17
DA:14,17
DA:18,533
DA:19,17
DA:24,17
DA:28,17
DA:34,5
DA:35,0
LF:12
LH:11
BRDA:18,0,0,17
BRDA:18,0,1,516
BRF:2
BRH:2
end_of_record
TN:
SF:app/codeCharta/state/store/appSettings/showOnlyBuildingsWithEdges/showOnlyBuildingsWithEdges.splitter.ts
FN:3,splitShowOnlyBuildingsWithEdgesAction
FNF:1
FNH:1
FNDA:41,splitShowOnlyBuildingsWithEdgesAction
DA:1,161
DA:4,41
LF:2
LH:2
BRF:0
BRH:0
end_of_record
TN:
SF:app/codeCharta/state/store/appSettings/sortingOrderAscending/sortingOrderAscending.actions.ts
FN:3,(anonymous_0)
FN:14,setSortingOrderAscending
FNF:2
FNH:2
FNDA:162,(anonymous_0)
FNDA:1690,setSortingOrderAscending
DA:3,162
DA:4,162
DA:5,162
DA:15,1690
DA:21,162
LF:5
LH:5
BRDA:3,0,0,162
BRDA:3,0,1,162
BRDA:14,1,0,1647
BRF:3
BRH:3
end_of_record
TN:
SF:app/codeCharta/state/store/appSettings/sortingOrderAscending/sortingOrderAscending.reducer.ts
FN:3,sortingOrderAscending
FNF:1
FNH:1
FNDA:5299,sortingOrderAscending
DA:1,161
DA:4,5299
DA:6,45
DA:8,5254
LF:4
LH:4
BRDA:3,0,0,1646
BRDA:5,1,0,45
BRDA:5,1,1,5254
BRF:3
BRH:3
end_of_record
TN:
SF:app/codeCharta/state/store/appSettings/sortingOrderAscending/sortingOrderAscending.service.ts
FN:13,(anonymous_0)
FN:17,(anonymous_1)
FN:23,(anonymous_2)
FN:27,(anonymous_3)
FN:33,(anonymous_4)
FN:34,(anonymous_5)
FNF:6
FNH:5
FNDA:17,(anonymous_0)
FNDA:533,(anonymous_1)
FNDA:17,(anonymous_2)
FNDA:17,(anonymous_3)
FNDA:6,(anonymous_4)
FNDA:0,(anonymous_5)
DA:1,121
DA:3,121
DA:4,121
DA:11,121
DA:13,17
DA:14,17
DA:18,533
DA:19,17
DA:24,17
DA:28,17
DA:34,6
DA:35,0
LF:12
LH:11
BRDA:18,0,0,17
BRDA:18,0,1,516
BRF:2
BRH:2
end_of_record
TN:
SF:app/codeCharta/state/store/appSettings/sortingOrderAscending/sortingOrderAscending.splitter.ts
FN:3,splitSortingOrderAscendingAction
FNF:1
FNH:1
FNDA:41,splitSortingOrderAscendingAction
DA:1,161
DA:4,41
LF:2
LH:2
BRF:0
BRH:0
end_of_record
TN:
SF:app/codeCharta/state/store/appSettings/whiteColorBuildings/whiteColorBuildings.actions.ts
FN:3,(anonymous_0)
FN:14,setWhiteColorBuildings
FNF:2
FNH:2
FNDA:162,(anonymous_0)
FNDA:1690,setWhiteColorBuildings
DA:3,162
DA:4,162
DA:5,162
DA:15,1690
DA:21,162
LF:5
LH:5
BRDA:3,0,0,162
BRDA:3,0,1,162
BRDA:14,1,0,1647
BRF:3
BRH:3
end_of_record
TN:
SF:app/codeCharta/state/store/appSettings/whiteColorBuildings/whiteColorBuildings.reducer.ts
FN:3,whiteColorBuildings
FNF:1
FNH:1
FNDA:5299,whiteColorBuildings
DA:1,161
DA:4,5299
DA:6,45
DA:8,5254
LF:4
LH:4
BRDA:3,0,0,1646
BRDA:5,1,0,45
BRDA:5,1,1,5254
BRF:3
BRH:3
end_of_record
TN:
SF:app/codeCharta/state/store/appSettings/whiteColorBuildings/whiteColorBuildings.service.ts
FN:13,(anonymous_0)
FN:17,(anonymous_1)
FN:23,(anonymous_2)
FN:27,(anonymous_3)
FN:33,(anonymous_4)
FN:34,(anonymous_5)
FNF:6
FNH:5
FNDA:17,(anonymous_0)
FNDA:533,(anonymous_1)
FNDA:17,(anonymous_2)
FNDA:17,(anonymous_3)
FNDA:7,(anonymous_4)
FNDA:0,(anonymous_5)
DA:1,121
DA:3,121
DA:4,121
DA:11,121
DA:13,17
DA:14,17
DA:18,533
DA:19,17
DA:24,17
DA:28,17
DA:34,7
DA:35,0
LF:12
LH:11
BRDA:18,0,0,17
BRDA:18,0,1,516
BRF:2
BRH:2
end_of_record
TN:
SF:app/codeCharta/state/store/appSettings/whiteColorBuildings/whiteColorBuildings.splitter.ts
FN:3,splitWhiteColorBuildingsAction
FNF:1
FNH:1
FNDA:41,splitWhiteColorBuildingsAction
DA:1,161
DA:4,41
LF:2
LH:2
BRF:0
BRH:0
end_of_record
TN:
SF:app/codeCharta/state/store/dynamicSettings/dynamicSettings.actions.ts
FN:16,(anonymous_0)
FN:27,setDynamicSettings
FNF:2
FNH:2
FNDA:161,(anonymous_0)
FNDA:17,setDynamicSettings
DA:4,161
DA:5,161
DA:6,161
DA:7,161
DA:8,161
DA:9,161
DA:10,161
DA:11,161
DA:12,161
DA:13,161
DA:14,161
DA:16,161
DA:17,161
DA:18,161
DA:28,17
DA:34,161
LF:16
LH:16
BRDA:16,0,0,161
BRDA:16,0,1,161
BRDA:27,1,0,0
BRF:3
BRH:2
end_of_record
TN:
SF:app/codeCharta/state/store/dynamicSettings/dynamicSettings.reducer.ts
FNF:0
FNH:0
DA:2,160
DA:3,160
DA:4,160
DA:5,160
DA:6,160
DA:7,160
DA:8,160
DA:9,160
DA:10,160
DA:11,160
DA:12,160
DA:13,160
DA:15,160
LF:13
LH:13
BRF:0
BRH:0
end_of_record
TN:
SF:app/codeCharta/state/store/dynamicSettings/dynamicSettings.splitter.ts
FN:16,splitDynamicSettingsActions
FNF:1
FNH:1
FNDA:45,splitDynamicSettingsActions
DA:4,161
DA:5,161
DA:6,161
DA:7,161
DA:8,161
DA:9,161
DA:10,161
DA:11,161
DA:12,161
DA:13,161
DA:14,161
DA:17,45
DA:20,45
DA:21,38
DA:24,45
DA:25,38
DA:28,45
DA:29,38
DA:32,45
DA:33,38
DA:36,45
DA:37,38
DA:40,45
DA:41,38
DA:44,45
DA:45,40
DA:48,45
DA:49,43
DA:52,45
DA:53,38
DA:56,45
DA:57,42
DA:60,45
DA:61,43
DA:64,45
LF:35
LH:35
BRDA:20,0,0,38
BRDA:20,0,1,7
BRDA:24,1,0,38
BRDA:24,1,1,7
BRDA:28,2,0,38
BRDA:28,2,1,7
BRDA:32,3,0,38
BRDA:32,3,1,7
BRDA:36,4,0,38
BRDA:36,4,1,7
BRDA:40,5,0,38
BRDA:40,5,1,7
BRDA:44,6,0,40
BRDA:44,6,1,5
BRDA:48,7,0,43
BRDA:48,7,1,2
BRDA:52,8,0,38
BRDA:52,8,1,7
BRDA:56,9,0,42
BRDA:56,9,1,3
BRDA:60,10,0,43
BRDA:60,10,1,2
BRF:22
BRH:22
end_of_record
TN:
SF:app/codeCharta/state/store/dynamicSettings/areaMetric/areaMetric.actions.ts
FN:3,(anonymous_0)
FN:14,setAreaMetric
FNF:2
FNH:2
FNDA:162,(anonymous_0)
FNDA:1697,setAreaMetric
DA:3,162
DA:4,162
DA:5,162
DA:15,1697
DA:21,162
LF:5
LH:5
BRDA:3,0,0,162
BRDA:3,0,1,162
BRDA:14,1,0,1647
BRF:3
BRH:3
end_of_record
TN:
SF:app/codeCharta/state/store/dynamicSettings/areaMetric/areaMetric.reducer.ts
FN:3,areaMetric
FNF:1
FNH:1
FNDA:5299,areaMetric
DA:1,161
DA:4,5299
DA:6,50
DA:8,5249
LF:4
LH:4
BRDA:3,0,0,1646
BRDA:5,1,0,50
BRDA:5,1,1,5249
BRF:3
BRH:3
end_of_record
TN:
SF:app/codeCharta/state/store/dynamicSettings/areaMetric/areaMetric.service.ts
FN:16,(anonymous_0)
FN:21,(anonymous_1)
FN:27,(anonymous_2)
FN:33,(anonymous_3)
FN:42,(anonymous_4)
FN:46,(anonymous_5)
FN:50,(anonymous_6)
FN:51,(anonymous_7)
FNF:8
FNH:7
FNDA:22,(anonymous_0)
FNDA:533,(anonymous_1)
FNDA:3,(anonymous_2)
FNDA:2,(anonymous_3)
FNDA:1,(anonymous_4)
FNDA:1,(anonymous_5)
FNDA:22,(anonymous_6)
FNDA:0,(anonymous_7)
DA:1,121
DA:3,121
DA:5,121
DA:6,121
DA:7,121
DA:14,121
DA:16,22
DA:17,22
DA:18,22
DA:22,533
DA:23,1
DA:28,3
DA:29,2
DA:34,2
DA:36,2
DA:37,1
DA:38,1
DA:43,1
DA:47,1
DA:51,22
DA:52,0
LF:21
LH:20
BRDA:22,0,0,1
BRDA:22,0,1,532
BRDA:28,1,0,2
BRDA:28,1,1,1
BRDA:36,2,0,1
BRDA:36,2,1,1
BRF:6
BRH:6
end_of_record
TN:
SF:app/codeCharta/state/store/dynamicSettings/areaMetric/areaMetric.splitter.ts
FN:3,splitAreaMetricAction
FNF:1
FNH:1
FNDA:43,splitAreaMetricAction
DA:1,161
DA:4,43
LF:2
LH:2
BRF:0
BRH:0
end_of_record
TN:
SF:app/codeCharta/state/store/dynamicSettings/colorMetric/colorMetric.actions.ts
FN:3,(anonymous_0)
FN:14,setColorMetric
FNF:2
FNH:2
FNDA:162,(anonymous_0)
FNDA:1694,setColorMetric
DA:3,162
DA:4,162
DA:5,162
DA:15,1694
DA:21,162
LF:5
LH:5
BRDA:3,0,0,162
BRDA:3,0,1,162
BRDA:14,1,0,1647
BRF:3
BRH:3
end_of_record
TN:
SF:app/codeCharta/state/store/dynamicSettings/colorMetric/colorMetric.reducer.ts
FN:3,colorMetric
FNF:1
FNH:1
FNDA:5299,colorMetric
DA:1,161
DA:4,5299
DA:6,48
DA:8,5251
LF:4
LH:4
BRDA:3,0,0,1646
BRDA:5,1,0,48
BRDA:5,1,1,5251
BRF:3
BRH:3
end_of_record
TN:
SF:app/codeCharta/state/store/dynamicSettings/colorMetric/colorMetric.service.ts
FN:16,(anonymous_0)
FN:21,(anonymous_1)
FN:27,(anonymous_2)
FN:33,(anonymous_3)
FN:42,(anonymous_4)
FN:46,(anonymous_5)
FN:50,(anonymous_6)
FN:51,(anonymous_7)
FNF:8
FNH:7
FNDA:23,(anonymous_0)
FNDA:533,(anonymous_1)
FNDA:4,(anonymous_2)
FNDA:3,(anonymous_3)
FNDA:1,(anonymous_4)
FNDA:1,(anonymous_5)
FNDA:37,(anonymous_6)
FNDA:0,(anonymous_7)
DA:1,121
DA:3,121
DA:5,121
DA:6,121
DA:7,121
DA:14,121
DA:16,23
DA:17,23
DA:18,23
DA:22,533
DA:23,1
DA:28,4
DA:29,3
DA:34,3
DA:36,3
DA:37,2
DA:38,2
DA:43,1
DA:47,1
DA:51,37
DA:52,0
LF:21
LH:20
BRDA:22,0,0,1
BRDA:22,0,1,532
BRDA:28,1,0,3
BRDA:28,1,1,1
BRDA:36,2,0,2
BRDA:36,2,1,1
BRF:6
BRH:6
end_of_record
TN:
SF:app/codeCharta/state/store/dynamicSettings/colorMetric/colorMetric.splitter.ts
FN:3,splitColorMetricAction
FNF:1
FNH:1
FNDA:42,splitColorMetricAction
DA:1,161
DA:4,42
LF:2
LH:2
BRF:0
BRH:0
end_of_record
TN:
SF:app/codeCharta/state/store/dynamicSettings/colorRange/colorRange.actions.ts
FN:3,(anonymous_0)
FN:14,setColorRange
FNF:2
FNH:2
FNDA:162,(anonymous_0)
FNDA:1690,setColorRange
DA:3,162
DA:4,162
DA:5,162
DA:15,1690
DA:21,162
LF:5
LH:5
BRDA:3,0,0,162
BRDA:3,0,1,162
BRDA:14,1,0,1647
BRF:3
BRH:3
end_of_record
TN:
SF:app/codeCharta/state/store/dynamicSettings/colorRange/colorRange.reducer.ts
FN:3,colorRange
FNF:1
FNH:1
FNDA:5299,colorRange
DA:1,161
DA:4,5299
DA:6,42
DA:8,5257
LF:4
LH:4
BRDA:3,0,0,1646
BRDA:5,1,0,42
BRDA:5,1,1,5257
BRF:3
BRH:3
end_of_record
TN:
SF:app/codeCharta/state/store/dynamicSettings/colorRange/colorRange.reset.ts
FN:3,getResetColorRange
FNF:1
FNH:1
FNDA:1,getResetColorRange
DA:4,1
DA:5,1
DA:6,1
LF:3
LH:3
BRF:0
BRH:0
end_of_record
TN:
SF:app/codeCharta/state/store/dynamicSettings/colorRange/colorRange.service.ts
FN:18,(anonymous_0)
FN:28,(anonymous_1)
FN:35,(anonymous_2)
FN:39,(anonymous_3)
FN:43,(anonymous_4)
FN:51,(anonymous_5)
FN:59,(anonymous_6)
FN:63,(anonymous_7)
FN:67,(anonymous_8)
FN:68,(anonymous_9)
FNF:10
FNH:8
FNDA:42,(anonymous_0)
FNDA:719,(anonymous_1)
FNDA:0,(anonymous_2)
FNDA:1,(anonymous_3)
FNDA:1,(anonymous_4)
FNDA:1,(anonymous_5)
FNDA:1,(anonymous_6)
FNDA:1,(anonymous_7)
FNDA:20,(anonymous_8)
FNDA:0,(anonymous_9)
DA:1,121
DA:3,121
DA:5,121
DA:6,121
DA:7,121
DA:8,121
DA:16,121
DA:19,42
DA:20,42
DA:21,42
DA:23,42
DA:24,42
DA:25,42
DA:29,719
DA:30,1
DA:31,1
DA:36,0
DA:40,1
DA:44,1
DA:45,1
DA:46,1
DA:47,0
DA:52,1
DA:53,1
DA:55,1
DA:56,1
DA:60,1
DA:64,1
DA:68,20
DA:69,0
LF:30
LH:27
BRDA:29,0,0,1
BRDA:29,0,1,718
BRDA:46,1,0,0
BRDA:46,1,1,1
BRDA:46,2,0,1
BRDA:46,2,1,0
BRDA:46,2,2,0
BRF:7
BRH:4
end_of_record
TN:
SF:app/codeCharta/state/store/dynamicSettings/colorRange/colorRange.splitter.ts
FN:4,splitColorRangeAction
FNF:1
FNH:1
FNDA:38,splitColorRangeAction
DA:1,161
DA:5,38
LF:2
LH:2
BRF:0
BRH:0
end_of_record
TN:
SF:app/codeCharta/state/store/dynamicSettings/distributionMetric/distributionMetric.actions.ts
FN:3,(anonymous_0)
FN:14,setDistributionMetric
FNF:2
FNH:2
FNDA:162,(anonymous_0)
FNDA:1694,setDistributionMetric
DA:3,162
DA:4,162
DA:5,162
DA:15,1694
DA:21,162
LF:5
LH:5
BRDA:3,0,0,162
BRDA:3,0,1,162
BRDA:14,1,0,1647
BRF:3
BRH:3
end_of_record
TN:
SF:app/codeCharta/state/store/dynamicSettings/distributionMetric/distributionMetric.reducer.ts
FN:3,distributionMetric
FNF:1
FNH:1
FNDA:5299,distributionMetric
DA:1,161
DA:4,5299
DA:6,48
DA:8,5251
LF:4
LH:4
BRDA:3,0,0,1646
BRDA:5,1,0,48
BRDA:5,1,1,5251
BRF:3
BRH:3
end_of_record
TN:
SF:app/codeCharta/state/store/dynamicSettings/distributionMetric/distributionMetric.service.ts
FN:16,(anonymous_0)
FN:21,(anonymous_1)
FN:27,(anonymous_2)
FN:33,(anonymous_3)
FN:38,(anonymous_4)
FN:42,(anonymous_5)
FN:48,(anonymous_6)
FN:49,(anonymous_7)
FNF:8
FNH:7
FNDA:24,(anonymous_0)
FNDA:533,(anonymous_1)
FNDA:3,(anonymous_2)
FNDA:4,(anonymous_3)
FNDA:1,(anonymous_4)
FNDA:1,(anonymous_5)
FNDA:7,(anonymous_6)
FNDA:0,(anonymous_7)
DA:1,121
DA:3,121
DA:5,121
DA:6,121
DA:7,121
DA:14,121
DA:16,24
DA:17,24
DA:18,24
DA:22,533
DA:23,1
DA:28,3
DA:29,2
DA:34,4
DA:35,4
DA:39,1
DA:43,1
DA:49,7
DA:50,0
LF:19
LH:18
BRDA:22,0,0,1
BRDA:22,0,1,532
BRDA:28,1,0,2
BRDA:28,1,1,1
BRF:4
BRH:4
end_of_record
TN:
SF:app/codeCharta/state/store/dynamicSettings/distributionMetric/distributionMetric.splitter.ts
FN:3,splitDistributionMetricAction
FNF:1
FNH:1
FNDA:38,splitDistributionMetricAction
DA:1,161
DA:4,38
LF:2
LH:2
BRF:0
BRH:0
end_of_record
TN:
SF:app/codeCharta/state/store/dynamicSettings/edgeMetric/edgeMetric.actions.ts
FN:3,(anonymous_0)
FN:14,setEdgeMetric
FNF:2
FNH:2
FNDA:162,(anonymous_0)
FNDA:1691,setEdgeMetric
DA:3,162
DA:4,162
DA:5,162
DA:15,1691
DA:21,162
LF:5
LH:5
BRDA:3,0,0,162
BRDA:3,0,1,162
BRDA:14,1,0,1647
BRF:3
BRH:3
end_of_record
TN:
SF:app/codeCharta/state/store/dynamicSettings/edgeMetric/edgeMetric.reducer.ts
FN:3,edgeMetric
FNF:1
FNH:1
FNDA:5299,edgeMetric
DA:1,161
DA:4,5299
DA:6,46
DA:8,5253
LF:4
LH:4
BRDA:3,0,0,1646
BRDA:5,1,0,46
BRDA:5,1,1,5253
BRF:3
BRH:3
end_of_record
TN:
SF:app/codeCharta/state/store/dynamicSettings/edgeMetric/edgeMetric.service.ts
FN:15,(anonymous_0)
FN:20,(anonymous_1)
FN:26,(anonymous_2)
FN:28,(anonymous_3)
FN:33,(anonymous_4)
FN:37,(anonymous_5)
FN:41,(anonymous_6)
FN:45,(anonymous_7)
FN:46,(anonymous_8)
FNF:9
FNH:8
FNDA:21,(anonymous_0)
FNDA:533,(anonymous_1)
FNDA:2,(anonymous_2)
FNDA:3,(anonymous_3)
FNDA:1,(anonymous_4)
FNDA:1,(anonymous_5)
FNDA:1,(anonymous_6)
FNDA:24,(anonymous_7)
FNDA:0,(anonymous_8)
DA:1,121
DA:3,121
DA:5,121
DA:6,121
DA:13,121
DA:15,21
DA:16,21
DA:17,21
DA:21,533
DA:22,1
DA:27,2
DA:28,3
DA:29,1
DA:34,1
DA:38,1
DA:42,1
DA:46,24
DA:47,0
LF:18
LH:17
BRDA:21,0,0,1
BRDA:21,0,1,532
BRDA:28,1,0,1
BRDA:28,1,1,1
BRF:4
BRH:4
end_of_record
TN:
SF:app/codeCharta/state/store/dynamicSettings/edgeMetric/edgeMetric.splitter.ts
FN:3,splitEdgeMetricAction
FNF:1
FNH:1
FNDA:38,splitEdgeMetricAction
DA:1,161
DA:4,38
LF:2
LH:2
BRF:0
BRH:0
end_of_record
TN:
SF:app/codeCharta/state/store/dynamicSettings/focusedNodePath/focusedNodePath.actions.ts
FN:3,(anonymous_0)
FN:20,focusNode
FN:27,unfocusNode
FNF:3
FNH:3
FNDA:161,(anonymous_0)
FNDA:1699,focusNode
FNDA:23,unfocusNode
DA:3,161
DA:4,161
DA:5,161
DA:6,161
DA:21,1699
DA:28,23
DA:34,161
LF:7
LH:7
BRDA:3,0,0,161
BRDA:3,0,1,161
BRDA:20,1,0,1648
BRF:3
BRH:3
end_of_record
TN:
SF:app/codeCharta/state/store/dynamicSettings/focusedNodePath/focusedNodePath.reducer.ts
FN:4,focusedNodePath
FNF:1
FNH:1
FNDA:5301,focusedNodePath
DA:1,160
DA:2,160
DA:5,5301
DA:7,52
DA:9,24
DA:11,5225
LF:6
LH:6
BRDA:4,0,0,1646
BRDA:6,1,0,52
BRDA:6,1,1,24
BRDA:6,1,2,5225
BRDA:7,2,0,1
BRDA:7,2,1,51
BRF:6
BRH:6
end_of_record
TN:
SF:app/codeCharta/state/store/dynamicSettings/focusedNodePath/focusedNodePath.service.ts
FN:18,(anonymous_0)
FN:23,(anonymous_1)
FN:31,(anonymous_2)
FN:37,(anonymous_3)
FN:41,(anonymous_4)
FN:45,(anonymous_5)
FN:49,(anonymous_6)
FN:53,(anonymous_7)
FN:54,(anonymous_8)
FN:59,(anonymous_9)
FN:60,(anonymous_10)
FNF:11
FNH:9
FNDA:21,(anonymous_0)
FNDA:534,(anonymous_1)
FNDA:1,(anonymous_2)
FNDA:1,(anonymous_3)
FNDA:1,(anonymous_4)
FNDA:1,(anonymous_5)
FNDA:1,(anonymous_6)
FNDA:54,(anonymous_7)
FNDA:0,(anonymous_8)
FNDA:56,(anonymous_9)
FNDA:0,(anonymous_10)
DA:1,121
DA:3,121
DA:4,121
DA:15,121
DA:16,121
DA:18,21
DA:19,21
DA:20,21
DA:24,534
DA:25,1
DA:26,533
DA:27,1
DA:32,1
DA:33,1
DA:38,1
DA:42,1
DA:46,1
DA:50,1
DA:54,54
DA:55,0
DA:60,56
DA:61,0
LF:22
LH:20
BRDA:24,0,0,1
BRDA:24,0,1,533
BRDA:26,1,0,1
BRDA:26,1,1,532
BRDA:32,2,0,1
BRDA:32,2,1,0
BRF:6
BRH:5
end_of_record
TN:
SF:app/codeCharta/state/store/dynamicSettings/focusedNodePath/focusedNodePath.splitter.ts
FN:3,splitFocusedNodePathAction
FNF:1
FNH:1
FNDA:40,splitFocusedNodePathAction
DA:1,161
DA:4,40
DA:5,1
DA:7,39
LF:4
LH:4
BRDA:4,0,0,1
BRDA:4,0,1,39
BRF:2
BRH:2
end_of_record
TN:
SF:app/codeCharta/state/store/dynamicSettings/heightMetric/heightMetric.actions.ts
FN:3,(anonymous_0)
FN:14,setHeightMetric
FNF:2
FNH:2
FNDA:162,(anonymous_0)
FNDA:1712,setHeightMetric
DA:3,162
DA:4,162
DA:5,162
DA:15,1712
DA:21,162
LF:5
LH:5
BRDA:3,0,0,162
BRDA:3,0,1,162
BRDA:14,1,0,1647
BRF:3
BRH:3
end_of_record
TN:
SF:app/codeCharta/state/store/dynamicSettings/heightMetric/heightMetric.reducer.ts
FN:3,heightMetric
FNF:1
FNH:1
FNDA:5299,heightMetric
DA:1,161
DA:4,5299
DA:6,65
DA:8,5234
LF:4
LH:4
BRDA:3,0,0,1646
BRDA:5,1,0,65
BRDA:5,1,1,5234
BRF:3
BRH:3
end_of_record
TN:
SF:app/codeCharta/state/store/dynamicSettings/heightMetric/heightMetric.service.ts
FN:16,(anonymous_0)
FN:21,(anonymous_1)
FN:27,(anonymous_2)
FN:33,(anonymous_3)
FN:42,(anonymous_4)
FN:46,(anonymous_5)
FN:50,(anonymous_6)
FN:51,(anonymous_7)
FNF:8
FNH:7
FNDA:23,(anonymous_0)
FNDA:533,(anonymous_1)
FNDA:4,(anonymous_2)
FNDA:3,(anonymous_3)
FNDA:1,(anonymous_4)
FNDA:1,(anonymous_5)
FNDA:10,(anonymous_6)
FNDA:0,(anonymous_7)
DA:1,121
DA:3,121
DA:5,121
DA:6,121
DA:7,121
DA:14,121
DA:16,23
DA:17,23
DA:18,23
DA:22,533
DA:23,1
DA:28,4
DA:29,3
DA:34,3
DA:36,3
DA:37,2
DA:38,2
DA:43,1
DA:47,1
DA:51,10
DA:52,0
LF:21
LH:20
BRDA:22,0,0,1
BRDA:22,0,1,532
BRDA:28,1,0,3
BRDA:28,1,1,1
BRDA:36,2,0,2
BRDA:36,2,1,1
BRF:6
BRH:6
end_of_record
TN:
SF:app/codeCharta/state/store/dynamicSettings/heightMetric/heightMetric.splitter.ts
FN:3,splitHeightMetricAction
FNF:1
FNH:1
FNDA:43,splitHeightMetricAction
DA:1,161
DA:4,43
LF:2
LH:2
BRF:0
BRH:0
end_of_record
TN:
SF:app/codeCharta/state/store/dynamicSettings/margin/margin.actions.ts
FN:3,(anonymous_0)
FN:14,setMargin
FNF:2
FNH:2
FNDA:162,(anonymous_0)
FNDA:1693,setMargin
DA:3,162
DA:4,162
DA:5,162
DA:15,1693
DA:21,162
LF:5
LH:5
BRDA:3,0,0,162
BRDA:3,0,1,162
BRDA:14,1,0,1647
BRF:3
BRH:3
end_of_record
TN:
SF:app/codeCharta/state/store/dynamicSettings/margin/margin.reducer.ts
FN:3,margin
FNF:1
FNH:1
FNDA:5299,margin
DA:1,161
DA:4,5299
DA:6,46
DA:8,5253
LF:4
LH:4
BRDA:3,0,0,1646
BRDA:5,1,0,46
BRDA:5,1,1,5253
BRF:3
BRH:3
end_of_record
TN:
SF:app/codeCharta/state/store/dynamicSettings/margin/margin.reset.ts
FN:5,getResetMargin
FNF:1
FNH:1
FNDA:20,getResetMargin
DA:3,121
DA:6,20
DA:7,3
DA:9,17
LF:4
LH:4
BRDA:6,0,0,3
BRDA:6,0,1,17
BRDA:6,1,0,20
BRDA:6,1,1,19
BRF:4
BRH:4
end_of_record
TN:
SF:app/codeCharta/state/store/dynamicSettings/margin/margin.service.ts
FN:17,(anonymous_0)
FN:27,(anonymous_1)
FN:33,(anonymous_2)
FN:37,(anonymous_3)
FN:41,(anonymous_4)
FN:53,(anonymous_5)
FN:57,(anonymous_6)
FN:61,(anonymous_7)
FN:62,(anonymous_8)
FNF:9
FNH:7
FNDA:25,(anonymous_0)
FNDA:533,(anonymous_1)
FNDA:0,(anonymous_2)
FNDA:16,(anonymous_3)
FNDA:20,(anonymous_4)
FNDA:1,(anonymous_5)
FNDA:1,(anonymous_6)
FNDA:3,(anonymous_7)
FNDA:0,(anonymous_8)
DA:1,121
DA:3,121
DA:4,121
DA:6,121
DA:7,121
DA:8,121
DA:15,121
DA:18,25
DA:19,25
DA:20,25
DA:22,25
DA:23,25
DA:24,25
DA:28,533
DA:29,1
DA:34,0
DA:38,16
DA:42,20
DA:43,20
DA:44,20
DA:46,20
DA:48,20
DA:49,2
DA:54,1
DA:58,1
DA:62,3
DA:63,0
LF:27
LH:25
BRDA:28,0,0,1
BRDA:28,0,1,532
BRDA:48,1,0,2
BRDA:48,1,1,18
BRDA:48,2,0,20
BRDA:48,2,1,3
BRF:6
BRH:6
end_of_record
TN:
SF:app/codeCharta/state/store/dynamicSettings/margin/margin.splitter.ts
FN:3,splitMarginAction
FNF:1
FNH:1
FNDA:38,splitMarginAction
DA:1,161
DA:4,38
LF:2
LH:2
BRF:0
BRH:0
end_of_record
TN:
SF:app/codeCharta/state/store/dynamicSettings/searchPattern/searchPattern.actions.ts
FN:3,(anonymous_0)
FN:14,setSearchPattern
FNF:2
FNH:2
FNDA:162,(anonymous_0)
FNDA:1693,setSearchPattern
DA:3,162
DA:4,162
DA:5,162
DA:15,1693
DA:21,162
LF:5
LH:5
BRDA:3,0,0,162
BRDA:3,0,1,162
BRDA:14,1,0,1649
BRF:3
BRH:3
end_of_record
TN:
SF:app/codeCharta/state/store/dynamicSettings/searchPattern/searchPattern.reducer.ts
FN:3,searchPattern
FNF:1
FNH:1
FNDA:5299,searchPattern
DA:1,161
DA:4,5299
DA:6,48
DA:8,5251
LF:4
LH:4
BRDA:3,0,0,1646
BRDA:5,1,0,48
BRDA:5,1,1,5251
BRF:3
BRH:3
end_of_record
TN:
SF:app/codeCharta/state/store/dynamicSettings/searchPattern/searchPattern.service.ts
FN:14,(anonymous_0)
FN:19,(anonymous_1)
FN:25,(anonymous_2)
FN:29,(anonymous_3)
FN:33,(anonymous_4)
FN:37,(anonymous_5)
FN:38,(anonymous_6)
FNF:7
FNH:6
FNDA:20,(anonymous_0)
FNDA:533,(anonymous_1)
FNDA:1,(anonymous_2)
FNDA:1,(anonymous_3)
FNDA:1,(anonymous_4)
FNDA:18,(anonymous_5)
FNDA:0,(anonymous_6)
DA:1,121
DA:3,121
DA:4,121
DA:5,121
DA:12,121
DA:14,20
DA:15,20
DA:16,20
DA:20,533
DA:21,1
DA:26,1
DA:30,1
DA:34,1
DA:38,18
DA:39,0
LF:15
LH:14
BRDA:20,0,0,1
BRDA:20,0,1,532
BRF:2
BRH:2
end_of_record
TN:
SF:app/codeCharta/state/store/dynamicSettings/searchPattern/searchPattern.splitter.ts
FN:3,splitSearchPatternAction
FNF:1
FNH:1
FNDA:38,splitSearchPatternAction
DA:1,161
DA:4,38
LF:2
LH:2
BRF:0
BRH:0
end_of_record
TN:
SF:app/codeCharta/state/store/dynamicSettings/searchedNodePaths/searchedNodePaths.actions.ts
FN:3,(anonymous_0)
FN:14,setSearchedNodePaths
FNF:2
FNH:2
FNDA:162,(anonymous_0)
FNDA:1702,setSearchedNodePaths
DA:3,162
DA:4,162
DA:5,162
DA:15,1702
DA:21,162
LF:5
LH:5
BRDA:3,0,0,162
BRDA:3,0,1,162
BRDA:14,1,0,1647
BRF:3
BRH:3
end_of_record
TN:
SF:app/codeCharta/state/store/dynamicSettings/searchedNodePaths/searchedNodePaths.reducer.ts
FN:3,searchedNodePaths
FNF:1
FNH:1
FNDA:5299,searchedNodePaths
DA:1,161
DA:4,5299
DA:6,57
DA:8,5242
LF:4
LH:4
BRDA:3,0,0,1646
BRDA:5,1,0,57
BRDA:5,1,1,5242
BRF:3
BRH:3
end_of_record
TN:
SF:app/codeCharta/state/store/dynamicSettings/searchedNodePaths/searchedNodePaths.service.ts
FN:13,(anonymous_0)
FN:17,(anonymous_1)
FN:23,(anonymous_2)
FN:27,(anonymous_3)
FN:33,(anonymous_4)
FN:34,(anonymous_5)
FNF:6
FNH:4
FNDA:17,(anonymous_0)
FNDA:533,(anonymous_1)
FNDA:1,(anonymous_2)
FNDA:1,(anonymous_3)
FNDA:0,(anonymous_4)
FNDA:0,(anonymous_5)
DA:1,121
DA:3,121
DA:4,121
DA:11,121
DA:13,17
DA:14,17
DA:18,533
DA:19,1
DA:24,1
DA:28,1
DA:34,0
DA:35,0
LF:12
LH:10
BRDA:18,0,0,1
BRDA:18,0,1,532
BRF:2
BRH:2
end_of_record
TN:
SF:app/codeCharta/state/store/dynamicSettings/searchedNodePaths/searchedNodePaths.splitter.ts
FN:3,splitSearchedNodePathsAction
FNF:1
FNH:1
FNDA:38,splitSearchedNodePathsAction
DA:1,161
DA:4,38
LF:2
LH:2
BRF:0
BRH:0
end_of_record
TN:
SF:app/codeCharta/state/store/dynamicSettings/sortingOption/sortingOption.actions.ts
FN:4,(anonymous_0)
FN:15,setSortingOption
FNF:2
FNH:2
FNDA:162,(anonymous_0)
FNDA:1687,setSortingOption
DA:2,162
DA:4,162
DA:5,162
DA:6,162
DA:16,1687
DA:22,162
LF:6
LH:6
BRDA:4,0,0,162
BRDA:4,0,1,162
BRDA:15,1,0,1647
BRF:3
BRH:3
end_of_record
TN:
SF:app/codeCharta/state/store/dynamicSettings/sortingOption/sortingOption.reducer.ts
FN:3,sortingOption
FNF:1
FNH:1
FNDA:5299,sortingOption
DA:1,161
DA:4,5299
DA:6,42
DA:8,5257
LF:4
LH:4
BRDA:3,0,0,1646
BRDA:5,1,0,42
BRDA:5,1,1,5257
BRF:3
BRH:3
end_of_record
TN:
SF:app/codeCharta/state/store/dynamicSettings/sortingOption/sortingOption.service.ts
FN:14,(anonymous_0)
FN:18,(anonymous_1)
FN:24,(anonymous_2)
FN:28,(anonymous_3)
FN:32,(anonymous_4)
FN:33,(anonymous_5)
FNF:6
FNH:5
FNDA:17,(anonymous_0)
FNDA:533,(anonymous_1)
FNDA:1,(anonymous_2)
FNDA:1,(anonymous_3)
FNDA:4,(anonymous_4)
FNDA:0,(anonymous_5)
DA:1,121
DA:3,121
DA:4,121
DA:12,121
DA:14,17
DA:15,17
DA:19,533
DA:20,1
DA:25,1
DA:29,1
DA:33,4
DA:34,0
LF:12
LH:11
BRDA:19,0,0,1
BRDA:19,0,1,532
BRF:2
BRH:2
end_of_record
TN:
SF:app/codeCharta/state/store/dynamicSettings/sortingOption/sortingOption.splitter.ts
FN:4,splitSortingOptionAction
FNF:1
FNH:1
FNDA:38,splitSortingOptionAction
DA:1,161
DA:5,38
LF:2
LH:2
BRF:0
BRH:0
end_of_record
TN:
SF:app/codeCharta/state/store/fileSettings/fileSettings.actions.ts
FN:9,(anonymous_0)
FN:20,setFileSettings
FNF:2
FNH:2
FNDA:161,(anonymous_0)
FNDA:1,setFileSettings
DA:4,161
DA:5,161
DA:6,161
DA:7,161
DA:9,161
DA:10,161
DA:11,161
DA:21,1
DA:27,161
LF:9
LH:9
BRDA:9,0,0,161
BRDA:9,0,1,161
BRDA:20,1,0,0
BRF:3
BRH:2
end_of_record
TN:
SF:app/codeCharta/state/store/fileSettings/fileSettings.reducer.ts
FNF:0
FNH:0
DA:2,160
DA:3,160
DA:4,160
DA:5,160
DA:6,160
DA:8,160
LF:6
LH:6
BRF:0
BRH:0
end_of_record
TN:
SF:app/codeCharta/state/store/fileSettings/fileSettings.splitter.ts
FN:9,splitFileSettingsActions
FNF:1
FNH:1
FNDA:25,splitFileSettingsActions
DA:4,161
DA:5,161
DA:6,161
DA:7,161
DA:10,25
DA:13,25
DA:14,23
DA:17,25
DA:18,23
DA:21,25
DA:22,23
DA:25,25
DA:26,25
DA:29,25
LF:14
LH:14
BRDA:13,0,0,23
BRDA:13,0,1,2
BRDA:17,1,0,23
BRDA:17,1,1,2
BRDA:21,2,0,23
BRDA:21,2,1,2
BRDA:25,3,0,25
BRDA:25,3,1,0
BRF:8
BRH:7
end_of_record
TN:
SF:app/codeCharta/state/store/fileSettings/attributeTypes/attributeTypes.actions.ts
FN:3,(anonymous_0)
FN:20,setAttributeTypes
FN:27,updateAttributeType
FNF:3
FNH:3
FNDA:161,(anonymous_0)
FNDA:1682,setAttributeTypes
FNDA:4,updateAttributeType
DA:3,161
DA:4,161
DA:5,161
DA:6,161
DA:21,1682
DA:28,4
DA:34,161
LF:7
LH:7
BRDA:3,0,0,161
BRDA:3,0,1,161
BRDA:20,1,0,1648
BRF:3
BRH:3
end_of_record
TN:
SF:app/codeCharta/state/store/fileSettings/attributeTypes/attributeTypes.merger.ts
FN:3,getMergedAttributeTypes
FNF:1
FNH:1
FNDA:2,getMergedAttributeTypes
DA:4,2
DA:5,2
DA:7,2
DA:8,4
DA:9,11
DA:10,7
DA:14,4
DA:15,7
DA:16,6
DA:21,2
LF:10
LH:10
BRDA:9,0,0,7
BRDA:9,0,1,4
BRDA:15,1,0,6
BRDA:15,1,1,1
BRF:4
BRH:4
end_of_record
TN:
SF:app/codeCharta/state/store/fileSettings/attributeTypes/attributeTypes.reducer.ts
FN:4,attributeTypes
FN:15,updateAttributeType
FNF:2
FNH:2
FNDA:5301,attributeTypes
FNDA:4,updateAttributeType
DA:1,160
DA:5,5301
DA:7,37
DA:9,4
DA:11,5260
DA:16,4
LF:6
LH:6
BRDA:4,0,0,1646
BRDA:6,1,0,37
BRDA:6,1,1,4
BRDA:6,1,2,5260
BRF:4
BRH:4
end_of_record
TN:
SF:app/codeCharta/state/store/fileSettings/attributeTypes/attributeTypes.service.ts
FN:18,(anonymous_0)
FN:23,(anonymous_1)
FN:29,(anonymous_2)
FN:33,(anonymous_3)
FN:34,(anonymous_4)
FN:40,(anonymous_5)
FN:44,(anonymous_6)
FN:48,(anonymous_7)
FN:49,(anonymous_8)
FNF:9
FNH:5
FNDA:19,(anonymous_0)
FNDA:533,(anonymous_1)
FNDA:0,(anonymous_2)
FNDA:0,(anonymous_3)
FNDA:0,(anonymous_4)
FNDA:1,(anonymous_5)
FNDA:1,(anonymous_6)
FNDA:579,(anonymous_7)
FNDA:0,(anonymous_8)
DA:1,160
DA:3,160
DA:4,160
DA:5,160
DA:7,160
DA:8,160
DA:16,160
DA:18,19
DA:19,19
DA:20,19
DA:24,533
DA:25,1
DA:30,0
DA:34,0
DA:36,0
DA:37,0
DA:41,1
DA:45,1
DA:49,579
DA:50,0
LF:20
LH:15
BRDA:24,0,0,1
BRDA:24,0,1,532
BRF:2
BRH:2
end_of_record
TN:
SF:app/codeCharta/state/store/fileSettings/attributeTypes/attributeTypes.splitter.ts
FN:4,splitAttributeTypesAction
FNF:1
FNH:1
FNDA:23,splitAttributeTypesAction
DA:1,161
DA:5,23
LF:2
LH:2
BRF:0
BRH:0
end_of_record
TN:
SF:app/codeCharta/state/store/fileSettings/blacklist/blacklist.actions.ts
FN:3,(anonymous_0)
FN:26,addBlacklistItem
FN:33,removeBlacklistItem
FN:40,setBlacklist
FNF:4
FNH:4
FNDA:162,(anonymous_0)
FNDA:9,addBlacklistItem
FNDA:3,removeBlacklistItem
FNDA:1704,setBlacklist
DA:3,162
DA:4,162
DA:5,162
DA:6,162
DA:7,162
DA:27,9
DA:34,3
DA:41,1704
DA:47,162
LF:9
LH:9
BRDA:3,0,0,162
BRDA:3,0,1,162
BRDA:40,1,0,1669
BRF:3
BRH:3
end_of_record
TN:
SF:app/codeCharta/state/store/fileSettings/blacklist/blacklist.merger.ts
FN:4,getMergedBlacklist
FNF:1
FNH:1
FNDA:2,getMergedBlacklist
DA:1,160
DA:5,2
DA:7,2
DA:8,0
DA:11,2
DA:12,4
DA:13,4
DA:14,8
DA:20,8
DA:24,2
LF:10
LH:9
BRDA:7,0,0,0
BRDA:7,0,1,2
BRDA:12,1,0,4
BRDA:12,1,1,0
BRDA:16,2,0,0
BRDA:16,2,1,8
BRF:6
BRH:3
end_of_record
TN:
SF:app/codeCharta/state/store/fileSettings/blacklist/blacklist.reducer.ts
FN:4,blacklist
FNF:1
FNH:1
FNDA:5301,blacklist
DA:1,161
DA:2,161
DA:5,5301
DA:7,11
DA:9,3
DA:11,56
DA:13,5231
LF:7
LH:7
BRDA:4,0,0,1646
BRDA:6,1,0,11
BRDA:6,1,1,3
BRDA:6,1,2,56
BRDA:6,1,3,5231
BRF:5
BRH:5
end_of_record
TN:
SF:app/codeCharta/state/store/fileSettings/blacklist/blacklist.service.ts
FN:18,(anonymous_0)
FN:23,(anonymous_1)
FN:29,(anonymous_2)
FN:33,(anonymous_3)
FN:40,(anonymous_4)
FN:44,(anonymous_5)
FN:48,(anonymous_6)
FN:49,(anonymous_7)
FNF:8
FNH:5
FNDA:19,(anonymous_0)
FNDA:533,(anonymous_1)
FNDA:0,(anonymous_2)
FNDA:0,(anonymous_3)
FNDA:1,(anonymous_4)
FNDA:1,(anonymous_5)
FNDA:519,(anonymous_6)
FNDA:0,(anonymous_7)
DA:1,160
DA:4,160
DA:5,160
DA:6,160
DA:7,160
DA:8,160
DA:16,160
DA:18,19
DA:19,19
DA:20,19
DA:24,533
DA:25,1
DA:30,0
DA:34,0
DA:35,0
DA:36,0
DA:37,0
DA:41,1
DA:45,1
DA:49,519
DA:50,0
LF:21
LH:15
BRDA:24,0,0,1
BRDA:24,0,1,532
BRF:2
BRH:2
end_of_record
TN:
SF:app/codeCharta/state/store/fileSettings/blacklist/blacklist.splitter.ts
FN:4,splitBlacklistAction
FNF:1
FNH:1
FNDA:25,splitBlacklistAction
DA:2,161
DA:5,25
LF:2
LH:2
BRF:0
BRH:0
end_of_record
TN:
SF:app/codeCharta/state/store/fileSettings/edges/edges.actions.ts
FN:3,(anonymous_0)
FN:26,setEdges
FN:33,addEdge
FN:40,removeEdge
FNF:4
FNH:4
FNDA:161,(anonymous_0)
FNDA:1682,setEdges
FNDA:1,addEdge
FNDA:1,removeEdge
DA:3,161
DA:4,161
DA:5,161
DA:6,161
DA:7,161
DA:27,1682
DA:34,1
DA:41,1
DA:47,161
LF:9
LH:9
BRDA:3,0,0,161
BRDA:3,0,1,161
BRDA:26,1,0,1650
BRF:3
BRH:3
end_of_record
TN:
SF:app/codeCharta/state/store/fileSettings/edges/edges.merger.ts
FN:4,getMergedEdges
FNF:1
FNH:1
FNDA:5,getMergedEdges
DA:1,122
DA:5,5
DA:7,5
DA:8,0
DA:11,5
DA:12,10
DA:13,9
DA:14,8
DA:22,8
DA:24,8
DA:25,2
DA:26,4
DA:29,6
DA:34,5
LF:14
LH:13
BRDA:7,0,0,0
BRDA:7,0,1,5
BRDA:12,1,0,9
BRDA:12,1,1,1
BRDA:16,2,0,0
BRDA:16,2,1,8
BRDA:18,3,0,0
BRDA:18,3,1,8
BRDA:24,4,0,2
BRDA:24,4,1,6
BRF:10
BRH:7
end_of_record
TN:
SF:app/codeCharta/state/store/fileSettings/edges/edges.reducer.ts
FN:4,edges
FNF:1
FNH:1
FNDA:5301,edges
DA:1,160
DA:2,160
DA:5,5301
DA:7,37
DA:9,1
DA:11,1
DA:13,5262
LF:7
LH:7
BRDA:4,0,0,1646
BRDA:6,1,0,37
BRDA:6,1,1,1
BRDA:6,1,2,1
BRDA:6,1,3,5262
BRF:5
BRH:5
end_of_record
TN:
SF:app/codeCharta/state/store/fileSettings/edges/edges.service.ts
FN:18,(anonymous_0)
FN:23,(anonymous_1)
FN:29,(anonymous_2)
FN:33,(anonymous_3)
FN:40,(anonymous_4)
FN:44,(anonymous_5)
FN:48,(anonymous_6)
FN:49,(anonymous_7)
FNF:8
FNH:4
FNDA:19,(anonymous_0)
FNDA:533,(anonymous_1)
FNDA:0,(anonymous_2)
FNDA:0,(anonymous_3)
FNDA:1,(anonymous_4)
FNDA:1,(anonymous_5)
FNDA:0,(anonymous_6)
FNDA:0,(anonymous_7)
DA:1,121
DA:3,121
DA:5,121
DA:6,121
DA:7,121
DA:8,121
DA:16,121
DA:18,19
DA:19,19
DA:20,19
DA:24,533
DA:25,1
DA:30,0
DA:34,0
DA:35,0
DA:36,0
DA:37,0
DA:41,1
DA:45,1
DA:49,0
DA:50,0
LF:21
LH:14
BRDA:24,0,0,1
BRDA:24,0,1,532
BRF:2
BRH:2
end_of_record
TN:
SF:app/codeCharta/state/store/fileSettings/edges/edges.splitter.ts
FN:4,splitEdgesAction
FNF:1
FNH:1
FNDA:23,splitEdgesAction
DA:1,161
DA:5,23
LF:2
LH:2
BRF:0
BRH:0
end_of_record
TN:
SF:app/codeCharta/state/store/fileSettings/markedPackages/markedPackages.actions.ts
FN:3,(anonymous_0)
FN:21,setMarkedPackages
FN:28,unmarkPackage
FNF:3
FNH:3
FNDA:161,(anonymous_0)
FNDA:1709,setMarkedPackages
FNDA:2,unmarkPackage
DA:3,161
DA:4,161
DA:5,161
DA:6,161
DA:7,161
DA:22,1709
DA:29,2
DA:35,161
LF:8
LH:8
BRDA:3,0,0,161
BRDA:3,0,1,161
BRDA:21,1,0,1660
BRF:3
BRH:3
end_of_record
TN:
SF:app/codeCharta/state/store/fileSettings/markedPackages/markedPackages.merger.ts
FN:4,getMergedMarkedPackages
FNF:1
FNH:1
FNDA:5,getMergedMarkedPackages
DA:1,122
DA:5,5
DA:6,0
DA:9,5
DA:11,5
DA:12,10
DA:13,9
DA:14,8
[...]
DA:133,14
DA:134,14
DA:135,14
DA:136,14
DA:138,14
DA:139,40
DA:140,40
DA:142,4
DA:145,36
DA:146,10
DA:149,36
DA:150,36
DA:151,36
DA:153,36
DA:154,36
DA:155,36
DA:156,36
DA:157,36
DA:158,36
DA:162,5
DA:166,4
DA:167,4
DA:174,4
DA:175,10
DA:187,18
DA:191,16
DA:192,16
DA:215,5
DA:225,1
DA:228,4
DA:229,4
DA:230,0
DA:234,4
DA:236,4
DA:238,4
DA:239,4
DA:240,4
DA:245,4
DA:246,4
DA:247,4
DA:249,4
DA:259,4
DA:260,2
DA:270,2
DA:271,1
DA:284,1
DA:285,1
DA:295,0
DA:299,4
LF:102
LH:100
BRDA:54,0,0,3
BRDA:54,0,1,12
BRDA:54,1,0,15
BRDA:54,1,1,14
BRDA:54,1,2,13
BRDA:62,2,0,12
BRDA:62,2,1,11
BRDA:62,2,2,9
BRDA:68,3,0,5
BRDA:68,3,1,5
BRDA:98,4,0,16
BRDA:98,4,1,7
BRDA:113,5,0,2
BRDA:113,5,1,14
BRDA:118,6,0,4
BRDA:118,6,1,10
BRDA:121,7,0,4
BRDA:121,7,1,10
BRDA:126,8,0,4
BRDA:126,8,1,10
BRDA:140,9,0,4
BRDA:140,9,1,36
BRDA:145,10,0,10
BRDA:145,10,1,26
BRDA:192,11,0,14
BRDA:192,11,1,2
BRDA:215,12,0,1
BRDA:215,12,1,4
BRDA:216,13,0,5
BRDA:216,13,1,5
BRDA:216,13,2,5
BRDA:216,13,3,4
BRDA:216,13,4,4
BRDA:216,13,5,4
BRDA:216,13,6,4
BRDA:216,13,7,2
BRDA:229,14,0,0
BRDA:229,14,1,4
BRDA:246,15,0,4
BRDA:246,15,1,0
BRDA:259,16,0,2
BRDA:259,16,1,2
BRDA:270,17,0,1
BRDA:270,17,1,1
BRDA:270,18,0,2
BRDA:270,18,1,1
BRDA:284,19,0,1
BRDA:284,19,1,0
BRDA:284,20,0,1
BRDA:284,20,1,1
BRDA:300,21,0,4
BRDA:300,21,1,4
BRDA:300,21,2,3
BRDA:300,21,3,3
BRDA:300,21,4,3
BRDA:300,21,5,3
BRF:56
BRH:53
end_of_record
TN:
SF:app/codeCharta/util/algorithm/streetLayout/boundingBox.ts
FN:12,(anonymous_1)
FN:19,(anonymous_2)
FNF:2
FNH:0
FNDA:0,(anonymous_1)
FNDA:0,(anonymous_2)
DA:1,121
DA:3,121
DA:6,0
DA:7,0
DA:10,0
DA:13,0
DA:20,0
DA:21,0
DA:22,0
DA:23,0
LF:10
LH:2
BRF:0
BRH:0
end_of_record
TN:
SF:app/codeCharta/util/algorithm/streetLayout/horizontalStreet.ts
FN:9,(anonymous_1)
FN:22,(anonymous_2)
FN:34,(anonymous_3)
FN:52,(anonymous_4)
FN:61,(anonymous_5)
FN:83,(anonymous_6)
FN:105,(anonymous_7)
FN:128,(anonymous_8)
FN:137,(anonymous_9)
FN:145,(anonymous_10)
FN:154,(anonymous_11)
FN:167,(anonymous_12)
FN:187,(anonymous_13)
FN:199,(anonymous_14)
FN:200,(anonymous_15)
FN:207,(anonymous_16)
FN:218,(anonymous_17)
FN:237,(anonymous_18)
FNF:18
FNH:1
FNDA:121,(anonymous_1)
FNDA:0,(anonymous_2)
FNDA:0,(anonymous_3)
FNDA:0,(anonymous_4)
FNDA:0,(anonymous_5)
FNDA:0,(anonymous_6)
FNDA:0,(anonymous_7)
FNDA:0,(anonymous_8)
FNDA:0,(anonymous_9)
FNDA:0,(anonymous_10)
FNDA:0,(anonymous_11)
FNDA:0,(anonymous_12)
FNDA:0,(anonymous_13)
FNDA:0,(anonymous_14)
FNDA:0,(anonymous_15)
FNDA:0,(anonymous_16)
FNDA:0,(anonymous_17)
FNDA:0,(anonymous_18)
DA:1,121
DA:3,121
DA:4,121
DA:5,121
DA:7,121
DA:9,121
DA:10,121
DA:11,121
DA:12,121
DA:15,0
DA:17,0
DA:18,0
DA:28,0
DA:29,0
DA:30,0
DA:31,0
DA:36,0
DA:37,0
DA:41,0
DA:44,0
DA:47,0
DA:48,0
DA:49,0
DA:53,0
DA:54,0
DA:55,0
DA:56,0
DA:58,0
DA:62,0
DA:63,0
DA:65,0
DA:66,0
DA:67,0
DA:69,0
DA:70,0
DA:71,0
DA:72,0
DA:73,0
DA:75,0
DA:84,0
DA:85,0
DA:86,0
DA:87,0
DA:89,0
DA:90,0
DA:92,0
DA:106,0
DA:107,0
DA:109,0
DA:110,0
DA:111,0
DA:113,0
DA:114,0
DA:115,0
DA:116,0
DA:117,0
DA:119,0
DA:129,0
DA:138,0
DA:146,0
DA:155,0
DA:157,0
DA:158,0
DA:160,0
DA:168,0
DA:169,0
DA:171,0
DA:172,0
DA:173,0
DA:174,0
DA:176,0
DA:177,0
DA:179,0
DA:188,0
DA:189,0
DA:191,0
DA:200,0
DA:208,0
DA:209,0
DA:211,0
DA:219,0
DA:220,0
DA:222,0
DA:226,0
DA:230,0
DA:238,0
DA:239,0
DA:240,0
DA:242,0
DA:246,0
DA:250,0
LF:91
LH:9
BRDA:9,0,0,121
BRDA:9,0,1,121
BRDA:26,1,0,0
BRDA:65,2,0,0
BRDA:65,2,1,0
BRDA:89,3,0,0
BRDA:89,3,1,0
BRDA:109,4,0,0
BRDA:109,4,1,0
BRDA:172,5,0,0
BRDA:172,5,1,0
BRDA:176,6,0,0
BRDA:176,6,1,0
BRDA:188,7,0,0
BRDA:188,7,1,0
BRDA:208,8,0,0
BRDA:208,8,1,0
BRDA:223,9,0,0
BRDA:223,9,1,0
BRDA:222,10,0,0
BRDA:222,10,1,0
BRDA:227,11,0,0
BRDA:227,11,1,0
BRDA:226,12,0,0
BRDA:226,12,1,0
BRDA:230,13,0,0
BRDA:230,13,1,0
BRDA:230,14,0,0
BRDA:230,14,1,0
BRDA:243,15,0,0
BRDA:243,15,1,0
BRDA:242,16,0,0
BRDA:242,16,1,0
BRDA:247,17,0,0
BRDA:247,17,1,0
BRDA:246,18,0,0
BRDA:246,18,1,0
BRDA:250,19,0,0
BRDA:250,19,1,0
BRDA:250,20,0,0
BRDA:250,20,1,0
BRF:41
BRH:2
end_of_record
TN:
SF:app/codeCharta/util/algorithm/streetLayout/house.ts
FN:7,(anonymous_1)
FN:11,(anonymous_2)
FN:17,(anonymous_3)
FNF:3
FNH:0
FNDA:0,(anonymous_1)
FNDA:0,(anonymous_2)
FNDA:0,(anonymous_3)
DA:1,121
DA:4,121
DA:8,0
DA:12,0
DA:13,0
DA:14,0
DA:18,0
DA:24,0
LF:8
LH:2
BRF:0
BRH:0
end_of_record
TN:
SF:app/codeCharta/util/algorithm/streetLayout/rectangle.ts
FN:9,(anonymous_0)
FN:17,(anonymous_1)
FN:21,(anonymous_2)
FN:25,(anonymous_3)
FN:29,(anonymous_4)
FNF:5
FNH:5
FNDA:12,(anonymous_0)
FNDA:2,(anonymous_1)
FNDA:2,(anonymous_2)
FNDA:1,(anonymous_3)
FNDA:2,(anonymous_4)
DA:1,122
DA:10,12
DA:11,12
DA:12,12
DA:13,12
DA:18,2
DA:22,2
DA:26,1
DA:30,2
LF:9
LH:9
BRDA:18,0,0,1
BRDA:18,0,1,1
BRF:2
BRH:2
end_of_record
TN:
SF:app/codeCharta/util/algorithm/streetLayout/squarifiedTreeMap.ts
FN:11,(anonymous_1)
FN:15,(anonymous_2)
FN:23,(anonymous_3)
FN:34,(anonymous_4)
FN:54,(anonymous_5)
FN:63,(anonymous_6)
FN:82,(anonymous_7)
FN:95,(anonymous_8)
FN:98,(anonymous_9)
FN:107,(anonymous_10)
FN:108,(anonymous_11)
FNF:11
FNH:0
FNDA:0,(anonymous_1)
FNDA:0,(anonymous_2)
FNDA:0,(anonymous_3)
FNDA:0,(anonymous_4)
FNDA:0,(anonymous_5)
FNDA:0,(anonymous_6)
FNDA:0,(anonymous_7)
FNDA:0,(anonymous_8)
FNDA:0,(anonymous_9)
FNDA:0,(anonymous_10)
FNDA:0,(anonymous_11)
DA:1,121
DA:3,121
DA:4,121
DA:5,121
DA:6,121
DA:8,121
DA:12,0
DA:16,0
DA:17,0
DA:23,0
DA:25,0
DA:27,0
DA:28,0
DA:31,0
DA:35,0
DA:36,0
DA:37,0
DA:38,0
DA:40,0
DA:41,0
DA:42,0
DA:44,0
DA:45,0
DA:46,0
DA:47,0
DA:48,0
DA:50,0
DA:55,0
DA:56,0
DA:58,0
DA:60,0
DA:64,0
DA:67,0
DA:68,0
DA:70,0
DA:71,0
DA:72,0
DA:73,0
DA:75,0
DA:76,0
DA:77,0
DA:79,0
DA:90,0
DA:91,0
DA:92,0
DA:96,0
DA:97,0
DA:98,0
DA:99,0
DA:100,0
DA:101,0
DA:108,0
DA:109,0
LF:53
LH:6
BRDA:15,0,0,0
BRDA:27,1,0,0
BRDA:27,1,1,0
BRDA:44,2,0,0
BRDA:44,2,1,0
BRDA:56,3,0,0
BRDA:56,3,1,0
BRDA:70,4,0,0
BRDA:70,4,1,0
BRDA:97,5,0,0
BRDA:97,5,1,0
BRDA:97,6,0,0
BRDA:97,6,1,0
BRDA:99,7,0,0
BRDA:99,7,1,0
BRF:15
BRH:0
end_of_record
TN:
SF:app/codeCharta/util/algorithm/streetLayout/street.ts
FN:6,(anonymous_1)
FN:11,(anonymous_2)
FN:22,(anonymous_3)
FNF:3
FNH:1
FNDA:121,(anonymous_1)
FNDA:0,(anonymous_2)
FNDA:0,(anonymous_3)
DA:1,121
DA:6,121
DA:7,121
DA:8,121
DA:9,121
DA:13,0
DA:14,0
DA:23,0
LF:8
LH:5
BRDA:6,0,0,121
BRDA:6,0,1,121
BRF:2
BRH:2
end_of_record
TN:
SF:app/codeCharta/util/algorithm/streetLayout/streetLayoutGenerator.ts
FN:16,(anonymous_1)
FN:19,(anonymous_2)
FN:32,(anonymous_3)
FN:37,(anonymous_4)
FN:78,(anonymous_5)
FN:84,(anonymous_6)
FN:88,(anonymous_7)
FNF:7
FNH:0
FNDA:0,(anonymous_1)
FNDA:0,(anonymous_2)
FNDA:0,(anonymous_3)
FNDA:0,(anonymous_4)
FNDA:0,(anonymous_5)
FNDA:0,(anonymous_6)
FNDA:0,(anonymous_7)
DA:1,121
DA:3,121
DA:4,121
DA:5,121
DA:7,121
DA:8,121
DA:9,121
DA:10,121
DA:11,121
DA:13,121
DA:14,121
DA:17,0
DA:19,0
DA:21,0
DA:23,0
DA:24,0
DA:25,0
DA:26,0
DA:27,0
DA:28,0
DA:29,0
DA:30,0
DA:32,0
DA:33,0
DA:45,0
DA:46,0
DA:47,0
DA:48,0
DA:49,0
DA:51,0
DA:52,0
DA:53,0
DA:56,0
DA:57,0
DA:58,0
DA:59,0
DA:60,0
DA:62,0
DA:63,0
DA:71,0
DA:72,0
DA:75,0
DA:79,0
DA:85,0
DA:89,0
DA:90,0
DA:91,0
DA:93,0
LF:48
LH:11
BRDA:48,0,0,0
BRDA:48,0,1,0
BRDA:51,1,0,0
BRDA:51,1,1,0
BRDA:58,2,0,0
BRDA:58,2,1,0
BRDA:58,3,0,0
BRDA:58,3,1,0
BRDA:80,4,0,0
BRDA:80,4,1,0
BRDA:91,5,0,0
BRDA:91,5,1,0
BRF:12
BRH:0
end_of_record
TN:
SF:app/codeCharta/util/algorithm/streetLayout/streetViewHelper.ts
FN:6,calculateSize
FN:21,mergeDirectories
FN:38,getHeightValue
FN:50,buildNodeFrom
FNF:4
FNH:2
FNDA:3,calculateSize
FNDA:1,mergeDirectories
FNDA:0,getHeightValue
FNDA:0,buildNodeFrom
DA:1,122
DA:3,122
DA:4,122
DA:11,3
DA:13,3
DA:14,1
DA:15,1
DA:18,3
DA:22,1
DA:23,1
DA:24,1
DA:25,1
DA:26,0
DA:27,0
DA:28,0
DA:29,0
DA:30,0
DA:31,0
DA:35,1
DA:39,0
DA:41,0
DA:42,0
DA:44,0
DA:45,0
DA:47,0
DA:51,0
DA:52,0
DA:53,0
DA:54,0
DA:58,0
DA:59,0
DA:60,0
DA:61,0
DA:63,0
DA:92,122
LF:35
LH:14
BRDA:11,0,0,3
BRDA:11,0,1,1
BRDA:13,1,0,1
BRDA:13,1,1,2
BRDA:13,2,0,3
BRDA:13,2,1,1
BRDA:13,2,2,1
BRDA:25,3,0,0
BRDA:25,3,1,1
BRDA:27,4,0,0
BRDA:27,4,1,0
BRDA:39,5,0,0
BRDA:39,5,1,0
BRDA:41,6,0,0
BRDA:41,6,1,0
BRDA:44,7,0,0
BRDA:44,7,1,0
BRDA:51,8,0,0
BRDA:51,8,1,0
BRDA:55,9,0,0
BRDA:55,9,1,0
BRDA:79,10,0,0
BRDA:79,10,1,0
BRDA:78,11,0,0
BRDA:78,11,1,0
BRDA:78,12,0,0
BRDA:78,12,1,0
BRF:27
BRH:8
end_of_record
TN:
SF:app/codeCharta/util/algorithm/streetLayout/treeMap.ts
FN:10,(anonymous_1)
FN:16,(anonymous_2)
FNF:2
FNH:0
FNDA:0,(anonymous_1)
FNDA:0,(anonymous_2)
DA:1,121
DA:4,121
DA:7,0
DA:11,0
DA:17,0
DA:18,0
DA:19,0
DA:20,0
LF:8
LH:2
BRF:0
BRH:0
end_of_record
TN:
SF:app/codeCharta/util/algorithm/streetLayout/verticalStreet.ts
FN:9,(anonymous_1)
FN:21,(anonymous_2)
FN:28,(anonymous_3)
FN:42,(anonymous_4)
FN:51,(anonymous_5)
FN:68,(anonymous_6)
FN:86,(anonymous_7)
FN:103,(anonymous_8)
FN:107,(anonymous_9)
FN:111,(anonymous_10)
FN:115,(anonymous_11)
FN:124,(anonymous_12)
FN:141,(anonymous_13)
FN:149,(anonymous_14)
FN:150,(anonymous_15)
FN:153,(anonymous_16)
FN:160,(anonymous_17)
FN:175,(anonymous_18)
FNF:18
FNH:1
FNDA:121,(anonymous_1)
FNDA:0,(anonymous_2)
FNDA:0,(anonymous_3)
FNDA:0,(anonymous_4)
FNDA:0,(anonymous_5)
FNDA:0,(anonymous_6)
FNDA:0,(anonymous_7)
FNDA:0,(anonymous_8)
FNDA:0,(anonymous_9)
FNDA:0,(anonymous_10)
FNDA:0,(anonymous_11)
FNDA:0,(anonymous_12)
FNDA:0,(anonymous_13)
FNDA:0,(anonymous_14)
FNDA:0,(anonymous_15)
FNDA:0,(anonymous_16)
FNDA:0,(anonymous_17)
FNDA:0,(anonymous_18)
DA:2,121
DA:3,121
DA:4,121
DA:6,121
DA:7,121
DA:9,121
DA:10,121
DA:11,121
DA:12,121
DA:15,0
DA:16,0
DA:17,0
DA:22,0
DA:23,0
DA:24,0
DA:25,0
DA:29,0
DA:30,0
DA:32,0
DA:33,0
DA:37,0
DA:38,0
DA:39,0
DA:43,0
DA:44,0
DA:45,0
DA:46,0
DA:48,0
DA:52,0
DA:53,0
DA:55,0
DA:56,0
DA:57,0
DA:59,0
DA:60,0
DA:61,0
DA:62,0
DA:63,0
DA:65,0
DA:69,0
DA:70,0
DA:71,0
DA:72,0
DA:73,0
DA:75,0
DA:76,0
DA:78,0
DA:87,0
DA:88,0
DA:90,0
DA:91,0
DA:92,0
DA:94,0
DA:95,0
DA:96,0
DA:97,0
DA:98,0
DA:100,0
DA:104,0
DA:108,0
DA:112,0
DA:116,0
DA:118,0
DA:119,0
DA:121,0
DA:125,0
DA:126,0
DA:128,0
DA:129,0
DA:130,0
DA:131,0
DA:133,0
DA:134,0
DA:136,0
DA:142,0
DA:143,0
DA:145,0
DA:150,0
DA:154,0
DA:155,0
DA:157,0
DA:161,0
DA:162,0
DA:164,0
DA:168,0
DA:172,0
DA:176,0
DA:177,0
DA:178,0
DA:180,0
DA:184,0
DA:188,0
LF:92
LH:9
BRDA:9,0,0,121
BRDA:9,0,1,121
BRDA:21,1,0,0
BRDA:55,2,0,0
BRDA:55,2,1,0
BRDA:75,3,0,0
BRDA:75,3,1,0
BRDA:90,4,0,0
BRDA:90,4,1,0
BRDA:129,5,0,0
BRDA:129,5,1,0
BRDA:130,6,0,0
BRDA:130,6,1,0
BRDA:142,7,0,0
BRDA:142,7,1,0
BRDA:154,8,0,0
BRDA:154,8,1,0
BRDA:165,9,0,0
BRDA:165,9,1,0
BRDA:164,10,0,0
BRDA:164,10,1,0
BRDA:169,11,0,0
BRDA:169,11,1,0
BRDA:168,12,0,0
BRDA:168,12,1,0
BRDA:172,13,0,0
BRDA:172,13,1,0
BRDA:172,14,0,0
BRDA:172,14,1,0
BRDA:181,15,0,0
BRDA:181,15,1,0
BRDA:180,16,0,0
BRDA:180,16,1,0
BRDA:185,17,0,0
BRDA:185,17,1,0
BRDA:184,18,0,0
BRDA:184,18,1,0
BRDA:188,19,0,0
BRDA:188,19,1,0
BRDA:188,20,0,0
BRDA:188,20,1,0
BRF:41
BRH:2
end_of_record
TN:
SF:app/codeCharta/util/algorithm/streetLayout/strip/horizontalStrip.ts
FN:6,(anonymous_1)
FN:12,(anonymous_2)
FN:16,(anonymous_3)
FN:49,(anonymous_4)
FNF:4
FNH:1
FNDA:121,(anonymous_1)
FNDA:0,(anonymous_2)
FNDA:0,(anonymous_3)
FNDA:0,(anonymous_4)
DA:1,121
DA:2,121
DA:3,121
DA:6,121
DA:7,121
DA:8,121
DA:9,121
DA:13,0
DA:24,0
DA:26,0
DA:27,0
DA:29,0
DA:30,0
DA:31,0
DA:32,0
DA:34,0
DA:35,0
DA:36,0
DA:37,0
DA:38,0
DA:44,0
DA:46,0
DA:50,0
DA:51,0
DA:52,0
DA:53,0
DA:54,0
DA:55,0
DA:56,0
DA:58,0
LF:30
LH:7
BRDA:6,0,0,121
BRDA:6,0,1,121
BRDA:22,1,0,0
BRDA:26,2,0,0
BRDA:26,2,1,0
BRDA:36,3,0,0
BRDA:36,3,1,0
BRDA:40,4,0,0
BRDA:40,4,1,0
BRF:9
BRH:2
end_of_record
TN:
SF:app/codeCharta/util/algorithm/streetLayout/strip/strip.ts
FN:9,(anonymous_1)
FN:24,(anonymous_2)
FN:25,(anonymous_3)
FN:28,(anonymous_4)
FN:29,(anonymous_5)
FN:32,(anonymous_6)
FN:33,(anonymous_7)
FN:36,(anonymous_8)
FN:37,(anonymous_9)
FN:40,(anonymous_10)
FN:54,(anonymous_11)
FN:60,(anonymous_12)
FNF:12
FNH:0
FNDA:0,(anonymous_1)
FNDA:0,(anonymous_2)
FNDA:0,(anonymous_3)
FNDA:0,(anonymous_4)
FNDA:0,(anonymous_5)
FNDA:0,(anonymous_6)
FNDA:0,(anonymous_7)
FNDA:0,(anonymous_8)
FNDA:0,(anonymous_9)
FNDA:0,(anonymous_10)
FNDA:0,(anonymous_11)
FNDA:0,(anonymous_12)
DA:1,121
DA:2,121
DA:4,121
DA:7,0
DA:10,0
DA:25,0
DA:29,0
DA:33,0
DA:37,0
DA:41,0
DA:42,0
DA:43,0
DA:45,0
DA:46,0
DA:49,0
DA:55,0
DA:56,0
DA:57,0
DA:61,0
DA:62,0
DA:63,0
DA:64,0
LF:22
LH:3
BRDA:45,0,0,0
BRDA:45,0,1,0
BRF:2
BRH:0
end_of_record
TN:
SF:app/codeCharta/util/algorithm/streetLayout/strip/verticalStrip.ts
FN:6,(anonymous_1)
FN:12,(anonymous_2)
FN:16,(anonymous_3)
FN:48,(anonymous_4)
FNF:4
FNH:1
FNDA:121,(anonymous_1)
FNDA:0,(anonymous_2)
FNDA:0,(anonymous_3)
FNDA:0,(anonymous_4)
DA:1,121
DA:2,121
DA:3,121
DA:6,121
DA:7,121
DA:8,121
DA:9,121
DA:13,0
DA:24,0
DA:26,0
DA:27,0
DA:28,0
DA:29,0
DA:30,0
DA:31,0
DA:33,0
DA:34,0
DA:35,0
DA:36,0
DA:37,0
DA:43,0
DA:45,0
DA:49,0
DA:50,0
DA:51,0
DA:52,0
DA:53,0
DA:55,0
DA:56,0
DA:58,0
LF:30
LH:7
BRDA:6,0,0,121
BRDA:6,0,1,121
BRDA:22,1,0,0
BRDA:26,2,0,0
BRDA:26,2,1,0
BRDA:35,3,0,0
BRDA:35,3,1,0
BRDA:39,4,0,0
BRDA:39,4,1,0
BRF:9
BRH:2
end_of_record
TN:
SF:app/codeCharta/util/algorithm/treeMapLayout/treeMapGenerator.ts
FN:12,createTreemapNodes
FN:14,(anonymous_1)
FN:60,buildSquarifiedTreeMapsForFixedFolders
FN:140,hasFixedFolders
FN:146,scaleRoot
FN:153,getSquarifiedTreeMap
FN:169,(anonymous_6)
FN:193,(anonymous_7)
FN:206,(anonymous_8)
FN:209,getEstimatedNodesPerSide
FN:212,(anonymous_10)
FN:226,isOnlyVisibleInComparisonMap
FN:231,calculateAreaValue
FNF:13
FNH:13
FNDA:20,createTreemapNodes
FNDA:22,(anonymous_1)
FNDA:5,buildSquarifiedTreeMapsForFixedFolders
FNDA:66,hasFixedFolders
FNDA:3,scaleRoot
FNDA:31,getSquarifiedTreeMap
FNDA:147,(anonymous_6)
FNDA:47,(anonymous_7)
FNDA:147,(anonymous_8)
FNDA:34,getEstimatedNodesPerSide
FNDA:196,(anonymous_10)
FNDA:3,isOnlyVisibleInComparisonMap
FNDA:148,calculateAreaValue
DA:1,122
DA:2,122
DA:4,122
DA:8,122
DA:9,122
DA:10,122
DA:13,20
DA:14,22
DA:15,20
DA:17,20
DA:18,3
DA:21,3
DA:25,3
DA:28,3
DA:29,3
DA:32,3
DA:34,3
DA:51,17
DA:53,17
DA:54,17
DA:55,84
DA:57,17
DA:72,5
DA:74,5
DA:75,14
DA:76,14
DA:78,14
DA:83,46
DA:84,46
DA:88,46
DA:89,46
DA:90,46
DA:91,46
DA:94,46
DA:95,46
DA:96,46
DA:97,46
DA:99,46
DA:100,46
DA:102,46
DA:108,2
DA:109,2
DA:111,2
DA:132,2
DA:137,5
DA:143,66
DA:147,3
DA:148,3
DA:149,3
DA:150,3
DA:154,31
DA:155,31
DA:156,31
DA:160,31
DA:161,14
DA:162,14
DA:164,17
DA:165,17
DA:168,31
DA:169,31
DA:171,147
DA:172,47
DA:173,28
DA:175,47
DA:176,19
DA:186,31
DA:187,31
DA:189,31
DA:195,47
DA:197,28
DA:199,19
DA:200,19
DA:203,0
DA:206,147
DA:210,34
DA:211,34
DA:212,34
DA:213,196
DA:214,0
DA:216,196
DA:223,34
DA:227,3
DA:232,148
DA:233,0
DA:236,148
DA:237,1
DA:240,147
DA:241,62
DA:243,85
LF:89
LH:86
BRDA:17,0,0,3
BRDA:17,0,1,17
BRDA:102,1,0,2
BRDA:102,1,1,44
BRDA:143,2,0,3
BRDA:143,2,1,63
BRDA:143,3,0,66
BRDA:143,3,1,66
BRDA:160,4,0,14
BRDA:160,4,1,17
BRDA:171,5,0,47
BRDA:171,5,1,100
BRDA:172,6,0,28
BRDA:172,6,1,19
BRDA:175,7,0,19
BRDA:175,7,1,28
BRDA:175,8,0,47
BRDA:175,8,1,19
BRDA:195,9,0,28
BRDA:195,9,1,19
BRDA:199,10,0,19
BRDA:199,10,1,0
BRDA:199,11,0,19
BRDA:199,11,1,19
BRDA:213,12,0,0
BRDA:213,12,1,196
BRDA:213,13,0,196
BRDA:213,13,1,196
BRDA:227,14,0,3
BRDA:227,14,1,1
BRDA:232,15,0,0
BRDA:232,15,1,148
BRDA:236,16,0,1
BRDA:236,16,1,147
BRDA:236,17,0,148
BRDA:236,17,1,3
BRDA:240,18,0,62
BRDA:240,18,1,85
BRDA:240,19,0,147
BRDA:240,19,1,100
BRDA:240,20,0,0
BRDA:240,20,1,100
BRDA:240,21,0,100
BRDA:240,21,1,100
BRF:44
BRH:40
end_of_record
TN:
SF:app/codeCharta/util/algorithm/treeMapLayout/treeMapHelper.ts
FN:11,countNodes
FN:22,calculateSize
FN:33,buildingArrayToMap
FN:43,buildRootFolderForFixedFolders
FN:75,buildNodeFrom
FN:122,getHeightValue
FN:138,isVisible
FN:150,getIncomingEdgePoint
FN:157,getOutgoingEdgePoint
FN:164,isNodeFlat
FN:173,(anonymous_10)
FN:180,nodeHasNoVisibleEdges
FN:183,(anonymous_12)
FN:187,isNodeNonSearched
FN:191,getBuildingColor
FNF:15
FNH:14
FNDA:9,countNodes
FNDA:0,calculateSize
FNDA:6,buildingArrayToMap
FNDA:3,buildRootFolderForFixedFolders
FNDA:157,buildNodeFrom
FNDA:157,getHeightValue
FNDA:160,isVisible
FNDA:160,getIncomingEdgePoint
FNDA:160,getOutgoingEdgePoint
FNDA:160,isNodeFlat
FNDA:12,(anonymous_10)
FNDA:1,nodeHasNoVisibleEdges
FNDA:1,(anonymous_12)
FNDA:2,isNodeNonSearched
FNDA:160,getBuildingColor
DA:1,125
DA:3,125
DA:7,125
DA:8,125
DA:9,125
DA:12,9
DA:13,9
DA:14,4
DA:15,5
DA:18,9
DA:23,0
DA:25,0
DA:26,0
DA:27,0
DA:30,0
DA:34,6
DA:36,6
DA:37,4
DA:40,6
DA:44,3
DA:45,3
DA:46,3
DA:47,3
DA:49,3
DA:82,157
DA:83,157
DA:84,157
DA:85,157
DA:86,157
DA:87,157
DA:88,157
DA:91,157
DA:92,157
DA:93,157
DA:95,157
DA:123,157
DA:125,157
DA:126,4
DA:129,153
DA:130,153
DA:132,153
DA:133,131
DA:135,22
DA:139,160
DA:140,5
DA:143,155
DA:144,1
DA:147,154
DA:151,160
DA:152,35
DA:154,125
DA:158,160
DA:159,35
DA:161,125
DA:165,160
DA:166,2
DA:169,158
DA:170,2
DA:173,156
DA:174,1
DA:177,155
DA:181,1
DA:183,1
DA:188,2
DA:192,160
DA:194,160
DA:195,0
DA:197,160
DA:199,160
DA:200,86
DA:202,74
DA:203,1
DA:205,73
DA:206,73
DA:207,38
DA:209,35
DA:210,34
DA:212,1
DA:215,125
LF:79
LH:73
BRDA:13,0,0,4
BRDA:13,0,1,5
BRDA:23,1,0,0
BRDA:23,1,1,0
BRDA:25,2,0,0
BRDA:25,2,1,0
BRDA:25,3,0,0
BRDA:25,3,1,0
BRDA:25,3,2,0
BRDA:63,4,0,0
BRDA:63,4,1,3
BRDA:63,5,0,3
BRDA:63,5,1,3
BRDA:63,6,0,3
BRDA:63,6,1,0
BRDA:63,7,0,3
BRDA:63,7,1,3
BRDA:89,8,0,114
BRDA:89,8,1,43
BRDA:110,9,0,4
BRDA:110,9,1,153
BRDA:110,10,0,157
BRDA:110,10,1,157
BRDA:110,11,0,152
BRDA:110,11,1,5
BRDA:110,12,0,157
BRDA:110,12,1,157
BRDA:125,13,0,4
BRDA:125,13,1,153
BRDA:129,14,0,153
BRDA:129,14,1,92
BRDA:132,15,0,131
BRDA:132,15,1,22
BRDA:139,16,0,5
BRDA:139,16,1,155
BRDA:139,17,0,160
BRDA:139,17,1,159
BRDA:139,17,2,113
BRDA:139,17,3,113
BRDA:143,18,0,1
BRDA:143,18,1,154
BRDA:151,19,0,35
BRDA:151,19,1,125
BRDA:158,20,0,35
BRDA:158,20,1,125
BRDA:165,21,0,2
BRDA:165,21,1,158
BRDA:169,22,0,2
BRDA:169,22,1,156
BRDA:169,23,0,158
BRDA:169,23,1,158
BRDA:169,24,0,0
BRDA:169,24,1,158
BRDA:169,25,0,158
BRDA:169,25,1,158
BRDA:170,26,0,2
BRDA:170,26,1,2
BRDA:173,27,0,1
BRDA:173,27,1,155
BRDA:173,28,0,156
BRDA:173,28,1,12
BRDA:182,29,0,1
BRDA:182,29,1,1
BRDA:183,30,0,1
BRDA:183,30,1,1
BRDA:194,31,0,0
BRDA:194,31,1,160
BRDA:199,32,0,86
BRDA:199,32,1,74
BRDA:202,33,0,1
BRDA:202,33,1,73
BRDA:205,34,0,68
BRDA:205,34,1,5
BRDA:206,35,0,38
BRDA:206,35,1,35
BRDA:207,36,0,1
BRDA:207,36,1,37
BRDA:209,37,0,34
BRDA:209,37,1,1
BRDA:210,38,0,2
BRDA:210,38,1,32
BRF:81
BRH:70
end_of_record
TN:
SF:app/codeCharta/util/color/colorConverter.ts
FN:9,(anonymous_1)
FN:19,(anonymous_2)
FN:29,(anonymous_3)
FN:33,(anonymous_4)
FN:39,(anonymous_5)
FN:44,(anonymous_6)
FN:49,(anonymous_7)
FN:56,(anonymous_8)
FN:61,(anonymous_9)
FN:66,(anonymous_10)
FN:74,(anonymous_11)
FN:88,(anonymous_12)
FN:94,(anonymous_13)
FN:109,(anonymous_14)
FN:113,(anonymous_15)
FN:122,(anonymous_16)
FNF:16
FNH:16
FNDA:1872,(anonymous_1)
FNDA:6,(anonymous_2)
FNDA:1336,(anonymous_3)
FNDA:2,(anonymous_4)
FNDA:272,(anonymous_5)
FNDA:66,(anonymous_6)
FNDA:159,(anonymous_7)
FNDA:26,(anonymous_8)
FNDA:25,(anonymous_9)
FNDA:1,(anonymous_10)
FNDA:33,(anonymous_11)
FNDA:4,(anonymous_12)
FNDA:342,(anonymous_13)
FNDA:4,(anonymous_14)
FNDA:8,(anonymous_15)
FNDA:4,(anonymous_16)
DA:1,155
DA:2,155
DA:3,155
DA:6,155
DA:7,155
DA:10,1872
DA:11,1872
DA:12,24
DA:13,24
DA:16,1872
DA:20,6
DA:21,6
DA:22,2
DA:23,2
DA:26,6
DA:30,1336
DA:34,2
DA:35,2
DA:36,2
DA:40,272
DA:41,272
DA:45,66
DA:46,66
DA:50,159
DA:57,26
DA:58,26
DA:62,25
DA:63,25
DA:67,1
DA:68,1
DA:69,1
DA:71,1
DA:75,33
DA:76,33
DA:77,33
DA:78,33
DA:80,33
DA:81,159
DA:82,159
DA:83,159
DA:85,33
DA:89,4
DA:90,4
DA:91,4
DA:96,342
DA:97,342
DA:100,2
DA:102,342
DA:110,4
DA:114,8
DA:115,8
DA:116,8
DA:117,8
DA:118,8
DA:119,8
DA:123,4
LF:56
LH:56
BRDA:11,0,0,24
BRDA:11,0,1,1848
BRDA:21,1,0,2
BRDA:21,1,1,4
BRDA:39,2,0,271
BRDA:97,3,0,2
BRDA:97,3,1,340
BRF:7
BRH:7
end_of_record
TN:
SF:app/codeCharta/util/color/hsl.ts
FN:4,(anonymous_1)
FN:6,(anonymous_2)
FN:10,(anonymous_3)
FN:14,(anonymous_4)
FN:18,(anonymous_5)
FN:22,(anonymous_6)
FNF:6
FNH:6
FNDA:32,(anonymous_1)
FNDA:27,(anonymous_2)
FNDA:27,(anonymous_3)
FNDA:42,(anonymous_4)
FNDA:26,(anonymous_5)
FNDA:2,(anonymous_6)
DA:1,156
DA:4,32
DA:7,27
DA:11,27
DA:15,42
DA:19,26
DA:23,2
LF:7
LH:7
BRF:0
BRH:0
end_of_record
