TN:
SF:app/app.module.ts
FN:73,(anonymous_0)
FN:73,(anonymous_1)
FNF:2
FNH:2
FNDA:2,(anonymous_0)
FNDA:2,(anonymous_1)
DA:1,1
DA:2,1
DA:3,1
DA:4,1
DA:5,1
DA:6,1
DA:7,1
DA:8,1
DA:9,1
DA:10,1
DA:11,1
DA:12,1
DA:13,1
DA:14,1
DA:15,1
DA:16,1
DA:17,1
DA:18,1
DA:19,1
DA:20,1
DA:21,1
DA:22,1
DA:23,1
DA:24,1
DA:25,1
DA:26,1
DA:27,1
DA:28,1
DA:29,1
DA:30,1
DA:31,1
DA:32,1
DA:33,1
DA:34,1
DA:73,2
DA:81,1
DA:83,1
DA:84,0
LF:38
LH:37
BRDA:83,0,0,0
BRDA:83,1,0,1
BRDA:83,1,1,1
BRF:3
BRH:2
end_of_record
TN:
SF:app/polyfills.ts
FNF:0
FNH:0
DA:28,0
LF:1
LH:0
BRF:0
BRH:0
end_of_record
TN:
SF:app/codeCharta/codeCharta.api.model.ts
FN:36,(anonymous_0)
FN:41,(anonymous_1)
FNF:2
FNH:2
FNDA:149,(anonymous_0)
FNDA:149,(anonymous_1)
DA:36,149
DA:37,149
DA:38,149
DA:41,149
DA:42,149
DA:43,149
DA:44,149
DA:45,149
DA:46,149
LF:9
LH:9
BRDA:36,0,0,149
BRDA:36,0,1,149
BRDA:41,1,0,149
BRDA:41,1,1,149
BRF:4
BRH:4
end_of_record
TN:
SF:app/codeCharta/codeCharta.component.ts
FN:13,(anonymous_0)
FN:18,(anonymous_1)
FNF:2
FNH:2
FNDA:2,(anonymous_0)
FNDA:2,(anonymous_1)
DA:1,4
DA:2,4
DA:3,4
DA:4,4
DA:10,4
DA:11,2
DA:14,2
DA:15,2
DA:19,2
DA:20,2
DA:21,2
LF:11
LH:11
BRF:0
BRH:0
end_of_record
TN:
SF:app/codeCharta/codeCharta.model.ts
FN:19,(anonymous_0)
FN:25,(anonymous_1)
FN:81,(anonymous_2)
FN:86,(anonymous_3)
FN:207,(anonymous_4)
FN:212,(anonymous_5)
FN:226,(anonymous_6)
FN:349,stateObjectReplacer
FN:365,stateObjectReviver
FNF:9
FNH:9
FNDA:162,(anonymous_0)
FNDA:162,(anonymous_1)
FNDA:162,(anonymous_2)
FNDA:162,(anonymous_3)
FNDA:162,(anonymous_4)
FNDA:162,(anonymous_5)
FNDA:162,(anonymous_6)
FNDA:306,stateObjectReplacer
FNDA:42,stateObjectReviver
DA:19,162
DA:20,162
DA:21,162
DA:22,162
DA:25,162
DA:26,162
DA:27,162
DA:28,162
DA:29,162
DA:81,162
DA:82,162
DA:83,162
DA:86,162
DA:87,162
DA:88,162
DA:207,162
DA:208,162
DA:209,162
DA:212,162
DA:213,162
DA:214,162
DA:215,162
DA:216,162
DA:226,162
DA:227,162
DA:228,162
DA:229,162
DA:230,162
DA:349,162
DA:350,306
DA:351,5
DA:356,301
DA:357,1
DA:362,300
DA:365,162
DA:366,42
DA:367,1
DA:369,41
DA:370,1
DA:373,40
LF:40
LH:40
BRDA:19,0,0,162
BRDA:19,0,1,162
BRDA:25,1,0,162
BRDA:25,1,1,162
BRDA:81,2,0,162
BRDA:81,2,1,162
BRDA:86,3,0,162
BRDA:86,3,1,162
BRDA:207,4,0,162
BRDA:207,4,1,162
BRDA:212,5,0,162
BRDA:212,5,1,162
BRDA:226,6,0,162
BRDA:226,6,1,162
BRDA:350,7,0,5
BRDA:356,8,0,1
BRDA:366,9,0,1
BRDA:366,10,0,24
BRDA:366,10,1,18
BRDA:366,11,0,42
BRDA:366,11,1,18
BRDA:369,12,0,1
BRDA:369,13,0,24
BRDA:369,13,1,17
BRDA:369,14,0,41
BRDA:369,14,1,17
BRF:26
BRH:26
end_of_record
TN:
SF:app/codeCharta/codeCharta.module.ts
FNF:0
FNH:0
DA:1,4
DA:2,4
DA:3,4
DA:4,4
DA:5,4
DA:6,4
DA:7,4
DA:8,4
DA:9,4
DA:10,4
DA:26,4
LF:11
LH:11
BRF:0
BRH:0
end_of_record
TN:
SF:app/codeCharta/index.d.ts
FNF:0
FNH:0
LF:0
LH:0
BRF:0
BRH:0
end_of_record
TN:
SF:app/codeCharta/model/customConfig/customConfig.api.model.ts
FN:4,(anonymous_0)
FNF:1
FNH:1
FNDA:82,(anonymous_0)
DA:4,82
DA:5,82
DA:6,82
LF:3
LH:3
BRDA:4,0,0,82
BRDA:4,0,1,82
BRF:2
BRH:2
end_of_record
TN:
SF:app/codeCharta/model/files/files.helper.ts
FN:9,getCCFiles
FN:10,(anonymous_1)
FN:13,fileStatesAvailable
FN:14,(anonymous_3)
FN:17,getFileByFileName
FN:18,(anonymous_5)
FN:22,getFileNameOf
FN:26,getVisibleFiles
FN:27,(anonymous_8)
FN:30,getVisibleFileStates
FN:31,(anonymous_10)
FN:34,isDeltaState
FN:35,(anonymous_12)
FN:38,isPartialState
FN:39,(anonymous_14)
FN:42,isEqual
FN:46,createPNGFileName
FN:49,(anonymous_17)
FN:55,createStrippedFileName
FN:59,createCombinedFileName
FN:65,createCappedFileName
FN:66,(anonymous_21)
FNF:22
FNH:21
FNDA:9,getCCFiles
FNDA:14,(anonymous_1)
FNDA:23,fileStatesAvailable
FNDA:5,(anonymous_3)
FNDA:3,getFileByFileName
FNDA:4,(anonymous_5)
FNDA:0,getFileNameOf
FNDA:4,getVisibleFiles
FNDA:3,(anonymous_8)
FNDA:161,getVisibleFileStates
FNDA:28,(anonymous_10)
FNDA:73,isDeltaState
FNDA:56,(anonymous_12)
FNDA:13,isPartialState
FNDA:15,(anonymous_14)
FNDA:25,isEqual
FNDA:6,createPNGFileName
FNDA:11,(anonymous_17)
FNDA:11,createStrippedFileName
FNDA:6,createCombinedFileName
FNDA:6,createCappedFileName
FNDA:12,(anonymous_21)
DA:2,119
DA:4,119
DA:5,119
DA:6,119
DA:7,119
DA:9,119
DA:10,14
DA:13,119
DA:14,23
DA:17,119
DA:18,4
DA:19,3
DA:22,119
DA:23,0
DA:26,119
DA:27,4
DA:30,119
DA:31,161
DA:34,119
DA:35,73
DA:38,119
DA:39,15
DA:42,119
DA:43,25
DA:46,119
DA:47,6
DA:48,6
DA:49,11
DA:50,6
DA:51,6
DA:52,6
DA:56,11
DA:60,6
DA:66,12
DA:68,6
DA:70,6
LF:36
LH:35
BRDA:19,0,0,2
BRDA:19,0,1,1
BRDA:47,1,0,1
BRDA:47,1,1,5
BRDA:60,2,0,5
BRDA:60,2,1,1
BRDA:70,3,0,5
BRDA:70,3,1,1
BRF:8
BRH:8
end_of_record
TN:
SF:app/codeCharta/model/files/files.ts
FN:8,(anonymous_0)
FNF:1
FNH:1
FNDA:162,(anonymous_0)
DA:8,162
DA:9,162
DA:10,162
DA:11,162
DA:12,162
LF:5
LH:5
BRDA:8,0,0,162
BRDA:8,0,1,162
BRF:2
BRH:2
end_of_record
TN:
SF:app/codeCharta/resources/fixed-folders/fixed-folders-example.ts
FNF:0
FNH:0
DA:1,2
DA:4,2
DA:141,2
LF:3
LH:3
BRF:0
BRH:0
end_of_record
TN:
SF:app/codeCharta/services/isAttributeSideBarVisible.service.ts
FN:8,(anonymous_0)
FN:9,(anonymous_1)
FN:12,(anonymous_2)
FNF:3
FNH:1
FNDA:8,(anonymous_0)
FNDA:0,(anonymous_1)
FNDA:0,(anonymous_2)
DA:1,8
DA:2,8
DA:5,8
DA:6,8
DA:8,8
DA:9,8
DA:10,0
DA:12,8
DA:13,0
LF:9
LH:7
BRF:0
BRH:0
end_of_record
TN:
SF:app/codeCharta/services/3DExports/serialize3mf.service.ts
FN:26,serialize3mf
FN:53,extractMeshData
FN:72,extractChildMeshData
FN:109,groupMeshVerticesByColor
FN:130,(anonymous_5)
FN:136,constructVertices
FN:172,constructTriangles
FN:203,constructVolume
FN:228,convertColorArrayToHexString
FN:239,(anonymous_10)
FNF:10
FNH:10
FNDA:2,serialize3mf
FNDA:3,extractMeshData
FNDA:12,extractChildMeshData
FNDA:15,groupMeshVerticesByColor
FNDA:1350,(anonymous_5)
FNDA:14,constructVertices
FNDA:14,constructTriangles
FNDA:19,constructVolume
FNDA:96,convertColorArrayToHexString
FNDA:288,(anonymous_10)
DA:1,8
DA:2,8
DA:13,8
DA:14,8
DA:15,8
DA:26,8
DA:27,2
DA:28,2
DA:29,2
DA:30,2
DA:31,2
DA:33,2
DA:45,2
DA:49,2
DA:50,2
DA:58,3
DA:59,3
DA:60,3
DA:61,3
DA:62,3
DA:63,3
DA:65,3
DA:66,7
DA:69,3
DA:82,12
DA:83,1
DA:86,11
DA:87,2
DA:88,2
DA:89,1
DA:91,2
DA:94,11
DA:95,11
DA:97,11
DA:98,11
DA:100,11
DA:102,11
DA:104,11
DA:105,11
DA:110,15
DA:111,15
DA:112,2
DA:113,78
DA:115,78
DA:116,72
DA:118,6
DA:121,13
DA:122,11
DA:124,11
DA:125,5
DA:126,6
DA:127,6
DA:128,6
DA:130,1350
DA:131,11
DA:133,15
DA:144,14
DA:146,14
DA:147,1428
DA:152,1428
DA:154,1428
DA:155,88
DA:158,1428
DA:160,1428
DA:161,268
DA:162,268
DA:163,268
DA:165,1160
DA:169,14
DA:178,14
DA:179,6
DA:180,448
DA:183,448
DA:186,8
DA:187,8
DA:188,128
DA:189,128
DA:190,128
DA:192,128
DA:193,52
DA:197,52
DA:212,19
DA:213,16
DA:215,19
DA:216,19
DA:217,19
DA:225,19
DA:230,96
DA:238,96
DA:240,288
DA:247,8
LF:91
LH:91
BRDA:80,0,0,7
BRDA:82,1,0,1
BRDA:88,2,0,1
BRDA:111,3,0,2
BRDA:111,3,1,13
BRDA:115,4,0,72
BRDA:115,4,1,6
BRDA:121,5,0,11
BRDA:124,6,0,5
BRDA:124,6,1,6
BRDA:126,7,0,6
BRDA:154,8,0,88
BRDA:160,9,0,268
BRDA:160,9,1,1160
BRDA:178,10,0,6
BRDA:178,10,1,8
BRDA:192,11,0,52
BRDA:192,12,0,128
BRDA:192,12,1,54
BRDA:192,12,2,53
BRDA:212,13,0,16
BRDA:216,14,0,5
BRDA:216,14,1,14
BRDA:230,15,0,84
BRDA:230,15,1,12
BRF:25
BRH:25
end_of_record
TN:
SF:app/codeCharta/services/3DExports/3DPreview/preview3DPrintMesh.ts
FN:40,(anonymous_0)
FN:51,(anonymous_1)
FN:67,(anonymous_3)
FN:71,(anonymous_4)
FN:75,(anonymous_5)
FN:79,(anonymous_6)
FN:84,(anonymous_8)
FN:84,(anonymous_9)
FN:95,(anonymous_10)
FN:104,(anonymous_11)
FN:108,(anonymous_13)
FN:112,(anonymous_14)
FN:116,(anonymous_15)
FN:120,(anonymous_16)
FN:124,(anonymous_17)
FN:128,(anonymous_18)
FN:138,(anonymous_19)
FN:142,(anonymous_21)
FN:149,(anonymous_22)
FN:153,(anonymous_24)
FN:158,calculateMaxPossibleWidthForPreview3DPrintMesh
FNF:21
FNH:16
FNDA:11,(anonymous_0)
FNDA:8,(anonymous_1)
FNDA:6,(anonymous_3)
FNDA:0,(anonymous_4)
FNDA:6,(anonymous_5)
FNDA:2,(anonymous_6)
FNDA:8,(anonymous_8)
FNDA:8,(anonymous_9)
FNDA:2,(anonymous_10)
FNDA:1,(anonymous_11)
FNDA:0,(anonymous_13)
FNDA:0,(anonymous_14)
FNDA:0,(anonymous_15)
FNDA:0,(anonymous_16)
FNDA:16,(anonymous_17)
FNDA:22,(anonymous_18)
FNDA:21,(anonymous_19)
FNDA:10,(anonymous_21)
FNDA:14,(anonymous_22)
FNDA:13,(anonymous_24)
FNDA:5,calculateMaxPossibleWidthForPreview3DPrintMesh
DA:1,8
DA:2,8
DA:4,8
DA:5,8
DA:6,8
DA:7,8
DA:8,8
DA:9,8
DA:36,8
DA:41,11
DA:42,11
DA:43,11
DA:44,11
DA:45,11
DA:47,11
DA:48,11
DA:52,8
DA:53,8
DA:55,8
DA:56,8
DA:58,8
DA:59,8
DA:61,8
DA:62,8
DA:64,8
DA:68,6
DA:72,0
DA:76,6
DA:80,2
DA:81,2
DA:83,2
DA:84,8
DA:85,8
DA:86,8
DA:91,2
DA:92,2
DA:96,2
DA:97,2
DA:98,4
DA:99,4
DA:105,1
DA:109,0
DA:113,0
DA:117,0
DA:121,0
DA:125,16
DA:129,22
DA:130,20
DA:132,2
DA:134,2
DA:135,2
DA:139,21
DA:143,10
DA:144,10
DA:145,10
DA:146,10
DA:150,14
DA:154,13
DA:158,8
DA:165,5
DA:166,5
DA:167,5
DA:169,5
DA:170,5
DA:171,5
DA:172,4
DA:174,5
DA:175,5
DA:177,5
LF:69
LH:64
BRDA:42,0,0,4
BRDA:43,1,0,4
BRDA:44,2,0,4
BRDA:45,3,0,4
BRDA:85,4,0,8
BRDA:85,5,0,8
BRDA:85,5,1,8
BRDA:98,6,0,4
BRDA:129,7,0,20
BRDA:171,8,0,4
BRF:10
BRH:10
end_of_record
TN:
SF:app/codeCharta/services/3DExports/3DPreview/ColorChangeStrategies/backPrintColorChangeStrategy.ts
FN:4,(anonymous_0)
FNF:1
FNH:1
FNDA:120,(anonymous_0)
DA:3,24
DA:5,120
DA:6,16
DA:10,104
DA:11,4
DA:12,100
DA:13,1
DA:15,99
DA:17,104
DA:18,104
LF:10
LH:10
BRDA:5,0,0,16
BRDA:10,1,0,4
BRDA:10,1,1,100
BRDA:12,2,0,1
BRDA:12,2,1,99
BRF:5
BRH:5
end_of_record
TN:
SF:app/codeCharta/services/3DExports/3DPreview/ColorChangeStrategies/baseplateColorChangeStrategy.ts
FN:6,(anonymous_0)
FNF:1
FNH:1
FNDA:11,(anonymous_0)
DA:5,10
DA:7,11
DA:8,11
DA:9,11
LF:4
LH:4
BRDA:8,0,0,2
BRDA:8,0,1,9
BRF:2
BRH:2
end_of_record
TN:
SF:app/codeCharta/services/3DExports/3DPreview/ColorChangeStrategies/frontPrintColorChangeStrategy.ts
FN:4,(anonymous_0)
FNF:1
FNH:1
FNDA:28,(anonymous_0)
DA:3,15
DA:6,28
DA:7,11
DA:8,17
DA:9,1
DA:11,16
DA:13,28
DA:14,28
LF:8
LH:8
BRDA:6,0,0,11
BRDA:6,0,1,17
BRDA:8,1,0,1
BRDA:8,1,1,16
BRF:4
BRH:4
end_of_record
TN:
SF:app/codeCharta/services/3DExports/3DPreview/ColorChangeStrategies/negativePrintColorChangeStrategy.ts
FN:4,(anonymous_0)
FNF:1
FNH:1
FNDA:14,(anonymous_0)
DA:3,10
DA:5,14
DA:6,4
DA:8,10
DA:9,10
DA:10,10
LF:6
LH:6
BRDA:5,0,0,4
BRF:1
BRH:1
end_of_record
TN:
SF:app/codeCharta/services/3DExports/3DPreview/ColorChangeStrategies/neutralPrintColorChangeStrategy.ts
FN:4,(anonymous_0)
FNF:1
FNH:1
FNDA:14,(anonymous_0)
DA:3,10
DA:5,14
DA:6,4
DA:8,10
DA:9,10
DA:10,10
LF:6
LH:6
BRDA:5,0,0,4
BRF:1
BRH:1
end_of_record
TN:
SF:app/codeCharta/services/3DExports/3DPreview/ColorChangeStrategies/positivePrintColorChangeStrategy.ts
FN:4,(anonymous_0)
FNF:1
FNH:1
FNDA:14,(anonymous_0)
DA:3,10
DA:5,14
DA:6,4
DA:8,10
DA:9,10
DA:10,10
LF:6
LH:6
BRDA:5,0,0,4
BRF:1
BRH:1
end_of_record
TN:
SF:app/codeCharta/services/3DExports/3DPreview/CreateGeometryStrategies/createBaseplateGeometryStrategy.ts
FN:6,(anonymous_0)
FNF:1
FNH:1
FNDA:8,(anonymous_0)
DA:2,11
DA:5,11
DA:7,8
DA:8,8
DA:9,8
DA:10,8
DA:11,1
DA:15,8
DA:16,8
DA:17,8
DA:19,8
DA:20,8
DA:21,8
DA:22,8
DA:25,8
DA:26,8
DA:28,8
LF:17
LH:17
BRDA:10,0,0,1
BRDA:16,1,0,2
BRDA:16,1,1,6
BRF:3
BRH:3
end_of_record
TN:
SF:app/codeCharta/services/3DExports/3DPreview/CreateGeometryStrategies/createSvgGeometryStrategy.ts
FN:13,(anonymous_0)
FN:19,(anonymous_2)
FN:22,(anonymous_3)
FN:57,(anonymous_4)
FNF:4
FNH:3
FNDA:28,(anonymous_0)
FNDA:28,(anonymous_2)
FNDA:26,(anonymous_3)
FNDA:0,(anonymous_4)
DA:1,14
DA:2,14
DA:5,14
DA:12,14
DA:17,28
DA:18,28
DA:19,28
DA:20,28
DA:23,26
DA:24,26
DA:26,26
DA:27,26
DA:29,26
DA:30,26
DA:34,26
DA:38,26
DA:40,26
DA:41,26
DA:42,26
DA:43,26
DA:44,26
DA:46,26
DA:47,26
DA:48,21
DA:50,5
DA:51,5
DA:54,26
DA:58,0
DA:59,0
LF:29
LH:27
BRDA:47,0,0,21
BRDA:47,0,1,5
BRF:2
BRH:2
end_of_record
TN:
SF:app/codeCharta/services/3DExports/3DPreview/CreateGeometryStrategies/createTextGeometryStrategy.ts
FN:19,(anonymous_0)
FN:59,(anonymous_2)
FNF:2
FNH:2
FNDA:91,(anonymous_0)
FNDA:6,(anonymous_2)
DA:1,14
DA:2,14
DA:6,14
DA:18,14
DA:23,91
DA:24,91
DA:25,1
DA:27,90
DA:28,90
DA:29,44
DA:32,90
DA:40,90
DA:41,90
DA:42,45
DA:45,90
DA:46,90
DA:47,90
DA:48,90
DA:50,90
DA:56,90
DA:60,6
DA:61,6
DA:62,6
DA:63,12
DA:68,12
DA:69,12
DA:70,12
DA:73,6
LF:28
LH:28
BRDA:24,0,0,1
BRDA:28,1,0,44
BRDA:32,2,0,6
BRDA:32,2,1,84
BRDA:32,3,0,90
BRDA:32,3,1,53
BRDA:41,4,0,45
BRDA:47,5,0,53
BRDA:47,5,1,37
BRDA:48,6,0,45
BRDA:48,6,1,45
BRDA:53,7,0,45
BRDA:53,7,1,45
BRF:13
BRH:13
end_of_record
TN:
SF:app/codeCharta/services/3DExports/3DPreview/MeshModels/baseplateMesh.ts
FN:8,(anonymous_0)
FN:12,(anonymous_1)
FN:13,(anonymous_3)
FN:28,(anonymous_4)
FN:33,(anonymous_5)
FN:35,(anonymous_6)
FNF:6
FNH:6
FNDA:17,(anonymous_0)
FNDA:6,(anonymous_1)
FNDA:6,(anonymous_3)
FNDA:6,(anonymous_4)
FNDA:3,(anonymous_5)
FNDA:3,(anonymous_6)
DA:1,10
DA:2,10
DA:4,10
DA:5,10
DA:7,10
DA:8,17
DA:9,17
DA:13,6
DA:14,6
DA:20,6
DA:21,6
DA:22,6
DA:23,6
DA:24,6
DA:25,6
DA:27,6
DA:28,6
DA:29,6
DA:34,3
DA:35,3
DA:36,3
LF:21
LH:21
BRDA:8,0,0,15
BRF:1
BRH:1
end_of_record
TN:
SF:app/codeCharta/services/3DExports/3DPreview/MeshModels/customVisibilityMesh.ts
FN:8,(anonymous_0)
FN:17,(anonymous_1)
FN:22,(anonymous_2)
FN:27,(anonymous_3)
FN:32,(anonymous_4)
FNF:5
FNH:5
FNDA:106,(anonymous_0)
FNDA:18,(anonymous_1)
FNDA:74,(anonymous_2)
FNDA:245,(anonymous_3)
FNDA:153,(anonymous_4)
DA:1,20
DA:4,20
DA:11,106
DA:12,106
DA:14,106
DA:18,18
DA:19,18
DA:23,74
DA:24,74
DA:28,245
DA:29,245
DA:33,153
DA:34,153
DA:35,32
DA:36,31
DA:39,153
LF:16
LH:16
BRDA:11,0,0,0
BRDA:12,1,0,0
BRDA:28,2,0,105
BRDA:28,2,1,140
BRDA:29,3,0,245
BRDA:29,3,1,227
BRDA:29,3,2,196
BRDA:35,4,0,31
BRF:8
BRH:6
end_of_record
TN:
SF:app/codeCharta/services/3DExports/3DPreview/MeshModels/generalMesh.ts
FN:11,(anonymous_0)
FN:22,(anonymous_1)
FN:31,(anonymous_2)
FN:35,(anonymous_3)
FN:39,(anonymous_4)
FN:44,(anonymous_5)
FN:48,(anonymous_6)
FNF:7
FNH:7
FNDA:185,(anonymous_0)
FNDA:26,(anonymous_1)
FNDA:31,(anonymous_2)
FNDA:12,(anonymous_3)
FNDA:7,(anonymous_4)
FNDA:10,(anonymous_5)
FNDA:50,(anonymous_6)
DA:1,28
DA:8,28
DA:13,185
DA:15,185
DA:16,185
DA:17,185
DA:18,185
DA:23,26
DA:24,26
DA:25,13
DA:26,13
DA:32,31
DA:33,31
DA:36,12
DA:37,12
DA:40,7
DA:41,7
DA:45,10
DA:49,50
DA:50,34
DA:51,34
LF:21
LH:21
BRDA:25,0,0,13
BRDA:49,1,0,34
BRF:2
BRH:2
end_of_record
TN:
SF:app/codeCharta/services/3DExports/3DPreview/MeshModels/mapMesh.ts
FN:9,(anonymous_0)
FN:13,(anonymous_1)
FN:27,(anonymous_3)
FN:41,(anonymous_4)
FN:74,(anonymous_5)
FN:79,(anonymous_7)
FNF:6
FNH:6
FNDA:15,(anonymous_0)
FNDA:8,(anonymous_1)
FNDA:8,(anonymous_3)
FNDA:10,(anonymous_4)
FNDA:3,(anonymous_5)
FNDA:2,(anonymous_7)
DA:1,9
DA:3,9
DA:4,9
DA:6,9
DA:10,15
DA:14,8
DA:15,8
DA:16,8
DA:17,8
DA:18,8
DA:19,8
DA:20,8
DA:21,8
DA:22,8
DA:24,8
DA:28,8
DA:30,8
DA:31,8
DA:32,8
DA:34,8
DA:36,8
DA:38,8
DA:46,10
DA:47,10
DA:48,250
DA:49,250
DA:50,250
DA:53,250
DA:55,5
DA:56,245
DA:58,120
DA:59,125
DA:61,0
DA:62,125
DA:64,120
DA:66,5
DA:67,5
DA:69,250
DA:71,10
DA:75,3
DA:76,3
DA:77,3
DA:80,2
LF:43
LH:42
BRDA:53,0,0,5
BRDA:53,0,1,245
BRDA:53,1,0,250
BRDA:53,1,1,5
BRDA:53,1,2,5
BRDA:55,2,0,0
BRDA:55,2,1,5
BRDA:56,3,0,120
BRDA:56,3,1,125
BRDA:56,4,0,245
BRDA:56,4,1,125
BRDA:58,5,0,24
BRDA:58,5,1,96
BRDA:59,6,0,0
BRDA:59,6,1,125
BRDA:59,7,0,125
BRDA:59,7,1,5
BRDA:61,8,0,0
BRDA:61,8,1,0
BRDA:62,9,0,120
BRDA:62,9,1,5
BRDA:62,10,0,125
BRDA:62,10,1,125
BRDA:64,11,0,24
BRDA:64,11,1,96
BRF:25
BRH:21
end_of_record
TN:
SF:app/codeCharta/services/3DExports/3DPreview/MeshModels/textMesh.ts
FN:7,(anonymous_0)
FN:18,(anonymous_1)
FN:26,(anonymous_3)
FN:31,(anonymous_5)
FNF:4
FNH:4
FNDA:49,(anonymous_0)
FNDA:42,(anonymous_1)
FNDA:37,(anonymous_3)
FNDA:37,(anonymous_5)
DA:1,12
DA:3,12
DA:4,12
DA:6,12
DA:12,49
DA:13,49
DA:15,49
DA:19,42
DA:21,42
DA:23,42
DA:27,37
DA:28,37
DA:32,37
LF:13
LH:13
BRDA:9,0,0,0
BRDA:13,1,0,46
BRF:2
BRH:1
end_of_record
TN:
SF:app/codeCharta/services/3DExports/3DPreview/MeshModels/BackMeshModels/backBelowLogoTextMesh.ts
FN:7,(anonymous_0)
FNF:1
FNH:1
FNDA:5,(anonymous_0)
DA:3,9
DA:4,9
DA:6,9
DA:8,5
DA:16,5
LF:5
LH:5
BRF:0
BRH:0
end_of_record
TN:
SF:app/codeCharta/services/3DExports/3DPreview/MeshModels/BackMeshModels/backMWLogoMesh.ts
FN:7,(anonymous_0)
FN:12,(anonymous_1)
FNF:2
FNH:2
FNDA:5,(anonymous_0)
FNDA:5,(anonymous_1)
DA:1,9
DA:2,9
DA:4,9
DA:6,9
DA:8,5
DA:9,5
DA:13,5
DA:14,5
DA:15,5
DA:21,5
DA:22,5
DA:23,5
DA:24,5
DA:26,5
DA:28,5
LF:15
LH:15
BRF:0
BRH:0
end_of_record
TN:
SF:app/codeCharta/services/3DExports/3DPreview/MeshModels/BackMeshModels/backPrintContainerMesh.ts
FN:16,(anonymous_0)
FN:21,(anonymous_1)
FN:34,(anonymous_3)
FN:34,(anonymous_4)
FN:44,(anonymous_5)
FN:47,(anonymous_6)
FN:54,(anonymous_7)
FN:58,(anonymous_8)
FN:64,(anonymous_10)
FN:68,(anonymous_11)
FNF:10
FNH:10
FNDA:16,(anonymous_0)
FNDA:9,(anonymous_1)
FNDA:54,(anonymous_3)
FNDA:54,(anonymous_4)
FNDA:12,(anonymous_5)
FNDA:87,(anonymous_6)
FNDA:3,(anonymous_7)
FNDA:14,(anonymous_8)
FNDA:15,(anonymous_10)
FNDA:5,(anonymous_11)
DA:2,9
DA:3,9
DA:4,9
DA:5,9
DA:6,9
DA:7,9
DA:8,9
DA:9,9
DA:11,9
DA:13,9
DA:16,16
DA:17,16
DA:18,16
DA:22,9
DA:23,9
DA:24,9
DA:25,9
DA:26,9
DA:27,9
DA:28,9
DA:33,9
DA:34,54
DA:35,54
DA:36,54
DA:40,9
DA:41,9
DA:45,12
DA:46,12
DA:47,12
DA:48,87
DA:49,70
DA:55,3
DA:59,14
DA:60,14
DA:61,14
DA:65,15
DA:66,15
DA:69,5
LF:38
LH:38
BRDA:48,0,0,70
BRF:1
BRH:1
end_of_record
TN:
SF:app/codeCharta/services/3DExports/3DPreview/MeshModels/BackMeshModels/codeChartaLogoMesh.ts
FN:9,(anonymous_0)
FN:14,(anonymous_1)
FNF:2
FNH:2
FNDA:5,(anonymous_0)
FNDA:5,(anonymous_1)
DA:1,9
DA:2,9
DA:4,9
DA:6,9
DA:10,5
DA:11,5
DA:15,5
DA:16,5
DA:22,5
DA:23,5
DA:24,5
DA:25,5
DA:27,5
DA:29,5
LF:14
LH:14
BRDA:9,0,0,4
BRF:1
BRH:1
end_of_record
TN:
SF:app/codeCharta/services/3DExports/3DPreview/MeshModels/BackMeshModels/codeChartaTextMesh.ts
FN:7,(anonymous_0)
FNF:1
FNH:1
FNDA:5,(anonymous_0)
DA:2,9
DA:4,9
DA:6,9
DA:8,5
DA:16,5
LF:5
LH:5
BRF:0
BRH:0
end_of_record
TN:
SF:app/codeCharta/services/3DExports/3DPreview/MeshModels/BackMeshModels/colorMetricDescriptionBlockMesh.ts
FN:17,(anonymous_0)
FN:21,(anonymous_1)
FN:32,(anonymous_4)
FN:43,(anonymous_6)
FN:47,(anonymous_7)
FNF:5
FNH:5
FNDA:6,(anonymous_0)
FNDA:6,(anonymous_1)
FNDA:4,(anonymous_4)
FNDA:4,(anonymous_6)
FNDA:6,(anonymous_7)
DA:3,9
DA:6,9
DA:7,9
DA:8,9
DA:9,9
DA:10,9
DA:16,9
DA:18,6
DA:22,6
DA:23,6
DA:24,36
DA:27,6
DA:29,6
DA:33,4
DA:44,4
DA:48,6
DA:49,6
DA:50,6
DA:58,6
DA:66,6
DA:67,6
DA:68,36
DA:69,36
DA:78,36
DA:81,36
DA:82,36
DA:84,36
DA:85,30
DA:88,6
LF:29
LH:29
BRDA:84,0,0,30
BRF:1
BRH:1
end_of_record
TN:
SF:app/codeCharta/services/3DExports/3DPreview/MeshModels/BackMeshModels/metricDescriptionBlockMesh.ts
FN:23,(anonymous_0)
FN:33,(anonymous_1)
FN:47,(anonymous_3)
FN:62,(anonymous_5)
FN:75,(anonymous_7)
FNF:5
FNH:5
FNDA:17,(anonymous_0)
FNDA:16,(anonymous_1)
FNDA:10,(anonymous_3)
FNDA:16,(anonymous_5)
FNDA:12,(anonymous_7)
DA:1,10
DA:2,10
DA:6,10
DA:7,10
DA:9,10
DA:19,10
DA:24,17
DA:25,17
DA:26,17
DA:28,17
DA:29,17
DA:30,17
DA:34,16
DA:36,14
DA:38,14
DA:40,14
DA:42,14
DA:44,14
DA:52,10
DA:66,16
DA:71,14
DA:72,14
DA:76,12
LF:23
LH:23
BRF:0
BRH:0
end_of_record
TN:
SF:app/codeCharta/services/3DExports/3DPreview/MeshModels/BackMeshModels/metricDescriptionsContainerMesh.ts
FN:10,(anonymous_0)
FN:17,(anonymous_1)
FN:67,(anonymous_3)
FN:69,(anonymous_4)
FN:80,(anonymous_5)
FN:86,(anonymous_6)
FN:92,(anonymous_7)
FNF:7
FNH:7
FNDA:7,(anonymous_0)
FNDA:6,(anonymous_1)
FNDA:6,(anonymous_3)
FNDA:48,(anonymous_4)
FNDA:6,(anonymous_5)
FNDA:6,(anonymous_6)
FNDA:6,(anonymous_7)
DA:2,9
DA:4,9
DA:5,9
DA:6,9
DA:7,9
DA:9,9
DA:12,7
DA:14,7
DA:18,6
DA:19,6
DA:20,6
DA:22,6
DA:33,6
DA:35,6
DA:46,6
DA:48,6
DA:60,6
DA:62,6
DA:64,6
DA:68,6
DA:69,6
DA:70,48
DA:71,48
DA:72,48
DA:73,48
DA:74,48
DA:77,6
DA:81,6
DA:82,6
DA:83,6
DA:87,6
DA:88,6
DA:89,6
DA:93,6
DA:94,6
DA:95,6
LF:36
LH:36
BRDA:70,0,0,48
BRDA:70,1,0,48
BRDA:70,1,1,48
BRF:3
BRH:3
end_of_record
TN:
SF:app/codeCharta/services/3DExports/3DPreview/MeshModels/BackMeshModels/qrCodeMesh.ts
FN:9,(anonymous_0)
FN:13,(anonymous_1)
FN:26,(anonymous_3)
FN:30,(anonymous_5)
FN:60,(anonymous_7)
FNF:5
FNH:5
FNDA:9,(anonymous_0)
FNDA:5,(anonymous_1)
FNDA:14,(anonymous_3)
FNDA:4,(anonymous_5)
FNDA:4,(anonymous_7)
DA:1,9
DA:3,9
DA:4,9
DA:5,9
DA:6,9
DA:8,9
DA:10,9
DA:14,5
DA:16,5
DA:17,5
DA:18,5
DA:19,5
DA:21,5
DA:23,5
DA:27,14
DA:31,4
DA:32,1
DA:35,3
DA:36,3
DA:38,3
DA:39,3
DA:41,3
DA:42,3
DA:44,3
DA:45,114
DA:46,8550
DA:47,8550
DA:48,0
DA:49,0
DA:50,0
DA:55,3
DA:57,3
DA:61,4
DA:62,4
LF:34
LH:31
BRDA:31,0,0,1
BRDA:31,1,0,4
BRDA:31,1,1,3
BRDA:47,2,0,0
BRF:4
BRH:3
end_of_record
TN:
SF:app/codeCharta/services/3DExports/3DPreview/MeshModels/FrontMeshModels/customLogoMesh.ts
FN:8,(anonymous_0)
FN:15,(anonymous_1)
FN:38,(anonymous_3)
FN:43,(anonymous_4)
FN:47,(anonymous_5)
FN:51,(anonymous_6)
FNF:6
FNH:6
FNDA:5,(anonymous_0)
FNDA:5,(anonymous_1)
FNDA:1,(anonymous_3)
FNDA:1,(anonymous_4)
FNDA:1,(anonymous_5)
FNDA:1,(anonymous_6)
DA:1,9
DA:4,9
DA:7,9
DA:10,5
DA:12,5
DA:16,5
DA:17,5
DA:18,5
DA:24,5
DA:25,5
DA:26,5
DA:27,5
DA:29,5
DA:30,1
DA:33,5
DA:35,5
DA:39,1
DA:40,1
DA:44,1
DA:48,1
DA:52,1
DA:53,1
LF:22
LH:22
BRDA:29,0,0,1
BRF:1
BRH:1
end_of_record
TN:
SF:app/codeCharta/services/3DExports/3DPreview/MeshModels/FrontMeshModels/frontLogo.ts
FN:6,(anonymous_0)
FN:13,(anonymous_1)
FNF:2
FNH:2
FNDA:18,(anonymous_0)
FNDA:6,(anonymous_1)
DA:2,12
DA:3,12
DA:5,12
DA:8,18
DA:10,18
DA:14,6
DA:15,6
DA:16,6
DA:17,6
DA:20,6
DA:21,6
DA:22,6
DA:23,6
DA:24,6
DA:25,6
DA:26,6
LF:16
LH:16
BRDA:17,0,0,3
BRDA:17,0,1,3
BRDA:22,1,0,3
BRDA:22,1,1,3
BRDA:23,2,0,4
BRDA:23,2,1,2
BRDA:25,3,0,3
BRDA:25,3,1,3
BRF:8
BRH:8
end_of_record
TN:
SF:app/codeCharta/services/3DExports/3DPreview/MeshModels/FrontMeshModels/frontMWLogoMesh.ts
FN:7,(anonymous_0)
FN:11,(anonymous_1)
FN:11,(anonymous_2)
FN:33,(anonymous_3)
FNF:4
FNH:4
FNDA:7,(anonymous_0)
FNDA:7,(anonymous_1)
FNDA:7,(anonymous_2)
FNDA:2,(anonymous_3)
DA:1,9
DA:3,9
DA:6,9
DA:8,7
DA:11,7
DA:12,7
DA:13,7
DA:19,7
DA:20,7
DA:21,7
DA:22,7
DA:24,7
DA:25,0
DA:28,7
DA:30,7
DA:34,2
DA:35,2
LF:17
LH:16
BRDA:11,0,0,4
BRDA:24,1,0,0
BRF:2
BRH:1
end_of_record
TN:
SF:app/codeCharta/services/3DExports/3DPreview/MeshModels/FrontMeshModels/frontPrintContainerMesh.ts
FN:14,(anonymous_0)
FN:19,(anonymous_1)
FN:26,(anonymous_3)
FN:26,(anonymous_4)
FN:37,(anonymous_5)
FN:46,(anonymous_7)
FN:51,(anonymous_8)
FN:56,(anonymous_9)
FN:61,(anonymous_10)
FN:66,(anonymous_11)
FN:72,(anonymous_13)
FN:81,(anonymous_14)
FN:87,(anonymous_16)
FN:98,(anonymous_17)
FNF:14
FNH:11
FNDA:16,(anonymous_0)
FNDA:9,(anonymous_1)
FNDA:27,(anonymous_3)
FNDA:27,(anonymous_4)
FNDA:1,(anonymous_5)
FNDA:0,(anonymous_7)
FNDA:0,(anonymous_8)
FNDA:1,(anonymous_9)
FNDA:0,(anonymous_10)
FNDA:16,(anonymous_11)
FNDA:1,(anonymous_13)
FNDA:22,(anonymous_14)
FNDA:2,(anonymous_16)
FNDA:7,(anonymous_17)
DA:2,9
DA:3,9
DA:5,9
DA:6,9
DA:7,9
DA:8,9
DA:9,9
DA:11,9
DA:14,16
DA:15,16
DA:16,16
DA:20,9
DA:21,9
DA:22,9
DA:23,9
DA:25,9
DA:26,27
DA:27,27
DA:28,27
DA:32,9
DA:34,9
DA:38,1
DA:39,0
DA:41,1
DA:42,1
DA:43,1
DA:47,0
DA:48,0
DA:52,0
DA:53,0
DA:57,1
DA:58,1
DA:62,0
DA:63,0
DA:67,16
DA:68,16
DA:69,16
DA:73,1
DA:74,1
DA:75,3
DA:76,1
DA:82,22
DA:83,22
DA:84,22
DA:88,2
DA:89,2
DA:90,2
DA:92,2
DA:94,2
DA:95,2
DA:99,7
LF:51
LH:44
BRDA:38,0,0,0
BRDA:75,1,0,1
BRDA:75,2,0,3
BRDA:75,2,1,1
BRDA:95,3,0,2
BRDA:95,3,1,0
BRDA:95,4,0,2
BRDA:95,4,1,2
BRF:8
BRH:6
end_of_record
TN:
SF:app/codeCharta/services/3DExports/3DPreview/MeshModels/FrontMeshModels/frontTextMesh.ts
FN:8,(anonymous_0)
FNF:1
FNH:1
FNDA:8,(anonymous_0)
DA:4,9
DA:5,9
DA:7,9
DA:9,8
DA:10,8
DA:11,5
DA:13,8
DA:22,8
DA:23,8
LF:9
LH:9
BRDA:10,0,0,5
BRF:1
BRH:1
end_of_record
TN:
SF:app/codeCharta/services/3DExports/3DPreview/MeshModels/FrontMeshModels/secondRowTextMesh.ts
FN:8,(anonymous_0)
FNF:1
FNH:1
FNDA:6,(anonymous_0)
DA:3,9
DA:5,9
DA:7,9
DA:9,6
DA:18,6
LF:5
LH:5
BRF:0
BRH:0
end_of_record
TN:
SF:app/codeCharta/services/3DExports/generateXML/build3mfModel.ts
FN:1,getXMLmodel
FN:10,_getXMLModelHeader
FN:20,_getXMLModelVertices
FN:29,_getXMLModelTriangles
FN:38,_getXMLModelFooter
FNF:5
FNH:5
FNDA:3,getXMLmodel
FNDA:3,_getXMLModelHeader
FNDA:3,_getXMLModelVertices
FNDA:3,_getXMLModelTriangles
FNDA:3,_getXMLModelFooter
DA:1,9
DA:2,3
DA:3,3
DA:4,3
DA:5,3
DA:7,3
DA:11,3
DA:21,3
DA:22,3
DA:23,235
DA:25,3
DA:26,3
DA:30,3
DA:31,3
DA:32,450
DA:34,3
DA:35,3
DA:39,3
LF:18
LH:18
BRF:0
BRH:0
end_of_record
TN:
SF:app/codeCharta/services/3DExports/generateXML/build3mfModelConfig.ts
FN:3,getXMLmodelConfig
FN:15,_getXMLModelConfigHeader
FN:23,_getXMLModelConfigVolumes
FN:33,_getXMLModelConfigFooter
FNF:4
FNH:4
FNDA:3,getXMLmodelConfig
FNDA:3,_getXMLModelConfigHeader
FNDA:11,_getXMLModelConfigVolumes
FNDA:3,_getXMLModelConfigFooter
DA:3,9
DA:4,3
DA:6,3
DA:7,11
DA:10,3
DA:12,3
DA:16,3
DA:24,11
DA:34,3
LF:9
LH:9
BRF:0
BRH:0
end_of_record
TN:
SF:app/codeCharta/services/3DExports/generateXML/build3mfStatics.ts
FN:1,getXMLcontentType
FN:9,getXMLrelationships
FNF:2
FNH:2
FNDA:3,getXMLcontentType
FNDA:3,getXMLrelationships
DA:1,9
DA:2,3
DA:9,9
DA:10,3
LF:4
LH:4
BRF:0
BRH:0
end_of_record
TN:
SF:app/codeCharta/services/idToBuilding/idToBuilding.service.ts
FN:5,(anonymous_0)
FN:8,(anonymous_1)
FN:16,(anonymous_2)
FNF:3
FNH:3
FNDA:190,(anonymous_0)
FNDA:20,(anonymous_1)
FNDA:16,(anonymous_2)
DA:1,52
DA:5,52
DA:6,190
DA:9,20
DA:10,20
DA:11,29
DA:17,16
LF:7
LH:7
BRF:0
BRH:0
end_of_record
TN:
SF:app/codeCharta/services/loadFile/fileParser.ts
FN:8,getNameDataPair
FN:16,getExportCCFile
FN:26,(anonymous_2)
FN:37,enrichFileStatesAndRecentFilesWithValidationResults
FN:62,addFile
FN:67,(anonymous_5)
FN:69,(anonymous_6)
FN:88,getFileName
FNF:8
FNH:7
FNDA:13,getNameDataPair
FNDA:13,getExportCCFile
FNDA:0,(anonymous_2)
FNDA:21,enrichFileStatesAndRecentFilesWithValidationResults
FNDA:21,addFile
FNDA:13,(anonymous_5)
FNDA:13,(anonymous_6)
FNDA:6,getFileName
DA:3,109
DA:4,109
DA:5,109
DA:6,109
DA:8,109
DA:9,13
DA:17,13
DA:27,0
DA:29,0
DA:31,0
DA:37,109
DA:43,21
DA:44,26
DA:49,26
DA:51,26
DA:52,21
DA:53,21
DA:56,26
DA:57,5
DA:63,21
DA:64,21
DA:65,21
DA:66,21
DA:67,21
DA:68,21
DA:69,13
DA:71,21
DA:73,21
DA:74,6
DA:75,6
DA:77,21
DA:78,3
DA:79,3
DA:80,3
DA:81,3
DA:84,18
DA:85,18
DA:89,6
DA:90,1
DA:93,5
DA:94,5
DA:95,5
DA:97,5
DA:98,7
DA:99,7
DA:104,7
DA:105,5
DA:107,7
DA:109,5
LF:49
LH:46
BRDA:27,0,0,0
BRDA:27,0,1,0
BRDA:45,1,0,0
BRDA:45,1,1,26
BRDA:45,2,0,26
BRDA:45,2,1,26
BRDA:49,3,0,0
BRDA:49,3,1,26
BRDA:49,4,0,26
BRDA:49,4,1,26
BRDA:51,5,0,21
BRDA:52,6,0,0
BRDA:52,6,1,21
BRDA:52,7,0,21
BRDA:52,7,1,21
BRDA:56,8,0,5
BRDA:56,9,0,26
BRDA:56,9,1,21
BRDA:73,10,0,6
BRDA:77,11,0,3
BRDA:89,12,0,1
BRDA:100,13,0,0
BRDA:100,13,1,7
BRDA:104,14,0,5
BRDA:104,15,0,7
BRDA:104,15,1,6
BRF:26
BRH:20
end_of_record
TN:
SF:app/codeCharta/services/loadFile/fileRoot.ts
FN:10,(anonymous_0)
FNF:1
FNH:1
FNDA:17,(anonymous_0)
DA:7,126
DA:11,17
DA:12,17
LF:3
LH:3
BRF:0
BRH:0
end_of_record
TN:
SF:app/codeCharta/services/loadFile/loadFile.service.ts
FN:33,(anonymous_0)
FN:25,(anonymous_1)
FN:39,(anonymous_2)
FN:43,(anonymous_3)
FN:63,(anonymous_4)
FNF:5
FNH:5
FNDA:18,(anonymous_0)
FNDA:20,(anonymous_1)
FNDA:2,(anonymous_2)
FNDA:21,(anonymous_3)
FNDA:19,(anonymous_4)
DA:1,109
DA:2,109
DA:3,109
DA:4,109
DA:6,109
DA:9,109
DA:10,109
DA:11,109
DA:12,109
DA:13,109
DA:14,109
DA:16,109
DA:19,109
DA:20,109
DA:22,18
DA:26,20
DA:27,1
DA:34,18
DA:35,18
DA:36,18
DA:40,2
DA:44,21
DA:45,21
DA:46,21
DA:48,21
DA:50,21
DA:51,5
DA:56,21
DA:57,5
DA:60,16
DA:62,16
DA:63,19
DA:64,16
DA:65,16
LF:34
LH:34
BRDA:26,0,0,1
BRDA:50,1,0,5
BRDA:56,2,0,5
BRF:3
BRH:3
end_of_record
TN:
SF:app/codeCharta/services/loadInitialFile/loadInitialFile.service.ts
FN:68,(anonymous_0)
FN:76,(anonymous_1)
FN:81,(anonymous_3)
FN:85,(anonymous_4)
FN:96,(anonymous_6)
FN:97,(anonymous_7)
FN:98,(anonymous_8)
FN:112,(anonymous_9)
FN:133,(anonymous_10)
FN:138,(anonymous_11)
FN:144,(anonymous_12)
FN:153,(anonymous_14)
FN:162,(anonymous_16)
FN:169,(anonymous_17)
FN:178,(anonymous_19)
FN:200,(anonymous_21)
FN:217,(anonymous_22)
FN:234,(anonymous_23)
FN:251,(anonymous_24)
FN:275,(anonymous_25)
FN:317,(anonymous_26)
FN:405,(anonymous_27)
FN:410,(anonymous_28)
FN:422,(anonymous_30)
FN:428,(anonymous_31)
FN:438,(anonymous_32)
FN:451,(anonymous_33)
FN:452,(anonymous_34)
FN:470,(anonymous_35)
FNF:29
FNH:26
FNDA:14,(anonymous_0)
FNDA:12,(anonymous_1)
FNDA:12,(anonymous_3)
FNDA:9,(anonymous_4)
FNDA:2,(anonymous_6)
FNDA:9,(anonymous_7)
FNDA:2,(anonymous_8)
FNDA:1,(anonymous_9)
FNDA:7,(anonymous_10)
FNDA:0,(anonymous_11)
FNDA:1,(anonymous_12)
FNDA:3,(anonymous_14)
FNDA:0,(anonymous_16)
FNDA:1,(anonymous_17)
FNDA:7,(anonymous_19)
FNDA:8,(anonymous_21)
FNDA:8,(anonymous_22)
FNDA:8,(anonymous_23)
FNDA:5,(anonymous_24)
FNDA:6,(anonymous_25)
FNDA:28,(anonymous_26)
FNDA:0,(anonymous_27)
FNDA:3,(anonymous_28)
FNDA:2,(anonymous_30)
FNDA:1,(anonymous_31)
FNDA:9,(anonymous_32)
FNDA:4,(anonymous_33)
FNDA:2,(anonymous_34)
FNDA:8,(anonymous_35)
DA:1,9
DA:2,9
DA:3,9
DA:4,9
DA:5,9
DA:6,9
DA:7,9
DA:8,9
DA:9,9
DA:10,9
DA:11,9
DA:12,9
DA:13,9
DA:14,9
DA:15,9
DA:16,9
DA:17,9
DA:18,9
DA:19,9
DA:20,9
DA:21,9
DA:22,9
DA:23,9
DA:24,9
DA:25,9
DA:26,9
DA:27,9
DA:28,9
DA:29,9
DA:30,9
DA:31,9
DA:32,9
DA:33,9
DA:34,9
DA:35,9
DA:36,9
DA:37,9
DA:38,9
DA:39,9
DA:40,9
DA:41,9
DA:42,9
DA:43,9
DA:44,9
DA:45,9
DA:49,9
DA:50,9
DA:51,9
DA:52,9
DA:53,9
DA:54,9
DA:55,9
DA:56,9
DA:57,9
DA:58,9
DA:59,9
DA:61,9
DA:62,9
DA:65,9
DA:66,14
DA:69,14
DA:70,14
DA:71,14
DA:72,14
DA:73,14
DA:77,12
DA:78,12
DA:82,12
DA:86,9
DA:87,9
DA:88,8
DA:89,8
DA:90,1
DA:91,1
DA:92,1
DA:95,7
DA:96,7
DA:97,9
DA:98,7
DA:99,7
DA:100,0
DA:102,7
DA:104,7
DA:106,1
DA:108,9
DA:113,1
DA:115,1
DA:116,0
DA:118,1
DA:119,1
DA:121,1
DA:122,1
DA:124,1
DA:125,1
DA:126,1
DA:127,1
DA:128,1
DA:129,0
DA:134,7
DA:135,7
DA:139,0
DA:140,0
DA:141,0
DA:145,1
DA:146,1
DA:147,1
DA:148,1
DA:150,1
DA:154,3
DA:155,3
DA:156,2
DA:157,1
DA:158,1
DA:161,1
DA:162,1
DA:163,1
DA:165,1
DA:170,1
DA:171,1
DA:172,1
DA:173,1
DA:175,1
DA:179,7
DA:180,7
DA:181,7
DA:182,7
DA:183,7
DA:184,7
DA:185,7
DA:187,7
DA:188,7
DA:189,7
DA:191,7
DA:192,7
DA:193,7
DA:195,7
DA:196,0
DA:201,8
DA:202,8
DA:203,8
DA:204,40
DA:205,0
DA:207,40
DA:208,40
DA:209,40
DA:210,5
DA:214,8
DA:218,8
DA:219,8
DA:220,8
DA:221,88
DA:222,0
DA:224,88
DA:225,88
DA:226,88
DA:227,6
DA:231,8
DA:235,8
DA:236,8
DA:237,8
DA:238,216
DA:239,0
DA:241,216
DA:242,216
DA:243,216
DA:244,28
DA:248,8
DA:252,5
DA:254,1
DA:255,1
DA:257,1
DA:258,1
DA:260,1
DA:261,1
DA:263,1
DA:264,1
DA:266,1
DA:267,1
DA:269,0
DA:270,0
DA:276,6
DA:278,0
DA:279,0
DA:281,0
DA:282,0
DA:284,0
DA:285,0
DA:287,0
DA:288,0
DA:290,1
DA:291,1
DA:293,1
DA:294,1
DA:296,1
DA:297,1
DA:299,0
DA:300,0
DA:303,1
DA:305,1
DA:306,1
DA:308,1
DA:309,1
DA:311,0
DA:312,0
DA:318,28
DA:320,2
DA:321,2
DA:323,1
DA:324,1
DA:326,1
DA:327,1
DA:329,1
DA:330,1
DA:332,1
DA:333,1
DA:335,1
DA:336,1
DA:338,1
DA:339,1
DA:341,1
DA:342,1
DA:344,1
DA:345,1
DA:347,1
DA:348,1
DA:350,1
DA:351,1
DA:353,1
DA:354,1
DA:356,1
DA:357,1
DA:359,1
DA:360,1
DA:362,1
DA:363,1
DA:367,2
DA:369,1
DA:370,1
DA:372,1
DA:373,1
DA:375,1
DA:376,1
DA:378,1
DA:379,1
DA:381,1
DA:382,1
DA:384,1
DA:385,1
DA:387,1
DA:388,1
DA:390,1
DA:391,1
DA:393,1
DA:394,1
DA:396,1
DA:397,1
DA:399,0
DA:400,0
DA:406,0
DA:407,0
DA:411,3
DA:412,3
DA:413,2
DA:414,0
DA:416,2
DA:418,1
DA:423,2
DA:429,1
DA:430,1
DA:431,1
DA:432,0
DA:433,0
DA:435,1
DA:439,9
DA:440,9
DA:441,9
DA:442,9
DA:444,9
DA:445,9
DA:446,9
DA:447,9
DA:448,8
DA:451,4
DA:452,2
DA:454,1
DA:455,1
DA:457,1
DA:458,1
DA:460,1
DA:461,1
DA:463,1
DA:464,1
DA:471,8
DA:472,8
DA:474,8
DA:475,1
LF:296
LH:265
BRDA:78,0,0,9
BRDA:78,0,1,3
BRDA:89,1,0,1
BRDA:99,2,0,0
BRDA:99,2,1,7
BRDA:115,3,0,0
BRDA:128,4,0,0
BRDA:145,5,0,1
BRDA:156,6,0,1
BRDA:170,7,0,1
BRDA:183,8,0,7
BRDA:187,9,0,7
BRDA:191,10,0,7
BRDA:195,11,0,0
BRDA:204,12,0,0
BRDA:204,12,1,40
BRDA:209,13,0,5
BRDA:221,14,0,0
BRDA:221,14,1,88
BRDA:226,15,0,6
BRDA:238,16,0,0
BRDA:238,16,1,216
BRDA:243,17,0,28
BRDA:252,18,0,1
BRDA:252,18,1,1
BRDA:252,18,2,1
BRDA:252,18,3,1
BRDA:252,18,4,1
BRDA:252,18,5,0
BRDA:276,19,0,0
BRDA:276,19,1,0
BRDA:276,19,2,0
BRDA:276,19,3,0
BRDA:276,19,4,1
BRDA:276,19,5,1
BRDA:276,19,6,1
BRDA:276,19,7,0
BRDA:276,19,8,1
BRDA:276,19,9,1
BRDA:276,19,10,1
BRDA:276,19,11,0
BRDA:318,20,0,2
BRDA:318,20,1,1
BRDA:318,20,2,1
BRDA:318,20,3,1
BRDA:318,20,4,1
BRDA:318,20,5,1
BRDA:318,20,6,1
BRDA:318,20,7,1
BRDA:318,20,8,1
BRDA:318,20,9,1
BRDA:318,20,10,1
BRDA:318,20,11,1
BRDA:318,20,12,1
BRDA:318,20,13,1
BRDA:318,20,14,1
BRDA:318,20,15,1
BRDA:318,20,16,2
BRDA:318,20,17,1
BRDA:318,20,18,1
BRDA:318,20,19,1
BRDA:318,20,20,1
BRDA:318,20,21,1
BRDA:318,20,22,1
BRDA:318,20,23,1
BRDA:318,20,24,1
BRDA:318,20,25,1
BRDA:318,20,26,1
BRDA:318,20,27,0
BRDA:413,21,0,0
BRDA:430,22,0,1
BRDA:430,22,1,0
BRDA:432,23,0,0
BRDA:432,24,0,0
BRDA:432,24,1,0
BRDA:447,25,0,8
BRDA:454,26,0,1
BRDA:454,27,0,1
BRDA:454,27,1,1
BRDA:457,28,0,1
BRDA:457,29,0,1
BRDA:457,29,1,1
BRDA:460,30,0,1
BRDA:460,31,0,1
BRDA:460,31,1,1
BRDA:463,32,0,1
BRDA:463,33,0,1
BRDA:463,33,1,1
BRDA:474,34,0,1
BRDA:474,35,0,8
BRDA:474,35,1,1
BRF:91
BRH:71
end_of_record
TN:
SF:app/codeCharta/services/loadInitialFile/urlExtractor.ts
FN:9,(anonymous_0)
FN:11,(anonymous_1)
FN:25,(anonymous_2)
FN:34,(anonymous_4)
FN:34,(anonymous_5)
FN:40,(anonymous_6)
FN:50,(anonymous_8)
FN:65,(anonymous_10)
FN:78,(anonymous_12)
FNF:9
FNH:9
FNDA:17,(anonymous_0)
FNDA:4,(anonymous_1)
FNDA:2,(anonymous_2)
FNDA:2,(anonymous_4)
FNDA:2,(anonymous_5)
FNDA:9,(anonymous_6)
FNDA:1,(anonymous_8)
FNDA:6,(anonymous_10)
FNDA:6,(anonymous_12)
DA:2,10
DA:4,10
DA:6,10
DA:8,10
DA:9,17
DA:12,4
DA:13,4
DA:14,4
DA:16,4
DA:17,1
DA:19,3
DA:20,1
DA:22,2
DA:26,2
DA:27,2
DA:29,2
DA:30,1
DA:33,1
DA:34,2
DA:35,2
DA:41,9
DA:42,2
DA:44,7
DA:45,1
DA:47,6
DA:51,1
DA:54,1
DA:55,1
DA:56,1
DA:57,1
DA:58,1
DA:60,1
DA:62,0
DA:66,6
DA:68,6
DA:69,5
DA:70,5
DA:71,5
DA:73,5
DA:75,1
DA:79,6
LF:41
LH:40
BRDA:16,0,0,1
BRDA:19,1,0,1
BRDA:29,2,0,1
BRDA:41,3,0,2
BRDA:44,4,0,1
BRDA:54,5,0,1
BRDA:54,6,0,1
BRDA:54,6,1,1
BRDA:68,7,0,5
BRDA:68,8,0,6
BRDA:68,8,1,6
BRDA:79,9,0,6
BRDA:79,9,1,5
BRDA:79,10,0,5
BRDA:79,10,1,1
BRDA:79,11,0,6
BRDA:79,11,1,6
BRF:17
BRH:17
end_of_record
TN:
SF:app/codeCharta/services/version/version.service.ts
FN:11,(anonymous_0)
FN:13,(anonymous_1)
FNF:2
FNH:2
FNDA:5,(anonymous_0)
FNDA:5,(anonymous_1)
DA:1,2
DA:2,2
DA:3,2
DA:4,2
DA:5,2
DA:8,2
DA:9,5
DA:11,5
DA:14,5
DA:15,5
DA:16,2
DA:17,2
DA:20,3
DA:21,1
DA:25,1
LF:15
LH:15
BRDA:15,0,0,2
BRDA:20,1,0,1
BRF:2
BRH:2
end_of_record
TN:
SF:app/codeCharta/services/version/utils/compareVersion.ts
FN:1,compareVersion
FN:28,parseSemver
FNF:2
FNH:2
FNDA:10,compareVersion
FNDA:20,parseSemver
DA:1,3
DA:2,10
DA:3,10
DA:5,10
DA:6,3
DA:8,7
DA:9,1
DA:11,6
DA:12,1
DA:14,5
DA:15,1
DA:17,4
DA:18,2
DA:20,2
DA:21,1
DA:23,1
DA:24,1
DA:29,20
DA:30,20
LF:19
LH:19
BRDA:5,0,0,3
BRDA:5,1,0,10
BRDA:5,1,1,8
BRDA:5,1,2,5
BRDA:8,2,0,1
BRDA:11,3,0,1
BRDA:14,4,0,1
BRDA:17,5,0,2
BRDA:20,6,0,1
BRDA:23,7,0,1
BRDA:31,8,0,20
BRDA:31,8,1,0
BRDA:32,9,0,20
BRDA:32,9,1,0
BRDA:33,10,0,20
BRDA:33,10,1,14
BRF:16
BRH:14
end_of_record
TN:
SF:app/codeCharta/state/effects/addBlacklistItemsIfNotResultsInEmptyMap/addBlacklistItemsIfNotResultsInEmptyMap.effect.ts
FN:15,(anonymous_0)
FN:24,(anonymous_1)
FN:32,(anonymous_2)
FN:34,(anonymous_3)
FN:35,(anonymous_4)
FN:44,(anonymous_5)
FN:46,(anonymous_6)
FN:47,(anonymous_7)
FNF:8
FNH:8
FNDA:8,(anonymous_0)
FNDA:3,(anonymous_1)
FNDA:8,(anonymous_2)
FNDA:3,(anonymous_3)
FNDA:1,(anonymous_4)
FNDA:8,(anonymous_5)
FNDA:3,(anonymous_6)
FNDA:2,(anonymous_7)
DA:1,9
DA:2,9
DA:3,9
DA:4,9
DA:5,9
DA:6,9
DA:7,9
DA:8,9
DA:9,9
DA:10,9
DA:14,9
DA:16,8
DA:17,8
DA:18,8
DA:21,8
DA:24,3
DA:31,8
DA:33,8
DA:34,3
DA:36,1
DA:44,8
DA:45,8
DA:46,3
DA:47,2
LF:24
LH:24
BRF:0
BRH:0
end_of_record
TN:
SF:app/codeCharta/state/effects/addBlacklistItemsIfNotResultsInEmptyMap/resultsInEmptyMap.ts
FN:6,(anonymous_0)
FN:20,(anonymous_1)
FN:29,(anonymous_2)
FNF:3
FNH:3
FNDA:2,(anonymous_0)
FNDA:1,(anonymous_1)
FNDA:5,(anonymous_2)
DA:1,8
DA:4,8
DA:6,8
DA:11,2
DA:12,2
DA:13,1
DA:14,1
DA:17,1
DA:20,8
DA:21,1
DA:22,5
DA:23,1
DA:26,0
DA:29,8
DA:30,5
LF:15
LH:14
BRDA:13,0,0,1
BRDA:22,1,0,1
BRDA:30,2,0,5
BRDA:30,2,1,2
BRDA:30,2,2,2
BRF:5
BRH:5
end_of_record
TN:
SF:app/codeCharta/state/effects/autoFitCodeMapChange/autoFitCodeMap.effect.ts
FN:14,(anonymous_0)
FN:22,(anonymous_1)
FN:26,(anonymous_2)
FN:27,(anonymous_3)
FN:28,(anonymous_4)
FN:36,(anonymous_5)
FN:40,(anonymous_6)
FN:41,(anonymous_7)
FNF:8
FNH:8
FNDA:7,(anonymous_0)
FNDA:7,(anonymous_1)
FNDA:3,(anonymous_2)
FNDA:2,(anonymous_3)
FNDA:2,(anonymous_4)
FNDA:7,(anonymous_5)
FNDA:1,(anonymous_6)
FNDA:1,(anonymous_7)
DA:1,2
DA:2,2
DA:3,2
DA:4,2
DA:6,2
DA:7,2
DA:8,2
DA:9,2
DA:10,2
DA:13,2
DA:15,7
DA:16,7
DA:17,7
DA:18,7
DA:21,7
DA:23,7
DA:26,3
DA:27,2
DA:29,2
DA:35,7
DA:37,7
DA:40,1
DA:42,1
LF:23
LH:23
BRF:0
BRH:0
end_of_record
TN:
SF:app/codeCharta/state/effects/focusNodes/focus.effect.ts
FN:14,(anonymous_0)
FN:21,(anonymous_1)
FN:25,(anonymous_2)
FN:27,(anonymous_3)
FN:38,(anonymous_4)
FN:42,(anonymous_5)
FN:54,(anonymous_6)
FN:57,(anonymous_7)
FNF:8
FNH:7
FNDA:7,(anonymous_0)
FNDA:7,(anonymous_1)
FNDA:2,(anonymous_2)
FNDA:0,(anonymous_3)
FNDA:7,(anonymous_4)
FNDA:2,(anonymous_5)
FNDA:7,(anonymous_6)
FNDA:1,(anonymous_7)
DA:1,2
DA:2,2
DA:3,2
DA:4,2
DA:5,2
DA:6,2
DA:8,2
DA:9,2
DA:10,2
DA:13,2
DA:15,7
DA:16,7
DA:17,7
DA:20,7
DA:22,7
DA:26,2
DA:27,1
DA:28,0
DA:31,1
DA:37,7
DA:39,7
DA:43,2
DA:44,2
DA:45,1
DA:47,1
DA:53,7
DA:55,7
DA:58,1
LF:28
LH:27
BRDA:26,0,0,1
BRDA:26,0,1,1
BRDA:26,1,0,2
BRDA:26,1,1,2
BRDA:44,2,0,1
BRF:5
BRH:5
end_of_record
TN:
SF:app/codeCharta/state/effects/linkColorMetricToHeightMetric/linkColorMetricToHeightMetric.effect.ts
FN:13,(anonymous_0)
FN:15,(anonymous_1)
FN:17,(anonymous_2)
FN:18,(anonymous_3)
FNF:4
FNH:4
FNDA:4,(anonymous_0)
FNDA:4,(anonymous_1)
FNDA:7,(anonymous_2)
FNDA:3,(anonymous_3)
DA:1,2
DA:2,2
DA:3,2
DA:4,2
DA:6,2
DA:8,2
DA:9,2
DA:12,2
DA:13,4
DA:15,4
DA:16,4
DA:17,7
DA:18,3
LF:13
LH:13
BRF:0
BRH:0
end_of_record
TN:
SF:app/codeCharta/state/effects/nodeContextMenu/nodeContextMenu.service.ts
FN:12,(anonymous_0)
FN:50,(anonymous_1)
FN:62,(anonymous_2)
FN:70,(anonymous_3)
FN:17,(anonymous_4)
FN:41,(anonymous_5)
FN:78,(anonymous_6)
FN:83,(anonymous_7)
FN:85,(anonymous_8)
FNF:9
FNH:8
FNDA:9,(anonymous_0)
FNDA:2,(anonymous_1)
FNDA:3,(anonymous_2)
FNDA:0,(anonymous_3)
FNDA:7,(anonymous_4)
FNDA:1,(anonymous_5)
FNDA:2,(anonymous_6)
FNDA:3,(anonymous_7)
FNDA:4,(anonymous_8)
DA:1,3
DA:2,3
DA:3,3
DA:4,3
DA:5,3
DA:6,3
DA:9,3
DA:10,9
DA:13,9
DA:14,9
DA:18,7
DA:19,1
DA:22,7
DA:34,7
DA:39,7
DA:41,7
DA:42,1
DA:45,7
DA:46,7
DA:47,7
DA:50,9
DA:51,2
DA:52,2
DA:53,2
DA:55,2
DA:57,2
DA:58,1
DA:62,9
DA:63,3
DA:64,2
DA:67,1
DA:70,9
DA:71,0
DA:72,0
DA:75,0
DA:79,2
DA:80,2
DA:84,3
DA:85,4
LF:39
LH:36
BRDA:57,0,0,1
BRDA:63,1,0,2
BRDA:71,2,0,0
BRDA:18,3,0,1
BRDA:85,4,0,4
BRDA:85,4,1,3
BRDA:85,5,0,0
BRDA:85,5,1,4
BRDA:85,6,0,4
BRDA:85,6,1,4
BRDA:85,7,0,0
BRDA:85,7,1,3
BRDA:85,8,0,3
BRDA:85,8,1,3
BRF:14
BRH:11
end_of_record
TN:
SF:app/codeCharta/state/effects/nodeContextMenu/openNodeContextMenu.effect.ts
FN:9,(anonymous_0)
FN:15,(anonymous_1)
FN:18,(anonymous_2)
FNF:3
FNH:3
FNDA:4,(anonymous_0)
FNDA:4,(anonymous_1)
FNDA:2,(anonymous_2)
DA:1,2
DA:2,2
DA:3,2
DA:4,2
DA:5,2
DA:8,2
DA:10,4
DA:11,4
DA:14,4
DA:16,4
DA:19,2
DA:20,1
LF:12
LH:12
BRDA:19,0,0,1
BRF:1
BRH:1
end_of_record
TN:
SF:app/codeCharta/state/effects/nodeContextMenu/rightClickedCodeMapNode.selector.ts
FN:8,(anonymous_0)
FNF:1
FNH:0
FNDA:0,(anonymous_0)
DA:1,6
DA:2,6
DA:3,6
DA:5,6
DA:8,0
LF:5
LH:4
BRDA:8,0,0,0
BRDA:8,0,1,0
BRF:2
BRH:0
end_of_record
TN:
SF:app/codeCharta/state/effects/nodeContextMenu/excludeButton/excludeButton.component.ts
FN:14,(anonymous_0)
FN:16,(anonymous_1)
FNF:2
FNH:1
FNDA:2,(anonymous_0)
FNDA:0,(anonymous_1)
DA:1,3
DA:2,3
DA:4,3
DA:11,3
DA:14,2
DA:17,0
LF:6
LH:5
BRF:0
BRH:0
end_of_record
TN:
SF:app/codeCharta/state/effects/nodeContextMenu/flattenButtons/flattenButtons.component.ts
FN:14,(anonymous_0)
FN:16,(anonymous_1)
FN:28,(anonymous_2)
FNF:3
FNH:3
FNDA:4,(anonymous_0)
FNDA:1,(anonymous_1)
FNDA:1,(anonymous_2)
DA:1,4
DA:2,4
DA:4,4
DA:11,4
DA:14,4
DA:17,1
DA:29,1
LF:7
LH:7
BRF:0
BRH:0
end_of_record
TN:
SF:app/codeCharta/state/effects/nodeContextMenu/flattenButtons/flattenButtons.module.ts
FNF:0
FNH:0
DA:1,4
DA:2,4
DA:3,4
DA:4,4
DA:11,4
LF:5
LH:5
BRF:0
BRH:0
end_of_record
TN:
SF:app/codeCharta/state/effects/nodeContextMenu/focusButtons/focusButtons.component.ts
FN:21,(anonymous_0)
FN:19,(anonymous_1)
FN:23,(anonymous_2)
FN:27,(anonymous_3)
FN:31,(anonymous_4)
FNF:5
FNH:2
FNDA:5,(anonymous_0)
FNDA:2,(anonymous_1)
FNDA:0,(anonymous_2)
FNDA:0,(anonymous_3)
FNDA:0,(anonymous_4)
DA:1,4
DA:2,4
DA:3,4
DA:6,4
DA:7,4
DA:8,4
DA:15,4
DA:18,5
DA:19,5
DA:21,5
DA:24,0
DA:28,0
DA:32,0
LF:13
LH:10
BRF:0
BRH:0
end_of_record
TN:
SF:app/codeCharta/state/effects/nodeContextMenu/focusButtons/focusButtons.module.ts
FNF:0
FNH:0
DA:1,4
DA:2,4
DA:4,4
DA:5,4
DA:6,4
DA:13,4
LF:6
LH:6
BRF:0
BRH:0
end_of_record
TN:
SF:app/codeCharta/state/effects/nodeContextMenu/focusButtons/isNodeFocused.pipe.ts
FN:12,(anonymous_0)
FNF:1
FNH:1
FNDA:11,(anonymous_0)
DA:1,5
DA:11,5
DA:13,11
DA:14,6
DA:20,5
DA:21,5
LF:6
LH:6
BRDA:13,0,0,6
BRDA:13,1,0,11
BRDA:13,1,1,5
BRDA:23,2,0,5
BRDA:23,2,1,3
BRF:5
BRH:5
end_of_record
TN:
SF:app/codeCharta/state/effects/nodeContextMenu/highlightButtons/highlightButtons.component.ts
FN:16,(anonymous_0)
FN:21,(anonymous_1)
FN:27,(anonymous_2)
FN:31,(anonymous_3)
FN:35,(anonymous_4)
FNF:5
FNH:5
FNDA:3,(anonymous_0)
FNDA:7,(anonymous_1)
FNDA:1,(anonymous_2)
FNDA:1,(anonymous_3)
FNDA:7,(anonymous_4)
DA:1,4
DA:3,4
DA:4,4
DA:11,4
DA:17,3
DA:18,3
DA:22,7
DA:23,7
DA:28,1
DA:32,1
DA:36,7
DA:37,2
DA:40,5
DA:41,5
DA:42,2
DA:45,3
LF:16
LH:16
BRDA:22,0,0,7
BRDA:36,1,0,2
BRDA:41,2,0,2
BRF:3
BRH:3
end_of_record
TN:
SF:app/codeCharta/state/effects/nodeContextMenu/highlightButtons/highlightButtons.module.ts
FNF:0
FNH:0
DA:1,4
DA:2,4
DA:3,4
DA:4,4
DA:11,4
LF:5
LH:5
BRF:0
BRH:0
end_of_record
TN:
SF:app/codeCharta/state/effects/nodeContextMenu/markFolderRow/markFolderRow.component.ts
FN:17,(anonymous_0)
FN:19,(anonymous_1)
FN:23,(anonymous_2)
FNF:3
FNH:3
FNDA:2,(anonymous_0)
FNDA:1,(anonymous_1)
FNDA:1,(anonymous_2)
DA:1,4
DA:2,4
DA:3,4
DA:5,4
DA:6,4
DA:13,4
DA:14,2
DA:15,2
DA:17,2
DA:20,1
DA:24,1
LF:11
LH:11
BRF:0
BRH:0
end_of_record
TN:
SF:app/codeCharta/state/effects/nodeContextMenu/markFolderRow/markFolderRow.module.ts
FNF:0
FNH:0
DA:1,4
DA:2,4
DA:3,4
DA:4,4
DA:11,4
LF:5
LH:5
BRF:0
BRH:0
end_of_record
TN:
SF:app/codeCharta/state/effects/nodeContextMenu/markFolderRow/selectors/markFolderItems.selector.ts
FN:13,(anonymous_0)
FN:15,(anonymous_1)
FN:17,(anonymous_2)
FN:21,(anonymous_3)
FNF:4
FNH:3
FNDA:0,(anonymous_0)
FNDA:2,(anonymous_1)
FNDA:2,(anonymous_2)
FNDA:2,(anonymous_3)
DA:1,5
DA:3,5
DA:4,5
DA:5,5
DA:6,5
DA:13,5
DA:15,5
DA:16,2
DA:17,2
DA:20,1
DA:21,2
DA:27,5
LF:12
LH:12
BRDA:16,0,0,1
BRDA:23,1,0,2
BRDA:23,1,1,2
BRF:3
BRH:3
end_of_record
TN:
SF:app/codeCharta/state/effects/nodeContextMenu/nodeContextMenuCard/lastPartOfNodePath.pipe.ts
FN:5,(anonymous_0)
FNF:1
FNH:1
FNDA:4,(anonymous_0)
DA:1,4
DA:4,4
DA:6,4
LF:3
LH:3
BRDA:6,0,0,2
BRDA:6,0,1,2
BRF:2
BRH:2
end_of_record
TN:
SF:app/codeCharta/state/effects/nodeContextMenu/nodeContextMenuCard/nodeContextMenuCard.component.ts
FN:15,(anonymous_0)
FN:17,(anonymous_1)
FNF:2
FNH:2
FNDA:9,(anonymous_0)
FNDA:2,(anonymous_1)
DA:1,4
DA:2,4
DA:5,4
DA:12,4
DA:15,9
DA:18,2
LF:6
LH:6
BRF:0
BRH:0
end_of_record
TN:
SF:app/codeCharta/state/effects/nodeContextMenu/nodeContextMenuCard/nodeContextMenuCard.module.ts
FNF:0
FNH:0
DA:1,3
DA:2,3
DA:3,3
DA:4,3
DA:5,3
DA:6,3
DA:7,3
DA:8,3
DA:9,3
DA:10,3
DA:17,3
LF:11
LH:11
BRF:0
BRH:0
end_of_record
TN:
SF:app/codeCharta/state/effects/renderCodeMapEffect/actionsRequiringRerender.ts
FNF:0
FNH:0
DA:1,3
DA:2,3
DA:3,3
DA:4,3
DA:5,3
DA:6,3
DA:7,3
DA:8,3
DA:9,3
DA:10,3
DA:11,3
DA:12,3
DA:13,3
DA:14,3
DA:15,3
DA:16,3
DA:17,3
DA:18,3
DA:19,3
DA:20,3
DA:21,3
DA:22,3
DA:23,3
DA:24,3
DA:25,3
DA:26,3
DA:27,3
DA:29,3
LF:28
LH:28
BRF:0
BRH:0
end_of_record
TN:
SF:app/codeCharta/state/effects/renderCodeMapEffect/renderCodeMap.effect.ts
FN:18,(anonymous_0)
FN:29,(anonymous_1)
FN:31,(anonymous_2)
FN:33,(anonymous_3)
FN:44,(anonymous_4)
FN:46,(anonymous_5)
FN:47,(anonymous_6)
FNF:7
FNH:7
FNDA:5,(anonymous_0)
FNDA:5,(anonymous_1)
FNDA:8,(anonymous_2)
FNDA:3,(anonymous_3)
FNDA:5,(anonymous_4)
FNDA:3,(anonymous_5)
FNDA:2,(anonymous_6)
DA:1,3
DA:2,3
DA:3,3
DA:4,3
DA:6,3
DA:7,3
DA:8,3
DA:9,3
DA:10,3
DA:11,3
DA:12,3
DA:14,3
DA:17,3
DA:19,5
DA:20,5
DA:21,5
DA:22,5
DA:23,5
DA:26,5
DA:28,5
DA:30,5
DA:31,8
DA:34,3
DA:35,3
DA:36,3
DA:43,5
DA:45,5
DA:46,3
DA:48,2
DA:49,2
LF:30
LH:30
BRF:0
BRH:0
end_of_record
TN:
SF:app/codeCharta/state/effects/resetChosenMetrics/resetChosenMetrics.effect.ts
FN:17,(anonymous_0)
FN:20,(anonymous_1)
FN:22,(anonymous_2)
FN:25,(anonymous_3)
FN:26,(anonymous_4)
FN:34,setDefaultMetrics
FNF:6
FNH:6
FNDA:6,(anonymous_0)
FNDA:6,(anonymous_1)
FNDA:9,(anonymous_2)
FNDA:3,(anonymous_3)
FNDA:2,(anonymous_4)
FNDA:2,setDefaultMetrics
DA:1,8
DA:2,8
DA:3,8
DA:4,8
DA:6,8
DA:7,8
DA:8,8
DA:9,8
DA:10,8
DA:11,8
DA:12,8
DA:13,8
DA:16,8
DA:17,6
DA:19,6
DA:21,6
DA:22,9
DA:25,3
DA:27,2
DA:34,8
DA:35,2
DA:37,2
DA:38,2
DA:39,1
DA:42,2
DA:43,2
DA:44,2
LF:27
LH:27
BRDA:38,0,0,1
BRDA:38,1,0,2
BRDA:38,1,1,2
BRDA:38,1,2,1
BRF:4
BRH:4
end_of_record
TN:
SF:app/codeCharta/state/effects/resetChosenMetrics/utils/getDefaultDistributionMetric.ts
FN:3,(anonymous_0)
FN:4,(anonymous_1)
FNF:2
FNH:2
FNDA:4,(anonymous_0)
FNDA:4,(anonymous_1)
DA:3,9
DA:4,4
LF:2
LH:2
BRDA:4,0,0,3
BRDA:4,0,1,1
BRF:2
BRH:2
end_of_record
TN:
SF:app/codeCharta/state/effects/resetChosenMetrics/utils/metricHelper.ts
FN:14,isAnyMetricAvailable
FN:15,(anonymous_1)
FN:18,areScenarioSettingsApplicable
FN:21,(anonymous_3)
FN:22,(anonymous_4)
FN:25,defaultNMetrics
FN:49,preselectCombination
FN:53,(anonymous_7)
FNF:8
FNH:8
FNDA:11,isAnyMetricAvailable
FNDA:4,(anonymous_1)
FNDA:2,areScenarioSettingsApplicable
FNDA:2,(anonymous_3)
FNDA:6,(anonymous_4)
FNDA:4,defaultNMetrics
FNDA:4,preselectCombination
FNDA:8,(anonymous_7)
DA:3,9
DA:4,9
DA:14,9
DA:15,11
DA:18,9
DA:19,2
DA:20,2
DA:21,2
DA:22,6
DA:25,9
DA:26,4
DA:28,4
DA:29,8
DA:30,4
DA:32,4
DA:33,4
DA:34,4
DA:35,1
DA:39,3
DA:40,1
DA:43,2
DA:44,2
DA:46,2
DA:49,9
DA:50,4
DA:52,4
DA:53,8
DA:54,4
DA:55,12
DA:56,32
DA:57,10
DA:58,10
DA:62,4
LF:33
LH:33
BRDA:29,0,0,4
BRDA:34,1,0,1
BRDA:39,2,0,1
BRDA:56,3,0,10
BRF:4
BRH:4
end_of_record
TN:
SF:app/codeCharta/state/effects/resetSelectedEdgeMetricWhenItDoesntExistAnymore/resetSelectedEdgeMetricWhenItDoesntExistAnymore.effect.ts
FN:12,(anonymous_0)
FN:14,(anonymous_1)
FN:17,(anonymous_2)
FN:17,(anonymous_3)
FN:18,(anonymous_4)
FN:20,(anonymous_5)
FNF:6
FNH:6
FNDA:5,(anonymous_0)
FNDA:5,(anonymous_1)
FNDA:8,(anonymous_2)
FNDA:5,(anonymous_3)
FNDA:4,(anonymous_4)
FNDA:4,(anonymous_5)
DA:1,2
DA:2,2
DA:3,2
DA:4,2
DA:6,2
DA:7,2
DA:8,2
DA:11,2
DA:12,5
DA:14,5
DA:15,5
DA:17,8
DA:18,4
DA:20,4
LF:14
LH:14
BRDA:18,0,0,3
BRDA:18,0,1,1
BRDA:18,1,0,4
BRDA:18,1,1,4
BRF:4
BRH:4
end_of_record
TN:
SF:app/codeCharta/state/effects/saveCcState/actionsRequiringSaveCcState.ts
FNF:0
FNH:0
DA:1,2
DA:2,2
DA:3,2
DA:4,2
DA:6,2
LF:5
LH:5
BRF:0
BRH:0
end_of_record
TN:
SF:app/codeCharta/state/effects/saveCcState/saveCcState.effect.ts
FN:12,(anonymous_0)
FN:18,(anonymous_1)
FN:20,(anonymous_2)
FN:23,(anonymous_3)
FN:23,(anonymous_4)
FNF:5
FNH:5
FNDA:4,(anonymous_0)
FNDA:4,(anonymous_1)
FNDA:10,(anonymous_2)
FNDA:2,(anonymous_3)
FNDA:2,(anonymous_4)
DA:1,2
DA:2,2
DA:3,2
DA:5,2
DA:6,2
DA:7,2
DA:8,2
DA:11,2
DA:13,4
DA:14,4
DA:17,4
DA:19,4
DA:20,10
DA:23,2
DA:24,2
DA:25,2
LF:16
LH:16
BRF:0
BRH:0
end_of_record
TN:
SF:app/codeCharta/state/effects/saveMetricsInQueryParameters/actionsRequiringSaveMetricsInQueryParameters.ts
FNF:0
FNH:0
DA:1,9
DA:2,9
DA:3,9
DA:4,9
DA:6,9
LF:5
LH:5
BRF:0
BRH:0
end_of_record
TN:
SF:app/codeCharta/state/effects/saveMetricsInQueryParameters/saveMetricsInQueryParameters.effect.ts
FN:10,(anonymous_0)
FN:19,(anonymous_1)
FN:27,(anonymous_2)
FN:31,(anonymous_3)
FN:33,(anonymous_4)
FN:40,(anonymous_5)
FN:58,(anonymous_6)
FN:85,(anonymous_7)
FNF:8
FNH:8
FNDA:9,(anonymous_0)
FNDA:6,(anonymous_1)
FNDA:6,(anonymous_2)
FNDA:5,(anonymous_3)
FNDA:4,(anonymous_4)
FNDA:4,(anonymous_5)
FNDA:10,(anonymous_6)
FNDA:2,(anonymous_7)
DA:1,9
DA:2,9
DA:3,9
DA:4,9
DA:6,9
DA:7,9
DA:8,9
DA:10,9
DA:11,9
DA:12,9
DA:13,9
DA:14,9
DA:18,9
DA:20,6
DA:21,6
DA:22,6
DA:23,6
DA:26,6
DA:28,6
DA:31,5
DA:34,4
DA:41,4
DA:42,4
DA:43,4
DA:44,4
DA:45,1
DA:48,3
DA:49,3
DA:50,3
DA:51,3
DA:52,1
DA:54,2
DA:59,10
DA:61,10
DA:62,10
DA:63,10
DA:64,10
DA:66,10
DA:67,27
DA:68,27
DA:69,6
DA:70,6
DA:72,21
DA:76,10
DA:77,4
DA:80,10
DA:82,10
DA:86,2
DA:88,2
DA:89,2
DA:90,2
DA:92,2
DA:93,7
DA:94,7
DA:95,6
DA:99,2
DA:100,2
LF:57
LH:57
BRDA:10,0,0,9
BRDA:10,0,1,9
BRDA:31,1,0,5
BRDA:31,1,1,5
BRDA:44,2,0,1
BRDA:51,3,0,1
BRDA:51,3,1,2
BRDA:62,4,0,9
BRDA:62,4,1,1
BRDA:68,5,0,6
BRDA:68,5,1,21
BRDA:76,6,0,4
BRDA:89,7,0,2
BRDA:89,7,1,0
BRDA:94,8,0,6
BRF:15
BRH:14
end_of_record
TN:
SF:app/codeCharta/state/effects/setLoadingIndicator/setLoadingIndicator.effect.ts
FN:11,(anonymous_0)
FN:13,(anonymous_1)
FN:16,(anonymous_2)
FN:20,(anonymous_3)
FN:23,(anonymous_4)
FNF:5
FNH:4
FNDA:2,(anonymous_0)
FNDA:2,(anonymous_1)
FNDA:0,(anonymous_2)
FNDA:2,(anonymous_3)
FNDA:2,(anonymous_4)
DA:1,1
DA:2,1
DA:3,1
DA:4,1
DA:5,1
DA:6,1
DA:7,1
DA:10,1
DA:11,2
DA:13,2
DA:14,2
DA:16,0
DA:20,2
DA:21,2
DA:23,2
LF:15
LH:14
BRF:0
BRH:0
end_of_record
TN:
SF:app/codeCharta/state/effects/unfocusNodes/unfocusNodes.effect.ts
FN:11,(anonymous_0)
FN:13,(anonymous_1)
FN:13,(anonymous_2)
FNF:3
FNH:3
FNDA:3,(anonymous_0)
FNDA:3,(anonymous_1)
FNDA:4,(anonymous_2)
DA:1,2
DA:2,2
DA:3,2
DA:4,2
DA:5,2
DA:6,2
DA:10,2
DA:11,3
DA:13,4
LF:9
LH:9
BRF:0
BRH:0
end_of_record
TN:
SF:app/codeCharta/state/effects/updateEdgePreviews/updateEdgePreviews.effect.ts
FN:12,(anonymous_0)
FN:14,(anonymous_1)
FN:17,(anonymous_2)
FN:18,(anonymous_3)
FNF:4
FNH:4
FNDA:4,(anonymous_0)
FNDA:4,(anonymous_1)
FNDA:6,(anonymous_2)
FNDA:3,(anonymous_3)
DA:1,2
DA:2,2
DA:3,2
DA:4,2
DA:5,2
DA:6,2
DA:7,2
DA:11,2
DA:12,4
DA:14,4
DA:15,4
DA:17,6
DA:18,3
LF:13
LH:13
BRF:0
BRH:0
end_of_record
TN:
SF:app/codeCharta/state/effects/updateFileSettings/updateFileSettings.effect.ts
FN:18,(anonymous_0)
FN:23,(anonymous_1)
FN:26,(anonymous_2)
FN:30,(anonymous_3)
FN:32,(anonymous_4)
FNF:5
FNH:3
FNDA:3,(anonymous_0)
FNDA:3,(anonymous_1)
FNDA:1,(anonymous_2)
FNDA:0,(anonymous_3)
FNDA:0,(anonymous_4)
DA:1,2
DA:2,2
DA:3,2
DA:4,2
DA:6,2
DA:7,2
DA:8,2
DA:9,2
DA:10,2
DA:11,2
DA:12,2
DA:13,2
DA:14,2
DA:17,2
DA:19,3
DA:20,3
DA:23,3
DA:24,3
DA:27,1
DA:28,1
DA:29,1
DA:30,1
DA:31,1
DA:32,0
DA:35,1
LF:25
LH:24
BRF:0
BRH:0
end_of_record
TN:
SF:app/codeCharta/state/effects/updateFileSettings/utils/attributeDescriptors.merger.ts
FN:3,getMergedAttributeDescriptors
FNF:1
FNH:1
FNDA:3,getMergedAttributeDescriptors
DA:3,3
DA:4,3
DA:6,3
DA:7,4
DA:8,4
DA:9,3
DA:14,3
LF:7
LH:7
BRDA:8,0,0,3
BRF:1
BRH:1
end_of_record
TN:
SF:app/codeCharta/state/effects/updateFileSettings/utils/attributeTypes.merger.ts
FN:3,getMergedAttributeTypes
FNF:1
FNH:1
FNDA:3,getMergedAttributeTypes
DA:3,3
DA:4,3
DA:5,3
DA:7,3
DA:8,4
DA:9,11
DA:10,7
DA:14,4
DA:15,7
DA:16,6
DA:21,3
LF:11
LH:11
BRDA:9,0,0,7
BRDA:15,1,0,6
BRF:2
BRH:2
end_of_record
TN:
SF:app/codeCharta/state/effects/updateFileSettings/utils/blacklist.merger.ts
FN:4,getMergedBlacklist
FNF:1
FNH:1
FNDA:3,getMergedBlacklist
DA:1,3
DA:4,3
DA:5,3
DA:7,3
DA:8,0
DA:11,3
DA:12,4
DA:13,4
DA:14,8
DA:20,8
DA:24,3
LF:11
LH:10
BRDA:7,0,0,0
BRDA:12,1,0,4
BRDA:15,2,0,0
BRDA:15,2,1,8
BRF:4
BRH:2
end_of_record
TN:
SF:app/codeCharta/state/effects/updateFileSettings/utils/edges.merger.ts
FN:5,getMergedEdges
FNF:1
FNH:1
FNDA:6,getMergedEdges
DA:1,3
DA:3,3
DA:5,3
DA:6,6
DA:8,6
DA:9,0
DA:12,6
DA:13,10
DA:14,9
DA:15,8
DA:23,8
DA:25,8
DA:26,2
DA:27,4
DA:30,6
DA:35,6
LF:16
LH:15
BRDA:8,0,0,0
BRDA:13,1,0,9
BRDA:16,2,0,0
BRDA:16,2,1,8
BRDA:19,3,0,0
BRDA:19,3,1,8
BRDA:25,4,0,2
BRDA:25,4,1,6
BRF:8
BRH:5
end_of_record
TN:
SF:app/codeCharta/state/effects/updateFileSettings/utils/markedPackages.merger.ts
FN:4,getMergedMarkedPackages
FNF:1
FNH:1
FNDA:6,getMergedMarkedPackages
DA:1,3
DA:4,3
DA:5,6
DA:6,0
DA:9,6
DA:11,6
DA:12,10
DA:13,9
DA:14,8
DA:20,8
DA:24,6
LF:11
LH:10
BRDA:5,0,0,0
BRDA:12,1,0,9
BRDA:15,2,0,0
BRDA:15,2,1,8
BRF:4
BRH:2
end_of_record
TN:
SF:app/codeCharta/state/effects/updateMapColors/updateMapColors.effect.ts
FN:13,(anonymous_0)
FN:18,(anonymous_1)
FN:20,(anonymous_2)
FNF:3
FNH:3
FNDA:4,(anonymous_0)
FNDA:4,(anonymous_1)
FNDA:6,(anonymous_2)
DA:1,2
DA:2,2
DA:3,2
DA:4,2
DA:5,2
DA:7,2
DA:8,2
DA:9,2
DA:12,2
DA:14,4
DA:15,4
DA:18,4
DA:19,4
DA:21,6
DA:22,6
DA:23,6
DA:24,1
DA:25,1
DA:26,1
DA:27,1
DA:29,1
DA:31,5
LF:22
LH:22
BRDA:23,0,0,1
BRDA:23,1,0,4
BRDA:23,1,1,2
BRDA:23,2,0,6
BRDA:23,2,1,6
BRF:5
BRH:5
end_of_record
TN:
SF:app/codeCharta/state/effects/updateVisibleTopLabels/getNumberOfTopLabels.ts
FN:6,(anonymous_0)
FNF:1
FNH:1
FNDA:7,(anonymous_0)
DA:1,17
DA:3,17
DA:4,17
DA:6,17
DA:7,7
DA:8,7
DA:9,4
DA:11,3
LF:8
LH:8
BRDA:8,0,0,4
BRF:1
BRH:1
end_of_record
TN:
SF:app/codeCharta/state/effects/updateVisibleTopLabels/updateVisibleTopLabels.effect.ts
FN:15,(anonymous_0)
FN:20,(anonymous_1)
FN:24,(anonymous_2)
FNF:3
FNH:3
FNDA:4,(anonymous_0)
FNDA:4,(anonymous_1)
FNDA:2,(anonymous_2)
DA:1,2
DA:2,2
DA:3,2
DA:4,2
DA:5,2
DA:7,2
DA:8,2
DA:9,2
DA:10,2
DA:14,2
DA:16,4
DA:17,4
DA:20,4
DA:21,4
DA:25,2
DA:26,2
DA:30,2
LF:17
LH:17
BRDA:26,0,0,1
BRDA:26,0,1,1
BRF:2
BRH:2
end_of_record
TN:
SF:app/codeCharta/state/selectors/hoveredNode.selector.ts
FN:5,(anonymous_0)
FNF:1
FNH:1
FNDA:2,(anonymous_0)
DA:1,17
DA:2,17
DA:3,17
DA:5,17
DA:6,2
LF:5
LH:5
BRF:0
BRH:0
end_of_record
TN:
SF:app/codeCharta/state/selectors/isDeltaState.selector.ts
FN:5,(anonymous_0)
FNF:1
FNH:1
FNDA:7,(anonymous_0)
DA:1,12
DA:2,12
DA:3,12
DA:5,12
LF:4
LH:4
BRF:0
BRH:0
end_of_record
TN:
SF:app/codeCharta/state/selectors/selectedNode.selector.ts
FN:5,(anonymous_0)
FNF:1
FNH:1
FNDA:1,(anonymous_0)
DA:1,23
DA:2,23
DA:3,23
DA:5,23
DA:6,1
LF:5
LH:5
BRDA:6,0,0,0
BRDA:6,0,1,1
BRDA:6,1,0,1
BRDA:6,1,1,1
BRF:4
BRH:3
end_of_record
TN:
SF:app/codeCharta/state/selectors/visibleFileStates.selector.ts
FNF:0
FNH:0
DA:1,106
DA:2,106
DA:3,106
DA:5,106
LF:4
LH:4
BRF:0
BRH:0
end_of_record
TN:
SF:app/codeCharta/state/selectors/accumulatedData/accumulatedData.selector.ts
FN:29,(anonymous_0)
FN:50,(anonymous_1)
FNF:2
FNH:2
FNDA:20,(anonymous_0)
FNDA:4,(anonymous_1)
DA:3,87
DA:4,87
DA:5,87
DA:6,87
DA:7,87
DA:8,87
DA:9,87
DA:10,87
DA:11,87
DA:12,87
DA:13,87
DA:14,87
DA:16,87
DA:23,87
DA:30,20
DA:31,20
DA:34,0
DA:35,0
DA:36,0
DA:39,0
DA:40,0
DA:41,0
DA:43,0
DA:50,87
DA:51,4
DA:52,2
DA:54,2
DA:55,2
DA:56,2
DA:57,1
DA:59,1
LF:31
LH:24
BRDA:30,0,0,20
BRDA:30,1,0,20
BRDA:30,1,1,0
BRDA:35,2,0,0
BRDA:35,3,0,0
BRDA:35,3,1,0
BRDA:35,4,0,0
BRDA:35,4,1,0
BRDA:51,5,0,2
BRDA:54,6,0,2
BRDA:56,7,0,1
BRDA:56,8,0,2
BRDA:56,8,1,1
BRF:13
BRH:7
end_of_record
TN:
SF:app/codeCharta/state/selectors/accumulatedData/codeMapNodes.selector.ts
FN:8,(anonymous_0)
FNF:1
FNH:1
FNDA:2,(anonymous_0)
DA:1,18
DA:2,18
DA:4,18
DA:6,18
DA:9,2
LF:5
LH:5
BRF:0
BRH:0
end_of_record
TN:
SF:app/codeCharta/state/selectors/accumulatedData/idToNode.selector.ts
FN:6,(anonymous_0)
FNF:1
FNH:1
FNDA:4,(anonymous_0)
DA:1,63
DA:2,63
DA:4,63
DA:6,63
DA:7,4
DA:8,2
DA:11,2
DA:12,2
DA:13,10
DA:15,2
DA:18,63
LF:11
LH:11
BRDA:7,0,0,2
BRF:1
BRH:1
end_of_record
TN:
SF:app/codeCharta/state/selectors/accumulatedData/rootUnary.selector.ts
FN:6,(anonymous_0)
FNF:1
FNH:1
FNDA:2,(anonymous_0)
DA:1,8
DA:2,8
DA:4,8
DA:6,2
LF:4
LH:4
BRDA:6,0,0,1
BRDA:6,0,1,1
BRDA:6,1,0,2
BRDA:6,1,1,2
BRF:4
BRH:4
end_of_record
TN:
SF:app/codeCharta/state/selectors/accumulatedData/metricData/edgeMetricData.calculator.ts
FN:10,calculateEdgeMetricData
FN:44,calculateNodePath
FN:51,bothNodesAssociatedAreVisible
FN:58,updateEntryForMetric
FN:67,addEdgeToNodes
FN:83,getMetricDataFromMap
FNF:6
FNH:6
FNDA:30,calculateEdgeMetricData
FNDA:66,calculateNodePath
FNDA:24,bothNodesAssociatedAreVisible
FNDA:32,updateEntryForMetric
FNDA:32,addEdgeToNodes
FNDA:30,getMetricDataFromMap
DA:1,96
DA:4,96
DA:5,96
DA:10,96
DA:11,30
DA:13,30
DA:15,30
DA:16,8
DA:17,48
DA:21,30
DA:22,8
DA:23,24
DA:25,16
DA:26,32
DA:27,32
DA:36,30
DA:37,30
DA:38,30
DA:44,96
DA:45,66
DA:46,17
DA:48,49
DA:52,24
DA:53,16
DA:55,8
DA:59,32
DA:60,32
DA:61,21
DA:62,21
DA:64,32
DA:68,32
DA:69,32
DA:70,32
DA:72,0
DA:75,32
DA:76,32
DA:77,24
DA:79,8
DA:84,30
DA:86,30
DA:87,21
DA:88,21
DA:89,21
DA:90,21
DA:91,56
DA:92,56
DA:93,56
DA:94,28
DA:96,56
DA:97,48
DA:100,21
DA:108,30
LF:52
LH:51
BRDA:23,0,0,16
BRDA:45,1,0,17
BRDA:52,2,0,16
BRDA:52,3,0,24
BRDA:52,3,1,16
BRDA:53,4,0,16
BRDA:53,4,1,16
BRDA:60,5,0,21
BRDA:69,6,0,32
BRDA:69,6,1,0
BRDA:76,7,0,24
BRDA:76,7,1,8
BRDA:93,8,0,28
BRDA:96,9,0,48
BRF:14
BRH:13
end_of_record
TN:
SF:app/codeCharta/state/selectors/accumulatedData/metricData/metricData.selector.ts
FN:7,(anonymous_0)
FNF:1
FNH:1
FNDA:23,(anonymous_0)
DA:1,95
DA:2,95
DA:3,95
DA:4,95
DA:5,95
DA:7,95
DA:8,23
LF:7
LH:7
BRF:0
BRH:0
end_of_record
TN:
SF:app/codeCharta/state/selectors/accumulatedData/metricData/metricNames.selector.ts
FN:4,(anonymous_0)
FN:4,(anonymous_1)
FNF:2
FNH:2
FNDA:21,(anonymous_0)
FNDA:2,(anonymous_1)
DA:1,88
DA:2,88
DA:4,88
LF:3
LH:3
BRF:0
BRH:0
end_of_record
TN:
SF:app/codeCharta/state/selectors/accumulatedData/metricData/nodeMetricData.calculator.ts
FN:10,(anonymous_0)
FNF:1
FNH:1
FNDA:32,(anonymous_0)
DA:1,142
DA:5,142
DA:6,142
DA:8,142
DA:10,142
DA:11,32
DA:12,24
DA:15,8
DA:16,8
DA:17,8
DA:19,8
DA:20,8
DA:21,26
DA:22,14
DA:23,42
DA:24,42
DA:26,42
DA:27,24
DA:29,42
DA:31,42
DA:32,30
DA:35,42
DA:36,34
DA:43,8
DA:46,8
DA:47,8
DA:49,8
DA:50,31
DA:58,8
DA:59,8
LF:30
LH:30
BRDA:11,0,0,24
BRDA:21,1,0,14
BRDA:21,2,0,26
BRDA:21,2,1,15
BRDA:21,2,2,15
BRDA:26,3,0,24
BRDA:31,4,0,30
BRDA:31,5,0,42
BRDA:31,5,1,18
BRDA:35,6,0,34
BRDA:35,7,0,42
BRDA:35,7,1,18
BRF:12
BRH:12
end_of_record
TN:
SF:app/codeCharta/state/selectors/accumulatedData/metricData/selectedColorMetricData.selector.ts
FN:10,(anonymous_0)
FN:11,(anonymous_1)
FNF:2
FNH:2
FNDA:26,(anonymous_0)
FNDA:2,(anonymous_1)
DA:1,65
DA:2,65
DA:3,65
DA:10,65
DA:11,26
DA:12,26
LF:6
LH:6
BRDA:13,0,0,2
BRDA:13,0,1,24
BRDA:13,1,0,26
BRDA:13,1,1,26
BRDA:13,2,0,24
BRDA:13,2,1,2
BRDA:13,3,0,26
BRDA:13,3,1,26
BRDA:14,4,0,2
BRDA:14,4,1,24
BRDA:14,5,0,26
BRDA:14,5,1,26
BRDA:14,6,0,24
BRDA:14,6,1,2
BRDA:14,7,0,26
BRDA:14,7,1,26
BRDA:15,8,0,2
BRDA:15,8,1,24
BRDA:15,9,0,26
BRDA:15,9,1,26
BRDA:15,10,0,24
BRDA:15,10,1,2
BRDA:15,11,0,26
BRDA:15,11,1,26
BRF:24
BRH:24
end_of_record
TN:
SF:app/codeCharta/state/selectors/accumulatedData/metricData/sortByMetricName.ts
FN:1,(anonymous_0)
FN:2,(anonymous_1)
FNF:2
FNH:2
FNDA:38,(anonymous_0)
FNDA:62,(anonymous_1)
DA:1,142
DA:2,38
DA:3,62
DA:4,62
DA:5,62
LF:5
LH:5
BRDA:5,0,0,40
BRDA:5,0,1,22
BRDA:5,1,0,22
BRDA:5,1,1,0
BRF:4
BRH:3
end_of_record
TN:
SF:app/codeCharta/state/selectors/accumulatedData/utils/addEdgeMetricsForLeaves.ts
FN:7,(anonymous_0)
FNF:1
FNH:0
FNDA:0,(anonymous_0)
DA:1,87
DA:3,87
DA:5,87
DA:7,87
DA:8,0
DA:9,0
DA:12,0
DA:13,0
DA:14,0
DA:15,0
DA:16,0
LF:11
LH:4
BRDA:8,0,0,0
BRDA:13,1,0,0
BRF:2
BRH:0
end_of_record
TN:
SF:app/codeCharta/state/selectors/accumulatedData/utils/getDeltaFile.ts
FN:4,(anonymous_0)
FNF:1
FNH:1
FNDA:1,(anonymous_0)
DA:1,87
DA:2,87
DA:4,87
DA:5,1
DA:6,0
DA:7,0
DA:8,0
DA:9,0
DA:10,0
DA:12,0
DA:15,1
LF:11
LH:5
BRDA:5,0,0,0
BRDA:7,1,0,0
BRF:2
BRH:0
end_of_record
TN:
SF:app/codeCharta/state/selectors/accumulatedData/utils/getMetricValuesForNode.ts
FN:5,(anonymous_0)
FNF:1
FNH:1
FNDA:1,(anonymous_0)
DA:5,88
DA:6,1
DA:8,1
DA:9,1
DA:10,1
DA:11,1
DA:15,1
LF:7
LH:7
BRDA:10,0,0,1
BRF:1
BRH:1
end_of_record
TN:
SF:app/codeCharta/state/selectors/allNecessaryRenderDataAvailable/areAllNecessaryRenderDataAvailable.selector.ts
FN:12,(anonymous_0)
FN:19,(anonymous_1)
FN:23,(anonymous_2)
FN:32,(anonymous_3)
FNF:4
FNH:1
FNDA:0,(anonymous_0)
FNDA:1,(anonymous_1)
FNDA:0,(anonymous_2)
FNDA:0,(anonymous_3)
DA:1,8
DA:2,8
DA:3,8
DA:4,8
DA:5,8
DA:6,8
DA:7,8
DA:8,8
DA:9,8
DA:10,8
DA:12,8
DA:14,8
DA:20,1
DA:23,8
DA:24,0
DA:27,8
DA:33,0
DA:34,0
DA:37,0
LF:19
LH:15
BRDA:33,0,0,0
BRDA:33,1,0,0
BRDA:33,1,1,0
BRDA:33,1,2,0
BRDA:33,1,3,0
BRF:5
BRH:0
end_of_record
TN:
SF:app/codeCharta/state/selectors/allNecessaryRenderDataAvailable/utils/areDynamicSettingsAvailable.ts
FN:3,(anonymous_0)
FN:13,(anonymous_1)
FN:16,(anonymous_2)
FN:17,(anonymous_3)
FNF:4
FNH:4
FNDA:14,(anonymous_0)
FNDA:3,(anonymous_1)
FNDA:3,(anonymous_2)
FNDA:13,(anonymous_3)
DA:3,9
DA:4,14
DA:5,2
DA:7,12
DA:8,1
DA:10,11
DA:11,8
DA:13,3
DA:16,9
DA:17,13
LF:10
LH:10
BRDA:4,0,0,2
BRDA:7,1,0,1
BRDA:10,2,0,8
BRF:3
BRH:3
end_of_record
TN:
SF:app/codeCharta/state/selectors/allNecessaryRenderDataAvailable/utils/areMetricsAvailable.ts
FN:5,(anonymous_0)
FN:5,(anonymous_1)
FN:7,(anonymous_2)
FN:8,(anonymous_3)
FNF:4
FNH:4
FNDA:5,(anonymous_0)
FNDA:6,(anonymous_1)
FNDA:3,(anonymous_2)
FNDA:5,(anonymous_3)
DA:5,9
DA:7,9
DA:8,5
LF:3
LH:3
BRF:0
BRH:0
end_of_record
TN:
SF:app/codeCharta/state/selectors/primaryMetrics/primaryMetricNames.selector.ts
FN:13,(anonymous_0)
FNF:1
FNH:1
FNDA:4,(anonymous_0)
DA:1,18
DA:3,18
DA:4,18
DA:5,18
DA:6,18
DA:8,18
DA:13,4
LF:7
LH:7
BRF:0
BRH:0
end_of_record
TN:
SF:app/codeCharta/state/selectors/primaryMetrics/primaryMetrics.selector.ts
FN:18,(anonymous_0)
FN:41,getEdge
FNF:2
FNH:1
FNDA:0,(anonymous_0)
FNDA:3,getEdge
DA:1,7
DA:3,7
DA:6,7
DA:15,7
DA:19,0
DA:20,0
DA:23,0
DA:41,7
DA:42,3
DA:43,0
DA:45,3
LF:11
LH:7
BRDA:19,0,0,0
BRDA:42,1,0,0
BRDA:42,2,0,3
BRDA:42,2,1,3
BRDA:47,3,0,2
BRDA:47,3,1,1
BRDA:47,4,0,1
BRDA:47,4,1,1
BRDA:47,5,0,2
BRDA:47,5,1,2
BRDA:48,6,0,2
BRDA:48,6,1,1
BRDA:48,7,0,1
BRDA:48,7,1,1
BRDA:48,8,0,2
BRDA:48,8,1,1
BRF:16
BRH:14
end_of_record
TN:
SF:app/codeCharta/state/selectors/referenceFile/referenceFile.selector.ts
FN:8,(anonymous_0)
FN:9,(anonymous_1)
FNF:2
FNH:2
FNDA:64,(anonymous_0)
FNDA:55,(anonymous_1)
DA:1,111
DA:2,111
DA:3,111
DA:8,111
DA:9,64
DA:11,111
LF:6
LH:6
BRDA:9,0,0,48
BRDA:9,0,1,4
BRDA:9,1,0,64
BRDA:9,1,1,52
BRF:4
BRH:4
end_of_record
TN:
SF:app/codeCharta/state/selectors/searchedNodes/getNodesByGitignorePath.ts
FN:6,getNodesByGitignorePath
FNF:1
FNH:1
FNDA:43,getNodesByGitignorePath
DA:1,65
DA:4,65
DA:6,65
DA:7,43
DA:8,43
DA:9,32
DA:11,11
DA:12,11
DA:13,11
DA:14,56
DA:15,22
DA:18,11
LF:12
LH:12
BRDA:8,0,0,32
BRDA:8,1,0,43
BRDA:8,1,1,11
BRDA:14,2,0,22
BRF:4
BRH:4
end_of_record
TN:
SF:app/codeCharta/state/selectors/searchedNodes/searchedNodePaths.selector.ts
FN:4,(anonymous_0)
FN:4,(anonymous_1)
FNF:2
FNH:2
FNDA:32,(anonymous_0)
FNDA:1,(anonymous_1)
DA:1,62
DA:2,62
DA:4,62
LF:3
LH:3
BRF:0
BRH:0
end_of_record
TN:
SF:app/codeCharta/state/selectors/searchedNodes/searchedNodes.selector.ts
FN:6,(anonymous_0)
FNF:1
FNH:1
FNDA:32,(anonymous_0)
DA:1,64
DA:2,64
DA:3,64
DA:4,64
DA:6,64
DA:7,32
LF:6
LH:6
BRF:0
BRH:0
end_of_record
TN:
SF:app/codeCharta/state/store/state.actions.ts
FN:6,isSetStateAction
FNF:1
FNH:1
FNDA:483,isSetStateAction
DA:1,49
DA:4,49
DA:6,49
DA:7,483
LF:4
LH:4
BRF:0
BRH:0
end_of_record
TN:
SF:app/codeCharta/state/store/state.manager.ts
FN:27,(anonymous_0)
FN:28,(anonymous_1)
FN:46,_applyPartialState
FN:68,isKeyOf
FNF:4
FNH:4
FNDA:198,(anonymous_0)
FNDA:483,(anonymous_1)
FNDA:268,_applyPartialState
FNDA:1748,isKeyOf
DA:1,44
DA:2,44
DA:3,44
DA:4,44
DA:5,44
DA:8,44
DA:9,44
DA:11,44
DA:18,44
DA:26,44
DA:27,44
DA:28,198
DA:29,483
DA:30,26
DA:31,26
DA:33,457
DA:36,44
DA:46,44
DA:47,268
DA:48,1817
DA:49,69
DA:52,1748
DA:53,1
DA:56,1747
DA:57,1747
DA:59,1747
DA:65,268
DA:69,1748
LF:28
LH:28
BRDA:29,0,0,26
BRDA:46,1,0,29
BRDA:48,2,0,69
BRDA:48,3,0,1817
BRDA:48,3,1,1748
BRDA:52,4,0,1
BRDA:60,5,0,1508
BRDA:60,5,1,239
BRDA:60,6,0,1747
BRDA:60,6,1,402
BRF:10
BRH:10
end_of_record
TN:
SF:app/codeCharta/state/store/appSettings/appSettings.actions.ts
FNF:0
FNH:0
DA:1,2
DA:2,2
DA:3,2
DA:4,2
DA:5,2
DA:6,2
DA:7,2
DA:8,2
DA:9,2
DA:10,2
DA:11,2
DA:12,2
DA:16,2
DA:17,2
DA:18,2
DA:19,2
DA:20,2
DA:21,2
DA:22,2
DA:23,2
DA:24,2
DA:25,2
DA:26,2
DA:27,2
DA:28,2
DA:30,2
LF:26
LH:26
BRF:0
BRH:0
end_of_record
TN:
SF:app/codeCharta/state/store/appSettings/appSettings.reducer.ts
FNF:0
FNH:0
DA:1,44
DA:2,44
DA:3,44
DA:4,44
DA:5,44
DA:6,44
DA:7,44
DA:8,44
DA:12,44
DA:16,44
DA:17,44
DA:18,44
DA:19,44
DA:20,44
DA:21,44
DA:22,44
DA:23,44
DA:24,44
DA:28,44
DA:29,44
DA:30,44
DA:31,44
DA:32,44
DA:33,44
DA:34,44
DA:38,44
DA:39,44
DA:40,44
DA:42,44
DA:72,44
LF:30
LH:30
BRF:0
BRH:0
end_of_record
TN:
SF:app/codeCharta/state/store/appSettings/appSettings.selector.ts
FN:3,(anonymous_0)
FNF:1
FNH:1
FNDA:517,(anonymous_0)
DA:3,517
LF:1
LH:1
BRF:0
BRH:0
end_of_record
TN:
SF:app/codeCharta/state/store/appSettings/amountOfEdgePreviews/amountOfEdgePreviews.actions.ts
FNF:0
FNH:0
DA:1,50
DA:3,50
LF:2
LH:2
BRF:0
BRH:0
end_of_record
TN:
SF:app/codeCharta/state/store/appSettings/amountOfEdgePreviews/amountOfEdgePreviews.reducer.ts
FNF:0
FNH:0
DA:1,47
DA:2,47
DA:3,47
DA:5,47
DA:6,47
LF:5
LH:5
BRF:0
BRH:0
end_of_record
TN:
SF:app/codeCharta/state/store/appSettings/amountOfEdgePreviews/amountOfEdgePreviews.selector.ts
FN:4,(anonymous_0)
FNF:1
FNH:1
FNDA:49,(anonymous_0)
DA:1,20
DA:2,20
DA:4,49
LF:3
LH:3
BRF:0
BRH:0
end_of_record
TN:
SF:app/codeCharta/state/store/appSettings/amountOfTopLabels/amountOfTopLabels.actions.ts
FNF:0
FNH:0
DA:1,51
DA:3,51
LF:2
LH:2
BRF:0
BRH:0
end_of_record
TN:
SF:app/codeCharta/state/store/appSettings/amountOfTopLabels/amountOfTopLabels.reducer.ts
FNF:0
FNH:0
DA:1,48
DA:2,48
DA:3,48
DA:5,48
DA:6,48
LF:5
LH:5
BRF:0
BRH:0
end_of_record
TN:
SF:app/codeCharta/state/store/appSettings/amountOfTopLabels/amountOfTopLabels.selector.ts
FN:4,(anonymous_0)
FNF:1
FNH:1
FNDA:10,(anonymous_0)
DA:1,6
DA:2,6
DA:4,10
LF:3
LH:3
BRF:0
BRH:0
end_of_record
TN:
SF:app/codeCharta/state/store/appSettings/colorLabels/colorLabels.actions.ts
FNF:0
FNH:0
DA:1,48
DA:4,48
LF:2
LH:2
BRF:0
BRH:0
end_of_record
TN:
SF:app/codeCharta/state/store/appSettings/colorLabels/colorLabels.reducer.ts
FNF:0
FNH:0
DA:1,45
DA:2,45
DA:4,45
DA:6,45
DA:7,45
LF:5
LH:5
BRF:0
BRH:0
end_of_record
TN:
SF:app/codeCharta/state/store/appSettings/colorLabels/colorLabels.selector.ts
FN:4,(anonymous_0)
FNF:1
FNH:1
FNDA:19,(anonymous_0)
DA:1,7
DA:2,7
DA:4,19
LF:3
LH:3
BRF:0
BRH:0
end_of_record
TN:
SF:app/codeCharta/state/store/appSettings/edgeHeight/edgeHeight.actions.ts
FNF:0
FNH:0
DA:1,50
DA:3,50
LF:2
LH:2
BRF:0
BRH:0
end_of_record
TN:
SF:app/codeCharta/state/store/appSettings/edgeHeight/edgeHeight.reducer.ts
FNF:0
FNH:0
DA:1,47
DA:2,47
DA:3,47
DA:5,47
DA:6,47
LF:5
LH:5
BRF:0
BRH:0
end_of_record
TN:
SF:app/codeCharta/state/store/appSettings/edgeHeight/edgeHeight.selector.ts
FN:4,(anonymous_0)
FNF:1
FNH:1
FNDA:1,(anonymous_0)
DA:1,6
DA:2,6
DA:4,6
LF:3
LH:3
BRF:0
BRH:0
end_of_record
TN:
SF:app/codeCharta/state/store/appSettings/enableClipboard/screenshotToClipboardEnabled.actions.ts
FNF:0
FNH:0
DA:1,46
DA:3,46
LF:2
LH:2
BRF:0
BRH:0
end_of_record
TN:
SF:app/codeCharta/state/store/appSettings/enableClipboard/screenshotToClipboardEnabled.reducer.ts
FNF:0
FNH:0
DA:1,45
DA:2,45
DA:3,45
DA:5,45
DA:6,45
LF:5
LH:5
BRF:0
BRH:0
end_of_record
TN:
SF:app/codeCharta/state/store/appSettings/enableClipboard/screenshotToClipboardEnabled.selector.ts
FN:6,(anonymous_0)
FNF:1
FNH:1
FNDA:2,(anonymous_0)
DA:1,6
DA:2,6
DA:4,6
DA:6,2
LF:4
LH:4
BRF:0
BRH:0
end_of_record
TN:
SF:app/codeCharta/state/store/appSettings/enableExperimentalFeatures/experimentalFeaturesEnabled.actions.ts
FNF:0
FNH:0
DA:1,46
DA:3,46
LF:2
LH:2
BRF:0
BRH:0
end_of_record
TN:
SF:app/codeCharta/state/store/appSettings/enableExperimentalFeatures/experimentalFeaturesEnabled.reducer.ts
FNF:0
FNH:0
DA:1,45
DA:2,45
DA:3,45
DA:5,45
DA:6,45
LF:5
LH:5
BRF:0
BRH:0
end_of_record
TN:
SF:app/codeCharta/state/store/appSettings/enableExperimentalFeatures/experimentalFeaturesEnabled.selector.ts
FN:6,(anonymous_0)
FNF:1
FNH:0
FNDA:0,(anonymous_0)
DA:1,5
DA:2,5
DA:4,5
DA:6,0
LF:4
LH:3
BRF:0
BRH:0
end_of_record
TN:
SF:app/codeCharta/state/store/appSettings/enableFloorLabels/enableFloorLabels.actions.ts
FNF:0
FNH:0
DA:1,48
DA:3,48
LF:2
LH:2
BRF:0
BRH:0
end_of_record
TN:
SF:app/codeCharta/state/store/appSettings/enableFloorLabels/enableFloorLabels.reducer.ts
FNF:0
FNH:0
DA:1,45
DA:2,45
DA:3,45
DA:5,45
DA:6,45
LF:5
LH:5
BRF:0
BRH:0
end_of_record
TN:
SF:app/codeCharta/state/store/appSettings/enableFloorLabels/enableFloorLabels.selector.ts
FN:4,(anonymous_0)
FNF:1
FNH:1
FNDA:9,(anonymous_0)
DA:1,6
DA:2,6
DA:4,9
LF:3
LH:3
BRF:0
BRH:0
end_of_record
TN:
SF:app/codeCharta/state/store/appSettings/hideFlatBuildings/hideFlatBuildings.actions.ts
FNF:0
FNH:0
DA:1,48
DA:3,48
LF:2
LH:2
BRF:0
BRH:0
end_of_record
TN:
SF:app/codeCharta/state/store/appSettings/hideFlatBuildings/hideFlatBuildings.reducer.ts
FNF:0
FNH:0
DA:1,45
DA:2,45
DA:3,45
DA:5,45
DA:6,45
LF:5
LH:5
BRF:0
BRH:0
end_of_record
TN:
SF:app/codeCharta/state/store/appSettings/hideFlatBuildings/hideFlatBuildings.selector.ts
FN:4,(anonymous_0)
FNF:1
FNH:0
FNDA:0,(anonymous_0)
DA:1,5
DA:2,5
DA:4,5
LF:3
LH:3
BRF:0
BRH:0
end_of_record
TN:
SF:app/codeCharta/state/store/appSettings/invertArea/invertArea.actions.ts
FNF:0
FNH:0
DA:1,48
DA:3,48
LF:2
LH:2
BRF:0
BRH:0
end_of_record
TN:
SF:app/codeCharta/state/store/appSettings/invertArea/invertArea.reducer.ts
FNF:0
FNH:0
DA:1,45
DA:2,45
DA:3,45
DA:5,45
DA:6,45
LF:5
LH:5
BRF:0
BRH:0
end_of_record
TN:
SF:app/codeCharta/state/store/appSettings/invertArea/invertArea.selector.ts
FN:4,(anonymous_0)
FNF:1
FNH:1
FNDA:9,(anonymous_0)
DA:1,6
DA:2,6
DA:4,9
LF:3
LH:3
BRF:0
BRH:0
end_of_record
TN:
SF:app/codeCharta/state/store/appSettings/invertHeight/invertHeight.actions.ts
FNF:0
FNH:0
DA:1,48
DA:3,48
LF:2
LH:2
BRF:0
BRH:0
end_of_record
TN:
SF:app/codeCharta/state/store/appSettings/invertHeight/invertHeight.reducer.ts
FNF:0
FNH:0
DA:1,45
DA:2,45
DA:3,45
DA:5,45
DA:6,45
LF:5
LH:5
BRF:0
BRH:0
end_of_record
TN:
SF:app/codeCharta/state/store/appSettings/invertHeight/invertHeight.selector.ts
FN:4,(anonymous_0)
FNF:1
FNH:1
FNDA:8,(anonymous_0)
DA:1,6
DA:2,6
DA:4,8
LF:3
LH:3
BRF:0
BRH:0
end_of_record
TN:
SF:app/codeCharta/state/store/appSettings/isEdgeMetricVisible/isEdgeMetricVisible.actions.ts
FNF:0
FNH:0
DA:1,48
DA:3,48
DA:4,48
LF:3
LH:3
BRF:0
BRH:0
end_of_record
TN:
SF:app/codeCharta/state/store/appSettings/isEdgeMetricVisible/isEdgeMetricVisible.reducer.ts
FN:7,(anonymous_0)
FN:8,(anonymous_1)
FNF:2
FNH:2
FNDA:1,(anonymous_0)
FNDA:3,(anonymous_1)
DA:1,45
DA:2,45
DA:4,45
DA:5,45
DA:7,1
DA:8,3
LF:6
LH:6
BRF:0
BRH:0
end_of_record
TN:
SF:app/codeCharta/state/store/appSettings/isEdgeMetricVisible/isEdgeMetricVisible.selector.ts
FN:4,(anonymous_0)
FNF:1
FNH:1
FNDA:6,(anonymous_0)
DA:1,9
DA:2,9
DA:4,9
LF:3
LH:3
BRF:0
BRH:0
end_of_record
TN:
SF:app/codeCharta/state/store/appSettings/isHeightAndColorMetricLinked/isColorMetricLinkedToHeightMetric.actions.ts
FNF:0
FNH:0
DA:1,47
DA:3,47
DA:7,47
LF:3
LH:3
BRF:0
BRH:0
end_of_record
TN:
SF:app/codeCharta/state/store/appSettings/isHeightAndColorMetricLinked/isColorMetricLinkedToHeightMetric.reducer.ts
FN:10,(anonymous_0)
FN:11,(anonymous_1)
FNF:2
FNH:2
FNDA:2,(anonymous_0)
FNDA:2,(anonymous_1)
DA:1,45
DA:2,45
DA:7,45
DA:8,45
DA:10,2
DA:11,2
LF:6
LH:6
BRF:0
BRH:0
end_of_record
TN:
SF:app/codeCharta/state/store/appSettings/isHeightAndColorMetricLinked/isColorMetricLinkedToHeightMetric.selector.ts
FN:6,(anonymous_0)
FNF:1
FNH:1
FNDA:7,(anonymous_0)
DA:1,8
DA:2,8
DA:4,8
DA:6,7
LF:4
LH:4
BRF:0
BRH:0
end_of_record
TN:
SF:app/codeCharta/state/store/appSettings/isLoadingFile/isLoadingFile.actions.ts
FNF:0
FNH:0
DA:1,48
DA:3,48
LF:2
LH:2
BRF:0
BRH:0
end_of_record
TN:
SF:app/codeCharta/state/store/appSettings/isLoadingFile/isLoadingFile.reducer.ts
FNF:0
FNH:0
DA:1,45
DA:2,45
DA:3,45
DA:5,45
DA:6,45
LF:5
LH:5
BRF:0
BRH:0
end_of_record
TN:
SF:app/codeCharta/state/store/appSettings/isLoadingFile/isLoadingFile.selector.ts
FN:4,(anonymous_0)
FNF:1
FNH:1
FNDA:36,(anonymous_0)
DA:1,18
DA:2,18
DA:4,36
LF:3
LH:3
BRF:0
BRH:0
end_of_record
TN:
SF:app/codeCharta/state/store/appSettings/isLoadingMap/isLoadingMap.actions.ts
FNF:0
FNH:0
DA:1,48
DA:3,48
LF:2
LH:2
BRF:0
BRH:0
end_of_record
TN:
SF:app/codeCharta/state/store/appSettings/isLoadingMap/isLoadingMap.reducer.ts
FNF:0
FNH:0
DA:1,45
DA:2,45
DA:3,45
DA:5,45
DA:6,45
LF:5
LH:5
BRF:0
BRH:0
end_of_record
TN:
SF:app/codeCharta/state/store/appSettings/isLoadingMap/isLoadingMap.selector.ts
FN:4,(anonymous_0)
FNF:1
FNH:1
FNDA:2,(anonymous_0)
DA:1,5
DA:2,5
DA:4,5
LF:3
LH:3
BRF:0
BRH:0
end_of_record
TN:
SF:app/codeCharta/state/store/appSettings/isPresentationMode/isPresentationMode.actions.ts
FNF:0
FNH:0
DA:1,47
DA:3,47
LF:2
LH:2
BRF:0
BRH:0
end_of_record
TN:
SF:app/codeCharta/state/store/appSettings/isPresentationMode/isPresentationMode.reducer.ts
FNF:0
FNH:0
DA:1,45
DA:2,45
DA:3,45
DA:5,45
DA:6,45
LF:5
LH:5
BRF:0
BRH:0
end_of_record
TN:
SF:app/codeCharta/state/store/appSettings/isPresentationMode/isPresentationMode.selector.ts
FN:4,(anonymous_0)
FNF:1
FNH:1
FNDA:2,(anonymous_0)
DA:1,6
DA:2,6
DA:4,6
LF:3
LH:3
BRF:0
BRH:0
end_of_record
TN:
SF:app/codeCharta/state/store/appSettings/isSearchPanelPinned/isSearchPanelPinned.actions.ts
FNF:0
FNH:0
DA:1,49
DA:3,49
DA:4,49
LF:3
LH:3
BRF:0
BRH:0
end_of_record
TN:
SF:app/codeCharta/state/store/appSettings/isSearchPanelPinned/isSearchPanelPinned.reducer.ts
FN:9,(anonymous_0)
FNF:1
FNH:1
FNDA:1,(anonymous_0)
DA:1,45
DA:2,45
DA:3,45
DA:5,45
DA:6,45
DA:9,1
LF:6
LH:6
BRF:0
BRH:0
end_of_record
TN:
SF:app/codeCharta/state/store/appSettings/isSearchPanelPinned/isSearchPanelPinned.selector.ts
FN:4,(anonymous_0)
FNF:1
FNH:1
FNDA:6,(anonymous_0)
DA:1,8
DA:2,8
DA:4,8
LF:3
LH:3
BRF:0
BRH:0
end_of_record
TN:
SF:app/codeCharta/state/store/appSettings/isWhiteBackground/isWhiteBackground.actions.ts
FNF:0
FNH:0
DA:1,48
DA:3,48
LF:2
LH:2
BRF:0
BRH:0
end_of_record
TN:
SF:app/codeCharta/state/store/appSettings/isWhiteBackground/isWhiteBackground.reducer.ts
FNF:0
FNH:0
DA:1,45
DA:2,45
DA:3,45
DA:5,45
DA:6,45
LF:5
LH:5
BRF:0
BRH:0
end_of_record
TN:
SF:app/codeCharta/state/store/appSettings/isWhiteBackground/isWhiteBackground.selector.ts
FN:4,(anonymous_0)
FNF:1
FNH:1
FNDA:3,(anonymous_0)
DA:1,54
DA:2,54
DA:4,54
LF:3
LH:3
BRF:0
BRH:0
end_of_record
TN:
SF:app/codeCharta/state/store/appSettings/layoutAlgorithm/layoutAlgorithm.actions.ts
FNF:0
FNH:0
DA:1,49
DA:4,49
LF:2
LH:2
BRF:0
BRH:0
end_of_record
TN:
SF:app/codeCharta/state/store/appSettings/layoutAlgorithm/layoutAlgorithm.reducer.ts
FNF:0
FNH:0
DA:1,45
DA:2,45
DA:3,45
DA:4,45
DA:6,45
DA:7,45
LF:6
LH:6
BRF:0
BRH:0
end_of_record
TN:
SF:app/codeCharta/state/store/appSettings/layoutAlgorithm/layoutAlgorithm.selector.ts
FN:4,(anonymous_0)
FNF:1
FNH:1
FNDA:4,(anonymous_0)
DA:1,7
DA:2,7
DA:4,7
LF:3
LH:3
BRF:0
BRH:0
end_of_record
TN:
SF:app/codeCharta/state/store/appSettings/mapColors/mapColors.actions.ts
FNF:0
FNH:0
DA:1,80
DA:4,80
DA:5,80
DA:6,80
LF:4
LH:4
BRF:0
BRH:0
end_of_record
TN:
SF:app/codeCharta/state/store/appSettings/mapColors/mapColors.reducer.ts
FN:24,(anonymous_0)
FN:25,(anonymous_1)
FNF:2
FNH:2
FNDA:3,(anonymous_0)
FNDA:2,(anonymous_1)
DA:1,79
DA:3,79
DA:4,79
DA:6,79
DA:21,79
DA:24,3
DA:25,2
LF:7
LH:7
BRF:0
BRH:0
end_of_record
TN:
SF:app/codeCharta/state/store/appSettings/mapColors/mapColors.selector.ts
FN:4,(anonymous_0)
FNF:1
FNH:1
FNDA:253,(anonymous_0)
DA:1,62
DA:2,62
DA:4,253
LF:3
LH:3
BRF:0
BRH:0
end_of_record
TN:
SF:app/codeCharta/state/store/appSettings/maxTreeMapFiles/maxTreeMapFiles.actions.ts
FNF:0
FNH:0
DA:1,49
DA:3,49
LF:2
LH:2
BRF:0
BRH:0
end_of_record
TN:
SF:app/codeCharta/state/store/appSettings/maxTreeMapFiles/maxTreeMapFiles.reducer.ts
FNF:0
FNH:0
DA:1,45
DA:2,45
DA:3,45
DA:5,45
DA:6,45
LF:5
LH:5
BRF:0
BRH:0
end_of_record
TN:
SF:app/codeCharta/state/store/appSettings/maxTreeMapFiles/maxTreeMapFiles.selector.ts
FN:4,(anonymous_0)
FNF:1
FNH:0
FNDA:0,(anonymous_0)
DA:1,6
DA:2,6
DA:4,6
LF:3
LH:3
BRF:0
BRH:0
end_of_record
TN:
SF:app/codeCharta/state/store/appSettings/resetCameraIfNewFileIsLoaded/resetCameraIfNewFileIsLoaded.actions.ts
FNF:0
FNH:0
DA:1,46
DA:3,46
LF:2
LH:2
BRF:0
BRH:0
end_of_record
TN:
SF:app/codeCharta/state/store/appSettings/resetCameraIfNewFileIsLoaded/resetCameraIfNewFileIsLoaded.reducer.ts
FNF:0
FNH:0
DA:1,45
DA:2,45
DA:3,45
DA:5,45
DA:6,45
LF:5
LH:5
BRF:0
BRH:0
end_of_record
TN:
SF:app/codeCharta/state/store/appSettings/resetCameraIfNewFileIsLoaded/resetCameraIfNewFileIsLoaded.selector.ts
FN:6,(anonymous_0)
FNF:1
FNH:1
FNDA:4,(anonymous_0)
DA:1,6
DA:2,6
DA:4,6
DA:6,4
LF:4
LH:4
BRF:0
BRH:0
end_of_record
TN:
SF:app/codeCharta/state/store/appSettings/scaling/scaling.actions.ts
FNF:0
FNH:0
DA:1,50
DA:4,50
LF:2
LH:2
BRF:0
BRH:0
end_of_record
TN:
SF:app/codeCharta/state/store/appSettings/scaling/scaling.reducer.ts
FNF:0
FNH:0
DA:1,47
DA:2,47
DA:4,47
DA:6,47
DA:7,47
LF:5
LH:5
BRF:0
BRH:0
end_of_record
TN:
SF:app/codeCharta/state/store/appSettings/scaling/scaling.selector.ts
FN:4,(anonymous_0)
FNF:1
FNH:1
FNDA:10,(anonymous_0)
DA:1,6
DA:2,6
DA:4,10
LF:3
LH:3
BRF:0
BRH:0
end_of_record
TN:
SF:app/codeCharta/state/store/appSettings/sharpnessMode/sharpnessMode.actions.ts
FNF:0
FNH:0
DA:1,49
DA:4,49
LF:2
LH:2
BRF:0
BRH:0
end_of_record
TN:
SF:app/codeCharta/state/store/appSettings/sharpnessMode/sharpnessMode.reducer.ts
FNF:0
FNH:0
DA:1,45
DA:2,45
DA:3,45
DA:4,45
DA:6,45
DA:7,45
LF:6
LH:6
BRF:0
BRH:0
end_of_record
TN:
SF:app/codeCharta/state/store/appSettings/sharpnessMode/sharpnessMode.selector.ts
FN:4,(anonymous_0)
FNF:1
FNH:0
FNDA:0,(anonymous_0)
DA:1,7
DA:2,7
DA:4,7
LF:3
LH:3
BRF:0
BRH:0
end_of_record
TN:
SF:app/codeCharta/state/store/appSettings/showMetricLabelNameValue/showMetricLabelNameValue.actions.ts
FNF:0
FNH:0
DA:1,48
DA:3,48
LF:2
LH:2
BRF:0
BRH:0
end_of_record
TN:
SF:app/codeCharta/state/store/appSettings/showMetricLabelNameValue/showMetricLabelNameValue.reducer.ts
FNF:0
FNH:0
DA:1,45
DA:2,45
DA:3,45
DA:5,45
DA:6,45
LF:5
LH:5
BRF:0
BRH:0
end_of_record
TN:
SF:app/codeCharta/state/store/appSettings/showMetricLabelNameValue/showMetricLabelNameValue.selector.ts
FN:4,(anonymous_0)
FNF:1
FNH:1
FNDA:10,(anonymous_0)
DA:1,6
DA:2,6
DA:4,10
LF:3
LH:3
BRF:0
BRH:0
end_of_record
TN:
SF:app/codeCharta/state/store/appSettings/showMetricLabelNodeName/showMetricLabelNodeName.actions.ts
FNF:0
FNH:0
DA:1,48
DA:3,48
LF:2
LH:2
BRF:0
BRH:0
end_of_record
TN:
SF:app/codeCharta/state/store/appSettings/showMetricLabelNodeName/showMetricLabelNodeName.reducer.ts
FNF:0
FNH:0
DA:1,45
DA:2,45
DA:3,45
DA:5,45
DA:6,45
LF:5
LH:5
BRF:0
BRH:0
end_of_record
TN:
SF:app/codeCharta/state/store/appSettings/showMetricLabelNodeName/showMetricLabelNodeName.selector.ts
FN:4,(anonymous_0)
FNF:1
FNH:1
FNDA:10,(anonymous_0)
DA:1,6
DA:2,6
DA:4,10
LF:3
LH:3
BRF:0
BRH:0
end_of_record
TN:
SF:app/codeCharta/state/store/appSettings/showOnlyBuildingsWithEdges/showOnlyBuildingsWithEdges.actions.ts
FNF:0
FNH:0
DA:1,48
DA:3,48
LF:2
LH:2
BRF:0
BRH:0
end_of_record
TN:
SF:app/codeCharta/state/store/appSettings/showOnlyBuildingsWithEdges/showOnlyBuildingsWithEdges.reducer.ts
FNF:0
FNH:0
DA:1,45
DA:2,45
DA:3,45
DA:5,45
DA:6,45
LF:5
LH:5
BRF:0
BRH:0
end_of_record
TN:
SF:app/codeCharta/state/store/appSettings/showOnlyBuildingsWithEdges/showOnlyBuildingsWithEdges.selector.ts
FN:4,(anonymous_0)
FNF:1
FNH:1
FNDA:1,(anonymous_0)
DA:1,6
DA:2,6
DA:4,6
LF:3
LH:3
BRF:0
BRH:0
end_of_record
TN:
SF:app/codeCharta/state/store/appSettings/sortingOrderAscending/sortingOrderAscending.actions.ts
FNF:0
FNH:0
DA:1,49
DA:3,49
DA:4,49
LF:3
LH:3
BRF:0
BRH:0
end_of_record
TN:
SF:app/codeCharta/state/store/appSettings/sortingOrderAscending/sortingOrderAscending.reducer.ts
FN:9,(anonymous_0)
FNF:1
FNH:1
FNDA:1,(anonymous_0)
DA:1,45
DA:2,45
DA:3,45
DA:5,45
DA:6,45
DA:9,1
LF:6
LH:6
BRF:0
BRH:0
end_of_record
TN:
SF:app/codeCharta/state/store/appSettings/sortingOrderAscending/sortingOrderAscending.selector.ts
FN:4,(anonymous_0)
FNF:1
FNH:1
FNDA:7,(anonymous_0)
DA:1,10
DA:2,10
DA:4,10
LF:3
LH:3
BRF:0
BRH:0
end_of_record
TN:
SF:app/codeCharta/state/store/appStatus/appStatus.reducer.ts
FNF:0
FNH:0
DA:1,44
DA:2,44
DA:3,44
DA:4,44
DA:6,44
DA:12,44
LF:6
LH:6
BRF:0
BRH:0
end_of_record
TN:
SF:app/codeCharta/state/store/appStatus/appStatus.selector.ts
FN:3,(anonymous_0)
FNF:1
FNH:1
FNDA:185,(anonymous_0)
DA:3,185
LF:1
LH:1
BRF:0
BRH:0
end_of_record
TN:
SF:app/codeCharta/state/store/appStatus/hoveredNodeId/hoveredNodeId.actions.ts
FNF:0
FNH:0
DA:1,61
DA:3,61
LF:2
LH:2
BRF:0
BRH:0
end_of_record
TN:
SF:app/codeCharta/state/store/appStatus/hoveredNodeId/hoveredNodeId.reducer.ts
FNF:0
FNH:0
DA:1,45
DA:3,45
DA:4,45
DA:6,45
DA:7,45
LF:5
LH:5
BRF:0
BRH:0
end_of_record
TN:
[...]
FNF:2
FNH:2
FNDA:1,(anonymous_0)
FNDA:1,(anonymous_1)
DA:1,18
DA:4,18
DA:6,18
DA:7,1
DA:11,1
DA:17,1
DA:18,1
DA:19,1
DA:20,1
LF:9
LH:9
BRF:0
BRH:0
end_of_record
TN:
SF:app/codeCharta/util/algorithm/streetLayout/verticalStreet.ts
FN:9,(anonymous_0)
FN:21,(anonymous_1)
FN:27,(anonymous_2)
FN:41,(anonymous_3)
FN:50,(anonymous_4)
FN:67,(anonymous_5)
FN:85,(anonymous_6)
FN:102,(anonymous_7)
FN:106,(anonymous_8)
FN:110,(anonymous_9)
FN:114,(anonymous_10)
FN:123,(anonymous_11)
FN:124,(anonymous_12)
FN:134,(anonymous_13)
FN:157,(anonymous_14)
FN:165,(anonymous_15)
FN:166,(anonymous_16)
FN:169,(anonymous_17)
FN:176,(anonymous_18)
FN:191,(anonymous_19)
FNF:20
FNH:19
FNDA:19,(anonymous_0)
FNDA:1,(anonymous_1)
FNDA:1,(anonymous_2)
FNDA:1,(anonymous_3)
FNDA:1,(anonymous_4)
FNDA:1,(anonymous_5)
FNDA:1,(anonymous_6)
FNDA:4,(anonymous_7)
FNDA:3,(anonymous_8)
FNDA:4,(anonymous_9)
FNDA:7,(anonymous_10)
FNDA:1,(anonymous_11)
FNDA:2,(anonymous_12)
FNDA:1,(anonymous_13)
FNDA:1,(anonymous_14)
FNDA:3,(anonymous_15)
FNDA:5,(anonymous_16)
FNDA:1,(anonymous_17)
FNDA:0,(anonymous_18)
FNDA:1,(anonymous_19)
DA:2,19
DA:3,19
DA:4,19
DA:5,19
DA:6,19
DA:7,19
DA:9,19
DA:10,19
DA:11,19
DA:14,19
DA:15,1
DA:16,1
DA:17,1
DA:22,1
DA:23,1
DA:24,1
DA:28,1
DA:29,3
DA:31,1
DA:32,1
DA:36,1
DA:37,1
DA:38,1
DA:42,1
DA:43,1
DA:44,1
DA:45,1
DA:47,1
DA:51,1
DA:52,1
DA:54,1
DA:55,0
DA:56,0
DA:58,1
DA:59,2
DA:60,2
DA:61,2
DA:62,2
DA:64,1
DA:68,1
DA:69,1
DA:70,1
DA:71,1
DA:72,1
DA:74,1
DA:75,1
DA:77,1
DA:86,1
DA:87,1
DA:89,1
DA:90,0
DA:91,0
DA:93,1
DA:94,1
DA:95,1
DA:96,1
DA:97,1
DA:99,1
DA:103,4
DA:107,3
DA:111,4
DA:115,7
DA:117,7
DA:118,7
DA:120,7
DA:124,1
DA:125,2
DA:126,1
DA:128,1
DA:129,0
DA:131,1
DA:135,1
DA:137,1
DA:138,1
DA:140,1
DA:141,3
DA:144,1
DA:145,3
DA:146,2
DA:147,0
DA:149,2
DA:150,2
DA:152,1
DA:158,1
DA:159,1
DA:161,0
DA:166,5
DA:170,1
DA:171,0
DA:173,1
DA:177,0
DA:178,0
DA:180,0
DA:184,0
DA:188,0
DA:192,1
DA:193,1
DA:194,1
DA:196,1
DA:200,1
DA:204,1
LF:101
LH:88
BRDA:9,0,0,19
BRDA:9,0,1,19
BRDA:21,1,0,1
BRDA:54,2,0,0
BRDA:74,3,0,0
BRDA:74,3,1,1
BRDA:89,4,0,0
BRDA:125,5,0,1
BRDA:128,6,0,0
BRDA:145,7,0,2
BRDA:145,7,1,1
BRDA:146,8,0,0
BRDA:158,9,0,1
BRDA:158,9,1,0
BRDA:170,10,0,0
BRDA:180,11,0,0
BRDA:180,11,1,0
BRDA:180,12,0,0
BRDA:180,12,1,0
BRDA:184,13,0,0
BRDA:184,13,1,0
BRDA:184,14,0,0
BRDA:184,14,1,0
BRDA:188,15,0,0
BRDA:188,15,1,0
BRDA:188,16,0,0
BRDA:188,16,1,0
BRDA:196,17,0,0
BRDA:196,17,1,1
BRDA:196,18,0,1
BRDA:196,18,1,0
BRDA:200,19,0,0
BRDA:200,19,1,1
BRDA:200,20,0,1
BRDA:200,20,1,0
BRDA:204,21,0,0
BRDA:204,21,1,1
BRDA:204,22,0,1
BRDA:204,22,1,0
BRF:39
BRH:14
end_of_record
TN:
SF:app/codeCharta/util/algorithm/streetLayout/strip/horizontalStrip.ts
FN:6,(anonymous_0)
FN:12,(anonymous_1)
FN:16,(anonymous_2)
FN:51,(anonymous_3)
FNF:4
FNH:3
FNDA:18,(anonymous_0)
FNDA:1,(anonymous_1)
FNDA:1,(anonymous_2)
FNDA:0,(anonymous_3)
DA:1,18
DA:2,18
DA:3,18
DA:6,18
DA:7,18
DA:8,18
DA:11,18
DA:13,1
DA:24,1
DA:26,1
DA:27,0
DA:29,1
DA:31,1
DA:32,1
DA:33,1
DA:34,1
DA:36,1
DA:37,1
DA:38,1
DA:39,1
DA:40,1
DA:46,1
DA:48,1
DA:52,0
DA:53,0
DA:54,0
DA:55,0
DA:56,0
DA:57,0
DA:58,0
DA:60,0
LF:31
LH:22
BRDA:6,0,0,18
BRDA:6,0,1,18
BRDA:22,1,0,1
BRDA:26,2,0,0
BRDA:38,3,0,1
BRDA:38,3,1,0
BRDA:42,4,0,1
BRDA:42,4,1,0
BRF:8
BRH:5
end_of_record
TN:
SF:app/codeCharta/util/algorithm/streetLayout/strip/strip.ts
FN:9,(anonymous_0)
FN:24,(anonymous_1)
FN:25,(anonymous_2)
FN:28,(anonymous_3)
FN:29,(anonymous_4)
FN:32,(anonymous_5)
FN:33,(anonymous_6)
FN:36,(anonymous_7)
FN:37,(anonymous_8)
FN:40,(anonymous_9)
FN:54,(anonymous_10)
FN:60,(anonymous_11)
FNF:12
FNH:12
FNDA:2,(anonymous_0)
FNDA:6,(anonymous_1)
FNDA:7,(anonymous_2)
FNDA:2,(anonymous_3)
FNDA:2,(anonymous_4)
FNDA:2,(anonymous_5)
FNDA:3,(anonymous_6)
FNDA:2,(anonymous_7)
FNDA:3,(anonymous_8)
FNDA:2,(anonymous_9)
FNDA:15,(anonymous_10)
FNDA:2,(anonymous_11)
DA:1,18
DA:2,18
DA:4,18
DA:6,18
DA:7,2
DA:10,2
DA:25,7
DA:29,2
DA:33,3
DA:37,3
DA:41,2
DA:42,1
DA:43,1
DA:45,1
DA:46,0
DA:49,1
DA:55,15
DA:56,15
DA:57,15
DA:61,2
DA:62,2
DA:63,2
DA:64,2
LF:23
LH:22
BRDA:45,0,0,0
BRDA:45,0,1,1
BRF:2
BRH:1
end_of_record
TN:
SF:app/codeCharta/util/algorithm/streetLayout/strip/verticalStrip.ts
FN:6,(anonymous_0)
FN:12,(anonymous_1)
FN:16,(anonymous_2)
FN:50,(anonymous_3)
FNF:4
FNH:4
FNDA:18,(anonymous_0)
FNDA:1,(anonymous_1)
FNDA:1,(anonymous_2)
FNDA:2,(anonymous_3)
DA:1,18
DA:2,18
DA:3,18
DA:6,18
DA:7,18
DA:8,18
DA:11,18
DA:13,1
DA:24,1
DA:26,1
DA:27,0
DA:29,1
DA:30,1
DA:31,1
DA:32,1
DA:33,1
DA:35,1
DA:36,1
DA:37,1
DA:38,1
DA:39,1
DA:45,1
DA:47,1
DA:51,2
DA:52,2
DA:53,2
DA:54,2
DA:55,2
DA:57,2
DA:58,2
DA:60,2
LF:31
LH:30
BRDA:6,0,0,18
BRDA:6,0,1,18
BRDA:22,1,0,1
BRDA:26,2,0,0
BRDA:37,3,0,1
BRDA:37,3,1,0
BRDA:41,4,0,1
BRDA:41,4,1,0
BRF:8
BRH:5
end_of_record
TN:
SF:app/codeCharta/util/algorithm/treeMapLayout/treeMapGenerator.ts
FN:15,createTreemapNodes
FN:17,(anonymous_1)
FN:18,(anonymous_2)
FN:64,buildSquarifiedTreeMapsForFixedFolders
FN:146,hasFixedFolders
FN:152,scaleRoot
FN:159,getSquarifiedTreeMap
FN:178,(anonymous_7)
FN:204,(anonymous_8)
FN:231,(anonymous_9)
FN:237,getEstimatedNodesPerSide
FN:240,(anonymous_11)
FN:254,isOnlyVisibleInComparisonMap
FN:259,calculateAreaValue
FNF:14
FNH:14
FNDA:44,createTreemapNodes
FNDA:20,(anonymous_1)
FNDA:34,(anonymous_2)
FNDA:5,buildSquarifiedTreeMapsForFixedFolders
FNDA:90,hasFixedFolders
FNDA:3,scaleRoot
FNDA:55,getSquarifiedTreeMap
FNDA:346,(anonymous_7)
FNDA:95,(anonymous_8)
FNDA:346,(anonymous_9)
FNDA:58,getEstimatedNodesPerSide
FNDA:395,(anonymous_11)
FNDA:18,isOnlyVisibleInComparisonMap
FNDA:348,calculateAreaValue
DA:1,55
DA:2,55
DA:4,55
DA:8,55
DA:9,55
DA:10,55
DA:11,55
DA:12,55
DA:13,55
DA:15,55
DA:16,44
DA:17,44
DA:18,44
DA:19,44
DA:21,44
DA:22,3
DA:25,3
DA:29,3
DA:32,3
DA:33,3
DA:36,3
DA:38,3
DA:56,41
DA:57,41
DA:58,41
DA:59,283
DA:61,41
DA:77,5
DA:79,5
DA:80,14
DA:81,14
DA:83,14
DA:88,46
DA:89,46
DA:93,46
DA:94,46
DA:95,46
DA:96,46
DA:99,46
DA:100,46
DA:101,46
DA:102,46
DA:104,46
DA:105,46
DA:107,46
DA:113,2
DA:114,2
DA:116,2
DA:138,2
DA:143,5
DA:149,90
DA:153,3
DA:154,3
DA:155,3
DA:156,3
DA:160,55
DA:161,55
DA:162,55
DA:163,55
DA:164,55
DA:169,55
DA:170,14
DA:171,14
DA:173,41
DA:174,41
DA:177,55
DA:178,55
DA:181,346
DA:182,93
DA:183,51
DA:185,93
DA:186,42
DA:196,55
DA:197,55
DA:200,55
DA:205,95
DA:206,52
DA:212,95
DA:214,93
DA:216,51
DA:221,42
DA:222,42
DA:227,2
DA:230,55
DA:231,346
DA:238,58
DA:239,58
DA:240,58
DA:241,395
DA:242,0
DA:244,395
DA:251,58
DA:255,18
DA:259,55
DA:260,348
DA:261,0
DA:264,348
DA:265,2
DA:268,346
DA:269,59
DA:270,59
DA:271,59
DA:273,59
DA:274,1
DA:278,58
DA:280,287
LF:106
LH:104
BRDA:17,0,0,26
BRDA:17,0,1,18
BRDA:17,1,0,44
BRDA:17,1,1,44
BRDA:18,2,0,26
BRDA:18,2,1,18
BRDA:18,3,0,44
BRDA:18,3,1,44
BRDA:21,4,0,3
BRDA:107,5,0,2
BRDA:149,6,0,3
BRDA:149,6,1,87
BRDA:149,7,0,90
BRDA:149,7,1,90
BRDA:169,8,0,14
BRDA:169,8,1,41
BRDA:181,9,0,93
BRDA:181,10,0,346
BRDA:181,10,1,95
BRDA:182,11,0,51
BRDA:185,12,0,42
BRDA:185,13,0,93
BRDA:185,13,1,42
BRDA:205,14,0,52
BRDA:205,15,0,95
BRDA:205,15,1,52
BRDA:212,16,0,93
BRDA:212,17,0,95
BRDA:212,17,1,95
BRDA:214,18,0,51
BRDA:221,19,0,42
BRDA:221,20,0,42
BRDA:221,20,1,42
BRDA:241,21,0,0
BRDA:241,22,0,395
BRDA:241,22,1,395
BRDA:255,23,0,18
BRDA:255,23,1,4
BRDA:260,24,0,0
BRDA:264,25,0,2
BRDA:264,26,0,348
BRDA:264,26,1,18
BRDA:268,27,0,59
BRDA:268,28,0,346
BRDA:268,28,1,251
BRDA:268,29,0,0
BRDA:268,29,1,251
BRDA:268,30,0,251
BRDA:268,30,1,251
BRDA:271,31,0,58
BRDA:271,31,1,1
BRDA:271,32,0,59
BRDA:271,32,1,59
BRDA:273,33,0,1
BRDA:274,34,0,0
BRDA:274,34,1,1
BRDA:278,35,0,0
BRDA:278,35,1,58
BRF:58
BRH:53
end_of_record
TN:
SF:app/codeCharta/util/algorithm/treeMapLayout/treeMapHelper.ts
FN:19,countNodes
FN:30,calculateSize
FN:41,buildingArrayToMap
FN:51,buildRootFolderForFixedFolders
FN:83,buildNodeFrom
FN:130,getHeightValue
FN:156,resolveHeightValue
FN:161,isVisible
FN:173,getIncomingEdgePoint
FN:180,getOutgoingEdgePoint
FN:187,isNodeFlat
FN:198,(anonymous_11)
FN:205,nodeHasNoVisibleEdges
FN:208,(anonymous_13)
FN:212,isNodeNonSearched
FN:217,getBuildingColor
FNF:16
FNH:16
FNDA:9,countNodes
FNDA:26,calculateSize
FNDA:6,buildingArrayToMap
FNDA:3,buildRootFolderForFixedFolders
FNDA:380,buildNodeFrom
FNDA:391,getHeightValue
FNDA:294,resolveHeightValue
FNDA:394,isVisible
FNDA:405,getIncomingEdgePoint
FNDA:383,getOutgoingEdgePoint
FNDA:394,isNodeFlat
FNDA:1,(anonymous_11)
FNDA:1,nodeHasNoVisibleEdges
FNDA:1,(anonymous_13)
FNDA:1,isNodeNonSearched
FNDA:394,getBuildingColor
DA:1,62
DA:2,62
DA:3,62
DA:6,62
DA:7,62
DA:8,62
DA:13,62
DA:15,62
DA:16,62
DA:17,62
DA:20,9
DA:21,9
DA:22,4
DA:23,5
DA:26,9
DA:31,26
DA:33,26
DA:34,1
DA:35,3
DA:38,26
DA:42,6
DA:44,6
DA:45,4
DA:48,6
DA:52,3
DA:53,3
DA:54,3
DA:55,3
DA:57,3
DA:90,380
DA:91,380
DA:92,380
DA:93,380
DA:94,380
DA:95,380
DA:96,380
DA:97,380
DA:98,380
DA:99,380
DA:100,380
DA:101,380
DA:103,380
DA:130,62
DA:131,391
DA:133,391
DA:134,4
DA:137,387
DA:138,387
DA:140,387
DA:141,387
DA:142,387
DA:144,387
DA:145,1
DA:146,0
DA:148,1
DA:150,386
DA:151,133
DA:153,253
DA:156,62
DA:157,294
DA:158,294
DA:161,62
DA:162,394
DA:163,5
DA:166,389
DA:167,30
DA:170,359
DA:173,62
DA:174,405
DA:175,34
DA:177,371
DA:180,62
DA:181,383
DA:182,34
DA:184,349
DA:187,62
DA:188,394
DA:189,2
DA:192,392
DA:194,392
DA:195,2
DA:198,390
DA:199,1
DA:202,389
DA:206,1
DA:208,1
DA:213,1
DA:214,1
DA:217,62
DA:224,394
DA:226,394
DA:227,15
DA:229,379
DA:231,379
DA:232,306
DA:234,73
DA:235,1
DA:238,72
DA:240,72
DA:241,0
DA:244,72
DA:245,5
DA:246,1
DA:248,4
DA:249,2
DA:251,2
DA:254,67
DA:255,8
DA:258,59
DA:259,7
DA:262,52
DA:265,62
LF:112
LH:110
BRDA:21,0,0,4
BRDA:31,1,0,26
BRDA:31,1,1,3
BRDA:33,2,0,1
BRDA:33,3,0,26
BRDA:33,3,1,3
BRDA:33,3,2,3
BRDA:71,4,0,0
BRDA:71,4,1,3
BRDA:71,5,0,3
BRDA:71,5,1,3
BRDA:71,6,0,3
BRDA:71,6,1,0
BRDA:71,7,0,3
BRDA:71,7,1,3
BRDA:96,8,0,289
BRDA:96,8,1,91
BRDA:100,9,0,17
BRDA:100,9,1,363
BRDA:100,10,0,380
BRDA:100,10,1,380
BRDA:100,11,0,360
BRDA:100,11,1,20
BRDA:100,12,0,380
BRDA:100,12,1,380
BRDA:101,13,0,6
BRDA:101,13,1,374
BRDA:133,14,0,4
BRDA:137,15,0,387
BRDA:137,15,1,334
BRDA:142,16,0,386
BRDA:142,16,1,1
BRDA:142,17,0,387
BRDA:142,17,1,387
BRDA:144,18,0,1
BRDA:145,19,0,0
BRDA:150,20,0,133
BRDA:157,21,0,13
BRDA:157,21,1,281
BRDA:157,22,0,275
BRDA:157,22,1,19
BRDA:157,23,0,294
BRDA:157,23,1,294
BRDA:162,24,0,5
BRDA:162,25,0,394
BRDA:162,25,1,393
BRDA:162,25,2,295
BRDA:162,25,3,139
BRDA:166,26,0,30
BRDA:174,27,0,34
BRDA:181,28,0,34
BRDA:188,29,0,2
BRDA:194,30,0,2
BRDA:194,31,0,392
BRDA:194,31,1,392
BRDA:194,32,0,0
BRDA:194,32,1,392
BRDA:194,33,0,392
BRDA:194,33,1,392
BRDA:195,34,0,2
BRDA:195,34,1,1
BRDA:198,35,0,1
BRDA:198,36,0,390
BRDA:198,36,1,1
BRDA:207,37,0,1
BRDA:207,37,1,1
BRDA:208,38,0,1
BRDA:208,38,1,1
BRDA:226,39,0,15
BRDA:231,40,0,306
BRDA:234,41,0,1
BRDA:240,42,0,0
BRDA:244,43,0,5
BRDA:245,44,0,1
BRDA:245,45,0,5
BRDA:245,45,1,4
BRDA:248,46,0,2
BRDA:248,47,0,4
BRDA:248,47,1,2
BRDA:254,48,0,8
BRDA:258,49,0,7
BRF:81
BRH:76
end_of_record
TN:
SF:app/codeCharta/util/clipboard/clipboardWriter.ts
FN:1,setToClipboard
FN:6,checkWriteToClipboardAllowed
FNF:2
FNH:2
FNDA:1,setToClipboard
FNDA:4,checkWriteToClipboardAllowed
DA:1,6
DA:2,1
DA:3,1
DA:6,6
DA:7,4
LF:5
LH:5
BRDA:7,0,0,4
BRDA:7,0,1,2
BRF:2
BRH:2
end_of_record
TN:
SF:app/codeCharta/util/color/colorConverter.ts
FN:10,(anonymous_0)
FN:20,(anonymous_1)
FN:30,(anonymous_2)
FN:40,(anonymous_3)
FN:44,(anonymous_4)
FN:50,(anonymous_5)
FN:55,(anonymous_6)
FN:60,(anonymous_7)
FN:61,(anonymous_8)
FN:67,(anonymous_9)
FN:72,(anonymous_10)
FN:77,(anonymous_11)
FN:82,(anonymous_12)
FN:90,(anonymous_13)
FN:104,(anonymous_14)
FN:110,(anonymous_15)
FN:125,(anonymous_16)
FN:129,(anonymous_17)
FN:138,(anonymous_18)
FNF:19
FNH:19
FNDA:216,(anonymous_0)
FNDA:91,(anonymous_1)
FNDA:4,(anonymous_2)
FNDA:576,(anonymous_3)
FNDA:2,(anonymous_4)
FNDA:122,(anonymous_5)
FNDA:150,(anonymous_6)
FNDA:261,(anonymous_7)
FNDA:783,(anonymous_8)
FNDA:26,(anonymous_9)
FNDA:27,(anonymous_10)
FNDA:12,(anonymous_11)
FNDA:1,(anonymous_12)
FNDA:47,(anonymous_13)
FNDA:4,(anonymous_14)
FNDA:276,(anonymous_15)
FNDA:4,(anonymous_16)
FNDA:8,(anonymous_17)
FNDA:4,(anonymous_18)
DA:1,103
DA:2,103
DA:3,103
DA:5,103
DA:6,103
DA:7,103
DA:8,103
DA:11,216
DA:12,216
DA:13,26
DA:14,26
DA:17,216
DA:21,91
DA:22,91
DA:23,12
DA:24,12
DA:27,91
DA:31,4
DA:32,4
DA:33,2
DA:34,2
DA:37,4
DA:41,576
DA:45,2
DA:46,2
DA:47,2
DA:51,122
DA:52,122
DA:56,150
DA:57,150
DA:61,261
DA:62,783
DA:63,783
DA:68,26
DA:69,26
DA:73,27
DA:74,27
DA:78,12
DA:79,12
DA:83,1
DA:84,1
DA:85,1
DA:87,1
DA:91,47
DA:92,47
DA:93,47
DA:94,47
DA:96,47
DA:97,235
DA:98,235
DA:99,235
DA:101,47
DA:105,4
DA:106,4
DA:107,4
DA:112,276
DA:113,276
DA:116,2
DA:118,276
DA:126,4
DA:130,8
DA:131,8
DA:132,8
DA:133,8
DA:134,8
DA:135,8
DA:139,4
LF:67
LH:67
BRDA:12,0,0,26
BRDA:22,1,0,12
BRDA:32,2,0,2
BRDA:50,3,0,121
BRDA:113,4,0,2
BRF:5
BRH:5
end_of_record
TN:
SF:app/codeCharta/util/color/getReadableColorForBackground.ts
FN:1,(anonymous_0)
FNF:1
FNH:1
FNDA:112,(anonymous_0)
DA:1,15
DA:3,112
DA:4,112
DA:5,112
DA:6,112
DA:7,112
LF:6
LH:6
BRDA:7,0,0,74
BRDA:7,0,1,38
BRF:2
BRH:2
end_of_record
TN:
SF:app/codeCharta/util/color/gradientCalculator.ts
FN:7,(anonymous_0)
FN:22,(anonymous_1)
FN:49,(anonymous_2)
FNF:3
FNH:3
FNDA:8,(anonymous_0)
FNDA:7,(anonymous_1)
FNDA:52,(anonymous_2)
DA:2,62
DA:3,62
DA:6,62
DA:8,8
DA:9,8
DA:11,8
DA:12,4
DA:13,4
DA:14,4
DA:17,4
DA:18,4
DA:19,4
DA:23,7
DA:24,7
DA:26,7
DA:27,1
DA:30,6
DA:31,2
DA:34,4
DA:35,1
DA:38,3
DA:39,2
DA:40,2
DA:41,2
DA:44,1
DA:45,1
DA:46,1
DA:50,52
DA:51,52
DA:52,52
DA:53,52
DA:55,52
DA:56,0
DA:57,0
DA:59,0
DA:62,52
DA:63,16
DA:66,36
DA:67,13
DA:68,13
DA:69,13
DA:70,13
DA:73,23
DA:74,2
DA:77,21
DA:78,2
DA:79,2
DA:80,2
DA:81,2
DA:84,19
LF:50
LH:47
BRDA:11,0,0,4
BRDA:26,1,0,1
BRDA:26,2,0,7
BRDA:26,2,1,6
BRDA:30,3,0,2
BRDA:30,4,0,6
BRDA:30,4,1,2
BRDA:34,5,0,1
BRDA:38,6,0,2
BRDA:55,7,0,0
BRDA:55,8,0,52
BRDA:55,8,1,0
BRDA:55,8,2,0
BRDA:56,9,0,0
BRDA:56,10,0,0
BRDA:56,10,1,0
BRDA:62,11,0,16
BRDA:66,12,0,13
BRDA:73,13,0,2
BRDA:77,14,0,2
BRDA:77,15,0,21
BRDA:77,15,1,19
BRF:22
BRH:16
end_of_record
TN:
SF:app/codeCharta/util/color/hsl.ts
FN:4,(anonymous_0)
FN:10,(anonymous_1)
FN:14,(anonymous_2)
FN:18,(anonymous_3)
FN:22,(anonymous_4)
FN:26,(anonymous_5)
FNF:6
FNH:6
FNDA:52,(anonymous_0)
FNDA:27,(anonymous_1)
FNDA:27,(anonymous_2)
FNDA:37,(anonymous_3)
FNDA:26,(anonymous_4)
FNDA:24,(anonymous_5)
DA:1,104
DA:3,104
DA:5,52
DA:6,52
DA:7,52
DA:11,27
DA:15,27
DA:19,37
DA:23,26
DA:27,24
LF:10
LH:10
BRF:0
BRH:0
end_of_record
TN:
SF:app/codeCharta/util/gameObjectsParser/gameObjectsImporter.ts
FN:24,parseGameObjectsFile
FN:40,(anonymous_1)
FN:52,(anonymous_2)
FN:58,fixGameObjectsNames
FN:66,addNodeRecursively
FN:93,(anonymous_5)
FN:98,(anonymous_6)
FN:105,isFile
FN:109,nodeAlreadyExists
FN:110,(anonymous_9)
FN:113,wrapFileInAFolder
FN:119,calculateFixedFolderPosition
FN:148,round
FN:153,getCenteredRootPosition
FN:160,wrapFilePath
FN:168,createEdge
FN:178,createAttributeTypes
FN:186,createBaseGameObjectPosition
FNF:18
FNH:18
FNDA:1,parseGameObjectsFile
FNDA:5,(anonymous_1)
FNDA:1,(anonymous_2)
FNDA:1,fixGameObjectsNames
FNDA:16,addNodeRecursively
FNDA:6,(anonymous_5)
FNDA:56,(anonymous_6)
FNDA:22,isFile
FNDA:11,nodeAlreadyExists
FNDA:8,(anonymous_9)
FNDA:5,wrapFileInAFolder
FNDA:11,calculateFixedFolderPosition
FNDA:44,round
FNDA:5,getCenteredRootPosition
FNDA:2,wrapFilePath
FNDA:1,createEdge
FNDA:1,createAttributeTypes
FNDA:1,createBaseGameObjectPosition
DA:1,16
DA:2,16
DA:22,16
DA:24,16
DA:25,1
DA:27,1
DA:37,1
DA:38,1
DA:40,5
DA:41,1
DA:42,1
DA:44,1
DA:45,6
DA:46,6
DA:47,5
DA:51,1
DA:52,1
DA:53,1
DA:54,1
DA:55,1
DA:59,1
DA:60,5
DA:61,3
DA:74,16
DA:75,5
DA:79,11
DA:80,11
DA:86,11
DA:87,5
DA:89,6
DA:92,11
DA:93,6
DA:95,5
DA:98,56
DA:99,11
DA:101,11
DA:102,11
DA:106,22
DA:110,11
DA:114,5
DA:115,5
DA:116,5
DA:127,11
DA:129,11
DA:130,11
DA:131,11
DA:132,11
DA:134,11
DA:135,11
DA:136,11
DA:137,11
DA:138,11
DA:141,11
DA:142,5
DA:145,11
DA:149,44
DA:150,44
DA:154,5
DA:155,5
DA:156,5
DA:157,5
DA:161,2
DA:162,2
DA:163,2
DA:165,2
DA:169,1
DA:179,1
DA:187,1
DA:188,1
LF:69
LH:69
BRDA:25,0,0,0
BRDA:46,1,0,5
BRDA:60,2,0,3
BRDA:61,3,0,1
BRDA:61,3,1,2
BRDA:74,4,0,5
BRDA:82,5,0,5
BRDA:82,5,1,6
BRDA:86,6,0,5
BRDA:86,6,1,6
BRDA:92,7,0,6
BRDA:92,7,1,5
BRDA:101,8,0,5
BRDA:101,8,1,6
BRDA:127,9,0,11
BRDA:141,10,0,5
BRF:16
BRH:15
end_of_record
TN:
SF:app/codeCharta/util/gameObjectsParser/gameObjectsMocks.ts
FNF:0
FNH:0
DA:1,2
LF:1
LH:1
BRF:0
BRH:0
end_of_record
TN:
SF:app/codeCharta/util/gameObjectsParser/gameObjectsValidator.ts
FN:4,validateGameObjects
FNF:1
FNH:1
FNDA:2,validateGameObjects
DA:1,16
DA:2,16
DA:4,16
DA:5,2
DA:6,2
LF:5
LH:5
BRF:0
BRH:0
end_of_record
TN:
SF:app/codeCharta/util/indexedDB/indexedDBWriter.ts
FN:10,writeCcState
FN:20,readCcState
FN:26,deleteCcState
FN:33,createOrOpenCcStateStore
FN:35,(anonymous_8)
FNF:5
FNH:5
FNDA:1,writeCcState
FNDA:3,readCcState
FNDA:1,deleteCcState
FNDA:5,createOrOpenCcStateStore
FNDA:1,(anonymous_8)
DA:2,10
DA:4,10
DA:5,10
DA:6,10
DA:7,10
DA:8,10
DA:10,10
DA:11,1
DA:12,1
DA:13,1
DA:17,1
DA:20,10
DA:21,3
DA:22,3
DA:23,3
DA:26,10
DA:27,1
DA:28,1
DA:29,1
DA:30,1
DA:34,5
DA:36,1
DA:37,1
LF:23
LH:23
BRDA:23,0,0,3
BRDA:23,0,1,2
BRDA:23,1,0,2
BRDA:23,1,1,1
BRDA:23,2,0,3
BRDA:23,2,1,3
BRDA:36,3,0,1
BRF:7
BRH:7
end_of_record
TN:
SF:app/codeCharta/util/metric/metricTitles.ts
FNF:0
FNH:0
DA:5,22
LF:1
LH:1
BRF:0
BRH:0
end_of_record
TN:
SF:app/codeCharta/util/pipes/AttributeDescriptorTooltipPipeModule.ts
FNF:0
FNH:0
DA:1,14
DA:2,14
DA:8,14
LF:3
LH:3
BRF:0
BRH:0
end_of_record
TN:
SF:app/codeCharta/util/pipes/RemoveExtensionPipeModule.ts
FNF:0
FNH:0
DA:1,9
DA:2,9
DA:8,9
LF:3
LH:3
BRF:0
BRH:0
end_of_record
TN:
SF:app/codeCharta/util/pipes/TruncateTextPipeModule.ts
FNF:0
FNH:0
DA:1,11
DA:2,11
DA:8,11
LF:3
LH:3
BRF:0
BRH:0
end_of_record
TN:
SF:app/codeCharta/util/pipes/attributeDescriptorTooltip.pipe.ts
FN:7,(anonymous_0)
FNF:1
FNH:1
FNDA:93,(anonymous_0)
DA:1,15
DA:3,15
DA:6,15
DA:8,93
DA:9,73
DA:11,20
DA:13,20
DA:14,20
DA:15,20
DA:17,20
LF:10
LH:10
BRDA:8,0,0,73
BRDA:9,1,0,10
BRDA:9,1,1,63
BRDA:9,2,0,73
BRDA:9,2,1,73
BRDA:11,3,0,16
BRDA:11,3,1,4
BRDA:13,4,0,12
BRDA:13,4,1,8
BRDA:14,5,0,7
BRDA:14,5,1,13
BRDA:15,6,0,9
BRDA:15,6,1,11
BRDA:17,7,0,13
BRDA:17,7,1,7
BRF:15
BRH:15
end_of_record
TN:
SF:app/codeCharta/util/pipes/removeExtension.pipe.ts
FN:7,(anonymous_0)
FNF:1
FNH:1
FNDA:9,(anonymous_0)
DA:1,11
DA:3,11
DA:6,11
DA:8,9
LF:4
LH:4
BRF:0
BRH:0
end_of_record
TN:
SF:app/codeCharta/util/pipes/truncateText.pipe.ts
FN:5,(anonymous_0)
FNF:1
FNH:1
FNDA:67,(anonymous_0)
DA:1,12
DA:4,12
DA:6,67
LF:3
LH:3
BRDA:5,0,0,66
BRDA:6,1,0,2
BRDA:6,1,1,65
BRF:3
BRH:3
end_of_record
TN:
SF:app/codeCharta/util/testUtils/store.utils.ts
FN:4,getLastAction
FNF:1
FNH:1
FNDA:32,getLastAction
DA:2,19
DA:4,19
DA:5,32
LF:3
LH:3
BRF:0
BRH:0
end_of_record
TN:
SF:app/codeCharta/util/testUtils/wait.ts
FN:1,(anonymous_0)
FN:1,(anonymous_1)
FN:1,(anonymous_2)
FNF:3
FNH:3
FNDA:14,(anonymous_0)
FNDA:14,(anonymous_1)
FNDA:14,(anonymous_2)
DA:1,14
LF:1
LH:1
BRF:0
BRH:0
end_of_record
TN:
SF:app/codeCharta/util/uploadFiles/createCCFileInput.ts
FN:1,(anonymous_0)
FNF:1
FNH:1
FNDA:1,(anonymous_0)
DA:1,15
DA:2,1
DA:3,1
DA:4,1
DA:5,1
DA:6,1
DA:7,1
LF:7
LH:7
BRF:0
BRH:0
end_of_record
TN:
SF:app/codeCharta/util/uploadFiles/readFiles.ts
FN:5,(anonymous_0)
FN:14,(anonymous_1)
FN:14,(anonymous_2)
FN:15,(anonymous_3)
FN:26,(anonymous_4)
FN:34,(anonymous_5)
FNF:6
FNH:6
FNDA:2,(anonymous_0)
FNDA:2,(anonymous_1)
FNDA:2,(anonymous_2)
FNDA:2,(anonymous_3)
FNDA:2,(anonymous_4)
FNDA:2,(anonymous_5)
DA:1,15
DA:2,15
DA:3,15
DA:5,15
DA:6,2
DA:8,2
DA:9,2
DA:11,2
DA:14,15
DA:15,2
DA:16,2
DA:17,2
DA:18,2
DA:19,1
DA:21,1
DA:26,2
DA:27,2
DA:28,2
DA:29,2
DA:30,0
DA:34,2
DA:35,2
LF:22
LH:21
BRDA:18,0,0,1
BRDA:18,0,1,1
BRDA:28,1,0,1
BRDA:28,1,1,1
BRDA:29,2,0,0
BRDA:29,3,0,2
BRDA:29,3,1,0
BRF:7
BRH:5
end_of_record
TN:
SF:app/material/material.module.ts
FNF:0
FNH:0
DA:1,63
DA:2,63
DA:3,63
DA:4,63
DA:5,63
DA:6,63
DA:7,63
DA:8,63
DA:9,63
DA:10,63
DA:11,63
DA:12,63
DA:13,63
DA:14,63
DA:15,63
DA:16,63
DA:17,63
DA:18,63
DA:19,63
DA:20,63
DA:22,63
DA:49,63
LF:22
LH:22
BRF:0
BRH:0
end_of_record
